<?xml version="1.0" encoding="UTF-8"?><TestSessionContainer xmlns="http://www.codecover.org/xml/testsession-container" Date="1380147861668" TestSessionContainerId="7e5b7f07-9962-4e66-8f58-02cedfbe8adb" version="1.0">
<SrcFileList>
<SrcFile Content="package amu.test;&#10;&#10;import static org.junit.Assert.*;&#10;&#10;import org.junit.Before;&#10;import org.junit.Test;&#10;&#10;public class AuthorTest {&#10;&#10;&#9;@Before&#10;&#9;public void setUp() throws Exception {&#10;&#9;}&#10;&#10;&#9;@Test&#10;&#9;public void testAuthor() {&#10;&#9;&#9;fail(&quot;Not yet implemented&quot;);&#10;&#9;}&#10;&#10;&#9;@Test&#10;&#9;public void testAuthorIntString() {&#10;&#9;&#9;fail(&quot;Not yet implemented&quot;);&#10;&#9;}&#10;&#10;&#9;@Test&#10;&#9;public void testSetId() {&#10;&#9;&#9;fail(&quot;Not yet implemented&quot;);&#10;&#9;}&#10;&#10;&#9;@Test&#10;&#9;public void testSetName() {&#10;&#9;&#9;fail(&quot;Not yet implemented&quot;);&#10;&#9;}&#10;&#10;}&#10;" Filename="AuthorTest.java" Intrnl_Id="1"/>
<SrcFile Content="package amu.test;&#10;&#10;import static org.junit.Assert.*;&#10;&#10;import org.junit.Before;&#10;import org.junit.Test;&#10;&#10;public class AddressTest {&#10;&#10;&#9;@Before&#10;&#9;public void setUp() throws Exception {&#10;&#9;}&#10;&#10;&#9;@Test&#10;&#9;public void testAddressIntCustomerString() {&#10;&#9;&#9;fail(&quot;Not yet implemented&quot;);&#10;&#9;}&#10;&#10;&#9;@Test&#10;&#9;public void testAddressCustomerString() {&#10;&#9;&#9;fail(&quot;Not yet implemented&quot;);&#10;&#9;}&#10;&#10;&#9;@Test&#10;&#9;public void testSetAddress() {&#10;&#9;&#9;fail(&quot;Not yet implemented&quot;);&#10;&#9;}&#10;&#10;}&#10;" Filename="AddressTest.java" Intrnl_Id="2"/>
<SrcFile Content="package amu.model;&#10;&#10;import java.io.Serializable;&#10;&#10;public class Title implements Serializable {&#10;&#10;    private int id;&#10;    private String name;&#10;&#10;    public Title() {&#10;        // Default constructor does nothing&#10;    }&#10;    &#10;    public Title(int id, String name) {&#10;        this.id = id;&#10;        this.name = name;&#10;    }&#10;&#10;    public int getId() {&#10;        return id;&#10;    }&#10;&#10;    public void setId(int id) {&#10;        this.id = id;&#10;    }&#10;&#10;    public String getName() {&#10;        return name;&#10;    }&#10;&#10;    public void setName(String name) {&#10;        this.name = name;&#10;    }&#10;}&#10;" Filename="Title.java" Intrnl_Id="3"/>
<SrcFile Content="package amu.model;&#10;&#10;import java.io.Serializable;&#10;&#10;public class Publisher implements Serializable {&#10;&#10;    private int id;&#10;    private String name;&#10;&#10;    public Publisher() {&#10;        // Default constructor does nothing&#10;    }&#10;    &#10;    public Publisher(int id, String name) {&#10;        this.id = id;&#10;        this.name = name;&#10;    }&#10;&#10;    public int getId() {&#10;        return id;&#10;    }&#10;&#10;    public void setId(int id) {&#10;        this.id = id;&#10;    }&#10;&#10;    public String getName() {&#10;        return name;&#10;    }&#10;&#10;    public void setName(String name) {&#10;        this.name = name;&#10;    }&#10;}&#10;" Filename="Publisher.java" Intrnl_Id="4"/>
<SrcFile Content="package amu.model;&#10;&#10;import java.util.Calendar;&#10;&#10;public class Order {&#10;    &#10;    private Integer id;&#10;    private Customer customer;&#10;    private Address address;&#10;    private Calendar createdDate;&#10;    private String value;&#10;    private int status;&#10;    &#10;    // TODO: Add OrderItems&#10;&#10;    public Order(int id, Customer customer, Address address, Calendar createdDate, String value, int status) {&#10;        this.id = id;&#10;        this.customer = customer;&#10;        this.address = address;&#10;        this.createdDate = createdDate;&#10;        this.value = value;&#10;        this.status = status;&#10;    }&#10;&#10;    public Order(Customer customer, Address address, String subtotal) {&#10;        this.id = null;&#10;        this.customer = customer;&#10;        this.address = address;&#10;        this.createdDate = null;&#10;        this.value = subtotal;&#10;        this.status = 0;&#10;    }&#10;&#10;    public Integer getId() {&#10;        return id;&#10;    }&#10;&#10;    public Customer getCustomer() {&#10;        return customer;&#10;    }&#10;&#10;    public Address getAddress() {&#10;        return address;&#10;    }&#10;&#10;    public Calendar getCreatedDate() {&#10;        return createdDate;&#10;    }&#10;&#10;    public String getValue() {&#10;        return value;&#10;    }&#10;&#10;    public int getStatus() {&#10;        return status;&#10;    }&#10;    &#10;    public String getStatusText() {&#10;        switch (status)&#10;        {&#10;            case 2: &#10;                return &quot;Delivered&quot;;&#10;            case 1:&#10;                return &quot;Shipped&quot;;&#10;            case 0:&#10;            default:&#10;                return &quot;Pending&quot;;&#10;            case -1:&#10;                return &quot;Canceled&quot;;&#10;        }&#10;    }&#10;}&#10;" Filename="Order.java" Intrnl_Id="5"/>
<SrcFile Content="package amu.model;&#10;&#10;import java.io.Serializable;&#10;&#10;// TODO: Refactor... Add validation, make a real Model class not just POD&#10;public class Customer implements Serializable {&#10;    private int id;&#10;    private String email;&#10;    private String password;&#10;    private String name;&#10;    private String activationToken = null;&#10;&#10;    public int getId() {&#10;        return id;&#10;    }&#10;&#10;    public void setId(int id) {&#10;        this.id = id;&#10;    }&#10;&#10;    public String getEmail() {&#10;        return email;&#10;    }&#10;&#10;    public void setEmail(String email) {&#10;        this.email = email;&#10;    }&#10;&#10;    public String getPassword() {&#10;        return password;&#10;    }&#10;&#10;    public void setPassword(String password) {&#10;        this.password = password;&#10;    }&#10;&#10;    public String getName() {&#10;        return name;&#10;    }&#10;&#10;    public void setName(String name) {&#10;        this.name = name;&#10;    }&#10;&#10;    public String getActivationToken() {&#10;        return activationToken;&#10;    }&#10;&#10;    public void setActivationToken(String activationToken) {&#10;        this.activationToken = activationToken;&#10;    }&#10;}&#10;" Filename="Customer.java" Intrnl_Id="6"/>
<SrcFile Content="package amu.model;&#10;&#10;import java.util.Calendar;&#10;&#10;public class CreditCard {&#10;&#10;    private Integer id;&#10;    private Customer customer;&#10;    private String creditCardNumber;&#10;    private Calendar expiryDate;&#10;    private String cardholderName;&#10;&#10;    public CreditCard(Integer id, Customer customer, String creditCardNumber, Calendar expiryDate, String cardholderName) {&#10;        this.id = id;&#10;        this.customer = customer;&#10;        this.creditCardNumber = creditCardNumber;&#10;        this.expiryDate = expiryDate;&#10;        this.cardholderName = cardholderName;&#10;    }&#10;&#10;    public CreditCard(Customer customer, String creditCardNumber, Calendar expiryDate, String cardholderName) {&#10;        this.id = null;&#10;        this.customer = customer;&#10;        this.creditCardNumber = creditCardNumber;&#10;        this.expiryDate = expiryDate;&#10;        this.cardholderName = cardholderName;&#10;    }&#10;&#10;    public Integer getId() {&#10;        return id;&#10;    }&#10;&#10;    public Customer getCustomer() {&#10;        return customer;&#10;    }&#10;&#10;    public String getCreditCardNumber() {&#10;        return creditCardNumber;&#10;    }&#10;&#10;    public String getMaskedCreditCardNumber() {&#10;        StringBuilder maskedCreditCardNumber = new StringBuilder(creditCardNumber.length());&#10;        for (int i = 0; i &lt; creditCardNumber.length(); i++)&#10;        {&#10;            if (i &gt;= creditCardNumber.length() - 4) {&#10;                maskedCreditCardNumber.append(creditCardNumber.charAt(i));&#10;            } else {&#10;                maskedCreditCardNumber.append('*');&#10;            }&#10;        }&#10;        return maskedCreditCardNumber.toString();&#10;    }&#10;&#10;    public Calendar getExpiryDate() {&#10;        return expiryDate;&#10;    }&#10;&#10;    public String getCardholderName() {&#10;        return cardholderName;&#10;    }&#10;}&#10;" Filename="CreditCard.java" Intrnl_Id="7"/>
<SrcFile Content="package amu.model;&#10;&#10;import java.util.List;&#10;&#10;public class Category {&#10;    &#10;    private Integer id;&#10;    private String name;&#10;    private List&lt;Category&gt; subcategories;&#10;    &#10;    // TODO: Stub&#10;}&#10;" Filename="Category.java" Intrnl_Id="8"/>
<SrcFile Content="package amu.model;&#10;&#10;import java.io.Serializable;&#10;&#10;public class CartItem implements Serializable {&#10;    private Book book;&#10;    private int quantity;&#10;&#10;    public CartItem(Book book, int quantity)&#10;    {&#10;        this.book = book;&#10;        this.quantity = quantity;&#10;    }&#10;    &#10;    public Book getBook() {&#10;        return book;&#10;    }&#10;&#10;    public void setBook(Book book) {&#10;        this.book = book;&#10;    }&#10;&#10;    public int getQuantity() {&#10;        return quantity;&#10;    }&#10;&#10;    public void setQuantity(int quantity) {&#10;        this.quantity = quantity;&#10;    }&#10;&#10;    void addQuantity(int quantity) {&#10;       this.quantity += quantity;&#10;    }&#10;}&#10;" Filename="CartItem.java" Intrnl_Id="9"/>
<SrcFile Content="package amu.model;&#10;&#10;import java.io.Serializable;&#10;import java.util.HashMap;&#10;import java.util.Map;&#10;&#10;public class Cart implements Serializable {&#10;&#10;    private Map&lt;String, CartItem&gt; items = new HashMap&lt;String, CartItem&gt;();&#10;    private Address shippingAddress = null;&#10;    private CreditCard creditCard = null;&#10;&#10;    public Map&lt;String, CartItem&gt; getItems() {&#10;        return items;&#10;    }&#10;    &#10;    public boolean hasItemByISBN(String isbn) {&#10;        if (items.get(isbn) == null) {&#10;            return false;&#10;        } else {&#10;            return true;&#10;        }&#10;    }&#10;&#10;    public CartItem getItemByISBN(String isbn) {&#10;        return items.get(isbn);&#10;    }&#10;    &#10;    public void updateItem(CartItem item) {&#10;        String isbn = item.getBook().getIsbn13();&#10;        if (hasItemByISBN(isbn)) {&#10;            if (item.getQuantity() &gt; 0) {&#10;                items.put(isbn, item);&#10;            } else {&#10;                items.remove(isbn);&#10;            }&#10;        } else {&#10;            items.put(isbn, item);&#10;        }&#10;    }&#10;&#10;    public void addItem(CartItem item) {&#10;        String isbn = item.getBook().getIsbn13();&#10;        if (hasItemByISBN(isbn)) {&#10;            if (items.get(isbn).getQuantity() + item.getQuantity() &gt; 0) {&#10;                items.get(isbn).addQuantity(item.getQuantity());&#10;            } else {&#10;                items.remove(isbn);&#10;            }&#10;        } else {&#10;            items.put(isbn, item);&#10;        }&#10;    }&#10;&#10;    public int getNumberOfItems() {&#10;        int numberOfItems = 0;&#10;        for (CartItem item : items.values()) {&#10;            numberOfItems += item.getQuantity();&#10;        }&#10;        return numberOfItems;&#10;    }&#10;&#10;    public Float getSubtotal() {&#10;        Float subtotal = new Float(0);&#10;        for (CartItem item : items.values()) {&#10;            subtotal += item.getQuantity() * item.getBook().getPrice();&#10;        }&#10;        return subtotal;&#10;    }&#10;&#10;    public Address getShippingAddress() {&#10;        return shippingAddress;&#10;    }&#10;&#10;    public void setShippingAddress(Address shippingAddress) {&#10;        this.shippingAddress = shippingAddress;&#10;    }&#10;&#10;    public CreditCard getCreditCard() {&#10;        return creditCard;&#10;    }&#10;&#10;    public void setCreditCard(CreditCard creditCard) {&#10;        this.creditCard = creditCard;&#10;    }&#10;}&#10;" Filename="Cart.java" Intrnl_Id="10"/>
<SrcFile Content="package amu.model;&#10;&#10;import java.io.Serializable;&#10;import java.util.List;&#10;&#10;public class Book implements Serializable {&#10;    private int id;&#10;    private Title title;&#10;    private Publisher publisher;&#10;    private List&lt;Author&gt; author;&#10;    private String published; &#10;    private int edition;&#10;    private String binding; &#10;    private String isbn10;&#10;    private String isbn13;&#10;    private String description;&#10;    private float price; &#10;&#10;    public int getId() {&#10;        return id;&#10;    }&#10;&#10;    public void setId(int id) {&#10;        this.id = id;&#10;    }&#10;&#10;    public Title getTitle() {&#10;        return title;&#10;    }&#10;&#10;    public void setTitle(Title title) {&#10;        this.title = title;&#10;    }&#10;&#10;    public Publisher getPublisher() {&#10;        return publisher;&#10;    }&#10;&#10;    public void setPublisher(Publisher publisher) {&#10;        this.publisher = publisher;&#10;    }&#10;&#10;    public String getPublished() {&#10;        return published;&#10;    }&#10;&#10;    public void setPublished(String published) {&#10;        this.published = published;&#10;    }&#10;&#10;    public String getBinding() {&#10;        return binding;&#10;    }&#10;&#10;    public void setBinding(String binding) {&#10;        this.binding = binding;&#10;    }&#10;&#10;    public String getIsbn10() {&#10;        return isbn10;&#10;    }&#10;&#10;    public void setIsbn10(String isbn10) {&#10;        this.isbn10 = isbn10;&#10;    }&#10;&#10;    public String getIsbn13() {&#10;        return isbn13;&#10;    }&#10;&#10;    public void setIsbn13(String isbn13) {&#10;        this.isbn13 = isbn13;&#10;    }&#10;&#10;    public String getDescription() {&#10;        return description;&#10;    }&#10;&#10;    public void setDescription(String description) {&#10;        this.description = description;&#10;    }&#10;&#10;    public float getPrice() {&#10;        return price;&#10;    }&#10;&#10;    public void setPrice(float price) {&#10;        this.price = price;&#10;    }&#10;&#10;    public List&lt;Author&gt; getAuthor() {&#10;        return author;&#10;    }&#10;&#10;    public void setAuthor(List&lt;Author&gt; author) {&#10;        this.author = author;&#10;    }&#10;&#10;    public int getEdition() {&#10;        return edition;&#10;    }&#10;&#10;    public void setEdition(int edition) {&#10;        this.edition = edition;&#10;    }&#10;}" Filename="Book.java" Intrnl_Id="11"/>
<SrcFile Content="package amu.model;&#10;&#10;import java.io.Serializable;&#10;&#10;public class Author implements Serializable {&#10;&#10;    private int id;&#10;    private String name;&#10;&#10;    public Author() {&#10;        // Default constructor does nothing&#10;    }&#10;    &#10;    public Author(int id, String name) {&#10;        this.id = id;&#10;        this.name = name;&#10;    }&#10;&#10;    public int getId() {&#10;        return id;&#10;    }&#10;&#10;    public void setId(int id) {&#10;        this.id = id;&#10;    }&#10;&#10;    public String getName() {&#10;        return name;&#10;    }&#10;&#10;    public void setName(String name) {&#10;        this.name = name;&#10;    }&#10;}&#10;" Filename="Author.java" Intrnl_Id="12"/>
<SrcFile Content="package amu.model;&#10;&#10;public class Address {&#10;    &#10;    private Integer id;&#10;    private Customer customer;&#10;    private String address;&#10;    &#10;    public Address(int id, Customer customer, String address) {&#10;        this.id = id;&#10;        this.customer = customer;&#10;        this.address = address;&#10;    }&#10;&#10;    public Address(Customer customer, String address) {&#10;        this.id = null;&#10;        this.customer = customer;&#10;        this.address = address;&#10;    }&#10;&#10;    public int getId() {&#10;        return id;&#10;    }&#10;&#10;    public Customer getCustomer() {&#10;        return customer;&#10;    }&#10;&#10;    public String getAddress() {&#10;        return address;&#10;    }&#10;&#10;    public void setAddress(String address) {&#10;        this.address = address;&#10;    }&#10;}&#10;" Filename="Address.java" Intrnl_Id="13"/>
<SrcFile Content="package amu.database;&#10;&#10;import amu.model.Customer;&#10;import amu.model.Order;&#10;import java.math.BigDecimal;&#10;import java.sql.Connection;&#10;import java.sql.PreparedStatement;&#10;import java.sql.ResultSet;&#10;import java.sql.SQLException;&#10;import java.sql.Statement;&#10;import java.util.ArrayList;&#10;import java.util.Calendar;&#10;import java.util.List;&#10;import java.util.logging.Level;&#10;import java.util.logging.Logger;&#10;&#10;public class OrderDAO {&#10;&#10;    Connection connection = null;&#10;    PreparedStatement statement = null;&#10;    ResultSet resultSet = null;&#10;    &#10;    public List&lt;Order&gt; browse(Customer customer) {&#10;        List&lt;Order&gt; orders = new ArrayList&lt;Order&gt;();&#10;&#10;        try {&#10;            connection = Database.getConnection();&#10;            String query = &quot;SELECT * FROM `order` WHERE customer_id=?&quot;;&#10;            statement = connection.prepareStatement(query);&#10;            statement.setInt(1, customer.getId());&#10;            resultSet = statement.executeQuery();&#10;&#10;            while (resultSet.next()) {&#10;                AddressDAO addressDAO = new AddressDAO();&#10;                Calendar createdDate = Calendar.getInstance();&#10;                createdDate.setTime(resultSet.getDate(&quot;created&quot;));&#10;                orders.add(new Order(resultSet.getInt(&quot;id&quot;),&#10;                        customer, &#10;                        addressDAO.read(resultSet.getInt(&quot;address_id&quot;)), &#10;                        createdDate, &#10;                        resultSet.getString(&quot;value&quot;), &#10;                        resultSet.getInt(&quot;status&quot;)));&#10;            }&#10;        } catch (SQLException exception) {&#10;            Logger.getLogger(this.getClass().getName()).log(Level.SEVERE, null, exception);&#10;        } finally {&#10;            Database.close(connection, statement, resultSet);&#10;        }&#10;&#10;        return orders;&#10;    }&#10;    &#10;        public boolean add(Order order) {&#10;&#10;        try {&#10;            connection = Database.getConnection();&#10;&#10;            String query = &quot;INSERT INTO `order` (customer_id, address_id, created, value, status) VALUES (?, ?, CURDATE(), ?, ?)&quot;;&#10;            statement = connection.prepareStatement(query, Statement.RETURN_GENERATED_KEYS);&#10;            statement.setInt(1, order.getCustomer().getId());&#10;            statement.setInt(2, order.getAddress().getId());&#10;            statement.setBigDecimal(3, new BigDecimal(order.getValue()));&#10;            statement.setInt(4, order.getStatus());&#10;            statement.executeUpdate();&#10;            &#10;            resultSet = statement.getGeneratedKeys();&#10;            if (resultSet.next()) {&#10;                // TODO: Add OrderItems&#10;                return true;&#10;            }&#10;        } catch (SQLException exception) {&#10;            Logger.getLogger(this.getClass().getName()).log(Level.SEVERE, null, exception);&#10;        } finally {&#10;            Database.close(connection, statement, resultSet);&#10;        }&#10;&#10;        return false;&#10;    }&#10;}&#10;" Filename="OrderDAO.java" Intrnl_Id="14"/>
<SrcFile Content="package amu.database;&#10;&#10;import amu.Config;&#10;&#10;import java.sql.Connection;&#10;import java.sql.ResultSet;&#10;import java.sql.SQLException;&#10;import java.sql.Statement;&#10;import java.util.logging.Level;&#10;import java.util.logging.Logger;&#10;import javax.naming.InitialContext;&#10;import javax.naming.NamingException;&#10;import javax.sql.DataSource;&#10;&#10;public final class Database {&#10;    &#10;    private Database() { }&#10;&#10;    public static Connection getConnection() {&#10;        Connection connection = null;&#10;&#10;        try {&#10;            connection = ((DataSource) new InitialContext().lookup(Config.JDBC_RESOURCE)).getConnection();&#10;        } catch (NamingException exception) {&#10;            Logger.getLogger(Database.class.getName()).log(Level.SEVERE, &quot;Getting DataSource failed.&quot;, exception);&#10;        } catch (SQLException exception) {&#10;            Logger.getLogger(Database.class.getName()).log(Level.SEVERE, &quot;Opening Connection failed.&quot;, exception);&#10;        }&#10;        &#10;        return connection;&#10;    }&#10;&#10;    public static void close(Connection connection) {&#10;        if (connection != null) {&#10;            try {&#10;                connection.close();&#10;            } catch (SQLException exception) {&#10;                Logger.getLogger(Database.class.getName()).log(Level.SEVERE, &quot;Closing Connection failed.&quot;, exception);&#10;            }&#10;        }&#10;    }&#10;&#10;    public static void close(Statement statement) {&#10;        if (statement != null) {&#10;            try {&#10;                statement.close();&#10;            } catch (SQLException exception) {&#10;                Logger.getLogger(Database.class.getName()).log(Level.SEVERE, &quot;Closing Statement failed.&quot;, exception);&#10;            }&#10;        }&#10;    }&#10;&#10;    public static void close(ResultSet resultSet) {&#10;        if (resultSet != null) {&#10;            try {&#10;                resultSet.close();&#10;            } catch (SQLException exception) {&#10;                Logger.getLogger(Database.class.getName()).log(Level.SEVERE, &quot;Closing ResultSet failed.&quot;, exception);&#10;            }&#10;        }&#10;    }&#10;&#10;    public static void close(Connection connection, Statement statement, ResultSet resultSet) {&#10;        close(resultSet);&#10;        close(statement);&#10;        close(connection);&#10;    }&#10;    &#10;    public static void close(Connection connection, Statement statement) {&#10;        close(statement);&#10;        close(connection);&#10;    }&#10;}&#10;" Filename="Database.java" Intrnl_Id="15"/>
<SrcFile Content="package amu.database;&#10;&#10;import amu.Config;&#10;import amu.model.Customer;&#10;&#10;import java.security.MessageDigest;&#10;import java.security.NoSuchAlgorithmException;&#10;import java.security.SecureRandom;&#10;import java.sql.*;&#10;import java.util.logging.*;&#10;import javax.sql.*;&#10;import javax.xml.bind.DatatypeConverter;&#10;&#10;public class CustomerDAO {&#10;&#10;    public static String hashPassword(String plainTextPassword) {&#10;        String hashedPassword = null;&#10;        try {&#10;            // Calculate SHA1(password+salt)&#10;            hashedPassword = DatatypeConverter.printHexBinary(MessageDigest.getInstance(&quot;SHA1&quot;).digest((plainTextPassword + Config.SALT).getBytes()));&#10;        } catch (NoSuchAlgorithmException ex) {&#10;            Logger.getLogger(CustomerDAO.class.getName()).log(Level.SEVERE, null, ex);&#10;        }&#10;        &#10;        return hashedPassword;&#10;    }&#10;&#10;    public static String generateActivationCode() {&#10;        SecureRandom random = new SecureRandom();&#10;        byte bytes[] = new byte[8];&#10;        random.nextBytes(bytes);&#10;        return DatatypeConverter.printHexBinary(bytes);&#10;    }&#10;&#10;    public Customer findByEmail(String email) {&#10;        Customer customer = null;&#10;&#10;        Connection connection = null;&#10;        Statement statement = null;&#10;        ResultSet resultSet = null;&#10;&#10;        try {&#10;            connection = Database.getConnection();&#10;            statement = connection.createStatement();&#10;&#10;            String query = &quot;SELECT * FROM customer WHERE email='&quot;&#10;                    + email&#10;                    + &quot;'&quot;;&#10;            resultSet = statement.executeQuery(query);&#10;            Logger.getLogger(this.getClass().getName()).log(Level.FINE, &quot;findByEmail SQL Query: &quot; + query);&#10;&#10;&#10;            if (resultSet.next()) {&#10;                customer = new Customer();&#10;                customer.setId(resultSet.getInt(&quot;id&quot;));&#10;                customer.setEmail(resultSet.getString(&quot;email&quot;));&#10;                customer.setPassword(resultSet.getString(&quot;password&quot;));&#10;                customer.setName(resultSet.getString(&quot;name&quot;));&#10;                customer.setActivationToken(resultSet.getString(&quot;activation_token&quot;));&#10;            }&#10;        } catch (SQLException exception) {&#10;            Logger.getLogger(this.getClass().getName()).log(Level.SEVERE, null, exception);&#10;        } finally {&#10;            Database.close(connection, statement, resultSet);&#10;        }&#10;        return customer;&#10;    }&#10;&#10;    public boolean edit(Customer customer) {&#10;        Connection connection = null;&#10;        PreparedStatement statement = null;&#10;        ResultSet resultSet = null;&#10;&#10;        try {&#10;            connection = Database.getConnection();&#10;&#10;            String query = &quot;UPDATE customer SET email=?, password=?, name=? WHERE id=?&quot;;&#10;            statement = connection.prepareStatement(query);&#10;            statement.setString(1, customer.getEmail());&#10;            statement.setString(2, customer.getPassword());&#10;            statement.setString(3, customer.getName());&#10;            statement.setInt(4, customer.getId());&#10;          &#10;            if (statement.executeUpdate() == 0) {&#10;                return false; // No rows were affected&#10;            } else {&#10;                return true;&#10;            }&#10;&#10;        } catch (SQLException exception) {&#10;            Logger.getLogger(this.getClass().getName()).log(Level.SEVERE, null, exception);&#10;            return false;&#10;        } finally {&#10;            Database.close(connection, statement, resultSet);&#10;        }&#10;    }&#10;    &#10;    public Customer register(Customer customer) {&#10;&#10;        DataSource dataSource = null;&#10;        Connection connection = null;&#10;        Statement statement = null;&#10;&#10;        try {&#10;            connection = Database.getConnection();&#10;            statement = connection.createStatement();&#10;&#10;            String query = &quot;INSERT INTO customer (email, password, name, activation_token) VALUES ('&quot;&#10;                    + customer.getEmail()&#10;                    + &quot;', '&quot;&#10;                    + customer.getPassword()&#10;                    + &quot;', '&quot;&#10;                    + customer.getName()&#10;                    + &quot;', '&quot;&#10;                    + customer.getActivationToken()&#10;                    + &quot;')&quot;;&#10;            statement.executeUpdate(query);&#10;            Logger.getLogger(this.getClass().getName()).log(Level.FINE, &quot;register SQL Query: &quot; + query);&#10;&#10;        } catch (SQLException exception) {&#10;            Logger.getLogger(this.getClass().getName()).log(Level.SEVERE, null, exception);&#10;        } finally {&#10;            Database.close(connection, statement);&#10;        }&#10;&#10;        return findByEmail(customer.getEmail());&#10;    }&#10;&#10;    public Customer activate(Customer customer) {&#10;        Connection connection = null;&#10;        Statement statement = null;&#10;        ResultSet resultSet = null;&#10;&#10;        try {&#10;            connection = Database.getConnection();&#10;            statement = connection.createStatement();&#10;&#10;            String query = &quot;UPDATE customer SET activation_token=NULL WHERE email='&quot;&#10;                    + customer.getEmail()&#10;                    + &quot;'&quot;;&#10;            statement.executeUpdate(query);&#10;            Logger.getLogger(this.getClass().getName()).log(Level.FINE, &quot;activate SQL Query: &quot; + query);&#10;&#10;            customer.setActivationToken(null);&#10;&#10;        } catch (SQLException exception) {&#10;            Logger.getLogger(this.getClass().getName()).log(Level.SEVERE, null, exception);&#10;        } finally {&#10;            Database.close(connection, statement, resultSet);&#10;        }&#10;        return customer;&#10;    }&#10;    &#10;}" Filename="CustomerDAO.java" Intrnl_Id="16"/>
<SrcFile Content="package amu.database;&#10;&#10;import amu.model.CreditCard;&#10;import amu.model.Customer;&#10;import java.sql.Connection;&#10;import java.sql.Date;&#10;import java.sql.PreparedStatement;&#10;import java.sql.ResultSet;&#10;import java.sql.SQLException;&#10;import java.util.ArrayList;&#10;import java.util.Calendar;&#10;import java.util.List;&#10;import java.util.logging.Level;&#10;import java.util.logging.Logger;&#10;&#10;public class CreditCardDAO {&#10;&#10;    public List&lt;CreditCard&gt; browse(Customer customer) {&#10;        List&lt;CreditCard&gt; creditCards = new ArrayList&lt;CreditCard&gt;();&#10;&#10;        Connection connection = null;&#10;        PreparedStatement statement = null;&#10;        ResultSet resultSet = null;&#10;&#10;        try {&#10;            connection = Database.getConnection();&#10;            String query = &quot;SELECT id, cc_number, expiry_date, cardholder_name FROM credit_card WHERE customer_id=?&quot;;&#10;            statement = connection.prepareStatement(query);&#10;&#10;            statement.setInt(1, customer.getId());&#10;&#10;            resultSet = statement.executeQuery();&#10;&#10;            while (resultSet.next()) {&#10;                Calendar expiryDate = Calendar.getInstance();&#10;                expiryDate.setTime(resultSet.getDate(&quot;expiry_date&quot;));&#10;                &#10;                creditCards.add(new CreditCard(&#10;                        resultSet.getInt(&quot;id&quot;), &#10;                        customer, &#10;                        resultSet.getString(&quot;cc_number&quot;), &#10;                        expiryDate,&#10;                        resultSet.getString(&quot;cardholder_name&quot;)));&#10;            }&#10;        } catch (SQLException exception) {&#10;            Logger.getLogger(this.getClass().getName()).log(Level.SEVERE, null, exception);&#10;        } finally {&#10;            Database.close(connection, statement, resultSet);&#10;        }&#10;&#10;        return creditCards;&#10;    }&#10;&#10;    public CreditCard read(int id) {&#10;        CreditCard creditCard = null;&#10;&#10;        Connection connection = null;&#10;        PreparedStatement statement = null;&#10;        ResultSet resultSet = null;&#10;&#10;        try {&#10;            connection = Database.getConnection();&#10;&#10;            String query = &quot;SELECT cc_number, expiry_date, cardholder_name FROM credit_card WHERE id=?&quot;;&#10;            statement = connection.prepareStatement(query);&#10;            statement.setInt(1, id);&#10;&#10;            resultSet = statement.executeQuery();&#10;&#10;            if (resultSet.next()) {&#10;                                Calendar expiryDate = Calendar.getInstance();&#10;                expiryDate.setTime(resultSet.getDate(&quot;expiry_date&quot;));&#10;                &#10;                creditCard = new CreditCard(&#10;                        id, &#10;                        null,&#10;                        resultSet.getString(&quot;cc_number&quot;), &#10;                        expiryDate, &#10;                        resultSet.getString(&quot;cardholder_name&quot;)); &#10;            } &#10;        } catch (SQLException exception) {&#10;            Logger.getLogger(this.getClass().getName()).log(Level.SEVERE, null, exception);&#10;        } finally {&#10;            Database.close(connection, statement, resultSet);&#10;        }&#10;&#10;        return creditCard;&#10;    }&#10;    &#10;    public boolean add(CreditCard creditCard) {&#10;        Connection connection = null;&#10;        PreparedStatement statement = null;&#10;        ResultSet resultSet = null;&#10;&#10;        try {&#10;            connection = Database.getConnection();&#10;&#10;            String query = &quot;INSERT INTO credit_card (customer_id, cc_number, expiry_date, cardholder_name) VALUES (?, ?, ?, ?)&quot;;&#10;            statement = connection.prepareStatement(query);&#10;            statement.setInt(1, creditCard.getCustomer().getId());&#10;            statement.setString(2, creditCard.getCreditCardNumber());&#10;            statement.setDate(3, new Date(creditCard.getExpiryDate().getTimeInMillis()));&#10;            statement.setString(4, creditCard.getCardholderName());&#10;&#10;            if (statement.executeUpdate() &gt; 0) {&#10;                return true;&#10;            }&#10;        } catch (SQLException exception) {&#10;            Logger.getLogger(this.getClass().getName()).log(Level.SEVERE, null, exception);&#10;        } finally {&#10;            Database.close(connection, statement, resultSet);&#10;        }&#10;&#10;        return false;&#10;    }&#10;&#10;    public boolean delete(int id) {&#10;        Connection connection = null;&#10;        PreparedStatement statement = null;&#10;        ResultSet resultSet = null;&#10;&#10;        try {&#10;            connection = Database.getConnection();&#10;&#10;            String query = &quot;DELETE FROM credit_card WHERE id=?&quot;;&#10;            statement = connection.prepareStatement(query);&#10;            statement.setInt(1, id);&#10;&#10;            if (statement.executeUpdate() &gt; 0) {&#10;                return true;&#10;            }&#10;        } catch (SQLException exception) {&#10;            Logger.getLogger(this.getClass().getName()).log(Level.SEVERE, null, exception);&#10;        } finally {&#10;            Database.close(connection, statement, resultSet);&#10;        }&#10;&#10;        return false;&#10;    }&#10;}&#10;" Filename="CreditCardDAO.java" Intrnl_Id="17"/>
<SrcFile Content="package amu.database;&#10;&#10;import amu.model.Book;&#10;import amu.model.Publisher;&#10;import amu.model.Title;&#10;&#10;import java.sql.*;&#10;import java.util.logging.*;&#10;&#10;public class BookDAO {&#10;    public Book findByISBN(String isbn) {&#10;        Book book = null;&#10;        &#10;        Connection connection = null;&#10;        Statement statement = null;&#10;        ResultSet resultSet = null;&#10;        &#10;        try {&#10;            connection = Database.getConnection();&#10;            statement = connection.createStatement();&#10;            &#10;            String query = &quot;SELECT * FROM book, publisher, title &quot;&#10;                    + &quot;WHERE book.isbn13 = '&quot;&#10;                    + isbn + &quot;' &quot;&#10;                    + &quot;AND book.title_id = title.id &quot;&#10;                    + &quot;AND book.publisher_id = publisher.id;&quot;;&#10;            resultSet = statement.executeQuery(query);&#10;            Logger.getLogger(this.getClass().getName()).log(Level.FINE, &quot;findByISBN SQL Query: &quot; + query);&#10;            &#10;            if (resultSet.next()) {&#10;                AuthorDAO authorDAO = new AuthorDAO(); // TODO:&#10;                &#10;                book = new Book();&#10;                book.setId(resultSet.getInt(&quot;book.id&quot;));&#10;                book.setTitle(new Title(resultSet.getInt(&quot;title.id&quot;), resultSet.getString(&quot;title.name&quot;)));&#10;                book.setPublisher(new Publisher(resultSet.getInt(&quot;publisher.id&quot;), resultSet.getString(&quot;publisher.name&quot;)));&#10;                book.setPublished(resultSet.getString(&quot;book.published&quot;));&#10;                book.setEdition(resultSet.getInt(&quot;book.edition&quot;));&#10;                book.setBinding(resultSet.getString(&quot;book.binding&quot;));&#10;                book.setIsbn10(resultSet.getString(&quot;book.isbn10&quot;));&#10;                book.setIsbn13(resultSet.getString(&quot;book.isbn13&quot;));&#10;                book.setDescription(resultSet.getString(&quot;book.description&quot;));&#10;                book.setAuthor(authorDAO.findByBookID(resultSet.getInt(&quot;book.id&quot;)));&#10;                book.setPrice(resultSet.getFloat(&quot;book.price&quot;));&#10;                // TODO: Reviews, Categories&#10;            }&#10;        } catch (SQLException exception) {&#10;            Logger.getLogger(this.getClass().getName()).log(Level.SEVERE, null, exception);&#10;        } finally {&#10;            Database.close(connection, statement, resultSet);&#10;        }&#10;        &#10;        return book;&#10;    }&#10;}&#10;" Filename="BookDAO.java" Intrnl_Id="18"/>
<SrcFile Content="package amu.database;&#10;&#10;import amu.model.Author;&#10;&#10;import java.sql.*;&#10;import java.util.ArrayList;&#10;import java.util.List;&#10;import java.util.logging.Level;&#10;import java.util.logging.Logger;&#10;&#10;public class AuthorDAO {&#10;    public List&lt;Author&gt; findByBookID(int bookID) {&#10;        List&lt;Author&gt; authors = new ArrayList&lt;Author&gt;();&#10;        &#10;        Connection connection = null;&#10;        Statement statement = null;&#10;        ResultSet resultSet = null;&#10;        &#10;        try {&#10;            connection = Database.getConnection();&#10;            statement = connection.createStatement();&#10;            &#10;            String query = &quot;SELECT &quot;&#10;                    + &quot;author.id, &quot;&#10;                    + &quot;author.name &quot;&#10;                    + &quot;FROM author, author_x_book &quot;&#10;                    + &quot;WHERE author_x_book.book_id=&quot; + bookID + &quot; &quot;&#10;                    + &quot;AND author.id = author_x_book.author_id&quot;;&#10;            resultSet = statement.executeQuery(query);&#10;            Logger.getLogger(this.getClass().getName()).log(Level.FINE, &quot;findByBookID SQL Query: &quot; + query);&#10;            &#10;            while (resultSet.next()) {&#10;                authors.add(new Author(resultSet.getInt(&quot;author.id&quot;), resultSet.getString(&quot;author.name&quot;)));&#10;            }&#10;        } catch (SQLException exception) {&#10;            Logger.getLogger(this.getClass().getName()).log(Level.SEVERE, null, exception);&#10;        } finally {&#10;            Database.close(connection, statement, resultSet);&#10;        }&#10;        &#10;        return authors;&#10;    }&#10;}&#10;" Filename="AuthorDAO.java" Intrnl_Id="19"/>
<SrcFile Content="package amu.database;&#10;&#10;import amu.model.Address;&#10;import amu.model.Customer;&#10;import java.sql.Connection;&#10;import java.sql.PreparedStatement;&#10;import java.sql.ResultSet;&#10;import java.sql.SQLException;&#10;import java.util.ArrayList;&#10;import java.util.List;&#10;import java.util.logging.Level;&#10;import java.util.logging.Logger;&#10;&#10;public class AddressDAO {&#10;&#10;    Connection connection = null;&#10;    PreparedStatement statement = null;&#10;    ResultSet resultSet = null;&#10;    &#10;    public List&lt;Address&gt; browse(Customer customer) {&#10;        List&lt;Address&gt; addresses = new ArrayList&lt;Address&gt;();&#10;&#10;        try {&#10;            connection = Database.getConnection();&#10;            String query = &quot;SELECT id, address FROM address WHERE customer_id=?&quot;;&#10;            statement = connection.prepareStatement(query);&#10;&#10;            statement.setInt(1, customer.getId());&#10;&#10;            resultSet = statement.executeQuery();&#10;&#10;            while (resultSet.next()) {&#10;                addresses.add(new Address(resultSet.getInt(&quot;id&quot;), customer, resultSet.getString(&quot;address&quot;)));&#10;            }&#10;        } catch (SQLException exception) {&#10;            Logger.getLogger(this.getClass().getName()).log(Level.SEVERE, null, exception);&#10;        } finally {&#10;            Database.close(connection, statement, resultSet);&#10;        }&#10;&#10;        return addresses;&#10;    }&#10;&#10;    public Address read(int id) {&#10;        Address address = null;&#10;&#10;        try {&#10;            connection = Database.getConnection();&#10;&#10;            String query = &quot;SELECT address FROM address WHERE id=?&quot;;&#10;            statement = connection.prepareStatement(query);&#10;            statement.setInt(1, id);&#10;&#10;            resultSet = statement.executeQuery();&#10;&#10;            if (resultSet.next()) {&#10;                address = new Address(id, null, resultSet.getString(&quot;address&quot;)); &#10;            } &#10;        } catch (SQLException exception) {&#10;            Logger.getLogger(this.getClass().getName()).log(Level.SEVERE, null, exception);&#10;        } finally {&#10;            Database.close(connection, statement, resultSet);&#10;        }&#10;&#10;        return address;&#10;    }&#10;&#10;    public boolean edit(Address address) {&#10;&#10;        try {&#10;            connection = Database.getConnection();&#10;&#10;            String query = &quot;UPDATE address SET address=? WHERE id=?&quot;;&#10;            statement = connection.prepareStatement(query);&#10;            statement.setString(1, address.getAddress());&#10;            statement.setInt(2, address.getId());&#10;&#10;            if (statement.executeUpdate() &gt; 0) {&#10;                return true;&#10;            }&#10;        } catch (SQLException exception) {&#10;            Logger.getLogger(this.getClass().getName()).log(Level.SEVERE, null, exception);&#10;        } finally {&#10;            Database.close(connection, statement, resultSet);&#10;        }&#10;&#10;        return false;&#10;    }&#10;    &#10;    public boolean add(Address address) {&#10;&#10;        try {&#10;            connection = Database.getConnection();&#10;&#10;            String query = &quot;INSERT INTO address (customer_id, address) VALUES (?, ?)&quot;;&#10;            statement = connection.prepareStatement(query);&#10;            statement.setInt(1, address.getCustomer().getId());&#10;            statement.setString(2, address.getAddress());&#10;&#10;            if (statement.executeUpdate() &gt; 0) {&#10;                return true;&#10;            }&#10;        } catch (SQLException exception) {&#10;            Logger.getLogger(this.getClass().getName()).log(Level.SEVERE, null, exception);&#10;        } finally {&#10;            Database.close(connection, statement, resultSet);&#10;        }&#10;&#10;        return false;&#10;    }&#10;&#10;    public boolean delete(int id) {&#10;&#10;        try {&#10;            connection = Database.getConnection();&#10;&#10;            String query = &quot;DELETE FROM address WHERE id=?&quot;;&#10;            statement = connection.prepareStatement(query);&#10;            statement.setInt(1, id);&#10;&#10;            if (statement.executeUpdate() &gt; 0) {&#10;                return true;&#10;            }&#10;        } catch (SQLException exception) {&#10;            Logger.getLogger(this.getClass().getName()).log(Level.SEVERE, null, exception);&#10;        } finally {&#10;            Database.close(connection, statement, resultSet);&#10;        }&#10;&#10;        return false;&#10;    }&#10;}&#10;" Filename="AddressDAO.java" Intrnl_Id="20"/>
<SrcFile Content="package amu.action;&#10;&#10;import amu.database.AddressDAO;&#10;import amu.database.CreditCardDAO;&#10;import amu.database.OrderDAO;&#10;import amu.model.Address;&#10;import amu.model.CreditCard;&#10;import amu.model.Customer;&#10;import amu.model.Order;&#10;import java.util.List;&#10;import javax.servlet.http.HttpServletRequest;&#10;import javax.servlet.http.HttpServletResponse;&#10;import javax.servlet.http.HttpSession;&#10;&#10;class ViewCustomerAction implements Action {&#10;&#10;    @Override&#10;    public ActionResponse execute(HttpServletRequest request, HttpServletResponse response) throws Exception {&#10;&#10;        HttpSession session = request.getSession(true);&#10;        Customer customer = (Customer) session.getAttribute(&quot;customer&quot;);&#10;&#10;        if (customer == null) {&#10;            ActionResponse actionResponse = new ActionResponse(ActionResponseType.REDIRECT, &quot;loginCustomer&quot;);&#10;            actionResponse.addParameter(&quot;from&quot;, &quot;viewCustomer&quot;);&#10;            return actionResponse;&#10;        } else {&#10;            CreditCardDAO creditCardDAO = new CreditCardDAO();&#10;            List&lt;CreditCard&gt; creditCards = creditCardDAO.browse(customer);&#10;            request.setAttribute(&quot;creditCards&quot;, creditCards);&#10;            &#10;            AddressDAO addressDAO = new AddressDAO();&#10;            List&lt;Address&gt; addresses = addressDAO.browse(customer);&#10;            request.setAttribute(&quot;addresses&quot;, addresses);&#10;            &#10;            OrderDAO orderDAO = new OrderDAO();&#10;            List&lt;Order&gt; orders = orderDAO.browse(customer);&#10;            request.setAttribute(&quot;orders&quot;, orders);&#10;&#10;            return new ActionResponse(ActionResponseType.FORWARD, &quot;viewCustomer&quot;);&#10;        }&#10;    }&#10;}" Filename="ViewCustomerAction.java" Intrnl_Id="21"/>
<SrcFile Content="package amu.action;&#10;&#10;import amu.model.Cart;&#10;import javax.servlet.http.HttpServletRequest;&#10;import javax.servlet.http.HttpServletResponse;&#10;import javax.servlet.http.HttpSession;&#10;&#10;class ViewCartAction implements Action {&#10;&#10;    public ViewCartAction() {&#10;    }&#10;&#10;    @Override&#10;    public ActionResponse execute(HttpServletRequest request, HttpServletResponse response) throws Exception {&#10;        HttpSession session = request.getSession();&#10;        Cart cart = (Cart) session.getAttribute(&quot;cart&quot;);&#10;        &#10;        if (cart == null)&#10;        {&#10;            cart = new Cart();&#10;            session.setAttribute(&quot;cart&quot;, cart);&#10;        }&#10;        &#10;        return new ActionResponse(ActionResponseType.FORWARD, &quot;viewCart&quot;);&#10;    }&#10;    &#10;}&#10;" Filename="ViewCartAction.java" Intrnl_Id="22"/>
<SrcFile Content="package amu.action;&#10;&#10;import amu.database.BookDAO;&#10;import amu.model.Book;&#10;import javax.servlet.http.HttpServletRequest;&#10;import javax.servlet.http.HttpServletResponse;&#10;&#10;class ViewBookAction implements Action {&#10;&#10;    @Override&#10;    public ActionResponse execute(HttpServletRequest request, HttpServletResponse response) throws Exception {&#10;        &#10;        BookDAO bookDAO = new BookDAO();&#10;        Book book = bookDAO.findByISBN(request.getParameter(&quot;isbn&quot;));&#10;        &#10;        if (book != null) {&#10;            request.setAttribute(&quot;book&quot;, book);&#10;        }&#10;        &#10;        return new ActionResponse(ActionResponseType.FORWARD, &quot;viewBook&quot;);&#10;    }&#10;}&#10;" Filename="ViewBookAction.java" Intrnl_Id="23"/>
<SrcFile Content="package amu.action;&#10;&#10;import amu.database.BookDAO;&#10;import amu.model.Book;&#10;import amu.model.Cart;&#10;import amu.model.CartItem;&#10;import javax.servlet.http.HttpServletRequest;&#10;import javax.servlet.http.HttpServletResponse;&#10;import javax.servlet.http.HttpSession;&#10;&#10;class UpdateCartAction implements Action {&#10;&#10;    @Override&#10;    public ActionResponse execute(HttpServletRequest request, HttpServletResponse response) throws Exception {&#10;        HttpSession session = request.getSession();&#10;&#10;        Cart cart = (Cart) session.getAttribute(&quot;cart&quot;);&#10;&#10;        if (cart == null) {&#10;            cart = new Cart();&#10;            session.setAttribute(&quot;cart&quot;, cart);&#10;        }&#10;&#10;        String[] isbn = request.getParameterValues(&quot;isbn&quot;);&#10;        String[] quantity = request.getParameterValues(&quot;quantity&quot;);&#10;&#10;        if (isbn != null &amp;&amp; quantity != null &amp;&amp; isbn.length == quantity.length) {&#10;            &#10;            for (int i = 0; i &lt; isbn.length; i++) {&#10;                CartItem item = cart.getItemByISBN(isbn[i]);&#10;                if (item == null) {&#10;                    BookDAO bookDAO = new BookDAO();&#10;                    Book book = bookDAO.findByISBN(isbn[i]);&#10;                    cart.addItem(new CartItem(book, Integer.parseInt(request.getParameter(&quot;quantity&quot;))));&#10;                } else {&#10;                    item.setQuantity(Integer.parseInt(quantity[i]));&#10;                    cart.updateItem(item);&#10;                }&#10;            }&#10;        }&#10;&#10;        return new ActionResponse(ActionResponseType.REDIRECT, &quot;viewCart&quot;);&#10;    }&#10;}&#10;" Filename="UpdateCartAction.java" Intrnl_Id="24"/>
<SrcFile Content="package amu.action;&#10;&#10;import amu.database.AddressDAO;&#10;import amu.model.Address;&#10;import amu.model.Cart;&#10;import amu.model.Customer;&#10;import java.util.List;&#10;import javax.servlet.http.HttpServletRequest;&#10;import javax.servlet.http.HttpServletResponse;&#10;import javax.servlet.http.HttpSession;&#10;&#10;class SelectShippingAddressAction implements Action {&#10;&#10;    @Override&#10;    public ActionResponse execute(HttpServletRequest request, HttpServletResponse response) {&#10;&#10;        HttpSession session = request.getSession();&#10;        Cart cart = (Cart) session.getAttribute(&quot;cart&quot;);&#10;        Customer customer = (Customer) session.getAttribute(&quot;customer&quot;);&#10;&#10;        if (cart == null) {&#10;            return new ActionResponse(ActionResponseType.REDIRECT, &quot;viewCart&quot;);&#10;        }&#10;&#10;        if (customer == null) {&#10;            ActionResponse actionResponse = new ActionResponse(ActionResponseType.REDIRECT, &quot;loginCustomer&quot;);&#10;            actionResponse.addParameter(&quot;from&quot;, &quot;selectShippingAddress&quot;);&#10;            return actionResponse;&#10;        }&#10;&#10;        AddressDAO addressDAO = new AddressDAO();&#10;        &#10;        // Handle shipping address selection submission&#10;        if (request.getParameter(&quot;id&quot;) != null) {&#10;            cart.setShippingAddress(addressDAO.read(Integer.parseInt(request.getParameter(&quot;id&quot;))));&#10;            return new ActionResponse(ActionResponseType.REDIRECT, &quot;selectPaymentOption&quot;);&#10;        }&#10;        &#10;        List&lt;Address&gt; addresses = addressDAO.browse(customer);&#10;        request.setAttribute(&quot;addresses&quot;, addresses);&#10;&#10;        // Else GET request&#10;        return new ActionResponse(ActionResponseType.FORWARD, &quot;selectShippingAddress&quot;);&#10;    }&#10;}&#10;" Filename="SelectShippingAddressAction.java" Intrnl_Id="25"/>
<SrcFile Content="package amu.action;&#10;&#10;import amu.database.AddressDAO;&#10;import amu.database.CreditCardDAO;&#10;import amu.model.Address;&#10;import amu.model.Cart;&#10;import amu.model.CreditCard;&#10;import amu.model.Customer;&#10;import java.util.List;&#10;import javax.servlet.http.HttpServletRequest;&#10;import javax.servlet.http.HttpServletResponse;&#10;import javax.servlet.http.HttpSession;&#10;&#10;class SelectPaymentOptionAction implements Action {&#10;&#10;    @Override&#10;    public ActionResponse execute(HttpServletRequest request, HttpServletResponse response) {&#10;&#10;        HttpSession session = request.getSession();&#10;        Cart cart = (Cart) session.getAttribute(&quot;cart&quot;);&#10;        Customer customer = (Customer) session.getAttribute(&quot;customer&quot;);&#10;&#10;        if (cart == null) {&#10;            return new ActionResponse(ActionResponseType.REDIRECT, &quot;viewCart&quot;);&#10;        }&#10;&#10;        if (customer == null) {&#10;            ActionResponse actionResponse = new ActionResponse(ActionResponseType.REDIRECT, &quot;loginCustomer&quot;);&#10;            actionResponse.addParameter(&quot;from&quot;, &quot;selectPaymentOption&quot;);&#10;            return actionResponse;&#10;        }&#10;        &#10;        if (cart.getShippingAddress() == null) {&#10;            return new ActionResponse(ActionResponseType.REDIRECT, &quot;selectShippingAddress&quot;);&#10;        }&#10;&#10;        CreditCardDAO creditCardDAO = new CreditCardDAO();&#10;        &#10;        // Handle credit card selection submission&#10;        if (request.getMethod().equals(&quot;POST&quot;)) {&#10;            cart.setCreditCard(creditCardDAO.read(Integer.parseInt(request.getParameter(&quot;creditCardID&quot;))));&#10;            return new ActionResponse(ActionResponseType.REDIRECT, &quot;reviewOrder&quot;);&#10;        }&#10;        &#10;        List&lt;CreditCard&gt; creditCards = creditCardDAO.browse(customer);&#10;        request.setAttribute(&quot;creditCards&quot;, creditCards);&#10;&#10;        // Else GET request&#10;        return new ActionResponse(ActionResponseType.FORWARD, &quot;selectPaymentOption&quot;);&#10;    }&#10;&#10;}&#10;" Filename="SelectPaymentOptionAction.java" Intrnl_Id="26"/>
<SrcFile Content="package amu.action;&#10;&#10;import amu.model.Cart;&#10;import amu.model.Customer;&#10;import javax.servlet.http.HttpServletRequest;&#10;import javax.servlet.http.HttpServletResponse;&#10;import javax.servlet.http.HttpSession;&#10;&#10;class ReviewOrderAction implements Action {&#10;&#10;    @Override&#10;    public ActionResponse execute(HttpServletRequest request, HttpServletResponse response) {&#10;        HttpSession session = request.getSession();&#10;        Cart cart = (Cart) session.getAttribute(&quot;cart&quot;);&#10;        Customer customer = (Customer) session.getAttribute(&quot;customer&quot;);&#10;&#10;        if (cart == null) {&#10;            return new ActionResponse(ActionResponseType.REDIRECT, &quot;viewCart&quot;);&#10;        }&#10;&#10;        if (customer == null) {&#10;            ActionResponse actionResponse = new ActionResponse(ActionResponseType.REDIRECT, &quot;loginCustomer&quot;);&#10;            actionResponse.addParameter(&quot;from&quot;, &quot;reviewOrder&quot;);&#10;            return actionResponse;&#10;        }&#10;        &#10;        if (cart.getShippingAddress() == null) {&#10;            return new ActionResponse(ActionResponseType.REDIRECT, &quot;selectShippingAddress&quot;);&#10;        }&#10;        &#10;        if (cart.getCreditCard()== null) {&#10;            return new ActionResponse(ActionResponseType.REDIRECT, &quot;selectPaymentOption&quot;);&#10;        }&#10;        &#10;        return new ActionResponse(ActionResponseType.FORWARD, &quot;reviewOrder&quot;);&#10;    }&#10;    &#10;}&#10;" Filename="ReviewOrderAction.java" Intrnl_Id="27"/>
<SrcFile Content="package amu.action;&#10;&#10;import amu.Mailer;&#10;import amu.database.CustomerDAO;&#10;import amu.model.Customer;&#10;import javax.servlet.http.HttpServlet;&#10;import javax.servlet.http.HttpServletRequest;&#10;import javax.servlet.http.HttpServletResponse;&#10;import javax.servlet.http.HttpSession;&#10;&#10;class RegisterCustomerAction extends HttpServlet implements Action {&#10;    &#10;    @Override&#10;    public ActionResponse execute(HttpServletRequest request, HttpServletResponse response) throws Exception {&#10;        &#10;        if (request.getMethod().equals(&quot;POST&quot;)) {&#10;            CustomerDAO customerDAO = new CustomerDAO();&#10;            Customer customer = customerDAO.findByEmail(request.getParameter(&quot;email&quot;));&#10;&#10;            if (customer == null) {&#10;                customer = new Customer();&#10;                customer.setEmail(request.getParameter(&quot;email&quot;));&#10;                customer.setName(request.getParameter(&quot;name&quot;));&#10;                customer.setPassword(CustomerDAO.hashPassword(request.getParameter(&quot;password&quot;)));&#10;                customer.setActivationToken(CustomerDAO.generateActivationCode());&#10;                customer = customerDAO.register(customer);&#10;                &#10;                ActionResponse actionResponse = new ActionResponse(ActionResponseType.REDIRECT, &quot;activateCustomer&quot;);&#10;                actionResponse.addParameter(&quot;email&quot;, customer.getEmail());&#10;                &#10;                StringBuilder sb = new StringBuilder();&#10;                sb.append(&quot;Welcome to Amu-Darya, the really insecure bookstore!\n\n&quot;);&#10;                sb.append(&quot;To activate your account, click &lt;a href='http://&quot;);&#10;                sb.append(request.getServerName() + &quot;:&quot; + request.getServerPort() + request.getContextPath() + &quot;/&quot;);&#10;                sb.append(actionResponse.getURL() + actionResponse.getParameterString());&#10;                sb.append(&quot;&amp;activationToken=&quot; + customer.getActivationToken());&#10;                sb.append(&quot;'&gt;here&lt;/a&gt;, or use this activation code: &quot; + customer.getActivationToken());&#10;               &#10;                Mailer.send(customer.getEmail(), &quot;Activation required&quot;, sb.toString());&#10; &#10;                return actionResponse;&#10;            } else {&#10;                return new ActionResponse(ActionResponseType.REDIRECT, &quot;registrationError&quot;);&#10;            }&#10;        }&#10;        &#10;        // Else we show the register form&#10;        return new ActionResponse(ActionResponseType.FORWARD, &quot;registerCustomer&quot;);&#10;    }&#10;}&#10;" Filename="RegisterCustomerAction.java" Intrnl_Id="28"/>
<SrcFile Content="package amu.action;&#10;&#10;import amu.database.OrderDAO;&#10;import amu.model.Cart;&#10;import amu.model.Customer;&#10;import amu.model.Order;&#10;import javax.servlet.http.HttpServletRequest;&#10;import javax.servlet.http.HttpServletResponse;&#10;import javax.servlet.http.HttpSession;&#10;&#10;class PlaceOrderAction implements Action {&#10;&#10;    public PlaceOrderAction() {&#10;    }&#10;&#10;    @Override&#10;    public ActionResponse execute(HttpServletRequest request, HttpServletResponse response) {&#10;        HttpSession session = request.getSession();&#10;        &#10;        Cart cart = (Cart) session.getAttribute(&quot;cart&quot;);&#10;        if (cart == null) {&#10;            cart = new Cart();&#10;            session.setAttribute(&quot;cart&quot;, cart);&#10;            return new ActionResponse(ActionResponseType.REDIRECT, &quot;viewCart&quot;);&#10;        }&#10;        &#10;        Customer customer = (Customer) session.getAttribute(&quot;customer&quot;);&#10;        if (customer == null) {&#10;            ActionResponse actionResponse = new ActionResponse(ActionResponseType.REDIRECT, &quot;loginCustomer&quot;);&#10;            actionResponse.addParameter(&quot;from&quot;, &quot;placeOrder&quot;);&#10;            return actionResponse;&#10;        }&#10;&#10;        OrderDAO orderDAO = new OrderDAO();&#10;        Order order = new Order(customer, cart.getShippingAddress(), cart.getSubtotal().toString());&#10;        &#10;        if (orderDAO.add(order))&#10;        {&#10;            cart = new Cart();&#10;            session.setAttribute(&quot;cart&quot;, cart);&#10;            return new ActionResponse(ActionResponseType.REDIRECT, &quot;placeOrderSuccessful&quot;);&#10;        } else {&#10;            return new ActionResponse(ActionResponseType.REDIRECT, &quot;placeOrderError&quot;);&#10;        }&#10;    }&#10;}&#10;" Filename="PlaceOrderAction.java" Intrnl_Id="29"/>
<SrcFile Content="package amu.action;&#10;&#10;import amu.database.CustomerDAO;&#10;import amu.model.Customer;&#10;import java.util.HashMap;&#10;import java.util.Map;&#10;&#10;import javax.servlet.http.HttpServletRequest;&#10;import javax.servlet.http.HttpServletResponse;&#10;import javax.servlet.http.HttpSession;&#10;&#10;class LoginCustomerAction implements Action {&#10;&#10;    @Override&#10;    public ActionResponse execute(HttpServletRequest request, HttpServletResponse response) throws Exception {&#10;&#10;        Map&lt;String, String&gt; values = new HashMap&lt;String, String&gt;();&#10;        request.setAttribute(&quot;values&quot;, values);&#10;        if (ActionFactory.hasKey(request.getParameter(&quot;from&quot;))) {&#10;            values.put(&quot;from&quot;, request.getParameter(&quot;from&quot;));&#10;        }&#10;&#10;        if (request.getMethod().equals(&quot;POST&quot;)) {&#10;&#10;            Map&lt;String, String&gt; messages = new HashMap&lt;String, String&gt;();&#10;            request.setAttribute(&quot;messages&quot;, messages);&#10;&#10;            CustomerDAO customerDAO = new CustomerDAO();&#10;            Customer customer = customerDAO.findByEmail(request.getParameter(&quot;email&quot;));&#10;&#10;            if (customer != null) {&#10;                values.put(&quot;email&quot;, request.getParameter(&quot;email&quot;));&#10;&#10;                if (customer.getActivationToken() == null) {&#10;                    if (customer.getPassword().equals(CustomerDAO.hashPassword(request.getParameter(&quot;password&quot;)))) {&#10;                        HttpSession session = request.getSession(true);&#10;                        session.setAttribute(&quot;customer&quot;, customer);&#10;                        if (ActionFactory.hasKey(request.getParameter(&quot;from&quot;))) {&#10;                            return new ActionResponse(ActionResponseType.REDIRECT, request.getParameter(&quot;from&quot;));&#10;                        }&#10;                    } else { // Wrong password&#10;                        messages.put(&quot;password&quot;, &quot;Password was incorrect.&quot;);&#10;                    }&#10;                } else { // customer.getActivationToken() != null&#10;                    return new ActionResponse(ActionResponseType.REDIRECT, &quot;activateCustomer&quot;);&#10;                }&#10;            } else { // findByEmail returned null -&gt; no customer with that email exists&#10;                messages.put(&quot;email&quot;, &quot;Email was incorrect.&quot;);&#10;            }&#10;&#10;            // Forward to login form with error messages&#10;            return new ActionResponse(ActionResponseType.FORWARD, &quot;loginCustomer&quot;);&#10;        }&#10;&#10;        return new ActionResponse(ActionResponseType.FORWARD, &quot;loginCustomer&quot;);&#10;    }&#10;}&#10;" Filename="LoginCustomerAction.java" Intrnl_Id="30"/>
<SrcFile Content="package amu.action;&#10;&#10;import javax.servlet.http.HttpServletRequest;&#10;import javax.servlet.http.HttpServletResponse;&#10;&#10;class ForwardAction implements Action {&#10;&#10;    private final ActionResponse actionResponse;&#10;&#10;    public ForwardAction(String url) {&#10;        this.actionResponse = new ActionResponse(ActionResponseType.FORWARD, url);&#10;    }&#10;&#10;    public ForwardAction(ActionResponse actionResponse) {&#10;        this.actionResponse = actionResponse;&#10;    }&#10;&#10;    @Override&#10;    public ActionResponse execute(HttpServletRequest request, HttpServletResponse response) throws Exception {&#10;        return actionResponse;&#10;    }&#10;}&#10;" Filename="ForwardAction.java" Intrnl_Id="31"/>
<SrcFile Content="package amu.action;&#10;&#10;import amu.database.AddressDAO;&#10;import amu.model.Address;&#10;import amu.model.Customer;&#10;import java.util.ArrayList;&#10;import java.util.List;&#10;import javax.servlet.http.HttpServletRequest;&#10;import javax.servlet.http.HttpServletResponse;&#10;import javax.servlet.http.HttpSession;&#10;&#10;class EditAddressAction implements Action {&#10;&#10;    @Override&#10;    public ActionResponse execute(HttpServletRequest request, HttpServletResponse response) {&#10;        HttpSession session = request.getSession(true);&#10;        Customer customer = (Customer) session.getAttribute(&quot;customer&quot;);&#10;&#10;        if (customer == null) {&#10;            ActionResponse actionResponse = new ActionResponse(ActionResponseType.REDIRECT, &quot;loginCustomer&quot;);&#10;            actionResponse.addParameter(&quot;from&quot;, &quot;viewCustomer&quot;);&#10;            return actionResponse;&#10;        }&#10;&#10;        AddressDAO addressDAO = new AddressDAO();&#10;        Address address = addressDAO.read(Integer.parseInt(request.getParameter(&quot;id&quot;)));&#10;&#10;        if (request.getMethod().equals(&quot;POST&quot;)) {&#10;            List&lt;String&gt; messages = new ArrayList&lt;String&gt;();&#10;            request.setAttribute(&quot;messages&quot;, messages);&#10;&#10;            address.setAddress(request.getParameter(&quot;address&quot;));&#10;            &#10;            if (addressDAO.edit(address)) {&#10;                return new ActionResponse(ActionResponseType.REDIRECT, &quot;viewCustomer&quot;);&#10;            }&#10;&#10;            messages.add(&quot;An error occured.&quot;);&#10;        }&#10;&#10;        // (request.getMethod().equals(&quot;GET&quot;)) &#10;        request.setAttribute(&quot;address&quot;, address);&#10;        return new ActionResponse(ActionResponseType.FORWARD, &quot;editAddress&quot;);&#10;    }&#10;&#10;}&#10;" Filename="EditAddressAction.java" Intrnl_Id="32"/>
<SrcFile Content="package amu.action;&#10;&#10;import amu.database.CreditCardDAO;&#10;import amu.model.CreditCard;&#10;import amu.model.Customer;&#10;import java.util.ArrayList;&#10;import java.util.List;&#10;import javax.servlet.http.HttpServletRequest;&#10;import javax.servlet.http.HttpServletResponse;&#10;import javax.servlet.http.HttpSession;&#10;&#10;class DeleteCreditCardAction implements Action {&#10;&#10;    @Override&#10;    public ActionResponse execute(HttpServletRequest request, HttpServletResponse response) {&#10;        HttpSession session = request.getSession(true);&#10;        Customer customer = (Customer) session.getAttribute(&quot;customer&quot;);&#10;&#10;        if (customer == null) {&#10;            ActionResponse actionResponse = new ActionResponse(ActionResponseType.REDIRECT, &quot;loginCustomer&quot;);&#10;            actionResponse.addParameter(&quot;from&quot;, &quot;viewCustomer&quot;);&#10;            return actionResponse;&#10;        }&#10;&#10;        CreditCardDAO creditCardDAO = new CreditCardDAO();&#10;        CreditCard creditCard;&#10;&#10;        if (request.getMethod().equals(&quot;POST&quot;)) {&#10;            List&lt;String&gt; messages = new ArrayList&lt;String&gt;();&#10;            request.setAttribute(&quot;messages&quot;, messages);&#10;&#10;            if (creditCardDAO.delete(Integer.parseInt(request.getParameter(&quot;id&quot;)))) {&#10;                return new ActionResponse(ActionResponseType.REDIRECT, &quot;viewCustomer&quot;);&#10;            }&#10;&#10;            messages.add(&quot;An error occured.&quot;);&#10;        }&#10;&#10;        // (request.getMethod().equals(&quot;GET&quot;)) &#10;        creditCard = creditCardDAO.read(Integer.parseInt(request.getParameter(&quot;id&quot;)));&#10;        request.setAttribute(&quot;creditCard&quot;, creditCard);&#10;        return new ActionResponse(ActionResponseType.FORWARD, &quot;deleteCreditCard&quot;);&#10;    }&#10;    &#10;}&#10;" Filename="DeleteCreditCardAction.java" Intrnl_Id="33"/>
<SrcFile Content="package amu.action;&#10;&#10;import amu.database.AddressDAO;&#10;import amu.model.Address;&#10;import amu.model.Customer;&#10;import java.util.ArrayList;&#10;import java.util.List;&#10;import javax.servlet.http.HttpServletRequest;&#10;import javax.servlet.http.HttpServletResponse;&#10;import javax.servlet.http.HttpSession;&#10;&#10;class DeleteAddressAction implements Action {&#10;&#10;    @Override&#10;    public ActionResponse execute(HttpServletRequest request, HttpServletResponse response) {&#10;        HttpSession session = request.getSession(true);&#10;        Customer customer = (Customer) session.getAttribute(&quot;customer&quot;);&#10;&#10;        if (customer == null) {&#10;            ActionResponse actionResponse = new ActionResponse(ActionResponseType.REDIRECT, &quot;loginCustomer&quot;);&#10;            actionResponse.addParameter(&quot;from&quot;, &quot;viewCustomer&quot;); &#10;            return actionResponse;&#10;        }&#10;&#10;        AddressDAO addressDAO = new AddressDAO();&#10;        Address address;&#10;&#10;        if (request.getMethod().equals(&quot;POST&quot;)) {&#10;            List&lt;String&gt; messages = new ArrayList&lt;String&gt;();&#10;            request.setAttribute(&quot;messages&quot;, messages);&#10;&#10;            if (addressDAO.delete(Integer.parseInt(request.getParameter(&quot;id&quot;)))) {&#10;                return new ActionResponse(ActionResponseType.REDIRECT, &quot;viewCustomer&quot;);&#10;            }&#10;&#10;            messages.add(&quot;An error occured.&quot;); &#10;        }&#10;&#10;        // (request.getMethod().equals(&quot;GET&quot;)) &#10;        address = addressDAO.read(Integer.parseInt(request.getParameter(&quot;id&quot;))); &#10;        request.setAttribute(&quot;address&quot;, address);&#10;        return new ActionResponse(ActionResponseType.FORWARD, &quot;deleteAddress&quot;);&#10;    }&#10;}&#10;" Filename="DeleteAddressAction.java" Intrnl_Id="34"/>
<SrcFile Content="package amu.action;&#10;&#10;import amu.Mailer;&#10;import amu.model.Customer;&#10;import javax.servlet.http.HttpServletRequest;&#10;import javax.servlet.http.HttpServletResponse;&#10;import javax.servlet.http.HttpSession;&#10;&#10;class CustomerSupportAction implements Action {&#10;&#10;    @Override&#10;    public ActionResponse execute(HttpServletRequest request, HttpServletResponse response) throws Exception {&#10;        HttpSession session = request.getSession(true);&#10;        Customer customer = (Customer) session.getAttribute(&quot;customer&quot;);&#10;&#10;        if (customer == null) {&#10;            ActionResponse actionResponse = new ActionResponse(ActionResponseType.REDIRECT, &quot;loginCustomer&quot;);&#10;            actionResponse.addParameter(&quot;from&quot;, &quot;customerSupport&quot;);&#10;            return actionResponse;&#10;        }&#10;&#10;        if (request.getMethod().equals(&quot;POST&quot;)) {&#10;            Mailer.send(request.getParameter(&quot;department&quot;), &#10;                    request.getParameter(&quot;subject&quot;), &#10;                    request.getParameter(&quot;content&quot;), &#10;                    request.getParameter(&quot;fromAddr&quot;), &#10;                    request.getParameter(&quot;fromName&quot;));&#10;            // TODO: Send receipt to customer&#10;            return new ActionResponse(ActionResponseType.REDIRECT, &quot;customerSupportSuccessful&quot;);&#10;        } &#10;&#10;        return new ActionResponse(ActionResponseType.FORWARD, &quot;customerSupport&quot;);&#10;    }&#10;}&#10;" Filename="CustomerSupportAction.java" Intrnl_Id="35"/>
<SrcFile Content="package amu.action;&#10;&#10;import amu.database.CustomerDAO;&#10;import amu.model.Customer;&#10;import java.util.ArrayList;&#10;import java.util.List;&#10;import javax.servlet.http.HttpServletRequest;&#10;import javax.servlet.http.HttpServletResponse;&#10;import javax.servlet.http.HttpSession;&#10;&#10;class ChangePasswordAction implements Action {&#10;&#10;    @Override&#10;    public ActionResponse execute(HttpServletRequest request, HttpServletResponse response) {&#10;        HttpSession session = request.getSession(true);&#10;        Customer customer = (Customer) session.getAttribute(&quot;customer&quot;);&#10;&#10;        if (customer == null) {&#10;            ActionResponse actionResponse = new ActionResponse(ActionResponseType.REDIRECT, &quot;loginCustomer&quot;);&#10;            actionResponse.addParameter(&quot;from&quot;, &quot;changePassword&quot;);&#10;            return actionResponse;&#10;        }&#10;&#10;        if (request.getMethod().equals(&quot;POST&quot;)) {&#10;            List&lt;String&gt; messages = new ArrayList&lt;String&gt;();&#10;            request.setAttribute(&quot;messages&quot;, messages);&#10;&#10;            String[] password = request.getParameterValues(&quot;password&quot;);&#10;&#10;            // Validate that new email is typed in the same both times&#10;            if (password[0].equals(password[1]) == false) {&#10;                messages.add(&quot;Password and repeated password did not match. Please try again.&quot;);&#10;                return new ActionResponse(ActionResponseType.FORWARD, &quot;changePassword&quot;);&#10;            }&#10;&#10;            // Validation OK, do business logic&#10;            CustomerDAO customerDAO = new CustomerDAO();&#10;            customer.setPassword(CustomerDAO.hashPassword(password[0]));&#10;            if (customerDAO.edit(customer) == false) {&#10;                messages.add(&quot;An error occured.&quot;);&#10;                return new ActionResponse(ActionResponseType.FORWARD, &quot;changePassword&quot;);&#10;            }&#10;            &#10;            // Email change successful, return to viewCustomer&#10;            return new ActionResponse(ActionResponseType.REDIRECT, &quot;viewCustomer&quot;);&#10;&#10;        } &#10;        &#10;        // (request.getMethod().equals(&quot;GET&quot;)) &#10;        return new ActionResponse(ActionResponseType.FORWARD, &quot;changePassword&quot;);&#10;    }&#10;}&#10;" Filename="ChangePasswordAction.java" Intrnl_Id="36"/>
<SrcFile Content="package amu.action;&#10;&#10;import amu.database.CustomerDAO;&#10;import amu.model.Customer;&#10;import java.util.HashMap;&#10;import java.util.Map;&#10;import javax.servlet.http.HttpServletRequest;&#10;import javax.servlet.http.HttpServletResponse;&#10;import javax.servlet.http.HttpSession;&#10;&#10;class ChangeNameAction implements Action {&#10;&#10;    @Override&#10;    public ActionResponse execute(HttpServletRequest request, HttpServletResponse response) {&#10;        HttpSession session = request.getSession(true);&#10;        Customer customer = (Customer) session.getAttribute(&quot;customer&quot;);&#10;&#10;        if (customer == null) {&#10;            ActionResponse actionResponse = new ActionResponse(ActionResponseType.REDIRECT, &quot;loginCustomer&quot;);&#10;            actionResponse.addParameter(&quot;from&quot;, &quot;changeName&quot;);&#10;            return actionResponse;&#10;        }&#10;&#10;        if (request.getMethod().equals(&quot;POST&quot;)) {&#10;&#10;            Map&lt;String, String&gt; messages = new HashMap&lt;String, String&gt;();&#10;            request.setAttribute(&quot;messages&quot;, messages);&#10;&#10;            customer.setName(request.getParameter(&quot;name&quot;));&#10;&#10;            CustomerDAO customerDAO = new CustomerDAO();&#10;            if (customerDAO.edit(customer)) { // Customer name was successfully changed&#10;                return new ActionResponse(ActionResponseType.REDIRECT, &quot;viewCustomer&quot;);&#10;            } else {&#10;                messages.put(&quot;name&quot;, &quot;Something went wrong here.&quot;);&#10;                return new ActionResponse(ActionResponseType.FORWARD, &quot;changeName&quot;);&#10;            }&#10;        }&#10;&#10;        // (request.getMethod().equals(&quot;GET&quot;)) {&#10;        return new ActionResponse(ActionResponseType.FORWARD, &quot;changeName&quot;);&#10;    }&#10;}&#10;" Filename="ChangeNameAction.java" Intrnl_Id="37"/>
<SrcFile Content="package amu.action;&#10;&#10;import amu.database.CustomerDAO;&#10;import amu.model.Customer;&#10;import java.util.ArrayList;&#10;import java.util.HashMap;&#10;import java.util.List;&#10;import java.util.Map;&#10;import javax.servlet.http.HttpServletRequest;&#10;import javax.servlet.http.HttpServletResponse;&#10;import javax.servlet.http.HttpSession;&#10;&#10;class ChangeEmailAction implements Action {&#10;&#10;    @Override&#10;    public ActionResponse execute(HttpServletRequest request, HttpServletResponse response) {&#10;        HttpSession session = request.getSession(true);&#10;        Customer customer = (Customer) session.getAttribute(&quot;customer&quot;);&#10;&#10;        if (customer == null) {&#10;            ActionResponse actionResponse = new ActionResponse(ActionResponseType.REDIRECT, &quot;loginCustomer&quot;);&#10;            actionResponse.addParameter(&quot;from&quot;, &quot;changeEmail&quot;);&#10;            return actionResponse;&#10;        }&#10;&#10;        if (request.getMethod().equals(&quot;POST&quot;)) {&#10;            Map&lt;String, String[]&gt; values = new HashMap&lt;String, String[]&gt;();&#10;            request.setAttribute(&quot;values&quot;, values);&#10;&#10;            List&lt;String&gt; messages = new ArrayList&lt;String&gt;();&#10;            request.setAttribute(&quot;messages&quot;, messages);&#10;&#10;            String[] email = request.getParameterValues(&quot;email&quot;);&#10;            values.put(&quot;email&quot;, email);&#10;&#10;            // Validate that new email is typed in the same both times&#10;            if (email[0].equals(email[1]) == false) {&#10;                messages.add(&quot;New email and repeated email did not match. Please check for typing errors.&quot;);&#10;                return new ActionResponse(ActionResponseType.FORWARD, &quot;changeEmail&quot;);&#10;            }&#10;&#10;            // Validation OK, do business logic&#10;            CustomerDAO customerDAO = new CustomerDAO();&#10;            customer.setEmail(email[0]);&#10;            if (customerDAO.edit(customer) == false) {&#10;                messages.add(&quot;DB update unsuccessful, likely there is already a user with this email address.&quot;);&#10;                return new ActionResponse(ActionResponseType.FORWARD, &quot;changeEmail&quot;);&#10;            }&#10;            &#10;            // Email change successful, return to viewCustomer&#10;            return new ActionResponse(ActionResponseType.REDIRECT, &quot;viewCustomer&quot;);&#10;&#10;        } &#10;        &#10;        // (request.getMethod().equals(&quot;GET&quot;)) &#10;        return new ActionResponse(ActionResponseType.FORWARD, &quot;changeEmail&quot;);&#10;    }&#10;}&#10;" Filename="ChangeEmailAction.java" Intrnl_Id="38"/>
<SrcFile Content="package amu.action;&#10;&#10;import amu.database.BookDAO;&#10;import amu.model.Book;&#10;import amu.model.Cart;&#10;import amu.model.CartItem;&#10;import javax.servlet.http.HttpServletRequest;&#10;import javax.servlet.http.HttpServletResponse;&#10;import javax.servlet.http.HttpSession;&#10;&#10;class AddToCartAction implements Action {&#10;&#10;    @Override&#10;    public ActionResponse execute(HttpServletRequest request, HttpServletResponse response) throws Exception {&#10;        HttpSession session = request.getSession();&#10;        &#10;        Cart cart = (Cart) session.getAttribute(&quot;cart&quot;);&#10;        &#10;        if (cart == null)&#10;        {&#10;            cart = new Cart();&#10;            session.setAttribute(&quot;cart&quot;, cart);&#10;        }&#10;        &#10;        if (request.getParameter(&quot;isbn&quot;) != null &amp;&amp; request.getParameter(&quot;quantity&quot;) != null)&#10;        {&#10;            BookDAO bookDAO = new BookDAO();&#10;            Book book = bookDAO.findByISBN(request.getParameter(&quot;isbn&quot;));&#10;            &#10;            cart.addItem(new CartItem(book, Integer.parseInt(request.getParameter(&quot;quantity&quot;))));&#10;        }&#10;&#10;        return new ActionResponse(ActionResponseType.REDIRECT, &quot;viewCart&quot;);&#10;    }&#10;    &#10;}&#10;" Filename="AddToCartAction.java" Intrnl_Id="39"/>
<SrcFile Content="package amu.action;&#10;&#10;import amu.database.CreditCardDAO;&#10;import amu.model.CreditCard;&#10;import amu.model.Customer;&#10;import java.util.ArrayList;&#10;import java.util.Calendar;&#10;import java.util.GregorianCalendar;&#10;import java.util.HashMap;&#10;import java.util.List;&#10;import java.util.Map;&#10;import javax.servlet.http.HttpServletRequest;&#10;import javax.servlet.http.HttpServletResponse;&#10;import javax.servlet.http.HttpSession;&#10;&#10;class AddCreditCardAction implements Action {&#10;    &#10;    @Override&#10;    public ActionResponse execute(HttpServletRequest request, HttpServletResponse response) {&#10;        HttpSession session = request.getSession(true);&#10;        Customer customer = (Customer) session.getAttribute(&quot;customer&quot;);&#10;&#10;        if (customer == null) {&#10;            ActionResponse actionResponse = new ActionResponse(ActionResponseType.REDIRECT, &quot;loginCustomer&quot;);&#10;            actionResponse.addParameter(&quot;from&quot;, &quot;addCreditCard&quot;);&#10;            return actionResponse;&#10;        }&#10;        &#10;        if (request.getMethod().equals(&quot;POST&quot;)) {&#10;            Map&lt;String, String&gt; messages = new HashMap&lt;String, String&gt;();&#10;            request.setAttribute(&quot;messages&quot;, messages);&#10;            &#10;            Calendar expiryDate = Calendar.getInstance();&#10;            expiryDate.set(Integer.parseInt(request.getParameter(&quot;expiryYear&quot;)), Integer.parseInt(request.getParameter(&quot;expiryMonth&quot;)), 1);&#10;            &#10;            CreditCardDAO creditCardDAO = new CreditCardDAO();&#10;            CreditCard creditCard = new CreditCard(&#10;                    customer, &#10;                    request.getParameter(&quot;creditCardNumber&quot;), &#10;                    expiryDate,&#10;                    request.getParameter(&quot;cardholderName&quot;));&#10;&#10;            Map&lt;String, String&gt; values = new HashMap&lt;String, String&gt;();&#10;            request.setAttribute(&quot;values&quot;, values);&#10;            values.put(&quot;creditCardNumber&quot;, request.getParameter(&quot;creditCardNumber&quot;));&#10;            values.put(&quot;expiryDate&quot;, request.getParameter(&quot;expiry&quot;));&#10;            values.put(&quot;cardholderName&quot;, request.getParameter(&quot;cardholderName&quot;));&#10;            &#10;            if (creditCardDAO.add(creditCard)) {&#10;                return new ActionResponse(ActionResponseType.REDIRECT, &quot;viewCustomer&quot;);&#10;            }&#10;            &#10;            messages.put(&quot;error&quot;, &quot;An error occured.&quot;);&#10;        }&#10;        &#10;        // (request.getMethod().equals(&quot;GET&quot;))&#10;        Calendar calendar = new GregorianCalendar();&#10;        &#10;        List&lt;String&gt; years = new ArrayList&lt;String&gt;();&#10;        request.setAttribute(&quot;years&quot;, years);&#10;        for (Integer offset = 0; offset &lt; 10; offset++) {&#10;            years.add(Integer.valueOf(calendar.get(Calendar.YEAR) + offset).toString());&#10;        }&#10;&#10;        Map&lt;String, String&gt; months = new HashMap&lt;String, String&gt;();&#10;        request.setAttribute(&quot;months&quot;, months);&#10;        for (Integer month = 0; month &lt; 12; month++) {&#10;            months.put(month.toString(), Integer.valueOf(month - 1).toString());&#10;        }&#10;        &#10;        return new ActionResponse(ActionResponseType.FORWARD, &quot;addCreditCard&quot;);&#10;    }&#10;}&#10;" Filename="AddCreditCardAction.java" Intrnl_Id="40"/>
<SrcFile Content="package amu.action;&#10;&#10;import amu.database.AddressDAO;&#10;import amu.model.Address;&#10;import amu.model.Customer;&#10;import java.util.ArrayList;&#10;import java.util.HashMap;&#10;import java.util.List;&#10;import java.util.Map;&#10;import javax.servlet.http.HttpServletRequest;&#10;import javax.servlet.http.HttpServletResponse;&#10;import javax.servlet.http.HttpSession;&#10;&#10;class AddAddressAction implements Action {&#10;&#10;    @Override&#10;    public ActionResponse execute(HttpServletRequest request, HttpServletResponse response) {&#10;        HttpSession session = request.getSession(true);&#10;        Customer customer = (Customer) session.getAttribute(&quot;customer&quot;);&#10;&#10;        // Handle referrals&#10;        Map&lt;String, String&gt; values = new HashMap&lt;String, String&gt;();&#10;        request.setAttribute(&quot;values&quot;, values);&#10;        if (ActionFactory.hasKey(request.getParameter(&quot;from&quot;))) {&#10;            values.put(&quot;from&quot;, request.getParameter(&quot;from&quot;));&#10;        }&#10;&#10;        if (customer == null) {&#10;            ActionResponse actionResponse = new ActionResponse(ActionResponseType.REDIRECT, &quot;loginCustomer&quot;);&#10;            actionResponse.addParameter(&quot;from&quot;, &quot;addAddress&quot;);&#10;            return actionResponse;&#10;        }&#10;&#10;        // Non-idempotent add address request&#10;        if (request.getMethod().equals(&quot;POST&quot;)) {&#10;            List&lt;String&gt; messages = new ArrayList&lt;String&gt;();&#10;            request.setAttribute(&quot;messages&quot;, messages);&#10;&#10;            AddressDAO addressDAO = new AddressDAO();&#10;            Address address = new Address(customer, request.getParameter(&quot;address&quot;));&#10;&#10;            if (addressDAO.add(address)) {&#10;                if (ActionFactory.hasKey(request.getParameter(&quot;from&quot;))) {&#10;                    return new ActionResponse(ActionResponseType.REDIRECT, request.getParameter(&quot;from&quot;));&#10;                } else {&#10;                    // Return to viewCustomer from addAddress by default&#10;                    return new ActionResponse(ActionResponseType.REDIRECT, &quot;viewCustomer&quot;);&#10;                }&#10;            }&#10;&#10;            messages.add(&quot;An error occured.&quot;);&#10;            request.setAttribute(&quot;address&quot;, address);&#10;        }&#10;&#10;        // (request.getMethod().equals(&quot;GET&quot;)) &#10;        return new ActionResponse(ActionResponseType.FORWARD, &quot;addAddress&quot;);&#10;    }&#10;}&#10;" Filename="AddAddressAction.java" Intrnl_Id="41"/>
<SrcFile Content="package amu.action;&#10;&#10;import amu.database.CustomerDAO;&#10;import amu.model.Customer;&#10;import javax.servlet.http.HttpServletRequest;&#10;import javax.servlet.http.HttpServletResponse;&#10;import javax.servlet.http.HttpSession;&#10;&#10;class ActivateCustomerAction implements Action {&#10;&#10;    @Override&#10;    public ActionResponse execute(HttpServletRequest request, HttpServletResponse response) throws Exception {&#10;&#10;        // If email field is set, but token is not provided then this is a idempotent request&#10;        if (request.getParameter(&quot;email&quot;) != null &amp;&amp; request.getParameter(&quot;activationToken&quot;) == null) {&#10;            request.setAttribute(&quot;email&quot;, request.getParameter(&quot;email&quot;));&#10;        }&#10;&#10;        // If both fields are set, then this is a non-idempotent activation request&#10;        if (request.getParameter(&quot;email&quot;) != null &amp;&amp; request.getParameter(&quot;activationToken&quot;) != null) {&#10;            CustomerDAO customerDAO = new CustomerDAO();&#10;            Customer customer = customerDAO.findByEmail(request.getParameter(&quot;email&quot;));&#10;&#10;            if (customer != null &amp;&amp; customer.getActivationToken().equals(request.getParameter(&quot;activationToken&quot;))) {&#10;                customer = customerDAO.activate(customer);&#10;                return new ActionResponse(ActionResponseType.REDIRECT, &quot;activationSuccessful&quot;);&#10;            } else {&#10;                HttpSession session = request.getSession(true);&#10;                session.setAttribute(&quot;debugActivation&quot;, customer);&#10;                return new ActionResponse(ActionResponseType.REDIRECT, &quot;activationError&quot;);&#10;            }&#10;        }&#10;        &#10;        return new ActionResponse(ActionResponseType.FORWARD, &quot;activateCustomer&quot;);&#10;    }&#10;}" Filename="ActivateCustomerAction.java" Intrnl_Id="42"/>
<SrcFile Content="package amu.action;&#10;&#10;public enum ActionResponseType {&#10;    FORWARD, REDIRECT;&#10;}&#10;" Filename="ActionResponseType.java" Intrnl_Id="43"/>
<SrcFile Content="package amu.action;&#10;&#10;import java.io.UnsupportedEncodingException;&#10;import java.net.URLEncoder;&#10;import java.util.HashMap;&#10;import java.util.Iterator;&#10;import java.util.Map;&#10;import java.util.Map.Entry;&#10;import java.util.logging.Level;&#10;import java.util.logging.Logger;&#10;&#10;public class ActionResponse {&#10;&#10;    private final ActionResponseType type;&#10;    private final String url;&#10;    private Map&lt;String, String&gt; parameters;&#10;&#10;    public ActionResponse(ActionResponseType type, String url) {&#10;        this.type = type;&#10;&#10;        if (this.type == ActionResponseType.FORWARD) {&#10;            this.url = &quot;/&quot; + url + &quot;.jsp&quot;;&#10;        } else { // (this.type == ActionResponseType.REDIRECT)&#10;            this.url = url + &quot;.do&quot;;&#10;        }&#10;&#10;        this.parameters = null;&#10;    }&#10;&#10;    public ActionResponseType getType() {&#10;        return type;&#10;    }&#10;&#10;    public String getURL() {&#10;        return url;&#10;    }&#10;&#10;    public void addParameter(String name, String value) {&#10;        if (parameters == null) {&#10;            parameters = new HashMap&lt;String, String&gt;();&#10;        }&#10;        &#10;        parameters.put(name, value);&#10;    }&#10;    &#10;    public String getParameterString() {&#10;&#10;        if (parameters == null) {&#10;            return &quot;&quot;;&#10;        } else {&#10;            StringBuilder sb = new StringBuilder(&quot;?&quot;);&#10;&#10;            Iterator&lt;Entry&lt;String, String&gt;&gt; it = parameters.entrySet().iterator();&#10;            while (it.hasNext()) {&#10;                Entry&lt;String, String&gt; parameter = it.next();&#10;                &#10;                try {&#10;                    sb.append(URLEncoder.encode(parameter.getKey(), &quot;UTF-8&quot;));&#10;                    sb.append(&quot;=&quot;);&#10;                    sb.append(URLEncoder.encode(parameter.getValue(), &quot;UTF-8&quot;));&#10;                } catch (UnsupportedEncodingException ex) {&#10;                    Logger.getLogger(ActionResponse.class.getName()).log(Level.SEVERE, null, ex);&#10;                }&#10;                &#10;                if (it.hasNext()) {&#10;                    sb.append(&quot;&amp;&quot;);&#10;                }&#10;            }&#10;            return sb.toString();&#10;        }&#10;    }&#10;}&#10;" Filename="ActionResponse.java" Intrnl_Id="44"/>
<SrcFile Content="package amu.action;&#10;&#10;import java.util.Collections;&#10;import java.util.HashMap;&#10;import java.util.Map;&#10;import javax.servlet.ServletContextEvent;&#10;import javax.servlet.ServletContextListener;&#10;import javax.servlet.http.HttpServletRequest;&#10;&#10;public class ActionFactory implements ServletContextListener {&#10;&#10;    private static final Map&lt;String, Action&gt; actions = fillActionMap();&#10;&#10;    private static Map&lt;String, Action&gt; fillActionMap() {&#10;        Map&lt;String, Action&gt; map = new HashMap&lt;String, Action&gt;();&#10;&#10;        // Address actions&#10;        map.put(&quot;addAddress&quot;, new AddAddressAction());&#10;        map.put(&quot;editAddress&quot;, new EditAddressAction());&#10;        map.put(&quot;deleteAddress&quot;, new DeleteAddressAction());&#10;        &#10;        // Book actions&#10;        map.put(&quot;bookNotFound&quot;, new ForwardAction(&quot;bookNotFound&quot;));&#10;        map.put(&quot;viewBook&quot;, new ViewBookAction());&#10;        &#10;        // Cart actions&#10;        map.put(&quot;addBookToCart&quot;, new AddToCartAction());&#10;        map.put(&quot;updateCart&quot;, new UpdateCartAction());&#10;        map.put(&quot;viewCart&quot;, new ViewCartAction());&#10;        &#10;        // Checkout process&#10;        map.put(&quot;selectShippingAddress&quot;, new SelectShippingAddressAction());&#10;        map.put(&quot;selectPaymentOption&quot;, new SelectPaymentOptionAction());&#10;        map.put(&quot;reviewOrder&quot;, new ReviewOrderAction());&#10;        map.put(&quot;placeOrder&quot;, new PlaceOrderAction());&#10;        map.put(&quot;placeOrderError&quot;, new ForwardAction(&quot;placeOrderError&quot;));&#10;        map.put(&quot;placeOrderSuccessful&quot;, new ForwardAction(&quot;placeOrderSuccessful&quot;));&#10;        &#10;        // Credit card actions&#10;        map.put(&quot;addCreditCard&quot;, new AddCreditCardAction());&#10;        map.put(&quot;deleteCreditCard&quot;, new DeleteCreditCardAction());&#10;&#10;        // Customer actions&#10;        map.put(&quot;loginCustomer&quot;, new LoginCustomerAction());&#10;        map.put(&quot;loginError&quot;, new ForwardAction(&quot;loginError&quot;));&#10;        map.put(&quot;registerCustomer&quot;, new RegisterCustomerAction());&#10;        map.put(&quot;registrationError&quot;, new ForwardAction(&quot;registrationError&quot;));        &#10;        map.put(&quot;activateCustomer&quot;, new ActivateCustomerAction());&#10;        map.put(&quot;activationError&quot;, new ForwardAction(&quot;activationError&quot;));&#10;        map.put(&quot;activationSuccessful&quot;, new ForwardAction(&quot;activationSuccessful&quot;));&#10;        map.put(&quot;viewCustomer&quot;, new ViewCustomerAction());&#10;        map.put(&quot;changePassword&quot;, new ChangePasswordAction());&#10;        map.put(&quot;changeEmail&quot;, new ChangeEmailAction());&#10;        map.put(&quot;changeName&quot;, new ChangeNameAction());&#10;        &#10;        // Customer support&#10;        map.put(&quot;customerSupport&quot;, new CustomerSupportAction());&#10;        map.put(&quot;customerSupportSuccessful&quot;, new ForwardAction(&quot;customerSupportSuccessful&quot;));&#10;&#10;        return Collections.unmodifiableMap(map);&#10;    }&#10;&#10;    public static Action getAction(HttpServletRequest request) {&#10;        // Strip leading '/' and trailing '.do'&#10;        String key = request.getServletPath().substring(1,request.getServletPath().length()-3);&#10;        return actions.get(key);&#10;    }&#10;    &#10;    public static boolean hasKey(String key) {&#10;        return actions.containsKey(key);&#10;    }&#10;&#10;    @Override&#10;    public void contextInitialized(ServletContextEvent sce) {&#10;        // This function is run by the web application container during startup&#10;        // due to config in web.xml. While this function does nothing in itself,&#10;        // the static initializer (fillActionMap) is executed immediately before this,&#10;        // and that's what we want to happen here.&#10;    }&#10;&#10;    @Override&#10;    public void contextDestroyed(ServletContextEvent sce) {&#10;        // Empty&#10;    }&#10;}" Filename="ActionFactory.java" Intrnl_Id="45"/>
<SrcFile Content="package amu.action;&#10;&#10;import javax.servlet.http.HttpServletRequest;&#10;import javax.servlet.http.HttpServletResponse;&#10;&#10;public interface Action {&#10;    public ActionResponse execute(HttpServletRequest request, HttpServletResponse response) throws Exception;&#10;}&#10;" Filename="Action.java" Intrnl_Id="46"/>
<SrcFile Content="package amu;&#10;&#10;import amu.database.Database;&#10;import java.sql.Connection;&#10;import java.sql.PreparedStatement;&#10;import java.sql.ResultSet;&#10;import java.sql.SQLException;&#10;import java.util.Properties;&#10;import java.util.logging.Level;&#10;import java.util.logging.Logger;&#10;import javax.mail.Message;&#10;import javax.mail.PasswordAuthentication;&#10;import javax.mail.Session;&#10;import javax.mail.Transport;&#10;import javax.mail.internet.InternetAddress;&#10;import javax.mail.internet.MimeMessage;&#10;&#10;public class Mailer {&#10;&#10;    public static void send(String to, String subject, String content) {&#10;        Mailer.send(to, subject, content, Config.EMAIL_FROM_ADDR, Config.EMAIL_FROM_NAME);&#10;    }&#10;&#10;    public static void send(String to, String subject, String content, String fromAddr, String fromName) {&#10;&#10;        Properties properties = new Properties();&#10;        // properties.put(&quot;mail.smtp.debug&quot;, &quot;true&quot;);&#10;&#10;        properties.put(&quot;mail.smtp.starttls.enable&quot;, &quot;true&quot;);&#10;        properties.put(&quot;mail.smtp.auth&quot;, &quot;true&quot;);&#10;&#10;        properties.put(&quot;mail.smtp.host&quot;, Config.EMAIL_SMTP_HOST);&#10;        properties.put(&quot;mail.smtp.port&quot;, Config.EMAIL_SMTP_PORT);&#10;        properties.put(&quot;mail.smtp.user&quot;, Config.EMAIL_SMTP_USER);&#10;&#10;        Session session = Session.getInstance(properties,&#10;                new javax.mail.Authenticator() {&#10;            @Override&#10;            protected PasswordAuthentication getPasswordAuthentication() {&#10;                return new PasswordAuthentication(Config.EMAIL_SMTP_USER, Config.EMAIL_SMTP_PASSWORD);&#10;            }&#10;        });&#10;&#10;        try {&#10;            MimeMessage message = new MimeMessage(session);&#10;            message.setFrom(new InternetAddress(fromAddr, fromName));&#10;            message.addRecipient(Message.RecipientType.TO, new InternetAddress(to));&#10;            message.setSubject(subject);&#10;            message.setContent(content, &quot;text/html; charset=utf-8&quot;);&#10;&#10;            // The restriction to ntnu.no-recipients is here try to avoid spamming (too many) innocents.&#10;            // Do not remove it before you've secured all mail-sending code.&#10;            if (to.endsWith(&quot;ntnu.no&quot;)) {&#10;                Transport.send(message);&#10;            }&#10;        } catch (Exception exception) {&#10;            Logger.getLogger(Mailer.class.getName()).log(Level.SEVERE, null, exception);&#10;        } finally {&#10;            Mailer.log(to, subject, content);&#10;        }&#10;    }&#10;&#10;    private static void log(String to, String subject, String content) {&#10;        Connection connection = null;&#10;        PreparedStatement statement = null;&#10;        ResultSet resultSet = null;&#10;        try {&#10;            connection = Database.getConnection();&#10;            String query = &quot;INSERT INTO mail (sentTime, `to`, `subject`, content) VALUES (NOW(), ?, ?, ?)&quot;;&#10;            statement = connection.prepareStatement(query);&#10;            statement.setString(1, to);&#10;            statement.setString(2, subject);&#10;            statement.setString(3, content);&#10;            statement.executeUpdate();&#10;        } catch (SQLException exception) {&#10;            Logger.getLogger(Mailer.class.getName()).log(Level.SEVERE, null, exception);&#10;        } finally {&#10;            Database.close(connection, statement, resultSet);&#10;        }&#10;    }&#10;}&#10;" Filename="Mailer.java" Intrnl_Id="47"/>
<SrcFile Content="package amu;&#10;&#10;import amu.action.Action;&#10;import amu.action.ActionFactory;&#10;import amu.action.ActionResponse;&#10;import amu.action.ActionResponseType;&#10;import java.io.IOException;&#10;import javax.servlet.ServletException;&#10;import javax.servlet.http.HttpServlet;&#10;import javax.servlet.http.HttpServletRequest;&#10;import javax.servlet.http.HttpServletResponse;&#10;&#10;public class FrontController extends HttpServlet {&#10;&#10;    @Override&#10;    protected void service(HttpServletRequest request, HttpServletResponse response)&#10;            throws ServletException, IOException {&#10;        try {&#10;            Action action = ActionFactory.getAction(request);&#10;            ActionResponse actionResponse = action.execute(request, response);&#10;            &#10;            if (actionResponse.getType() == ActionResponseType.REDIRECT) {&#10;                response.sendRedirect(actionResponse.getURL() + actionResponse.getParameterString());&#10;            } else { // actionResponse.getType() == ActionResponse.Type.FORWARD&#10;                request.getRequestDispatcher(actionResponse.getURL()).forward(request, response);&#10;            }&#10;            &#10;        } catch (Exception e) {&#10;            throw new ServletException(&quot;Executing action failed.&quot;, e);&#10;        }&#10;    }&#10;}&#10;" Filename="FrontController.java" Intrnl_Id="48"/>
<SrcFile Content="package amu;&#10;&#10;public class Config {&#10;    public final static String JDBC_RESOURCE = &quot;jdbc/bookstore&quot;;&#10;    &#10;    public final static String EMAIL_SMTP_HOST = &quot;smtp.gmail.com&quot;;&#10;    public final static String EMAIL_SMTP_PORT = &quot;587&quot;;&#10;    public final static String EMAIL_SMTP_USER = &quot;tdt4237.amu.darya&quot;;&#10;    public final static String EMAIL_SMTP_PASSWORD = &quot;jcmrgkikcdqoyjms&quot;; // Application-specific password&#10;    &#10;    public final static String EMAIL_FROM_ADDR = &quot;tdt4237.amu.darya@gmail.com&quot;;&#10;    public final static String EMAIL_FROM_NAME = &quot;Amu-Darya&quot;;&#10;    &#10;    public final static String SALT=&quot;NaCl&quot;; // Changing this will invalidate all customer passwords in DB&#10;}&#10;" Filename="Config.java" Intrnl_Id="49"/>
</SrcFileList>
<CritList>
<CritListEntry Name="org.codecover.model.utils.criteria.LoopCoverage" PluginName="org.codecover"/>
<CritListEntry Name="org.codecover.model.utils.criteria.BranchCoverage" PluginName="org.codecover"/>
<CritListEntry Name="org.codecover.model.utils.criteria.ConditionCoverage" PluginName="org.codecover"/>
<CritListEntry Name="org.codecover.model.utils.criteria.SynchronizedStatementCoverage" PluginName="org.codecover"/>
<CritListEntry Name="org.codecover.model.utils.criteria.QMOCoverage" PluginName="org.codecover"/>
<CritListEntry Name="org.codecover.model.utils.criteria.StatementCoverage" PluginName="org.codecover"/>
</CritList>
<BoolOpList>
<BoolOp Arity="2" Intrnl_Id="50" Name="conditional and (&amp;&amp;)">
<BoolAssgnmntBoolMapList>
<MapEntry BoolAssgnmnt="10" Value="false"/>
<MapEntry BoolAssgnmnt="02" Value="false"/>
<MapEntry BoolAssgnmnt="11" Value="true"/>
</BoolAssgnmntBoolMapList>
</BoolOp>
</BoolOpList>
<HierarchyLvlTypeList>
<HierarchyLvlType EnglishName="enumeration" IntrnlName="enum" Intrnl_Id="51"/>
<HierarchyLvlType EnglishName="package" IntrnlName="package" Intrnl_Id="52"/>
<HierarchyLvlType EnglishName="class" IntrnlName="class" Intrnl_Id="53"/>
<HierarchyLvlType EnglishName="method" IntrnlName="method" Intrnl_Id="54"/>
<HierarchyLvlType EnglishName="default package" IntrnlName="default package" Intrnl_Id="55"/>
<HierarchyLvlType EnglishName="interface" IntrnlName="interface" Intrnl_Id="56"/>
<HierarchyLvlType EnglishName="anonymous class" IntrnlName="class" Intrnl_Id="57"/>
</HierarchyLvlTypeList>
<MASTRoot>
<HierarchyLvl HierarchyLvlId="2081" HierarchyLvlTypeId="55" Intrnl_Id="58" Name="default package">
<Header/>
<LocList/>
<HierarchyLvl HierarchyLvlId="2080" HierarchyLvlTypeId="52" Intrnl_Id="59" Name="amu">
<Header/>
<LocList/>
<HierarchyLvl HierarchyLvlId="2076" HierarchyLvlTypeId="52" Intrnl_Id="60" Name="test">
<Header/>
<LocList/>
<HierarchyLvl HierarchyLvlId="1864" HierarchyLvlTypeId="53" Intrnl_Id="61" Name="AuthorTest">
<Header>
<Loc EndOffset="126" SrcFileId="1" StartOffset="103"/>
</Header>
<LocList>
<Loc EndOffset="473" SrcFileId="1" StartOffset="103"/>
</LocList>
<HierarchyLvl HierarchyLvlId="1859" HierarchyLvlTypeId="54" Intrnl_Id="62" Name="setUp">
<Header>
<Loc EndOffset="176" SrcFileId="1" StartOffset="131"/>
</Header>
<LocList>
<Loc EndOffset="181" SrcFileId="1" StartOffset="131"/>
</LocList>
</HierarchyLvl>
<HierarchyLvl HierarchyLvlId="1860" HierarchyLvlTypeId="54" Intrnl_Id="63" Name="testAuthor">
<Header>
<Loc EndOffset="215" SrcFileId="1" StartOffset="184"/>
</Header>
<LocList>
<Loc EndOffset="251" SrcFileId="1" StartOffset="184"/>
</LocList>
<StmntSeq Intrnl_Id="64">
<LocList>
<Loc EndOffset="248" SrcFileId="1" StartOffset="220"/>
</LocList>
<BasicStmnt CovItemId="S1" CovItemPrefix="amu.test.AuthorTest.java" Intrnl_Id="65">
<LocList>
<Loc EndOffset="248" SrcFileId="1" StartOffset="220"/>
</LocList>
</BasicStmnt>
</StmntSeq>
</HierarchyLvl>
<HierarchyLvl HierarchyLvlId="1861" HierarchyLvlTypeId="54" Intrnl_Id="66" Name="testAuthorIntString">
<Header>
<Loc EndOffset="294" SrcFileId="1" StartOffset="254"/>
</Header>
<LocList>
<Loc EndOffset="330" SrcFileId="1" StartOffset="254"/>
</LocList>
<StmntSeq Intrnl_Id="67">
<LocList>
<Loc EndOffset="327" SrcFileId="1" StartOffset="299"/>
</LocList>
<BasicStmnt CovItemId="S2" CovItemPrefix="amu.test.AuthorTest.java" Intrnl_Id="68">
<LocList>
<Loc EndOffset="327" SrcFileId="1" StartOffset="299"/>
</LocList>
</BasicStmnt>
</StmntSeq>
</HierarchyLvl>
<HierarchyLvl HierarchyLvlId="1862" HierarchyLvlTypeId="54" Intrnl_Id="69" Name="testSetId">
<Header>
<Loc EndOffset="363" SrcFileId="1" StartOffset="333"/>
</Header>
<LocList>
<Loc EndOffset="399" SrcFileId="1" StartOffset="333"/>
</LocList>
<StmntSeq Intrnl_Id="70">
<LocList>
<Loc EndOffset="396" SrcFileId="1" StartOffset="368"/>
</LocList>
<BasicStmnt CovItemId="S3" CovItemPrefix="amu.test.AuthorTest.java" Intrnl_Id="71">
<LocList>
<Loc EndOffset="396" SrcFileId="1" StartOffset="368"/>
</LocList>
</BasicStmnt>
</StmntSeq>
</HierarchyLvl>
<HierarchyLvl HierarchyLvlId="1863" HierarchyLvlTypeId="54" Intrnl_Id="72" Name="testSetName">
<Header>
<Loc EndOffset="434" SrcFileId="1" StartOffset="402"/>
</Header>
<LocList>
<Loc EndOffset="470" SrcFileId="1" StartOffset="402"/>
</LocList>
<StmntSeq Intrnl_Id="73">
<LocList>
<Loc EndOffset="467" SrcFileId="1" StartOffset="439"/>
</LocList>
<BasicStmnt CovItemId="S4" CovItemPrefix="amu.test.AuthorTest.java" Intrnl_Id="74">
<LocList>
<Loc EndOffset="467" SrcFileId="1" StartOffset="439"/>
</LocList>
</BasicStmnt>
</StmntSeq>
</HierarchyLvl>
</HierarchyLvl>
<HierarchyLvl HierarchyLvlId="1869" HierarchyLvlTypeId="53" Intrnl_Id="75" Name="AddressTest">
<Header>
<Loc EndOffset="127" SrcFileId="2" StartOffset="103"/>
</Header>
<LocList>
<Loc EndOffset="432" SrcFileId="2" StartOffset="103"/>
</LocList>
<HierarchyLvl HierarchyLvlId="1865" HierarchyLvlTypeId="54" Intrnl_Id="76" Name="setUp">
<Header>
<Loc EndOffset="177" SrcFileId="2" StartOffset="132"/>
</Header>
<LocList>
<Loc EndOffset="182" SrcFileId="2" StartOffset="132"/>
</LocList>
</HierarchyLvl>
<HierarchyLvl HierarchyLvlId="1866" HierarchyLvlTypeId="54" Intrnl_Id="77" Name="testAddressIntCustomerString">
<Header>
<Loc EndOffset="234" SrcFileId="2" StartOffset="185"/>
</Header>
<LocList>
<Loc EndOffset="270" SrcFileId="2" StartOffset="185"/>
</LocList>
<StmntSeq Intrnl_Id="78">
<LocList>
<Loc EndOffset="267" SrcFileId="2" StartOffset="239"/>
</LocList>
<BasicStmnt CovItemId="S1" CovItemPrefix="amu.test.AddressTest.java" Intrnl_Id="79">
<LocList>
<Loc EndOffset="267" SrcFileId="2" StartOffset="239"/>
</LocList>
</BasicStmnt>
</StmntSeq>
</HierarchyLvl>
<HierarchyLvl HierarchyLvlId="1867" HierarchyLvlTypeId="54" Intrnl_Id="80" Name="testAddressCustomerString">
<Header>
<Loc EndOffset="319" SrcFileId="2" StartOffset="273"/>
</Header>
<LocList>
<Loc EndOffset="355" SrcFileId="2" StartOffset="273"/>
</LocList>
<StmntSeq Intrnl_Id="81">
<LocList>
<Loc EndOffset="352" SrcFileId="2" StartOffset="324"/>
</LocList>
<BasicStmnt CovItemId="S2" CovItemPrefix="amu.test.AddressTest.java" Intrnl_Id="82">
<LocList>
<Loc EndOffset="352" SrcFileId="2" StartOffset="324"/>
</LocList>
</BasicStmnt>
</StmntSeq>
</HierarchyLvl>
<HierarchyLvl HierarchyLvlId="1868" HierarchyLvlTypeId="54" Intrnl_Id="83" Name="testSetAddress">
<Header>
<Loc EndOffset="393" SrcFileId="2" StartOffset="358"/>
</Header>
<LocList>
<Loc EndOffset="429" SrcFileId="2" StartOffset="358"/>
</LocList>
<StmntSeq Intrnl_Id="84">
<LocList>
<Loc EndOffset="426" SrcFileId="2" StartOffset="398"/>
</LocList>
<BasicStmnt CovItemId="S3" CovItemPrefix="amu.test.AddressTest.java" Intrnl_Id="85">
<LocList>
<Loc EndOffset="426" SrcFileId="2" StartOffset="398"/>
</LocList>
</BasicStmnt>
</StmntSeq>
</HierarchyLvl>
</HierarchyLvl>
</HierarchyLvl>
<HierarchyLvl HierarchyLvlId="2077" HierarchyLvlTypeId="52" Intrnl_Id="86" Name="model">
<Header/>
<LocList/>
<HierarchyLvl HierarchyLvlId="1876" HierarchyLvlTypeId="53" Intrnl_Id="87" Name="Title">
<Header>
<Loc EndOffset="92" SrcFileId="3" StartOffset="50"/>
</Header>
<LocList>
<Loc EndOffset="555" SrcFileId="3" StartOffset="50"/>
</LocList>
<HierarchyLvl HierarchyLvlId="1870" HierarchyLvlTypeId="54" Intrnl_Id="88" Name="Title">
<Header>
<Loc EndOffset="160" SrcFileId="3" StartOffset="146"/>
</Header>
<LocList>
<Loc EndOffset="212" SrcFileId="3" StartOffset="146"/>
</LocList>
</HierarchyLvl>
<HierarchyLvl HierarchyLvlId="1871" HierarchyLvlTypeId="54" Intrnl_Id="89" Name="Title">
<Header>
<Loc EndOffset="255" SrcFileId="3" StartOffset="222"/>
</Header>
<LocList>
<Loc EndOffset="311" SrcFileId="3" StartOffset="222"/>
</LocList>
<StmntSeq Intrnl_Id="90">
<LocList>
<Loc EndOffset="279" SrcFileId="3" StartOffset="266"/>
<Loc EndOffset="305" SrcFileId="3" StartOffset="288"/>
</LocList>
<BasicStmnt CovItemId="S1" CovItemPrefix="amu.model.Title.java" Intrnl_Id="91">
<LocList>
<Loc EndOffset="279" SrcFileId="3" StartOffset="266"/>
</LocList>
</BasicStmnt>
<BasicStmnt CovItemId="S2" CovItemPrefix="amu.model.Title.java" Intrnl_Id="92">
<LocList>
<Loc EndOffset="305" SrcFileId="3" StartOffset="288"/>
</LocList>
</BasicStmnt>
</StmntSeq>
</HierarchyLvl>
<HierarchyLvl HierarchyLvlId="1872" HierarchyLvlTypeId="54" Intrnl_Id="93" Name="getId">
<Header>
<Loc EndOffset="335" SrcFileId="3" StartOffset="317"/>
</Header>
<LocList>
<Loc EndOffset="362" SrcFileId="3" StartOffset="317"/>
</LocList>
<StmntSeq Intrnl_Id="94">
<LocList>
<Loc EndOffset="356" SrcFileId="3" StartOffset="346"/>
</LocList>
<BasicStmnt CovItemId="S3" CovItemPrefix="amu.model.Title.java" Intrnl_Id="95">
<LocList>
<Loc EndOffset="356" SrcFileId="3" StartOffset="346"/>
</LocList>
</BasicStmnt>
</StmntSeq>
</HierarchyLvl>
<HierarchyLvl HierarchyLvlId="1873" HierarchyLvlTypeId="54" Intrnl_Id="96" Name="setId">
<Header>
<Loc EndOffset="393" SrcFileId="3" StartOffset="368"/>
</Header>
<LocList>
<Loc EndOffset="423" SrcFileId="3" StartOffset="368"/>
</LocList>
<StmntSeq Intrnl_Id="97">
<LocList>
<Loc EndOffset="417" SrcFileId="3" StartOffset="404"/>
</LocList>
<BasicStmnt CovItemId="S4" CovItemPrefix="amu.model.Title.java" Intrnl_Id="98">
<LocList>
<Loc EndOffset="417" SrcFileId="3" StartOffset="404"/>
</LocList>
</BasicStmnt>
</StmntSeq>
</HierarchyLvl>
<HierarchyLvl HierarchyLvlId="1874" HierarchyLvlTypeId="54" Intrnl_Id="99" Name="getName">
<Header>
<Loc EndOffset="452" SrcFileId="3" StartOffset="429"/>
</Header>
<LocList>
<Loc EndOffset="481" SrcFileId="3" StartOffset="429"/>
</LocList>
<StmntSeq Intrnl_Id="100">
<LocList>
<Loc EndOffset="475" SrcFileId="3" StartOffset="463"/>
</LocList>
<BasicStmnt CovItemId="S5" CovItemPrefix="amu.model.Title.java" Intrnl_Id="101">
<LocList>
<Loc EndOffset="475" SrcFileId="3" StartOffset="463"/>
</LocList>
</BasicStmnt>
</StmntSeq>
</HierarchyLvl>
<HierarchyLvl HierarchyLvlId="1875" HierarchyLvlTypeId="54" Intrnl_Id="102" Name="setName">
<Header>
<Loc EndOffset="519" SrcFileId="3" StartOffset="487"/>
</Header>
<LocList>
<Loc EndOffset="553" SrcFileId="3" StartOffset="487"/>
</LocList>
<StmntSeq Intrnl_Id="103">
<LocList>
<Loc EndOffset="547" SrcFileId="3" StartOffset="530"/>
</LocList>
<BasicStmnt CovItemId="S6" CovItemPrefix="amu.model.Title.java" Intrnl_Id="104">
<LocList>
<Loc EndOffset="547" SrcFileId="3" StartOffset="530"/>
</LocList>
</BasicStmnt>
</StmntSeq>
</HierarchyLvl>
</HierarchyLvl>
<HierarchyLvl HierarchyLvlId="1883" HierarchyLvlTypeId="53" Intrnl_Id="105" Name="Publisher">
<Header>
<Loc EndOffset="96" SrcFileId="4" StartOffset="50"/>
</Header>
<LocList>
<Loc EndOffset="567" SrcFileId="4" StartOffset="50"/>
</LocList>
<HierarchyLvl HierarchyLvlId="1877" HierarchyLvlTypeId="54" Intrnl_Id="106" Name="Publisher">
<Header>
<Loc EndOffset="168" SrcFileId="4" StartOffset="150"/>
</Header>
<LocList>
<Loc EndOffset="220" SrcFileId="4" StartOffset="150"/>
</LocList>
</HierarchyLvl>
<HierarchyLvl HierarchyLvlId="1878" HierarchyLvlTypeId="54" Intrnl_Id="107" Name="Publisher">
<Header>
<Loc EndOffset="267" SrcFileId="4" StartOffset="230"/>
</Header>
<LocList>
<Loc EndOffset="323" SrcFileId="4" StartOffset="230"/>
</LocList>
<StmntSeq Intrnl_Id="108">
<LocList>
<Loc EndOffset="291" SrcFileId="4" StartOffset="278"/>
<Loc EndOffset="317" SrcFileId="4" StartOffset="300"/>
</LocList>
<BasicStmnt CovItemId="S1" CovItemPrefix="amu.model.Publisher.java" Intrnl_Id="109">
<LocList>
<Loc EndOffset="291" SrcFileId="4" StartOffset="278"/>
</LocList>
</BasicStmnt>
<BasicStmnt CovItemId="S2" CovItemPrefix="amu.model.Publisher.java" Intrnl_Id="110">
<LocList>
<Loc EndOffset="317" SrcFileId="4" StartOffset="300"/>
</LocList>
</BasicStmnt>
</StmntSeq>
</HierarchyLvl>
<HierarchyLvl HierarchyLvlId="1879" HierarchyLvlTypeId="54" Intrnl_Id="111" Name="getId">
<Header>
<Loc EndOffset="347" SrcFileId="4" StartOffset="329"/>
</Header>
<LocList>
<Loc EndOffset="374" SrcFileId="4" StartOffset="329"/>
</LocList>
<StmntSeq Intrnl_Id="112">
<LocList>
<Loc EndOffset="368" SrcFileId="4" StartOffset="358"/>
</LocList>
<BasicStmnt CovItemId="S3" CovItemPrefix="amu.model.Publisher.java" Intrnl_Id="113">
<LocList>
<Loc EndOffset="368" SrcFileId="4" StartOffset="358"/>
</LocList>
</BasicStmnt>
</StmntSeq>
</HierarchyLvl>
<HierarchyLvl HierarchyLvlId="1880" HierarchyLvlTypeId="54" Intrnl_Id="114" Name="setId">
<Header>
<Loc EndOffset="405" SrcFileId="4" StartOffset="380"/>
</Header>
<LocList>
<Loc EndOffset="435" SrcFileId="4" StartOffset="380"/>
</LocList>
<StmntSeq Intrnl_Id="115">
<LocList>
<Loc EndOffset="429" SrcFileId="4" StartOffset="416"/>
</LocList>
<BasicStmnt CovItemId="S4" CovItemPrefix="amu.model.Publisher.java" Intrnl_Id="116">
<LocList>
<Loc EndOffset="429" SrcFileId="4" StartOffset="416"/>
</LocList>
</BasicStmnt>
</StmntSeq>
</HierarchyLvl>
<HierarchyLvl HierarchyLvlId="1881" HierarchyLvlTypeId="54" Intrnl_Id="117" Name="getName">
<Header>
<Loc EndOffset="464" SrcFileId="4" StartOffset="441"/>
</Header>
<LocList>
<Loc EndOffset="493" SrcFileId="4" StartOffset="441"/>
</LocList>
<StmntSeq Intrnl_Id="118">
<LocList>
<Loc EndOffset="487" SrcFileId="4" StartOffset="475"/>
</LocList>
<BasicStmnt CovItemId="S5" CovItemPrefix="amu.model.Publisher.java" Intrnl_Id="119">
<LocList>
<Loc EndOffset="487" SrcFileId="4" StartOffset="475"/>
</LocList>
</BasicStmnt>
</StmntSeq>
</HierarchyLvl>
<HierarchyLvl HierarchyLvlId="1882" HierarchyLvlTypeId="54" Intrnl_Id="120" Name="setName">
<Header>
<Loc EndOffset="531" SrcFileId="4" StartOffset="499"/>
</Header>
<LocList>
<Loc EndOffset="565" SrcFileId="4" StartOffset="499"/>
</LocList>
<StmntSeq Intrnl_Id="121">
<LocList>
<Loc EndOffset="559" SrcFileId="4" StartOffset="542"/>
</LocList>
<BasicStmnt CovItemId="S6" CovItemPrefix="amu.model.Publisher.java" Intrnl_Id="122">
<LocList>
<Loc EndOffset="559" SrcFileId="4" StartOffset="542"/>
</LocList>
</BasicStmnt>
</StmntSeq>
</HierarchyLvl>
</HierarchyLvl>
<HierarchyLvl HierarchyLvlId="1893" HierarchyLvlTypeId="53" Intrnl_Id="123" Name="Order">
<Header>
<Loc EndOffset="66" SrcFileId="5" StartOffset="48"/>
</Header>
<LocList>
<Loc EndOffset="1552" SrcFileId="5" StartOffset="48"/>
</LocList>
<HierarchyLvl HierarchyLvlId="1884" HierarchyLvlTypeId="54" Intrnl_Id="124" Name="Order">
<Header>
<Loc EndOffset="384" SrcFileId="5" StartOffset="280"/>
</Header>
<LocList>
<Loc EndOffset="578" SrcFileId="5" StartOffset="280"/>
</LocList>
<StmntSeq Intrnl_Id="125">
<LocList>
<Loc EndOffset="408" SrcFileId="5" StartOffset="395"/>
<Loc EndOffset="442" SrcFileId="5" StartOffset="417"/>
<Loc EndOffset="474" SrcFileId="5" StartOffset="451"/>
<Loc EndOffset="514" SrcFileId="5" StartOffset="483"/>
<Loc EndOffset="542" SrcFileId="5" StartOffset="523"/>
<Loc EndOffset="572" SrcFileId="5" StartOffset="551"/>
</LocList>
<BasicStmnt CovItemId="S1" CovItemPrefix="amu.model.Order.java" Intrnl_Id="126">
<LocList>
<Loc EndOffset="408" SrcFileId="5" StartOffset="395"/>
</LocList>
</BasicStmnt>
<BasicStmnt CovItemId="S2" CovItemPrefix="amu.model.Order.java" Intrnl_Id="127">
<LocList>
<Loc EndOffset="442" SrcFileId="5" StartOffset="417"/>
</LocList>
</BasicStmnt>
<BasicStmnt CovItemId="S3" CovItemPrefix="amu.model.Order.java" Intrnl_Id="128">
<LocList>
<Loc EndOffset="474" SrcFileId="5" StartOffset="451"/>
</LocList>
</BasicStmnt>
<BasicStmnt CovItemId="S4" CovItemPrefix="amu.model.Order.java" Intrnl_Id="129">
<LocList>
<Loc EndOffset="514" SrcFileId="5" StartOffset="483"/>
</LocList>
</BasicStmnt>
<BasicStmnt CovItemId="S5" CovItemPrefix="amu.model.Order.java" Intrnl_Id="130">
<LocList>
<Loc EndOffset="542" SrcFileId="5" StartOffset="523"/>
</LocList>
</BasicStmnt>
<BasicStmnt CovItemId="S6" CovItemPrefix="amu.model.Order.java" Intrnl_Id="131">
<LocList>
<Loc EndOffset="572" SrcFileId="5" StartOffset="551"/>
</LocList>
</BasicStmnt>
</StmntSeq>
</HierarchyLvl>
<HierarchyLvl HierarchyLvlId="1885" HierarchyLvlTypeId="54" Intrnl_Id="132" Name="Order">
<Header>
<Loc EndOffset="649" SrcFileId="5" StartOffset="584"/>
</Header>
<LocList>
<Loc EndOffset="836" SrcFileId="5" StartOffset="584"/>
</LocList>
<StmntSeq Intrnl_Id="133">
<LocList>
<Loc EndOffset="675" SrcFileId="5" StartOffset="660"/>
<Loc EndOffset="709" SrcFileId="5" StartOffset="684"/>
<Loc EndOffset="741" SrcFileId="5" StartOffset="718"/>
<Loc EndOffset="774" SrcFileId="5" StartOffset="750"/>
<Loc EndOffset="805" SrcFileId="5" StartOffset="783"/>
<Loc EndOffset="830" SrcFileId="5" StartOffset="814"/>
</LocList>
<BasicStmnt CovItemId="S7" CovItemPrefix="amu.model.Order.java" Intrnl_Id="134">
<LocList>
<Loc EndOffset="675" SrcFileId="5" StartOffset="660"/>
</LocList>
</BasicStmnt>
<BasicStmnt CovItemId="S8" CovItemPrefix="amu.model.Order.java" Intrnl_Id="135">
<LocList>
<Loc EndOffset="709" SrcFileId="5" StartOffset="684"/>
</LocList>
</BasicStmnt>
<BasicStmnt CovItemId="S9" CovItemPrefix="amu.model.Order.java" Intrnl_Id="136">
<LocList>
<Loc EndOffset="741" SrcFileId="5" StartOffset="718"/>
</LocList>
</BasicStmnt>
<BasicStmnt CovItemId="S10" CovItemPrefix="amu.model.Order.java" Intrnl_Id="137">
<LocList>
<Loc EndOffset="774" SrcFileId="5" StartOffset="750"/>
</LocList>
</BasicStmnt>
<BasicStmnt CovItemId="S11" CovItemPrefix="amu.model.Order.java" Intrnl_Id="138">
<LocList>
<Loc EndOffset="805" SrcFileId="5" StartOffset="783"/>
</LocList>
</BasicStmnt>
<BasicStmnt CovItemId="S12" CovItemPrefix="amu.model.Order.java" Intrnl_Id="139">
<LocList>
<Loc EndOffset="830" SrcFileId="5" StartOffset="814"/>
</LocList>
</BasicStmnt>
</StmntSeq>
</HierarchyLvl>
<HierarchyLvl HierarchyLvlId="1886" HierarchyLvlTypeId="54" Intrnl_Id="140" Name="getId">
<Header>
<Loc EndOffset="864" SrcFileId="5" StartOffset="842"/>
</Header>
<LocList>
<Loc EndOffset="891" SrcFileId="5" StartOffset="842"/>
</LocList>
<StmntSeq Intrnl_Id="141">
<LocList>
<Loc EndOffset="885" SrcFileId="5" StartOffset="875"/>
</LocList>
<BasicStmnt CovItemId="S13" CovItemPrefix="amu.model.Order.java" Intrnl_Id="142">
<LocList>
<Loc EndOffset="885" SrcFileId="5" StartOffset="875"/>
</LocList>
</BasicStmnt>
</StmntSeq>
</HierarchyLvl>
<HierarchyLvl HierarchyLvlId="1887" HierarchyLvlTypeId="54" Intrnl_Id="143" Name="getCustomer">
<Header>
<Loc EndOffset="926" SrcFileId="5" StartOffset="897"/>
</Header>
<LocList>
<Loc EndOffset="959" SrcFileId="5" StartOffset="897"/>
</LocList>
<StmntSeq Intrnl_Id="144">
<LocList>
<Loc EndOffset="953" SrcFileId="5" StartOffset="937"/>
</LocList>
<BasicStmnt CovItemId="S14" CovItemPrefix="amu.model.Order.java" Intrnl_Id="145">
<LocList>
<Loc EndOffset="953" SrcFileId="5" StartOffset="937"/>
</LocList>
</BasicStmnt>
</StmntSeq>
</HierarchyLvl>
<HierarchyLvl HierarchyLvlId="1888" HierarchyLvlTypeId="54" Intrnl_Id="146" Name="getAddress">
<Header>
<Loc EndOffset="992" SrcFileId="5" StartOffset="965"/>
</Header>
<LocList>
<Loc EndOffset="1024" SrcFileId="5" StartOffset="965"/>
</LocList>
<StmntSeq Intrnl_Id="147">
<LocList>
<Loc EndOffset="1018" SrcFileId="5" StartOffset="1003"/>
</LocList>
<BasicStmnt CovItemId="S15" CovItemPrefix="amu.model.Order.java" Intrnl_Id="148">
<LocList>
<Loc EndOffset="1018" SrcFileId="5" StartOffset="1003"/>
</LocList>
</BasicStmnt>
</StmntSeq>
</HierarchyLvl>
<HierarchyLvl HierarchyLvlId="1889" HierarchyLvlTypeId="54" Intrnl_Id="149" Name="getCreatedDate">
<Header>
<Loc EndOffset="1062" SrcFileId="5" StartOffset="1030"/>
</Header>
<LocList>
<Loc EndOffset="1098" SrcFileId="5" StartOffset="1030"/>
</LocList>
<StmntSeq Intrnl_Id="150">
<LocList>
<Loc EndOffset="1092" SrcFileId="5" StartOffset="1073"/>
</LocList>
<BasicStmnt CovItemId="S16" CovItemPrefix="amu.model.Order.java" Intrnl_Id="151">
<LocList>
<Loc EndOffset="1092" SrcFileId="5" StartOffset="1073"/>
</LocList>
</BasicStmnt>
</StmntSeq>
</HierarchyLvl>
<HierarchyLvl HierarchyLvlId="1890" HierarchyLvlTypeId="54" Intrnl_Id="152" Name="getValue">
<Header>
<Loc EndOffset="1128" SrcFileId="5" StartOffset="1104"/>
</Header>
<LocList>
<Loc EndOffset="1158" SrcFileId="5" StartOffset="1104"/>
</LocList>
<StmntSeq Intrnl_Id="153">
<LocList>
<Loc EndOffset="1152" SrcFileId="5" StartOffset="1139"/>
</LocList>
<BasicStmnt CovItemId="S17" CovItemPrefix="amu.model.Order.java" Intrnl_Id="154">
<LocList>
<Loc EndOffset="1152" SrcFileId="5" StartOffset="1139"/>
</LocList>
</BasicStmnt>
</StmntSeq>
</HierarchyLvl>
<HierarchyLvl HierarchyLvlId="1891" HierarchyLvlTypeId="54" Intrnl_Id="155" Name="getStatus">
<Header>
<Loc EndOffset="1186" SrcFileId="5" StartOffset="1164"/>
</Header>
<LocList>
<Loc EndOffset="1217" SrcFileId="5" StartOffset="1164"/>
</LocList>
<StmntSeq Intrnl_Id="156">
<LocList>
<Loc EndOffset="1211" SrcFileId="5" StartOffset="1197"/>
</LocList>
<BasicStmnt CovItemId="S18" CovItemPrefix="amu.model.Order.java" Intrnl_Id="157">
<LocList>
<Loc EndOffset="1211" SrcFileId="5" StartOffset="1197"/>
</LocList>
</BasicStmnt>
</StmntSeq>
</HierarchyLvl>
<HierarchyLvl HierarchyLvlId="1892" HierarchyLvlTypeId="54" Intrnl_Id="158" Name="getStatusText">
<Header>
<Loc EndOffset="1256" SrcFileId="5" StartOffset="1227"/>
</Header>
<LocList>
<Loc EndOffset="1550" SrcFileId="5" StartOffset="1227"/>
</LocList>
<StmntSeq Intrnl_Id="159">
<LocList>
<Loc EndOffset="1544" SrcFileId="5" StartOffset="1267"/>
</LocList>
<CondStmnt CovItemId="S19" CovItemPrefix="amu.model.Order.java" Intrnl_Id="160">
<Branch CovItemId="B1" CovItemPrefix="amu.model.Order.java" Implct="false" Intrnl_Id="161">
<Cond>
<Loc EndOffset="1311" SrcFileId="5" StartOffset="1305"/>
</Cond>
<LocList>
<Loc EndOffset="1349" SrcFileId="5" StartOffset="1330"/>
</LocList>
<StmntSeq Intrnl_Id="162">
<LocList>
<Loc EndOffset="1349" SrcFileId="5" StartOffset="1330"/>
</LocList>
<BasicStmnt CovItemId="S20" CovItemPrefix="amu.model.Order.java" Intrnl_Id="163">
<LocList>
<Loc EndOffset="1349" SrcFileId="5" StartOffset="1330"/>
</LocList>
</BasicStmnt>
</StmntSeq>
</Branch>
<Branch CovItemId="B2" CovItemPrefix="amu.model.Order.java" Implct="false" Intrnl_Id="164">
<Cond>
<Loc EndOffset="1368" SrcFileId="5" StartOffset="1362"/>
</Cond>
<LocList>
<Loc EndOffset="1403" SrcFileId="5" StartOffset="1386"/>
</LocList>
<StmntSeq Intrnl_Id="165">
<LocList>
<Loc EndOffset="1403" SrcFileId="5" StartOffset="1386"/>
</LocList>
<BasicStmnt CovItemId="S21" CovItemPrefix="amu.model.Order.java" Intrnl_Id="166">
<LocList>
<Loc EndOffset="1403" SrcFileId="5" StartOffset="1386"/>
</LocList>
</BasicStmnt>
</StmntSeq>
</Branch>
<Branch CovItemId="B3" CovItemPrefix="amu.model.Order.java" Implct="false" Intrnl_Id="167">
<Cond>
<Loc EndOffset="1422" SrcFileId="5" StartOffset="1416"/>
</Cond>
<LocList/>
<StmntSeq Intrnl_Id="168">
<LocList/>
</StmntSeq>
</Branch>
<Branch CovItemId="B4" CovItemPrefix="amu.model.Order.java" Implct="false" Intrnl_Id="169">
<Cond>
<Loc EndOffset="1443" SrcFileId="5" StartOffset="1436"/>
</Cond>
<LocList>
<Loc EndOffset="1478" SrcFileId="5" StartOffset="1461"/>
</LocList>
<StmntSeq Intrnl_Id="170">
<LocList>
<Loc EndOffset="1478" SrcFileId="5" StartOffset="1461"/>
</LocList>
<BasicStmnt CovItemId="S22" CovItemPrefix="amu.model.Order.java" Intrnl_Id="171">
<LocList>
<Loc EndOffset="1478" SrcFileId="5" StartOffset="1461"/>
</LocList>
</BasicStmnt>
</StmntSeq>
</Branch>
<Branch CovItemId="B5" CovItemPrefix="amu.model.Order.java" Implct="false" Intrnl_Id="172">
<Cond>
<Loc EndOffset="1498" SrcFileId="5" StartOffset="1491"/>
</Cond>
<LocList>
<Loc EndOffset="1534" SrcFileId="5" StartOffset="1516"/>
</LocList>
<StmntSeq Intrnl_Id="173">
<LocList>
<Loc EndOffset="1534" SrcFileId="5" StartOffset="1516"/>
</LocList>
<BasicStmnt CovItemId="S23" CovItemPrefix="amu.model.Order.java" Intrnl_Id="174">
<LocList>
<Loc EndOffset="1534" SrcFileId="5" StartOffset="1516"/>
</LocList>
</BasicStmnt>
</StmntSeq>
</Branch>
<Keyword EndOffset="1273" SrcFileId="5" StartOffset="1267"/>
<LocList>
<Loc EndOffset="1544" SrcFileId="5" StartOffset="1267"/>
</LocList>
</CondStmnt>
</StmntSeq>
</HierarchyLvl>
</HierarchyLvl>
<HierarchyLvl HierarchyLvlId="1904" HierarchyLvlTypeId="53" Intrnl_Id="175" Name="Customer">
<Header>
<Loc EndOffset="169" SrcFileId="6" StartOffset="124"/>
</Header>
<LocList>
<Loc EndOffset="1044" SrcFileId="6" StartOffset="124"/>
</LocList>
<StmntSeq Intrnl_Id="176">
<LocList>
<Loc EndOffset="314" SrcFileId="6" StartOffset="276"/>
</LocList>
<BasicStmnt CovItemId="S1" CovItemPrefix="amu.model.Customer.java" Intrnl_Id="177">
<LocList>
<Loc EndOffset="314" SrcFileId="6" StartOffset="276"/>
</LocList>
</BasicStmnt>
</StmntSeq>
<HierarchyLvl HierarchyLvlId="1894" HierarchyLvlTypeId="54" Intrnl_Id="178" Name="getId">
<Header>
<Loc EndOffset="338" SrcFileId="6" StartOffset="320"/>
</Header>
<LocList>
<Loc EndOffset="365" SrcFileId="6" StartOffset="320"/>
</LocList>
<StmntSeq Intrnl_Id="179">
<LocList>
<Loc EndOffset="359" SrcFileId="6" StartOffset="349"/>
</LocList>
<BasicStmnt CovItemId="S2" CovItemPrefix="amu.model.Customer.java" Intrnl_Id="180">
<LocList>
<Loc EndOffset="359" SrcFileId="6" StartOffset="349"/>
</LocList>
</BasicStmnt>
</StmntSeq>
</HierarchyLvl>
<HierarchyLvl HierarchyLvlId="1895" HierarchyLvlTypeId="54" Intrnl_Id="181" Name="setId">
<Header>
<Loc EndOffset="396" SrcFileId="6" StartOffset="371"/>
</Header>
<LocList>
<Loc EndOffset="426" SrcFileId="6" StartOffset="371"/>
</LocList>
<StmntSeq Intrnl_Id="182">
<LocList>
<Loc EndOffset="420" SrcFileId="6" StartOffset="407"/>
</LocList>
<BasicStmnt CovItemId="S3" CovItemPrefix="amu.model.Customer.java" Intrnl_Id="183">
<LocList>
<Loc EndOffset="420" SrcFileId="6" StartOffset="407"/>
</LocList>
</BasicStmnt>
</StmntSeq>
</HierarchyLvl>
<HierarchyLvl HierarchyLvlId="1896" HierarchyLvlTypeId="54" Intrnl_Id="184" Name="getEmail">
<Header>
<Loc EndOffset="456" SrcFileId="6" StartOffset="432"/>
</Header>
<LocList>
<Loc EndOffset="486" SrcFileId="6" StartOffset="432"/>
</LocList>
<StmntSeq Intrnl_Id="185">
<LocList>
<Loc EndOffset="480" SrcFileId="6" StartOffset="467"/>
</LocList>
<BasicStmnt CovItemId="S4" CovItemPrefix="amu.model.Customer.java" Intrnl_Id="186">
<LocList>
<Loc EndOffset="480" SrcFileId="6" StartOffset="467"/>
</LocList>
</BasicStmnt>
</StmntSeq>
</HierarchyLvl>
<HierarchyLvl HierarchyLvlId="1897" HierarchyLvlTypeId="54" Intrnl_Id="187" Name="setEmail">
<Header>
<Loc EndOffset="526" SrcFileId="6" StartOffset="492"/>
</Header>
<LocList>
<Loc EndOffset="562" SrcFileId="6" StartOffset="492"/>
</LocList>
<StmntSeq Intrnl_Id="188">
<LocList>
<Loc EndOffset="556" SrcFileId="6" StartOffset="537"/>
</LocList>
<BasicStmnt CovItemId="S5" CovItemPrefix="amu.model.Customer.java" Intrnl_Id="189">
<LocList>
<Loc EndOffset="556" SrcFileId="6" StartOffset="537"/>
</LocList>
</BasicStmnt>
</StmntSeq>
</HierarchyLvl>
<HierarchyLvl HierarchyLvlId="1898" HierarchyLvlTypeId="54" Intrnl_Id="190" Name="getPassword">
<Header>
<Loc EndOffset="595" SrcFileId="6" StartOffset="568"/>
</Header>
<LocList>
<Loc EndOffset="628" SrcFileId="6" StartOffset="568"/>
</LocList>
<StmntSeq Intrnl_Id="191">
<LocList>
<Loc EndOffset="622" SrcFileId="6" StartOffset="606"/>
</LocList>
<BasicStmnt CovItemId="S6" CovItemPrefix="amu.model.Customer.java" Intrnl_Id="192">
<LocList>
<Loc EndOffset="622" SrcFileId="6" StartOffset="606"/>
</LocList>
</BasicStmnt>
</StmntSeq>
</HierarchyLvl>
<HierarchyLvl HierarchyLvlId="1899" HierarchyLvlTypeId="54" Intrnl_Id="193" Name="setPassword">
<Header>
<Loc EndOffset="674" SrcFileId="6" StartOffset="634"/>
</Header>
<LocList>
<Loc EndOffset="716" SrcFileId="6" StartOffset="634"/>
</LocList>
<StmntSeq Intrnl_Id="194">
<LocList>
<Loc EndOffset="710" SrcFileId="6" StartOffset="685"/>
</LocList>
<BasicStmnt CovItemId="S7" CovItemPrefix="amu.model.Customer.java" Intrnl_Id="195">
<LocList>
<Loc EndOffset="710" SrcFileId="6" StartOffset="685"/>
</LocList>
</BasicStmnt>
</StmntSeq>
</HierarchyLvl>
<HierarchyLvl HierarchyLvlId="1900" HierarchyLvlTypeId="54" Intrnl_Id="196" Name="getName">
<Header>
<Loc EndOffset="745" SrcFileId="6" StartOffset="722"/>
</Header>
<LocList>
<Loc EndOffset="774" SrcFileId="6" StartOffset="722"/>
</LocList>
<StmntSeq Intrnl_Id="197">
<LocList>
<Loc EndOffset="768" SrcFileId="6" StartOffset="756"/>
</LocList>
<BasicStmnt CovItemId="S8" CovItemPrefix="amu.model.Customer.java" Intrnl_Id="198">
<LocList>
<Loc EndOffset="768" SrcFileId="6" StartOffset="756"/>
</LocList>
</BasicStmnt>
</StmntSeq>
</HierarchyLvl>
<HierarchyLvl HierarchyLvlId="1901" HierarchyLvlTypeId="54" Intrnl_Id="199" Name="setName">
<Header>
<Loc EndOffset="812" SrcFileId="6" StartOffset="780"/>
</Header>
<LocList>
<Loc EndOffset="846" SrcFileId="6" StartOffset="780"/>
</LocList>
<StmntSeq Intrnl_Id="200">
<LocList>
<Loc EndOffset="840" SrcFileId="6" StartOffset="823"/>
</LocList>
<BasicStmnt CovItemId="S9" CovItemPrefix="amu.model.Customer.java" Intrnl_Id="201">
<LocList>
<Loc EndOffset="840" SrcFileId="6" StartOffset="823"/>
</LocList>
</BasicStmnt>
</StmntSeq>
</HierarchyLvl>
<HierarchyLvl HierarchyLvlId="1902" HierarchyLvlTypeId="54" Intrnl_Id="202" Name="getActivationToken">
<Header>
<Loc EndOffset="886" SrcFileId="6" StartOffset="852"/>
</Header>
<LocList>
<Loc EndOffset="926" SrcFileId="6" StartOffset="852"/>
</LocList>
<StmntSeq Intrnl_Id="203">
<LocList>
<Loc EndOffset="920" SrcFileId="6" StartOffset="897"/>
</LocList>
<BasicStmnt CovItemId="S10" CovItemPrefix="amu.model.Customer.java" Intrnl_Id="204">
<LocList>
<Loc EndOffset="920" SrcFileId="6" StartOffset="897"/>
</LocList>
</BasicStmnt>
</StmntSeq>
</HierarchyLvl>
<HierarchyLvl HierarchyLvlId="1903" HierarchyLvlTypeId="54" Intrnl_Id="205" Name="setActivationToken">
<Header>
<Loc EndOffset="986" SrcFileId="6" StartOffset="932"/>
</Header>
<LocList>
<Loc EndOffset="1042" SrcFileId="6" StartOffset="932"/>
</LocList>
<StmntSeq Intrnl_Id="206">
<LocList>
<Loc EndOffset="1036" SrcFileId="6" StartOffset="997"/>
</LocList>
<BasicStmnt CovItemId="S11" CovItemPrefix="amu.model.Customer.java" Intrnl_Id="207">
<LocList>
<Loc EndOffset="1036" SrcFileId="6" StartOffset="997"/>
</LocList>
</BasicStmnt>
</StmntSeq>
</HierarchyLvl>
</HierarchyLvl>
<HierarchyLvl HierarchyLvlId="1913" HierarchyLvlTypeId="53" Intrnl_Id="208" Name="CreditCard">
<Header>
<Loc EndOffset="71" SrcFileId="7" StartOffset="48"/>
</Header>
<LocList>
<Loc EndOffset="1717" SrcFileId="7" StartOffset="48"/>
</LocList>
<HierarchyLvl HierarchyLvlId="1905" HierarchyLvlTypeId="54" Intrnl_Id="209" Name="CreditCard">
<Header>
<Loc EndOffset="357" SrcFileId="7" StartOffset="240"/>
</Header>
<LocList>
<Loc EndOffset="555" SrcFileId="7" StartOffset="240"/>
</LocList>
<StmntSeq Intrnl_Id="210">
<LocList>
<Loc EndOffset="381" SrcFileId="7" StartOffset="368"/>
<Loc EndOffset="415" SrcFileId="7" StartOffset="390"/>
<Loc EndOffset="465" SrcFileId="7" StartOffset="424"/>
<Loc EndOffset="503" SrcFileId="7" StartOffset="474"/>
<Loc EndOffset="549" SrcFileId="7" StartOffset="512"/>
</LocList>
<BasicStmnt CovItemId="S1" CovItemPrefix="amu.model.CreditCard.java" Intrnl_Id="211">
<LocList>
<Loc EndOffset="381" SrcFileId="7" StartOffset="368"/>
</LocList>
</BasicStmnt>
<BasicStmnt CovItemId="S2" CovItemPrefix="amu.model.CreditCard.java" Intrnl_Id="212">
<LocList>
<Loc EndOffset="415" SrcFileId="7" StartOffset="390"/>
</LocList>
</BasicStmnt>
<BasicStmnt CovItemId="S3" CovItemPrefix="amu.model.CreditCard.java" Intrnl_Id="213">
<LocList>
<Loc EndOffset="465" SrcFileId="7" StartOffset="424"/>
</LocList>
</BasicStmnt>
<BasicStmnt CovItemId="S4" CovItemPrefix="amu.model.CreditCard.java" Intrnl_Id="214">
<LocList>
<Loc EndOffset="503" SrcFileId="7" StartOffset="474"/>
</LocList>
</BasicStmnt>
<BasicStmnt CovItemId="S5" CovItemPrefix="amu.model.CreditCard.java" Intrnl_Id="215">
<LocList>
<Loc EndOffset="549" SrcFileId="7" StartOffset="512"/>
</LocList>
</BasicStmnt>
</StmntSeq>
</HierarchyLvl>
<HierarchyLvl HierarchyLvlId="1906" HierarchyLvlTypeId="54" Intrnl_Id="216" Name="CreditCard">
<Header>
<Loc EndOffset="666" SrcFileId="7" StartOffset="561"/>
</Header>
<LocList>
<Loc EndOffset="866" SrcFileId="7" StartOffset="561"/>
</LocList>
<StmntSeq Intrnl_Id="217">
<LocList>
<Loc EndOffset="692" SrcFileId="7" StartOffset="677"/>
<Loc EndOffset="726" SrcFileId="7" StartOffset="701"/>
<Loc EndOffset="776" SrcFileId="7" StartOffset="735"/>
<Loc EndOffset="814" SrcFileId="7" StartOffset="785"/>
<Loc EndOffset="860" SrcFileId="7" StartOffset="823"/>
</LocList>
<BasicStmnt CovItemId="S6" CovItemPrefix="amu.model.CreditCard.java" Intrnl_Id="218">
<LocList>
<Loc EndOffset="692" SrcFileId="7" StartOffset="677"/>
</LocList>
</BasicStmnt>
<BasicStmnt CovItemId="S7" CovItemPrefix="amu.model.CreditCard.java" Intrnl_Id="219">
<LocList>
<Loc EndOffset="726" SrcFileId="7" StartOffset="701"/>
</LocList>
</BasicStmnt>
<BasicStmnt CovItemId="S8" CovItemPrefix="amu.model.CreditCard.java" Intrnl_Id="220">
<LocList>
<Loc EndOffset="776" SrcFileId="7" StartOffset="735"/>
</LocList>
</BasicStmnt>
<BasicStmnt CovItemId="S9" CovItemPrefix="amu.model.CreditCard.java" Intrnl_Id="221">
<LocList>
<Loc EndOffset="814" SrcFileId="7" StartOffset="785"/>
</LocList>
</BasicStmnt>
<BasicStmnt CovItemId="S10" CovItemPrefix="amu.model.CreditCard.java" Intrnl_Id="222">
<LocList>
<Loc EndOffset="860" SrcFileId="7" StartOffset="823"/>
</LocList>
</BasicStmnt>
</StmntSeq>
</HierarchyLvl>
<HierarchyLvl HierarchyLvlId="1907" HierarchyLvlTypeId="54" Intrnl_Id="223" Name="getId">
<Header>
<Loc EndOffset="894" SrcFileId="7" StartOffset="872"/>
</Header>
<LocList>
<Loc EndOffset="921" SrcFileId="7" StartOffset="872"/>
</LocList>
<StmntSeq Intrnl_Id="224">
<LocList>
<Loc EndOffset="915" SrcFileId="7" StartOffset="905"/>
</LocList>
<BasicStmnt CovItemId="S11" CovItemPrefix="amu.model.CreditCard.java" Intrnl_Id="225">
<LocList>
<Loc EndOffset="915" SrcFileId="7" StartOffset="905"/>
</LocList>
</BasicStmnt>
</StmntSeq>
</HierarchyLvl>
<HierarchyLvl HierarchyLvlId="1908" HierarchyLvlTypeId="54" Intrnl_Id="226" Name="getCustomer">
<Header>
<Loc EndOffset="956" SrcFileId="7" StartOffset="927"/>
</Header>
<LocList>
<Loc EndOffset="989" SrcFileId="7" StartOffset="927"/>
</LocList>
<StmntSeq Intrnl_Id="227">
<LocList>
<Loc EndOffset="983" SrcFileId="7" StartOffset="967"/>
</LocList>
<BasicStmnt CovItemId="S12" CovItemPrefix="amu.model.CreditCard.java" Intrnl_Id="228">
<LocList>
<Loc EndOffset="983" SrcFileId="7" StartOffset="967"/>
</LocList>
</BasicStmnt>
</StmntSeq>
</HierarchyLvl>
<HierarchyLvl HierarchyLvlId="1909" HierarchyLvlTypeId="54" Intrnl_Id="229" Name="getCreditCardNumber">
<Header>
<Loc EndOffset="1030" SrcFileId="7" StartOffset="995"/>
</Header>
<LocList>
<Loc EndOffset="1071" SrcFileId="7" StartOffset="995"/>
</LocList>
<StmntSeq Intrnl_Id="230">
<LocList>
<Loc EndOffset="1065" SrcFileId="7" StartOffset="1041"/>
</LocList>
<BasicStmnt CovItemId="S13" CovItemPrefix="amu.model.CreditCard.java" Intrnl_Id="231">
<LocList>
<Loc EndOffset="1065" SrcFileId="7" StartOffset="1041"/>
</LocList>
</BasicStmnt>
</StmntSeq>
</HierarchyLvl>
<HierarchyLvl HierarchyLvlId="1910" HierarchyLvlTypeId="54" Intrnl_Id="232" Name="getMaskedCreditCardNumber">
<Header>
<Loc EndOffset="1118" SrcFileId="7" StartOffset="1077"/>
</Header>
<LocList>
<Loc EndOffset="1565" SrcFileId="7" StartOffset="1077"/>
</LocList>
<StmntSeq Intrnl_Id="233">
<LocList>
<Loc EndOffset="1213" SrcFileId="7" StartOffset="1129"/>
<Loc EndOffset="1509" SrcFileId="7" StartOffset="1222"/>
<Loc EndOffset="1559" SrcFileId="7" StartOffset="1518"/>
</LocList>
<BasicStmnt CovItemId="S14" CovItemPrefix="amu.model.CreditCard.java" Intrnl_Id="234">
<LocList>
<Loc EndOffset="1213" SrcFileId="7" StartOffset="1129"/>
</LocList>
</BasicStmnt>
<LoopStmnt CovItemId="S15" CovItemPrefix="amu.model.CreditCard.java" Intrnl_Id="235" MltplExecId="L1-2" MltplExecPrefix="amu.model.CreditCard.java" NvrExecId="L1-0" NvrExecPrefix="amu.model.CreditCard.java" OnceExecutedId="L1-1" OnceExecutedPrefix="amu.model.CreditCard.java" OptBodyExec="true">
<StmntSeq Intrnl_Id="236">
<LocList>
<Loc EndOffset="1499" SrcFileId="7" StartOffset="1296"/>
</LocList>
<CondStmnt CovItemId="S16" CovItemPrefix="amu.model.CreditCard.java" Intrnl_Id="237">
<Branch CovItemId="B1" CovItemPrefix="amu.model.CreditCard.java" Implct="false" Intrnl_Id="238">
<Cond/>
<LocList>
<Loc EndOffset="1426" SrcFileId="7" StartOffset="1336"/>
</LocList>
<StmntSeq Intrnl_Id="239">
<LocList>
<Loc EndOffset="1412" SrcFileId="7" StartOffset="1354"/>
</LocList>
<BasicStmnt CovItemId="S17" CovItemPrefix="amu.model.CreditCard.java" Intrnl_Id="240">
<LocList>
<Loc EndOffset="1412" SrcFileId="7" StartOffset="1354"/>
</LocList>
</BasicStmnt>
</StmntSeq>
</Branch>
<Branch CovItemId="B2" CovItemPrefix="amu.model.CreditCard.java" Implct="false" Intrnl_Id="241">
<Cond>
<Loc EndOffset="1431" SrcFileId="7" StartOffset="1427"/>
</Cond>
<LocList>
<Loc EndOffset="1499" SrcFileId="7" StartOffset="1432"/>
</LocList>
<StmntSeq Intrnl_Id="242">
<LocList>
<Loc EndOffset="1485" SrcFileId="7" StartOffset="1450"/>
</LocList>
<BasicStmnt CovItemId="S18" CovItemPrefix="amu.model.CreditCard.java" Intrnl_Id="243">
<LocList>
<Loc EndOffset="1485" SrcFileId="7" StartOffset="1450"/>
</LocList>
</BasicStmnt>
</StmntSeq>
</Branch>
<Keyword EndOffset="1298" SrcFileId="7" StartOffset="1296"/>
<LocList>
<Loc EndOffset="1499" SrcFileId="7" StartOffset="1296"/>
</LocList>
<RootTerm CovItemId="C2" CovItemPrefix="amu.model.CreditCard.java" Intrnl_Id="244">
<BasicBoolTerm Intrnl_Id="245">
<LocList>
<Loc EndOffset="1334" SrcFileId="7" StartOffset="1300"/>
</LocList>
</BasicBoolTerm>
</RootTerm>
</CondStmnt>
</StmntSeq>
<Keyword EndOffset="1225" SrcFileId="7" StartOffset="1222"/>
<LocList>
<Loc EndOffset="1509" SrcFileId="7" StartOffset="1222"/>
</LocList>
<RootTerm CovItemId="C1" CovItemPrefix="amu.model.CreditCard.java" Intrnl_Id="246">
<BasicBoolTerm Intrnl_Id="247">
<LocList>
<Loc EndOffset="1267" SrcFileId="7" StartOffset="1238"/>
</LocList>
</BasicBoolTerm>
</RootTerm>
</LoopStmnt>
<BasicStmnt CovItemId="S19" CovItemPrefix="amu.model.CreditCard.java" Intrnl_Id="248">
<LocList>
<Loc EndOffset="1559" SrcFileId="7" StartOffset="1518"/>
</LocList>
</BasicStmnt>
</StmntSeq>
</HierarchyLvl>
<HierarchyLvl HierarchyLvlId="1911" HierarchyLvlTypeId="54" Intrnl_Id="249" Name="getExpiryDate">
<Header>
<Loc EndOffset="1602" SrcFileId="7" StartOffset="1571"/>
</Header>
<LocList>
<Loc EndOffset="1637" SrcFileId="7" StartOffset="1571"/>
</LocList>
<StmntSeq Intrnl_Id="250">
<LocList>
<Loc EndOffset="1631" SrcFileId="7" StartOffset="1613"/>
</LocList>
<BasicStmnt CovItemId="S20" CovItemPrefix="amu.model.CreditCard.java" Intrnl_Id="251">
<LocList>
<Loc EndOffset="1631" SrcFileId="7" StartOffset="1613"/>
</LocList>
</BasicStmnt>
</StmntSeq>
</HierarchyLvl>
<HierarchyLvl HierarchyLvlId="1912" HierarchyLvlTypeId="54" Intrnl_Id="252" Name="getCardholderName">
<Header>
<Loc EndOffset="1676" SrcFileId="7" StartOffset="1643"/>
</Header>
<LocList>
<Loc EndOffset="1715" SrcFileId="7" StartOffset="1643"/>
</LocList>
<StmntSeq Intrnl_Id="253">
<LocList>
<Loc EndOffset="1709" SrcFileId="7" StartOffset="1687"/>
</LocList>
<BasicStmnt CovItemId="S21" CovItemPrefix="amu.model.CreditCard.java" Intrnl_Id="254">
<LocList>
<Loc EndOffset="1709" SrcFileId="7" StartOffset="1687"/>
</LocList>
</BasicStmnt>
</StmntSeq>
</HierarchyLvl>
</HierarchyLvl>
<HierarchyLvl HierarchyLvlId="1914" HierarchyLvlTypeId="53" Intrnl_Id="255" Name="Category">
<Header>
<Loc EndOffset="65" SrcFileId="8" StartOffset="44"/>
</Header>
<LocList>
<Loc EndOffset="188" SrcFileId="8" StartOffset="44"/>
</LocList>
</HierarchyLvl>
<HierarchyLvl HierarchyLvlId="1921" HierarchyLvlTypeId="53" Intrnl_Id="256" Name="CartItem">
<Header>
<Loc EndOffset="95" SrcFileId="9" StartOffset="50"/>
</Header>
<LocList>
<Loc EndOffset="622" SrcFileId="9" StartOffset="50"/>
</LocList>
<HierarchyLvl HierarchyLvlId="1915" HierarchyLvlTypeId="54" Intrnl_Id="257" Name="CartItem">
<Header>
<Loc EndOffset="192" SrcFileId="9" StartOffset="152"/>
</Header>
<LocList>
<Loc EndOffset="264" SrcFileId="9" StartOffset="152"/>
</LocList>
<StmntSeq Intrnl_Id="258">
<LocList>
<Loc EndOffset="224" SrcFileId="9" StartOffset="207"/>
<Loc EndOffset="258" SrcFileId="9" StartOffset="233"/>
</LocList>
<BasicStmnt CovItemId="S1" CovItemPrefix="amu.model.CartItem.java" Intrnl_Id="259">
<LocList>
<Loc EndOffset="224" SrcFileId="9" StartOffset="207"/>
</LocList>
</BasicStmnt>
<BasicStmnt CovItemId="S2" CovItemPrefix="amu.model.CartItem.java" Intrnl_Id="260">
<LocList>
<Loc EndOffset="258" SrcFileId="9" StartOffset="233"/>
</LocList>
</BasicStmnt>
</StmntSeq>
</HierarchyLvl>
<HierarchyLvl HierarchyLvlId="1916" HierarchyLvlTypeId="54" Intrnl_Id="261" Name="getBook">
<Header>
<Loc EndOffset="295" SrcFileId="9" StartOffset="274"/>
</Header>
<LocList>
<Loc EndOffset="324" SrcFileId="9" StartOffset="274"/>
</LocList>
<StmntSeq Intrnl_Id="262">
<LocList>
<Loc EndOffset="318" SrcFileId="9" StartOffset="306"/>
</LocList>
<BasicStmnt CovItemId="S3" CovItemPrefix="amu.model.CartItem.java" Intrnl_Id="263">
<LocList>
<Loc EndOffset="318" SrcFileId="9" StartOffset="306"/>
</LocList>
</BasicStmnt>
</StmntSeq>
</HierarchyLvl>
<HierarchyLvl HierarchyLvlId="1917" HierarchyLvlTypeId="54" Intrnl_Id="264" Name="setBook">
<Header>
<Loc EndOffset="360" SrcFileId="9" StartOffset="330"/>
</Header>
<LocList>
<Loc EndOffset="394" SrcFileId="9" StartOffset="330"/>
</LocList>
<StmntSeq Intrnl_Id="265">
<LocList>
<Loc EndOffset="388" SrcFileId="9" StartOffset="371"/>
</LocList>
<BasicStmnt CovItemId="S4" CovItemPrefix="amu.model.CartItem.java" Intrnl_Id="266">
<LocList>
<Loc EndOffset="388" SrcFileId="9" StartOffset="371"/>
</LocList>
</BasicStmnt>
</StmntSeq>
</HierarchyLvl>
<HierarchyLvl HierarchyLvlId="1918" HierarchyLvlTypeId="54" Intrnl_Id="267" Name="getQuantity">
<Header>
<Loc EndOffset="424" SrcFileId="9" StartOffset="400"/>
</Header>
<LocList>
<Loc EndOffset="457" SrcFileId="9" StartOffset="400"/>
</LocList>
<StmntSeq Intrnl_Id="268">
<LocList>
<Loc EndOffset="451" SrcFileId="9" StartOffset="435"/>
</LocList>
<BasicStmnt CovItemId="S5" CovItemPrefix="amu.model.CartItem.java" Intrnl_Id="269">
<LocList>
<Loc EndOffset="451" SrcFileId="9" StartOffset="435"/>
</LocList>
</BasicStmnt>
</StmntSeq>
</HierarchyLvl>
<HierarchyLvl HierarchyLvlId="1919" HierarchyLvlTypeId="54" Intrnl_Id="270" Name="setQuantity">
<Header>
<Loc EndOffset="500" SrcFileId="9" StartOffset="463"/>
</Header>
<LocList>
<Loc EndOffset="542" SrcFileId="9" StartOffset="463"/>
</LocList>
<StmntSeq Intrnl_Id="271">
<LocList>
<Loc EndOffset="536" SrcFileId="9" StartOffset="511"/>
</LocList>
<BasicStmnt CovItemId="S6" CovItemPrefix="amu.model.CartItem.java" Intrnl_Id="272">
<LocList>
<Loc EndOffset="536" SrcFileId="9" StartOffset="511"/>
</LocList>
</BasicStmnt>
</StmntSeq>
</HierarchyLvl>
<HierarchyLvl HierarchyLvlId="1920" HierarchyLvlTypeId="54" Intrnl_Id="273" Name="addQuantity">
<Header>
<Loc EndOffset="578" SrcFileId="9" StartOffset="548"/>
</Header>
<LocList>
<Loc EndOffset="620" SrcFileId="9" StartOffset="548"/>
</LocList>
<StmntSeq Intrnl_Id="274">
<LocList>
<Loc EndOffset="614" SrcFileId="9" StartOffset="588"/>
</LocList>
<BasicStmnt CovItemId="S7" CovItemPrefix="amu.model.CartItem.java" Intrnl_Id="275">
<LocList>
<Loc EndOffset="614" SrcFileId="9" StartOffset="588"/>
</LocList>
</BasicStmnt>
</StmntSeq>
</HierarchyLvl>
</HierarchyLvl>
<HierarchyLvl HierarchyLvlId="1933" HierarchyLvlTypeId="53" Intrnl_Id="276" Name="Cart">
<Header>
<Loc EndOffset="139" SrcFileId="10" StartOffset="98"/>
</Header>
<LocList>
<Loc EndOffset="2218" SrcFileId="10" StartOffset="98"/>
</LocList>
<StmntSeq Intrnl_Id="277">
<LocList>
<Loc EndOffset="217" SrcFileId="10" StartOffset="147"/>
<Loc EndOffset="261" SrcFileId="10" StartOffset="222"/>
<Loc EndOffset="303" SrcFileId="10" StartOffset="266"/>
</LocList>
<BasicStmnt CovItemId="S1" CovItemPrefix="amu.model.Cart.java" Intrnl_Id="278">
<LocList>
<Loc EndOffset="217" SrcFileId="10" StartOffset="147"/>
</LocList>
</BasicStmnt>
<BasicStmnt CovItemId="S2" CovItemPrefix="amu.model.Cart.java" Intrnl_Id="279">
<LocList>
<Loc EndOffset="261" SrcFileId="10" StartOffset="222"/>
</LocList>
</BasicStmnt>
<BasicStmnt CovItemId="S3" CovItemPrefix="amu.model.Cart.java" Intrnl_Id="280">
<LocList>
<Loc EndOffset="303" SrcFileId="10" StartOffset="266"/>
</LocList>
</BasicStmnt>
</StmntSeq>
<HierarchyLvl HierarchyLvlId="1922" HierarchyLvlTypeId="54" Intrnl_Id="281" Name="getItems">
<Header>
<Loc EndOffset="348" SrcFileId="10" StartOffset="309"/>
</Header>
<LocList>
<Loc EndOffset="378" SrcFileId="10" StartOffset="309"/>
</LocList>
<StmntSeq Intrnl_Id="282">
<LocList>
<Loc EndOffset="372" SrcFileId="10" StartOffset="359"/>
</LocList>
<BasicStmnt CovItemId="S4" CovItemPrefix="amu.model.Cart.java" Intrnl_Id="283">
<LocList>
<Loc EndOffset="372" SrcFileId="10" StartOffset="359"/>
</LocList>
</BasicStmnt>
</StmntSeq>
</HierarchyLvl>
<HierarchyLvl HierarchyLvlId="1923" HierarchyLvlTypeId="54" Intrnl_Id="284" Name="hasItemByISBN">
<Header>
<Loc EndOffset="429" SrcFileId="10" StartOffset="388"/>
</Header>
<LocList>
<Loc EndOffset="554" SrcFileId="10" StartOffset="388"/>
</LocList>
<StmntSeq Intrnl_Id="285">
<LocList>
<Loc EndOffset="548" SrcFileId="10" StartOffset="440"/>
</LocList>
<CondStmnt CovItemId="S5" CovItemPrefix="amu.model.Cart.java" Intrnl_Id="286">
<Branch CovItemId="B1" CovItemPrefix="amu.model.Cart.java" Implct="false" Intrnl_Id="287">
<Cond/>
<LocList>
<Loc EndOffset="506" SrcFileId="10" StartOffset="469"/>
</LocList>
<StmntSeq Intrnl_Id="288">
<LocList>
<Loc EndOffset="496" SrcFileId="10" StartOffset="483"/>
</LocList>
<BasicStmnt CovItemId="S6" CovItemPrefix="amu.model.Cart.java" Intrnl_Id="289">
<LocList>
<Loc EndOffset="496" SrcFileId="10" StartOffset="483"/>
</LocList>
</BasicStmnt>
</StmntSeq>
</Branch>
<Branch CovItemId="B2" CovItemPrefix="amu.model.Cart.java" Implct="false" Intrnl_Id="290">
<Cond>
<Loc EndOffset="511" SrcFileId="10" StartOffset="507"/>
</Cond>
<LocList>
<Loc EndOffset="548" SrcFileId="10" StartOffset="512"/>
</LocList>
<StmntSeq Intrnl_Id="291">
<LocList>
<Loc EndOffset="538" SrcFileId="10" StartOffset="526"/>
</LocList>
<BasicStmnt CovItemId="S7" CovItemPrefix="amu.model.Cart.java" Intrnl_Id="292">
<LocList>
<Loc EndOffset="538" SrcFileId="10" StartOffset="526"/>
</LocList>
</BasicStmnt>
</StmntSeq>
</Branch>
<Keyword EndOffset="442" SrcFileId="10" StartOffset="440"/>
<LocList>
<Loc EndOffset="548" SrcFileId="10" StartOffset="440"/>
</LocList>
<RootTerm CovItemId="C1" CovItemPrefix="amu.model.Cart.java" Intrnl_Id="293">
<BasicBoolTerm Intrnl_Id="294">
<LocList>
<Loc EndOffset="467" SrcFileId="10" StartOffset="444"/>
</LocList>
</BasicBoolTerm>
</RootTerm>
</CondStmnt>
</StmntSeq>
</HierarchyLvl>
<HierarchyLvl HierarchyLvlId="1924" HierarchyLvlTypeId="54" Intrnl_Id="295" Name="getItemByISBN">
<Header>
<Loc EndOffset="602" SrcFileId="10" StartOffset="560"/>
</Header>
<LocList>
<Loc EndOffset="642" SrcFileId="10" StartOffset="560"/>
</LocList>
<StmntSeq Intrnl_Id="296">
<LocList>
<Loc EndOffset="636" SrcFileId="10" StartOffset="613"/>
</LocList>
<BasicStmnt CovItemId="S8" CovItemPrefix="amu.model.Cart.java" Intrnl_Id="297">
<LocList>
<Loc EndOffset="636" SrcFileId="10" StartOffset="613"/>
</LocList>
</BasicStmnt>
</StmntSeq>
</HierarchyLvl>
<HierarchyLvl HierarchyLvlId="1925" HierarchyLvlTypeId="54" Intrnl_Id="298" Name="updateItem">
<Header>
<Loc EndOffset="689" SrcFileId="10" StartOffset="652"/>
</Header>
<LocList>
<Loc EndOffset="996" SrcFileId="10" StartOffset="652"/>
</LocList>
<StmntSeq Intrnl_Id="299">
<LocList>
<Loc EndOffset="741" SrcFileId="10" StartOffset="700"/>
<Loc EndOffset="990" SrcFileId="10" StartOffset="750"/>
</LocList>
<BasicStmnt CovItemId="S9" CovItemPrefix="amu.model.Cart.java" Intrnl_Id="300">
<LocList>
<Loc EndOffset="741" SrcFileId="10" StartOffset="700"/>
</LocList>
</BasicStmnt>
<CondStmnt CovItemId="S10" CovItemPrefix="amu.model.Cart.java" Intrnl_Id="301">
<Branch CovItemId="B3" CovItemPrefix="amu.model.Cart.java" Implct="false" Intrnl_Id="302">
<Cond/>
<LocList>
<Loc EndOffset="938" SrcFileId="10" StartOffset="775"/>
</LocList>
<StmntSeq Intrnl_Id="303">
<LocList>
<Loc EndOffset="928" SrcFileId="10" StartOffset="789"/>
</LocList>
<CondStmnt CovItemId="S11" CovItemPrefix="amu.model.Cart.java" Intrnl_Id="304">
<Branch CovItemId="B5" CovItemPrefix="amu.model.Cart.java" Implct="false" Intrnl_Id="305">
<Cond/>
<LocList>
<Loc EndOffset="871" SrcFileId="10" StartOffset="817"/>
</LocList>
<StmntSeq Intrnl_Id="306">
<LocList>
<Loc EndOffset="857" SrcFileId="10" StartOffset="835"/>
</LocList>
<BasicStmnt CovItemId="S12" CovItemPrefix="amu.model.Cart.java" Intrnl_Id="307">
<LocList>
<Loc EndOffset="857" SrcFileId="10" StartOffset="835"/>
</LocList>
</BasicStmnt>
</StmntSeq>
</Branch>
<Branch CovItemId="B6" CovItemPrefix="amu.model.Cart.java" Implct="false" Intrnl_Id="308">
<Cond>
<Loc EndOffset="876" SrcFileId="10" StartOffset="872"/>
</Cond>
<LocList>
<Loc EndOffset="928" SrcFileId="10" StartOffset="877"/>
</LocList>
<StmntSeq Intrnl_Id="309">
<LocList>
<Loc EndOffset="914" SrcFileId="10" StartOffset="895"/>
</LocList>
<BasicStmnt CovItemId="S13" CovItemPrefix="amu.model.Cart.java" Intrnl_Id="310">
<LocList>
<Loc EndOffset="914" SrcFileId="10" StartOffset="895"/>
</LocList>
</BasicStmnt>
</StmntSeq>
</Branch>
<Keyword EndOffset="791" SrcFileId="10" StartOffset="789"/>
<LocList>
<Loc EndOffset="928" SrcFileId="10" StartOffset="789"/>
</LocList>
<RootTerm CovItemId="C3" CovItemPrefix="amu.model.Cart.java" Intrnl_Id="311">
<BasicBoolTerm Intrnl_Id="312">
<LocList>
<Loc EndOffset="815" SrcFileId="10" StartOffset="793"/>
</LocList>
</BasicBoolTerm>
</RootTerm>
</CondStmnt>
</StmntSeq>
</Branch>
<Branch CovItemId="B4" CovItemPrefix="amu.model.Cart.java" Implct="false" Intrnl_Id="313">
<Cond>
<Loc EndOffset="943" SrcFileId="10" StartOffset="939"/>
</Cond>
<LocList>
<Loc EndOffset="990" SrcFileId="10" StartOffset="944"/>
</LocList>
<StmntSeq Intrnl_Id="314">
<LocList>
<Loc EndOffset="980" SrcFileId="10" StartOffset="958"/>
</LocList>
<BasicStmnt CovItemId="S14" CovItemPrefix="amu.model.Cart.java" Intrnl_Id="315">
<LocList>
<Loc EndOffset="980" SrcFileId="10" StartOffset="958"/>
</LocList>
</BasicStmnt>
</StmntSeq>
</Branch>
<Keyword EndOffset="752" SrcFileId="10" StartOffset="750"/>
<LocList>
<Loc EndOffset="990" SrcFileId="10" StartOffset="750"/>
</LocList>
<RootTerm CovItemId="C2" CovItemPrefix="amu.model.Cart.java" Intrnl_Id="316">
<BasicBoolTerm Intrnl_Id="317">
<LocList>
<Loc EndOffset="773" SrcFileId="10" StartOffset="754"/>
</LocList>
</BasicBoolTerm>
</RootTerm>
</CondStmnt>
</StmntSeq>
</HierarchyLvl>
<HierarchyLvl HierarchyLvlId="1926" HierarchyLvlTypeId="54" Intrnl_Id="318" Name="addItem">
<Header>
<Loc EndOffset="1036" SrcFileId="10" StartOffset="1002"/>
</Header>
<LocList>
<Loc EndOffset="1401" SrcFileId="10" StartOffset="1002"/>
</LocList>
<StmntSeq Intrnl_Id="319">
<LocList>
<Loc EndOffset="1088" SrcFileId="10" StartOffset="1047"/>
<Loc EndOffset="1395" SrcFileId="10" StartOffset="1097"/>
</LocList>
<BasicStmnt CovItemId="S15" CovItemPrefix="amu.model.Cart.java" Intrnl_Id="320">
<LocList>
<Loc EndOffset="1088" SrcFileId="10" StartOffset="1047"/>
</LocList>
</BasicStmnt>
<CondStmnt CovItemId="S16" CovItemPrefix="amu.model.Cart.java" Intrnl_Id="321">
<Branch CovItemId="B7" CovItemPrefix="amu.model.Cart.java" Implct="false" Intrnl_Id="322">
<Cond/>
<LocList>
<Loc EndOffset="1343" SrcFileId="10" StartOffset="1122"/>
</LocList>
<StmntSeq Intrnl_Id="323">
<LocList>
<Loc EndOffset="1333" SrcFileId="10" StartOffset="1136"/>
</LocList>
<CondStmnt CovItemId="S17" CovItemPrefix="amu.model.Cart.java" Intrnl_Id="324">
<Branch CovItemId="B9" CovItemPrefix="amu.model.Cart.java" Implct="false" Intrnl_Id="325">
<Cond/>
<LocList>
<Loc EndOffset="1276" SrcFileId="10" StartOffset="1196"/>
</LocList>
<StmntSeq Intrnl_Id="326">
<LocList>
<Loc EndOffset="1262" SrcFileId="10" StartOffset="1214"/>
</LocList>
<BasicStmnt CovItemId="S18" CovItemPrefix="amu.model.Cart.java" Intrnl_Id="327">
<LocList>
<Loc EndOffset="1262" SrcFileId="10" StartOffset="1214"/>
</LocList>
</BasicStmnt>
</StmntSeq>
</Branch>
<Branch CovItemId="B10" CovItemPrefix="amu.model.Cart.java" Implct="false" Intrnl_Id="328">
<Cond>
<Loc EndOffset="1281" SrcFileId="10" StartOffset="1277"/>
</Cond>
<LocList>
<Loc EndOffset="1333" SrcFileId="10" StartOffset="1282"/>
</LocList>
<StmntSeq Intrnl_Id="329">
<LocList>
<Loc EndOffset="1319" SrcFileId="10" StartOffset="1300"/>
</LocList>
<BasicStmnt CovItemId="S19" CovItemPrefix="amu.model.Cart.java" Intrnl_Id="330">
<LocList>
<Loc EndOffset="1319" SrcFileId="10" StartOffset="1300"/>
</LocList>
</BasicStmnt>
</StmntSeq>
</Branch>
<Keyword EndOffset="1138" SrcFileId="10" StartOffset="1136"/>
<LocList>
<Loc EndOffset="1333" SrcFileId="10" StartOffset="1136"/>
</LocList>
<RootTerm CovItemId="C5" CovItemPrefix="amu.model.Cart.java" Intrnl_Id="331">
<BasicBoolTerm Intrnl_Id="332">
<LocList>
<Loc EndOffset="1194" SrcFileId="10" StartOffset="1140"/>
</LocList>
</BasicBoolTerm>
</RootTerm>
</CondStmnt>
</StmntSeq>
</Branch>
<Branch CovItemId="B8" CovItemPrefix="amu.model.Cart.java" Implct="false" Intrnl_Id="333">
<Cond>
<Loc EndOffset="1348" SrcFileId="10" StartOffset="1344"/>
</Cond>
<LocList>
<Loc EndOffset="1395" SrcFileId="10" StartOffset="1349"/>
</LocList>
<StmntSeq Intrnl_Id="334">
<LocList>
<Loc EndOffset="1385" SrcFileId="10" StartOffset="1363"/>
</LocList>
<BasicStmnt CovItemId="S20" CovItemPrefix="amu.model.Cart.java" Intrnl_Id="335">
<LocList>
<Loc EndOffset="1385" SrcFileId="10" StartOffset="1363"/>
</LocList>
</BasicStmnt>
</StmntSeq>
</Branch>
<Keyword EndOffset="1099" SrcFileId="10" StartOffset="1097"/>
<LocList>
<Loc EndOffset="1395" SrcFileId="10" StartOffset="1097"/>
</LocList>
<RootTerm CovItemId="C4" CovItemPrefix="amu.model.Cart.java" Intrnl_Id="336">
<BasicBoolTerm Intrnl_Id="337">
<LocList>
<Loc EndOffset="1120" SrcFileId="10" StartOffset="1101"/>
</LocList>
</BasicBoolTerm>
</RootTerm>
</CondStmnt>
</StmntSeq>
</HierarchyLvl>
<HierarchyLvl HierarchyLvlId="1927" HierarchyLvlTypeId="54" Intrnl_Id="338" Name="getNumberOfItems">
<Header>
<Loc EndOffset="1436" SrcFileId="10" StartOffset="1407"/>
</Header>
<LocList>
<Loc EndOffset="1611" SrcFileId="10" StartOffset="1407"/>
</LocList>
<StmntSeq Intrnl_Id="339">
<LocList>
<Loc EndOffset="1469" SrcFileId="10" StartOffset="1447"/>
<Loc EndOffset="1575" SrcFileId="10" StartOffset="1478"/>
<Loc EndOffset="1605" SrcFileId="10" StartOffset="1584"/>
</LocList>
<BasicStmnt CovItemId="S21" CovItemPrefix="amu.model.Cart.java" Intrnl_Id="340">
<LocList>
<Loc EndOffset="1469" SrcFileId="10" StartOffset="1447"/>
</LocList>
</BasicStmnt>
<LoopStmnt CovItemId="S22" CovItemPrefix="amu.model.Cart.java" Intrnl_Id="341" MltplExecId="L1-2" MltplExecPrefix="amu.model.Cart.java" NvrExecId="L1-0" NvrExecPrefix="amu.model.Cart.java" OnceExecutedId="L1-1" OnceExecutedPrefix="amu.model.Cart.java" OptBodyExec="true">
<StmntSeq Intrnl_Id="342">
<LocList>
<Loc EndOffset="1565" SrcFileId="10" StartOffset="1529"/>
</LocList>
<BasicStmnt CovItemId="S23" CovItemPrefix="amu.model.Cart.java" Intrnl_Id="343">
<LocList>
<Loc EndOffset="1565" SrcFileId="10" StartOffset="1529"/>
</LocList>
</BasicStmnt>
</StmntSeq>
<Keyword EndOffset="1481" SrcFileId="10" StartOffset="1478"/>
<LocList>
<Loc EndOffset="1575" SrcFileId="10" StartOffset="1478"/>
</LocList>
</LoopStmnt>
<BasicStmnt CovItemId="S24" CovItemPrefix="amu.model.Cart.java" Intrnl_Id="344">
<LocList>
<Loc EndOffset="1605" SrcFileId="10" StartOffset="1584"/>
</LocList>
</BasicStmnt>
</StmntSeq>
</HierarchyLvl>
<HierarchyLvl HierarchyLvlId="1928" HierarchyLvlTypeId="54" Intrnl_Id="345" Name="getSubtotal">
<Header>
<Loc EndOffset="1643" SrcFileId="10" StartOffset="1617"/>
</Header>
<LocList>
<Loc EndOffset="1844" SrcFileId="10" StartOffset="1617"/>
</LocList>
<StmntSeq Intrnl_Id="346">
<LocList>
<Loc EndOffset="1684" SrcFileId="10" StartOffset="1654"/>
<Loc EndOffset="1813" SrcFileId="10" StartOffset="1693"/>
<Loc EndOffset="1838" SrcFileId="10" StartOffset="1822"/>
</LocList>
<BasicStmnt CovItemId="S25" CovItemPrefix="amu.model.Cart.java" Intrnl_Id="347">
<LocList>
<Loc EndOffset="1684" SrcFileId="10" StartOffset="1654"/>
</LocList>
</BasicStmnt>
<LoopStmnt CovItemId="S26" CovItemPrefix="amu.model.Cart.java" Intrnl_Id="348" MltplExecId="L2-2" MltplExecPrefix="amu.model.Cart.java" NvrExecId="L2-0" NvrExecPrefix="amu.model.Cart.java" OnceExecutedId="L2-1" OnceExecutedPrefix="amu.model.Cart.java" OptBodyExec="true">
<StmntSeq Intrnl_Id="349">
<LocList>
<Loc EndOffset="1803" SrcFileId="10" StartOffset="1744"/>
</LocList>
<BasicStmnt CovItemId="S27" CovItemPrefix="amu.model.Cart.java" Intrnl_Id="350">
<LocList>
<Loc EndOffset="1803" SrcFileId="10" StartOffset="1744"/>
</LocList>
</BasicStmnt>
</StmntSeq>
<Keyword EndOffset="1696" SrcFileId="10" StartOffset="1693"/>
<LocList>
<Loc EndOffset="1813" SrcFileId="10" StartOffset="1693"/>
</LocList>
</LoopStmnt>
<BasicStmnt CovItemId="S28" CovItemPrefix="amu.model.Cart.java" Intrnl_Id="351">
<LocList>
<Loc EndOffset="1838" SrcFileId="10" StartOffset="1822"/>
</LocList>
</BasicStmnt>
</StmntSeq>
</HierarchyLvl>
<HierarchyLvl HierarchyLvlId="1929" HierarchyLvlTypeId="54" Intrnl_Id="352" Name="getShippingAddress">
<Header>
<Loc EndOffset="1885" SrcFileId="10" StartOffset="1850"/>
</Header>
<LocList>
<Loc EndOffset="1925" SrcFileId="10" StartOffset="1850"/>
</LocList>
<StmntSeq Intrnl_Id="353">
<LocList>
<Loc EndOffset="1919" SrcFileId="10" StartOffset="1896"/>
</LocList>
<BasicStmnt CovItemId="S29" CovItemPrefix="amu.model.Cart.java" Intrnl_Id="354">
<LocList>
<Loc EndOffset="1919" SrcFileId="10" StartOffset="1896"/>
</LocList>
</BasicStmnt>
</StmntSeq>
</HierarchyLvl>
<HierarchyLvl HierarchyLvlId="1930" HierarchyLvlTypeId="54" Intrnl_Id="355" Name="setShippingAddress">
<Header>
<Loc EndOffset="1986" SrcFileId="10" StartOffset="1931"/>
</Header>
<LocList>
<Loc EndOffset="2042" SrcFileId="10" StartOffset="1931"/>
</LocList>
<StmntSeq Intrnl_Id="356">
<LocList>
<Loc EndOffset="2036" SrcFileId="10" StartOffset="1997"/>
</LocList>
<BasicStmnt CovItemId="S30" CovItemPrefix="amu.model.Cart.java" Intrnl_Id="357">
<LocList>
<Loc EndOffset="2036" SrcFileId="10" StartOffset="1997"/>
</LocList>
</BasicStmnt>
</StmntSeq>
</HierarchyLvl>
<HierarchyLvl HierarchyLvlId="1931" HierarchyLvlTypeId="54" Intrnl_Id="358" Name="getCreditCard">
<Header>
<Loc EndOffset="2081" SrcFileId="10" StartOffset="2048"/>
</Header>
<LocList>
<Loc EndOffset="2116" SrcFileId="10" StartOffset="2048"/>
</LocList>
<StmntSeq Intrnl_Id="359">
<LocList>
<Loc EndOffset="2110" SrcFileId="10" StartOffset="2092"/>
</LocList>
<BasicStmnt CovItemId="S31" CovItemPrefix="amu.model.Cart.java" Intrnl_Id="360">
<LocList>
<Loc EndOffset="2110" SrcFileId="10" StartOffset="2092"/>
</LocList>
</BasicStmnt>
</StmntSeq>
</HierarchyLvl>
<HierarchyLvl HierarchyLvlId="1932" HierarchyLvlTypeId="54" Intrnl_Id="361" Name="setCreditCard">
<Header>
<Loc EndOffset="2170" SrcFileId="10" StartOffset="2122"/>
</Header>
<LocList>
<Loc EndOffset="2216" SrcFileId="10" StartOffset="2122"/>
</LocList>
<StmntSeq Intrnl_Id="362">
<LocList>
<Loc EndOffset="2210" SrcFileId="10" StartOffset="2181"/>
</LocList>
<BasicStmnt CovItemId="S32" CovItemPrefix="amu.model.Cart.java" Intrnl_Id="363">
<LocList>
<Loc EndOffset="2210" SrcFileId="10" StartOffset="2181"/>
</LocList>
</BasicStmnt>
</StmntSeq>
</HierarchyLvl>
</HierarchyLvl>
<HierarchyLvl HierarchyLvlId="1956" HierarchyLvlTypeId="53" Intrnl_Id="364" Name="Book">
<Header>
<Loc EndOffset="114" SrcFileId="11" StartOffset="73"/>
</Header>
<LocList>
<Loc EndOffset="2032" SrcFileId="11" StartOffset="73"/>
</LocList>
<HierarchyLvl HierarchyLvlId="1934" HierarchyLvlTypeId="54" Intrnl_Id="365" Name="getId">
<Header>
<Loc EndOffset="448" SrcFileId="11" StartOffset="430"/>
</Header>
<LocList>
<Loc EndOffset="475" SrcFileId="11" StartOffset="430"/>
</LocList>
<StmntSeq Intrnl_Id="366">
<LocList>
<Loc EndOffset="469" SrcFileId="11" StartOffset="459"/>
</LocList>
<BasicStmnt CovItemId="S1" CovItemPrefix="amu.model.Book.java" Intrnl_Id="367">
<LocList>
<Loc EndOffset="469" SrcFileId="11" StartOffset="459"/>
</LocList>
</BasicStmnt>
</StmntSeq>
</HierarchyLvl>
<HierarchyLvl HierarchyLvlId="1935" HierarchyLvlTypeId="54" Intrnl_Id="368" Name="setId">
<Header>
<Loc EndOffset="506" SrcFileId="11" StartOffset="481"/>
</Header>
<LocList>
<Loc EndOffset="536" SrcFileId="11" StartOffset="481"/>
</LocList>
<StmntSeq Intrnl_Id="369">
<LocList>
<Loc EndOffset="530" SrcFileId="11" StartOffset="517"/>
</LocList>
<BasicStmnt CovItemId="S2" CovItemPrefix="amu.model.Book.java" Intrnl_Id="370">
<LocList>
<Loc EndOffset="530" SrcFileId="11" StartOffset="517"/>
</LocList>
</BasicStmnt>
</StmntSeq>
</HierarchyLvl>
<HierarchyLvl HierarchyLvlId="1936" HierarchyLvlTypeId="54" Intrnl_Id="371" Name="getTitle">
<Header>
<Loc EndOffset="565" SrcFileId="11" StartOffset="542"/>
</Header>
<LocList>
<Loc EndOffset="595" SrcFileId="11" StartOffset="542"/>
</LocList>
<StmntSeq Intrnl_Id="372">
<LocList>
<Loc EndOffset="589" SrcFileId="11" StartOffset="576"/>
</LocList>
<BasicStmnt CovItemId="S3" CovItemPrefix="amu.model.Book.java" Intrnl_Id="373">
<LocList>
<Loc EndOffset="589" SrcFileId="11" StartOffset="576"/>
</LocList>
</BasicStmnt>
</StmntSeq>
</HierarchyLvl>
<HierarchyLvl HierarchyLvlId="1937" HierarchyLvlTypeId="54" Intrnl_Id="374" Name="setTitle">
<Header>
<Loc EndOffset="634" SrcFileId="11" StartOffset="601"/>
</Header>
<LocList>
<Loc EndOffset="670" SrcFileId="11" StartOffset="601"/>
</LocList>
<StmntSeq Intrnl_Id="375">
<LocList>
<Loc EndOffset="664" SrcFileId="11" StartOffset="645"/>
</LocList>
<BasicStmnt CovItemId="S4" CovItemPrefix="amu.model.Book.java" Intrnl_Id="376">
<LocList>
<Loc EndOffset="664" SrcFileId="11" StartOffset="645"/>
</LocList>
</BasicStmnt>
</StmntSeq>
</HierarchyLvl>
<HierarchyLvl HierarchyLvlId="1938" HierarchyLvlTypeId="54" Intrnl_Id="377" Name="getPublisher">
<Header>
<Loc EndOffset="707" SrcFileId="11" StartOffset="676"/>
</Header>
<LocList>
<Loc EndOffset="741" SrcFileId="11" StartOffset="676"/>
</LocList>
<StmntSeq Intrnl_Id="378">
<LocList>
<Loc EndOffset="735" SrcFileId="11" StartOffset="718"/>
</LocList>
<BasicStmnt CovItemId="S5" CovItemPrefix="amu.model.Book.java" Intrnl_Id="379">
<LocList>
<Loc EndOffset="735" SrcFileId="11" StartOffset="718"/>
</LocList>
</BasicStmnt>
</StmntSeq>
</HierarchyLvl>
<HierarchyLvl HierarchyLvlId="1939" HierarchyLvlTypeId="54" Intrnl_Id="380" Name="setPublisher">
<Header>
<Loc EndOffset="792" SrcFileId="11" StartOffset="747"/>
</Header>
<LocList>
<Loc EndOffset="836" SrcFileId="11" StartOffset="747"/>
</LocList>
<StmntSeq Intrnl_Id="381">
<LocList>
<Loc EndOffset="830" SrcFileId="11" StartOffset="803"/>
</LocList>
<BasicStmnt CovItemId="S6" CovItemPrefix="amu.model.Book.java" Intrnl_Id="382">
<LocList>
<Loc EndOffset="830" SrcFileId="11" StartOffset="803"/>
</LocList>
</BasicStmnt>
</StmntSeq>
</HierarchyLvl>
<HierarchyLvl HierarchyLvlId="1940" HierarchyLvlTypeId="54" Intrnl_Id="383" Name="getPublished">
<Header>
<Loc EndOffset="870" SrcFileId="11" StartOffset="842"/>
</Header>
<LocList>
<Loc EndOffset="904" SrcFileId="11" StartOffset="842"/>
</LocList>
<StmntSeq Intrnl_Id="384">
<LocList>
<Loc EndOffset="898" SrcFileId="11" StartOffset="881"/>
</LocList>
<BasicStmnt CovItemId="S7" CovItemPrefix="amu.model.Book.java" Intrnl_Id="385">
<LocList>
<Loc EndOffset="898" SrcFileId="11" StartOffset="881"/>
</LocList>
</BasicStmnt>
</StmntSeq>
</HierarchyLvl>
<HierarchyLvl HierarchyLvlId="1941" HierarchyLvlTypeId="54" Intrnl_Id="386" Name="setPublished">
<Header>
<Loc EndOffset="952" SrcFileId="11" StartOffset="910"/>
</Header>
<LocList>
<Loc EndOffset="996" SrcFileId="11" StartOffset="910"/>
</LocList>
<StmntSeq Intrnl_Id="387">
<LocList>
<Loc EndOffset="990" SrcFileId="11" StartOffset="963"/>
</LocList>
<BasicStmnt CovItemId="S8" CovItemPrefix="amu.model.Book.java" Intrnl_Id="388">
<LocList>
<Loc EndOffset="990" SrcFileId="11" StartOffset="963"/>
</LocList>
</BasicStmnt>
</StmntSeq>
</HierarchyLvl>
<HierarchyLvl HierarchyLvlId="1942" HierarchyLvlTypeId="54" Intrnl_Id="389" Name="getBinding">
<Header>
<Loc EndOffset="1028" SrcFileId="11" StartOffset="1002"/>
</Header>
<LocList>
<Loc EndOffset="1060" SrcFileId="11" StartOffset="1002"/>
</LocList>
<StmntSeq Intrnl_Id="390">
<LocList>
<Loc EndOffset="1054" SrcFileId="11" StartOffset="1039"/>
</LocList>
<BasicStmnt CovItemId="S9" CovItemPrefix="amu.model.Book.java" Intrnl_Id="391">
<LocList>
<Loc EndOffset="1054" SrcFileId="11" StartOffset="1039"/>
</LocList>
</BasicStmnt>
</StmntSeq>
</HierarchyLvl>
<HierarchyLvl HierarchyLvlId="1943" HierarchyLvlTypeId="54" Intrnl_Id="392" Name="setBinding">
<Header>
<Loc EndOffset="1104" SrcFileId="11" StartOffset="1066"/>
</Header>
<LocList>
<Loc EndOffset="1144" SrcFileId="11" StartOffset="1066"/>
</LocList>
<StmntSeq Intrnl_Id="393">
<LocList>
<Loc EndOffset="1138" SrcFileId="11" StartOffset="1115"/>
</LocList>
<BasicStmnt CovItemId="S10" CovItemPrefix="amu.model.Book.java" Intrnl_Id="394">
<LocList>
<Loc EndOffset="1138" SrcFileId="11" StartOffset="1115"/>
</LocList>
</BasicStmnt>
</StmntSeq>
</HierarchyLvl>
<HierarchyLvl HierarchyLvlId="1944" HierarchyLvlTypeId="54" Intrnl_Id="395" Name="getIsbn10">
<Header>
<Loc EndOffset="1175" SrcFileId="11" StartOffset="1150"/>
</Header>
<LocList>
<Loc EndOffset="1206" SrcFileId="11" StartOffset="1150"/>
</LocList>
<StmntSeq Intrnl_Id="396">
<LocList>
<Loc EndOffset="1200" SrcFileId="11" StartOffset="1186"/>
</LocList>
<BasicStmnt CovItemId="S11" CovItemPrefix="amu.model.Book.java" Intrnl_Id="397">
<LocList>
<Loc EndOffset="1200" SrcFileId="11" StartOffset="1186"/>
</LocList>
</BasicStmnt>
</StmntSeq>
</HierarchyLvl>
<HierarchyLvl HierarchyLvlId="1945" HierarchyLvlTypeId="54" Intrnl_Id="398" Name="setIsbn10">
<Header>
<Loc EndOffset="1248" SrcFileId="11" StartOffset="1212"/>
</Header>
<LocList>
<Loc EndOffset="1286" SrcFileId="11" StartOffset="1212"/>
</LocList>
<StmntSeq Intrnl_Id="399">
<LocList>
<Loc EndOffset="1280" SrcFileId="11" StartOffset="1259"/>
</LocList>
<BasicStmnt CovItemId="S12" CovItemPrefix="amu.model.Book.java" Intrnl_Id="400">
<LocList>
<Loc EndOffset="1280" SrcFileId="11" StartOffset="1259"/>
</LocList>
</BasicStmnt>
</StmntSeq>
</HierarchyLvl>
<HierarchyLvl HierarchyLvlId="1946" HierarchyLvlTypeId="54" Intrnl_Id="401" Name="getIsbn13">
<Header>
<Loc EndOffset="1317" SrcFileId="11" StartOffset="1292"/>
</Header>
<LocList>
<Loc EndOffset="1348" SrcFileId="11" StartOffset="1292"/>
</LocList>
<StmntSeq Intrnl_Id="402">
<LocList>
<Loc EndOffset="1342" SrcFileId="11" StartOffset="1328"/>
</LocList>
<BasicStmnt CovItemId="S13" CovItemPrefix="amu.model.Book.java" Intrnl_Id="403">
<LocList>
<Loc EndOffset="1342" SrcFileId="11" StartOffset="1328"/>
</LocList>
</BasicStmnt>
</StmntSeq>
</HierarchyLvl>
<HierarchyLvl HierarchyLvlId="1947" HierarchyLvlTypeId="54" Intrnl_Id="404" Name="setIsbn13">
<Header>
<Loc EndOffset="1390" SrcFileId="11" StartOffset="1354"/>
</Header>
<LocList>
<Loc EndOffset="1428" SrcFileId="11" StartOffset="1354"/>
</LocList>
<StmntSeq Intrnl_Id="405">
<LocList>
<Loc EndOffset="1422" SrcFileId="11" StartOffset="1401"/>
</LocList>
<BasicStmnt CovItemId="S14" CovItemPrefix="amu.model.Book.java" Intrnl_Id="406">
<LocList>
<Loc EndOffset="1422" SrcFileId="11" StartOffset="1401"/>
</LocList>
</BasicStmnt>
</StmntSeq>
</HierarchyLvl>
<HierarchyLvl HierarchyLvlId="1948" HierarchyLvlTypeId="54" Intrnl_Id="407" Name="getDescription">
<Header>
<Loc EndOffset="1464" SrcFileId="11" StartOffset="1434"/>
</Header>
<LocList>
<Loc EndOffset="1500" SrcFileId="11" StartOffset="1434"/>
</LocList>
<StmntSeq Intrnl_Id="408">
<LocList>
<Loc EndOffset="1494" SrcFileId="11" StartOffset="1475"/>
</LocList>
<BasicStmnt CovItemId="S15" CovItemPrefix="amu.model.Book.java" Intrnl_Id="409">
<LocList>
<Loc EndOffset="1494" SrcFileId="11" StartOffset="1475"/>
</LocList>
</BasicStmnt>
</StmntSeq>
</HierarchyLvl>
<HierarchyLvl HierarchyLvlId="1949" HierarchyLvlTypeId="54" Intrnl_Id="410" Name="setDescription">
<Header>
<Loc EndOffset="1552" SrcFileId="11" StartOffset="1506"/>
</Header>
<LocList>
<Loc EndOffset="1600" SrcFileId="11" StartOffset="1506"/>
</LocList>
<StmntSeq Intrnl_Id="411">
<LocList>
<Loc EndOffset="1594" SrcFileId="11" StartOffset="1563"/>
</LocList>
<BasicStmnt CovItemId="S16" CovItemPrefix="amu.model.Book.java" Intrnl_Id="412">
<LocList>
<Loc EndOffset="1594" SrcFileId="11" StartOffset="1563"/>
</LocList>
</BasicStmnt>
</StmntSeq>
</HierarchyLvl>
<HierarchyLvl HierarchyLvlId="1950" HierarchyLvlTypeId="54" Intrnl_Id="413" Name="getPrice">
<Header>
<Loc EndOffset="1629" SrcFileId="11" StartOffset="1606"/>
</Header>
<LocList>
<Loc EndOffset="1659" SrcFileId="11" StartOffset="1606"/>
</LocList>
<StmntSeq Intrnl_Id="414">
<LocList>
<Loc EndOffset="1653" SrcFileId="11" StartOffset="1640"/>
</LocList>
<BasicStmnt CovItemId="S17" CovItemPrefix="amu.model.Book.java" Intrnl_Id="415">
<LocList>
<Loc EndOffset="1653" SrcFileId="11" StartOffset="1640"/>
</LocList>
</BasicStmnt>
</StmntSeq>
</HierarchyLvl>
<HierarchyLvl HierarchyLvlId="1951" HierarchyLvlTypeId="54" Intrnl_Id="416" Name="setPrice">
<Header>
<Loc EndOffset="1698" SrcFileId="11" StartOffset="1665"/>
</Header>
<LocList>
<Loc EndOffset="1734" SrcFileId="11" StartOffset="1665"/>
</LocList>
<StmntSeq Intrnl_Id="417">
<LocList>
<Loc EndOffset="1728" SrcFileId="11" StartOffset="1709"/>
</LocList>
<BasicStmnt CovItemId="S18" CovItemPrefix="amu.model.Book.java" Intrnl_Id="418">
<LocList>
<Loc EndOffset="1728" SrcFileId="11" StartOffset="1709"/>
</LocList>
</BasicStmnt>
</StmntSeq>
</HierarchyLvl>
<HierarchyLvl HierarchyLvlId="1952" HierarchyLvlTypeId="54" Intrnl_Id="419" Name="getAuthor">
<Header>
<Loc EndOffset="1771" SrcFileId="11" StartOffset="1740"/>
</Header>
<LocList>
<Loc EndOffset="1802" SrcFileId="11" StartOffset="1740"/>
</LocList>
<StmntSeq Intrnl_Id="420">
<LocList>
<Loc EndOffset="1796" SrcFileId="11" StartOffset="1782"/>
</LocList>
<BasicStmnt CovItemId="S19" CovItemPrefix="amu.model.Book.java" Intrnl_Id="421">
<LocList>
<Loc EndOffset="1796" SrcFileId="11" StartOffset="1782"/>
</LocList>
</BasicStmnt>
</StmntSeq>
</HierarchyLvl>
<HierarchyLvl HierarchyLvlId="1953" HierarchyLvlTypeId="54" Intrnl_Id="422" Name="setAuthor">
<Header>
<Loc EndOffset="1850" SrcFileId="11" StartOffset="1808"/>
</Header>
<LocList>
<Loc EndOffset="1888" SrcFileId="11" StartOffset="1808"/>
</LocList>
<StmntSeq Intrnl_Id="423">
<LocList>
<Loc EndOffset="1882" SrcFileId="11" StartOffset="1861"/>
</LocList>
<BasicStmnt CovItemId="S20" CovItemPrefix="amu.model.Book.java" Intrnl_Id="424">
<LocList>
<Loc EndOffset="1882" SrcFileId="11" StartOffset="1861"/>
</LocList>
</BasicStmnt>
</StmntSeq>
</HierarchyLvl>
<HierarchyLvl HierarchyLvlId="1954" HierarchyLvlTypeId="54" Intrnl_Id="425" Name="getEdition">
<Header>
<Loc EndOffset="1917" SrcFileId="11" StartOffset="1894"/>
</Header>
<LocList>
<Loc EndOffset="1949" SrcFileId="11" StartOffset="1894"/>
</LocList>
<StmntSeq Intrnl_Id="426">
<LocList>
<Loc EndOffset="1943" SrcFileId="11" StartOffset="1928"/>
</LocList>
<BasicStmnt CovItemId="S21" CovItemPrefix="amu.model.Book.java" Intrnl_Id="427">
<LocList>
<Loc EndOffset="1943" SrcFileId="11" StartOffset="1928"/>
</LocList>
</BasicStmnt>
</StmntSeq>
</HierarchyLvl>
<HierarchyLvl HierarchyLvlId="1955" HierarchyLvlTypeId="54" Intrnl_Id="428" Name="setEdition">
<Header>
<Loc EndOffset="1990" SrcFileId="11" StartOffset="1955"/>
</Header>
<LocList>
<Loc EndOffset="2030" SrcFileId="11" StartOffset="1955"/>
</LocList>
<StmntSeq Intrnl_Id="429">
<LocList>
<Loc EndOffset="2024" SrcFileId="11" StartOffset="2001"/>
</LocList>
<BasicStmnt CovItemId="S22" CovItemPrefix="amu.model.Book.java" Intrnl_Id="430">
<LocList>
<Loc EndOffset="2024" SrcFileId="11" StartOffset="2001"/>
</LocList>
</BasicStmnt>
</StmntSeq>
</HierarchyLvl>
</HierarchyLvl>
<HierarchyLvl HierarchyLvlId="1963" HierarchyLvlTypeId="53" Intrnl_Id="431" Name="Author">
<Header>
<Loc EndOffset="93" SrcFileId="12" StartOffset="50"/>
</Header>
<LocList>
<Loc EndOffset="558" SrcFileId="12" StartOffset="50"/>
</LocList>
<HierarchyLvl HierarchyLvlId="1957" HierarchyLvlTypeId="54" Intrnl_Id="432" Name="Author">
<Header>
<Loc EndOffset="162" SrcFileId="12" StartOffset="147"/>
</Header>
<LocList>
<Loc EndOffset="214" SrcFileId="12" StartOffset="147"/>
</LocList>
</HierarchyLvl>
<HierarchyLvl HierarchyLvlId="1958" HierarchyLvlTypeId="54" Intrnl_Id="433" Name="Author">
<Header>
<Loc EndOffset="258" SrcFileId="12" StartOffset="224"/>
</Header>
<LocList>
<Loc EndOffset="314" SrcFileId="12" StartOffset="224"/>
</LocList>
<StmntSeq Intrnl_Id="434">
<LocList>
<Loc EndOffset="282" SrcFileId="12" StartOffset="269"/>
<Loc EndOffset="308" SrcFileId="12" StartOffset="291"/>
</LocList>
<BasicStmnt CovItemId="S1" CovItemPrefix="amu.model.Author.java" Intrnl_Id="435">
<LocList>
<Loc EndOffset="282" SrcFileId="12" StartOffset="269"/>
</LocList>
</BasicStmnt>
<BasicStmnt CovItemId="S2" CovItemPrefix="amu.model.Author.java" Intrnl_Id="436">
<LocList>
<Loc EndOffset="308" SrcFileId="12" StartOffset="291"/>
</LocList>
</BasicStmnt>
</StmntSeq>
</HierarchyLvl>
<HierarchyLvl HierarchyLvlId="1959" HierarchyLvlTypeId="54" Intrnl_Id="437" Name="getId">
<Header>
<Loc EndOffset="338" SrcFileId="12" StartOffset="320"/>
</Header>
<LocList>
<Loc EndOffset="365" SrcFileId="12" StartOffset="320"/>
</LocList>
<StmntSeq Intrnl_Id="438">
<LocList>
<Loc EndOffset="359" SrcFileId="12" StartOffset="349"/>
</LocList>
<BasicStmnt CovItemId="S3" CovItemPrefix="amu.model.Author.java" Intrnl_Id="439">
<LocList>
<Loc EndOffset="359" SrcFileId="12" StartOffset="349"/>
</LocList>
</BasicStmnt>
</StmntSeq>
</HierarchyLvl>
<HierarchyLvl HierarchyLvlId="1960" HierarchyLvlTypeId="54" Intrnl_Id="440" Name="setId">
<Header>
<Loc EndOffset="396" SrcFileId="12" StartOffset="371"/>
</Header>
<LocList>
<Loc EndOffset="426" SrcFileId="12" StartOffset="371"/>
</LocList>
<StmntSeq Intrnl_Id="441">
<LocList>
<Loc EndOffset="420" SrcFileId="12" StartOffset="407"/>
</LocList>
<BasicStmnt CovItemId="S4" CovItemPrefix="amu.model.Author.java" Intrnl_Id="442">
<LocList>
<Loc EndOffset="420" SrcFileId="12" StartOffset="407"/>
</LocList>
</BasicStmnt>
</StmntSeq>
</HierarchyLvl>
<HierarchyLvl HierarchyLvlId="1961" HierarchyLvlTypeId="54" Intrnl_Id="443" Name="getName">
<Header>
<Loc EndOffset="455" SrcFileId="12" StartOffset="432"/>
</Header>
<LocList>
<Loc EndOffset="484" SrcFileId="12" StartOffset="432"/>
</LocList>
<StmntSeq Intrnl_Id="444">
<LocList>
<Loc EndOffset="478" SrcFileId="12" StartOffset="466"/>
</LocList>
<BasicStmnt CovItemId="S5" CovItemPrefix="amu.model.Author.java" Intrnl_Id="445">
<LocList>
<Loc EndOffset="478" SrcFileId="12" StartOffset="466"/>
</LocList>
</BasicStmnt>
</StmntSeq>
</HierarchyLvl>
<HierarchyLvl HierarchyLvlId="1962" HierarchyLvlTypeId="54" Intrnl_Id="446" Name="setName">
<Header>
<Loc EndOffset="522" SrcFileId="12" StartOffset="490"/>
</Header>
<LocList>
<Loc EndOffset="556" SrcFileId="12" StartOffset="490"/>
</LocList>
<StmntSeq Intrnl_Id="447">
<LocList>
<Loc EndOffset="550" SrcFileId="12" StartOffset="533"/>
</LocList>
<BasicStmnt CovItemId="S6" CovItemPrefix="amu.model.Author.java" Intrnl_Id="448">
<LocList>
<Loc EndOffset="550" SrcFileId="12" StartOffset="533"/>
</LocList>
</BasicStmnt>
</StmntSeq>
</HierarchyLvl>
</HierarchyLvl>
<HierarchyLvl HierarchyLvlId="1970" HierarchyLvlTypeId="53" Intrnl_Id="449" Name="Address">
<Header>
<Loc EndOffset="40" SrcFileId="13" StartOffset="20"/>
</Header>
<LocList>
<Loc EndOffset="715" SrcFileId="13" StartOffset="20"/>
</LocList>
<HierarchyLvl HierarchyLvlId="1964" HierarchyLvlTypeId="54" Intrnl_Id="450" Name="Address">
<Header>
<Loc EndOffset="197" SrcFileId="13" StartOffset="140"/>
</Header>
<LocList>
<Loc EndOffset="293" SrcFileId="13" StartOffset="140"/>
</LocList>
<StmntSeq Intrnl_Id="451">
<LocList>
<Loc EndOffset="221" SrcFileId="13" StartOffset="208"/>
<Loc EndOffset="255" SrcFileId="13" StartOffset="230"/>
<Loc EndOffset="287" SrcFileId="13" StartOffset="264"/>
</LocList>
<BasicStmnt CovItemId="S1" CovItemPrefix="amu.model.Address.java" Intrnl_Id="452">
<LocList>
<Loc EndOffset="221" SrcFileId="13" StartOffset="208"/>
</LocList>
</BasicStmnt>
<BasicStmnt CovItemId="S2" CovItemPrefix="amu.model.Address.java" Intrnl_Id="453">
<LocList>
<Loc EndOffset="255" SrcFileId="13" StartOffset="230"/>
</LocList>
</BasicStmnt>
<BasicStmnt CovItemId="S3" CovItemPrefix="amu.model.Address.java" Intrnl_Id="454">
<LocList>
<Loc EndOffset="287" SrcFileId="13" StartOffset="264"/>
</LocList>
</BasicStmnt>
</StmntSeq>
</HierarchyLvl>
<HierarchyLvl HierarchyLvlId="1965" HierarchyLvlTypeId="54" Intrnl_Id="455" Name="Address">
<Header>
<Loc EndOffset="348" SrcFileId="13" StartOffset="299"/>
</Header>
<LocList>
<Loc EndOffset="446" SrcFileId="13" StartOffset="299"/>
</LocList>
<StmntSeq Intrnl_Id="456">
<LocList>
<Loc EndOffset="374" SrcFileId="13" StartOffset="359"/>
<Loc EndOffset="408" SrcFileId="13" StartOffset="383"/>
<Loc EndOffset="440" SrcFileId="13" StartOffset="417"/>
</LocList>
<BasicStmnt CovItemId="S4" CovItemPrefix="amu.model.Address.java" Intrnl_Id="457">
<LocList>
<Loc EndOffset="374" SrcFileId="13" StartOffset="359"/>
</LocList>
</BasicStmnt>
<BasicStmnt CovItemId="S5" CovItemPrefix="amu.model.Address.java" Intrnl_Id="458">
<LocList>
<Loc EndOffset="408" SrcFileId="13" StartOffset="383"/>
</LocList>
</BasicStmnt>
<BasicStmnt CovItemId="S6" CovItemPrefix="amu.model.Address.java" Intrnl_Id="459">
<LocList>
<Loc EndOffset="440" SrcFileId="13" StartOffset="417"/>
</LocList>
</BasicStmnt>
</StmntSeq>
</HierarchyLvl>
<HierarchyLvl HierarchyLvlId="1966" HierarchyLvlTypeId="54" Intrnl_Id="460" Name="getId">
<Header>
<Loc EndOffset="470" SrcFileId="13" StartOffset="452"/>
</Header>
<LocList>
<Loc EndOffset="497" SrcFileId="13" StartOffset="452"/>
</LocList>
<StmntSeq Intrnl_Id="461">
<LocList>
<Loc EndOffset="491" SrcFileId="13" StartOffset="481"/>
</LocList>
<BasicStmnt CovItemId="S7" CovItemPrefix="amu.model.Address.java" Intrnl_Id="462">
<LocList>
<Loc EndOffset="491" SrcFileId="13" StartOffset="481"/>
</LocList>
</BasicStmnt>
</StmntSeq>
</HierarchyLvl>
<HierarchyLvl HierarchyLvlId="1967" HierarchyLvlTypeId="54" Intrnl_Id="463" Name="getCustomer">
<Header>
<Loc EndOffset="532" SrcFileId="13" StartOffset="503"/>
</Header>
<LocList>
<Loc EndOffset="565" SrcFileId="13" StartOffset="503"/>
</LocList>
<StmntSeq Intrnl_Id="464">
<LocList>
<Loc EndOffset="559" SrcFileId="13" StartOffset="543"/>
</LocList>
<BasicStmnt CovItemId="S8" CovItemPrefix="amu.model.Address.java" Intrnl_Id="465">
<LocList>
<Loc EndOffset="559" SrcFileId="13" StartOffset="543"/>
</LocList>
</BasicStmnt>
</StmntSeq>
</HierarchyLvl>
<HierarchyLvl HierarchyLvlId="1968" HierarchyLvlTypeId="54" Intrnl_Id="466" Name="getAddress">
<Header>
<Loc EndOffset="597" SrcFileId="13" StartOffset="571"/>
</Header>
<LocList>
<Loc EndOffset="629" SrcFileId="13" StartOffset="571"/>
</LocList>
<StmntSeq Intrnl_Id="467">
<LocList>
<Loc EndOffset="623" SrcFileId="13" StartOffset="608"/>
</LocList>
<BasicStmnt CovItemId="S9" CovItemPrefix="amu.model.Address.java" Intrnl_Id="468">
<LocList>
<Loc EndOffset="623" SrcFileId="13" StartOffset="608"/>
</LocList>
</BasicStmnt>
</StmntSeq>
</HierarchyLvl>
<HierarchyLvl HierarchyLvlId="1969" HierarchyLvlTypeId="54" Intrnl_Id="469" Name="setAddress">
<Header>
<Loc EndOffset="673" SrcFileId="13" StartOffset="635"/>
</Header>
<LocList>
<Loc EndOffset="713" SrcFileId="13" StartOffset="635"/>
</LocList>
<StmntSeq Intrnl_Id="470">
<LocList>
<Loc EndOffset="707" SrcFileId="13" StartOffset="684"/>
</LocList>
<BasicStmnt CovItemId="S10" CovItemPrefix="amu.model.Address.java" Intrnl_Id="471">
<LocList>
<Loc EndOffset="707" SrcFileId="13" StartOffset="684"/>
</LocList>
</BasicStmnt>
</StmntSeq>
</HierarchyLvl>
</HierarchyLvl>
</HierarchyLvl>
<HierarchyLvl HierarchyLvlId="2078" HierarchyLvlTypeId="52" Intrnl_Id="472" Name="database">
<Header/>
<LocList/>
<HierarchyLvl HierarchyLvlId="1973" HierarchyLvlTypeId="53" Intrnl_Id="473" Name="OrderDAO">
<Header>
<Loc EndOffset="415" SrcFileId="14" StartOffset="394"/>
</Header>
<LocList>
<Loc EndOffset="2818" SrcFileId="14" StartOffset="394"/>
</LocList>
<StmntSeq Intrnl_Id="474">
<LocList>
<Loc EndOffset="452" SrcFileId="14" StartOffset="423"/>
<Loc EndOffset="492" SrcFileId="14" StartOffset="457"/>
<Loc EndOffset="524" SrcFileId="14" StartOffset="497"/>
</LocList>
<BasicStmnt CovItemId="S1" CovItemPrefix="amu.database.OrderDAO.java" Intrnl_Id="475">
<LocList>
<Loc EndOffset="452" SrcFileId="14" StartOffset="423"/>
</LocList>
</BasicStmnt>
<BasicStmnt CovItemId="S2" CovItemPrefix="amu.database.OrderDAO.java" Intrnl_Id="476">
<LocList>
<Loc EndOffset="492" SrcFileId="14" StartOffset="457"/>
</LocList>
</BasicStmnt>
<BasicStmnt CovItemId="S3" CovItemPrefix="amu.database.OrderDAO.java" Intrnl_Id="477">
<LocList>
<Loc EndOffset="524" SrcFileId="14" StartOffset="497"/>
</LocList>
</BasicStmnt>
</StmntSeq>
<HierarchyLvl HierarchyLvlId="1971" HierarchyLvlTypeId="54" Intrnl_Id="478" Name="browse">
<Header>
<Loc EndOffset="578" SrcFileId="14" StartOffset="534"/>
</Header>
<LocList>
<Loc EndOffset="1748" SrcFileId="14" StartOffset="534"/>
</LocList>
<StmntSeq Intrnl_Id="479">
<LocList>
<Loc EndOffset="633" SrcFileId="14" StartOffset="589"/>
<Loc EndOffset="699" SrcFileId="14" StartOffset="661"/>
<Loc EndOffset="771" SrcFileId="14" StartOffset="712"/>
<Loc EndOffset="831" SrcFileId="14" StartOffset="784"/>
<Loc EndOffset="882" SrcFileId="14" StartOffset="844"/>
<Loc EndOffset="932" SrcFileId="14" StartOffset="895"/>
<Loc EndOffset="1491" SrcFileId="14" StartOffset="946"/>
<Loc EndOffset="1636" SrcFileId="14" StartOffset="643"/>
<Loc EndOffset="1708" SrcFileId="14" StartOffset="1659"/>
<Loc EndOffset="1742" SrcFileId="14" StartOffset="1728"/>
</LocList>
<BasicStmnt CovItemId="S4" CovItemPrefix="amu.database.OrderDAO.java" Intrnl_Id="480">
<LocList>
<Loc EndOffset="633" SrcFileId="14" StartOffset="589"/>
</LocList>
</BasicStmnt>
<BasicStmnt CovItemId="S6" CovItemPrefix="amu.database.OrderDAO.java" Intrnl_Id="481">
<LocList>
<Loc EndOffset="699" SrcFileId="14" StartOffset="661"/>
</LocList>
</BasicStmnt>
<BasicStmnt CovItemId="S7" CovItemPrefix="amu.database.OrderDAO.java" Intrnl_Id="482">
<LocList>
<Loc EndOffset="771" SrcFileId="14" StartOffset="712"/>
</LocList>
</BasicStmnt>
<BasicStmnt CovItemId="S8" CovItemPrefix="amu.database.OrderDAO.java" Intrnl_Id="483">
<LocList>
<Loc EndOffset="831" SrcFileId="14" StartOffset="784"/>
</LocList>
</BasicStmnt>
<BasicStmnt CovItemId="S9" CovItemPrefix="amu.database.OrderDAO.java" Intrnl_Id="484">
<LocList>
<Loc EndOffset="882" SrcFileId="14" StartOffset="844"/>
</LocList>
</BasicStmnt>
<BasicStmnt CovItemId="S10" CovItemPrefix="amu.database.OrderDAO.java" Intrnl_Id="485">
<LocList>
<Loc EndOffset="932" SrcFileId="14" StartOffset="895"/>
</LocList>
</BasicStmnt>
<LoopStmnt CovItemId="S11" CovItemPrefix="amu.database.OrderDAO.java" Intrnl_Id="486" MltplExecId="L1-2" MltplExecPrefix="amu.database.OrderDAO.java" NvrExecId="L1-0" NvrExecPrefix="amu.database.OrderDAO.java" OnceExecutedId="L1-1" OnceExecutedPrefix="amu.database.OrderDAO.java" OptBodyExec="true">
<StmntSeq Intrnl_Id="487">
<LocList>
<Loc EndOffset="1030" SrcFileId="14" StartOffset="989"/>
<Loc EndOffset="1093" SrcFileId="14" StartOffset="1047"/>
<Loc EndOffset="1160" SrcFileId="14" StartOffset="1110"/>
<Loc EndOffset="1477" SrcFileId="14" StartOffset="1177"/>
</LocList>
<BasicStmnt CovItemId="S12" CovItemPrefix="amu.database.OrderDAO.java" Intrnl_Id="488">
<LocList>
<Loc EndOffset="1030" SrcFileId="14" StartOffset="989"/>
</LocList>
</BasicStmnt>
<BasicStmnt CovItemId="S13" CovItemPrefix="amu.database.OrderDAO.java" Intrnl_Id="489">
<LocList>
<Loc EndOffset="1093" SrcFileId="14" StartOffset="1047"/>
</LocList>
</BasicStmnt>
<BasicStmnt CovItemId="S14" CovItemPrefix="amu.database.OrderDAO.java" Intrnl_Id="490">
<LocList>
<Loc EndOffset="1160" SrcFileId="14" StartOffset="1110"/>
</LocList>
</BasicStmnt>
<BasicStmnt CovItemId="S15" CovItemPrefix="amu.database.OrderDAO.java" Intrnl_Id="491">
<LocList>
<Loc EndOffset="1477" SrcFileId="14" StartOffset="1177"/>
</LocList>
</BasicStmnt>
</StmntSeq>
<Keyword EndOffset="951" SrcFileId="14" StartOffset="946"/>
<LocList>
<Loc EndOffset="1491" SrcFileId="14" StartOffset="946"/>
</LocList>
<RootTerm CovItemId="C1" CovItemPrefix="amu.database.OrderDAO.java" Intrnl_Id="492">
<BasicBoolTerm Intrnl_Id="493">
<LocList>
<Loc EndOffset="969" SrcFileId="14" StartOffset="953"/>
</LocList>
</BasicBoolTerm>
</RootTerm>
</LoopStmnt>
<CondStmnt CovItemId="S5" CovItemPrefix="amu.database.OrderDAO.java" Intrnl_Id="494">
<Branch CovItemId="B1" CovItemPrefix="amu.database.OrderDAO.java" Implct="true" Intrnl_Id="495">
<Cond/>
<LocList/>
<StmntSeq Intrnl_Id="496">
<LocList/>
</StmntSeq>
</Branch>
<Branch CovItemId="B2" CovItemPrefix="amu.database.OrderDAO.java" Implct="false" Intrnl_Id="497">
<Cond>
<Loc EndOffset="1532" SrcFileId="14" StartOffset="1502"/>
</Cond>
<LocList>
<Loc EndOffset="1636" SrcFileId="14" StartOffset="1533"/>
</LocList>
<StmntSeq Intrnl_Id="498">
<LocList>
<Loc EndOffset="1626" SrcFileId="14" StartOffset="1547"/>
</LocList>
<BasicStmnt CovItemId="S16" CovItemPrefix="amu.database.OrderDAO.java" Intrnl_Id="499">
<LocList>
<Loc EndOffset="1626" SrcFileId="14" StartOffset="1547"/>
</LocList>
</BasicStmnt>
</StmntSeq>
</Branch>
<Keyword EndOffset="646" SrcFileId="14" StartOffset="643"/>
<LocList>
<Loc EndOffset="1636" SrcFileId="14" StartOffset="643"/>
</LocList>
</CondStmnt>
<BasicStmnt CovItemId="S17" CovItemPrefix="amu.database.OrderDAO.java" Intrnl_Id="500">
<LocList>
<Loc EndOffset="1708" SrcFileId="14" StartOffset="1659"/>
</LocList>
</BasicStmnt>
<BasicStmnt CovItemId="S18" CovItemPrefix="amu.database.OrderDAO.java" Intrnl_Id="501">
<LocList>
<Loc EndOffset="1742" SrcFileId="14" StartOffset="1728"/>
</LocList>
</BasicStmnt>
</StmntSeq>
</HierarchyLvl>
<HierarchyLvl HierarchyLvlId="1972" HierarchyLvlTypeId="54" Intrnl_Id="502" Name="add">
<Header>
<Loc EndOffset="1793" SrcFileId="14" StartOffset="1762"/>
</Header>
<LocList>
<Loc EndOffset="2816" SrcFileId="14" StartOffset="1762"/>
</LocList>
<StmntSeq Intrnl_Id="503">
<LocList>
<Loc EndOffset="1861" SrcFileId="14" StartOffset="1823"/>
<Loc EndOffset="1993" SrcFileId="14" StartOffset="1875"/>
<Loc EndOffset="2086" SrcFileId="14" StartOffset="2006"/>
<Loc EndOffset="2148" SrcFileId="14" StartOffset="2099"/>
<Loc EndOffset="2209" SrcFileId="14" StartOffset="2161"/>
<Loc EndOffset="2283" SrcFileId="14" StartOffset="2222"/>
<Loc EndOffset="2335" SrcFileId="14" StartOffset="2296"/>
<Loc EndOffset="2374" SrcFileId="14" StartOffset="2348"/>
<Loc EndOffset="2441" SrcFileId="14" StartOffset="2400"/>
<Loc EndOffset="2560" SrcFileId="14" StartOffset="2454"/>
<Loc EndOffset="2705" SrcFileId="14" StartOffset="1805"/>
<Loc EndOffset="2777" SrcFileId="14" StartOffset="2728"/>
<Loc EndOffset="2810" SrcFileId="14" StartOffset="2797"/>
</LocList>
<BasicStmnt CovItemId="S20" CovItemPrefix="amu.database.OrderDAO.java" Intrnl_Id="504">
<LocList>
<Loc EndOffset="1861" SrcFileId="14" StartOffset="1823"/>
</LocList>
</BasicStmnt>
<BasicStmnt CovItemId="S21" CovItemPrefix="amu.database.OrderDAO.java" Intrnl_Id="505">
<LocList>
<Loc EndOffset="1993" SrcFileId="14" StartOffset="1875"/>
</LocList>
</BasicStmnt>
<BasicStmnt CovItemId="S22" CovItemPrefix="amu.database.OrderDAO.java" Intrnl_Id="506">
<LocList>
<Loc EndOffset="2086" SrcFileId="14" StartOffset="2006"/>
</LocList>
</BasicStmnt>
<BasicStmnt CovItemId="S23" CovItemPrefix="amu.database.OrderDAO.java" Intrnl_Id="507">
<LocList>
<Loc EndOffset="2148" SrcFileId="14" StartOffset="2099"/>
</LocList>
</BasicStmnt>
<BasicStmnt CovItemId="S24" CovItemPrefix="amu.database.OrderDAO.java" Intrnl_Id="508">
<LocList>
<Loc EndOffset="2209" SrcFileId="14" StartOffset="2161"/>
</LocList>
</BasicStmnt>
<BasicStmnt CovItemId="S25" CovItemPrefix="amu.database.OrderDAO.java" Intrnl_Id="509">
<LocList>
<Loc EndOffset="2283" SrcFileId="14" StartOffset="2222"/>
</LocList>
</BasicStmnt>
<BasicStmnt CovItemId="S26" CovItemPrefix="amu.database.OrderDAO.java" Intrnl_Id="510">
<LocList>
<Loc EndOffset="2335" SrcFileId="14" StartOffset="2296"/>
</LocList>
</BasicStmnt>
<BasicStmnt CovItemId="S27" CovItemPrefix="amu.database.OrderDAO.java" Intrnl_Id="511">
<LocList>
<Loc EndOffset="2374" SrcFileId="14" StartOffset="2348"/>
</LocList>
</BasicStmnt>
<BasicStmnt CovItemId="S28" CovItemPrefix="amu.database.OrderDAO.java" Intrnl_Id="512">
<LocList>
<Loc EndOffset="2441" SrcFileId="14" StartOffset="2400"/>
</LocList>
</BasicStmnt>
<CondStmnt CovItemId="S29" CovItemPrefix="amu.database.OrderDAO.java" Intrnl_Id="513">
<Branch CovItemId="B4" CovItemPrefix="amu.database.OrderDAO.java" Implct="false" Intrnl_Id="514">
<Cond/>
<LocList>
<Loc EndOffset="2560" SrcFileId="14" StartOffset="2476"/>
</LocList>
<StmntSeq Intrnl_Id="515">
<LocList>
<Loc EndOffset="2546" SrcFileId="14" StartOffset="2534"/>
</LocList>
<BasicStmnt CovItemId="S30" CovItemPrefix="amu.database.OrderDAO.java" Intrnl_Id="516">
<LocList>
<Loc EndOffset="2546" SrcFileId="14" StartOffset="2534"/>
</LocList>
</BasicStmnt>
</StmntSeq>
</Branch>
<Branch CovItemId="B5" CovItemPrefix="amu.database.OrderDAO.java" Implct="true" Intrnl_Id="517">
<Cond/>
<LocList/>
<StmntSeq Intrnl_Id="518">
<LocList/>
</StmntSeq>
</Branch>
<Keyword EndOffset="2456" SrcFileId="14" StartOffset="2454"/>
<LocList>
<Loc EndOffset="2560" SrcFileId="14" StartOffset="2454"/>
</LocList>
<RootTerm CovItemId="C2" CovItemPrefix="amu.database.OrderDAO.java" Intrnl_Id="519">
<BasicBoolTerm Intrnl_Id="520">
<LocList>
<Loc EndOffset="2474" SrcFileId="14" StartOffset="2458"/>
</LocList>
</BasicBoolTerm>
</RootTerm>
</CondStmnt>
<CondStmnt CovItemId="S19" CovItemPrefix="amu.database.OrderDAO.java" Intrnl_Id="521">
<Branch CovItemId="B3" CovItemPrefix="amu.database.OrderDAO.java" Implct="true" Intrnl_Id="522">
<Cond/>
<LocList/>
<StmntSeq Intrnl_Id="523">
<LocList/>
</StmntSeq>
</Branch>
<Branch CovItemId="B6" CovItemPrefix="amu.database.OrderDAO.java" Implct="false" Intrnl_Id="524">
<Cond>
<Loc EndOffset="2601" SrcFileId="14" StartOffset="2571"/>
</Cond>
<LocList>
<Loc EndOffset="2705" SrcFileId="14" StartOffset="2602"/>
</LocList>
<StmntSeq Intrnl_Id="525">
<LocList>
<Loc EndOffset="2695" SrcFileId="14" StartOffset="2616"/>
</LocList>
<BasicStmnt CovItemId="S31" CovItemPrefix="amu.database.OrderDAO.java" Intrnl_Id="526">
<LocList>
<Loc EndOffset="2695" SrcFileId="14" StartOffset="2616"/>
</LocList>
</BasicStmnt>
</StmntSeq>
</Branch>
<Keyword EndOffset="1808" SrcFileId="14" StartOffset="1805"/>
<LocList>
<Loc EndOffset="2705" SrcFileId="14" StartOffset="1805"/>
</LocList>
</CondStmnt>
<BasicStmnt CovItemId="S32" CovItemPrefix="amu.database.OrderDAO.java" Intrnl_Id="527">
<LocList>
<Loc EndOffset="2777" SrcFileId="14" StartOffset="2728"/>
</LocList>
</BasicStmnt>
<BasicStmnt CovItemId="S33" CovItemPrefix="amu.database.OrderDAO.java" Intrnl_Id="528">
<LocList>
<Loc EndOffset="2810" SrcFileId="14" StartOffset="2797"/>
</LocList>
</BasicStmnt>
</StmntSeq>
</HierarchyLvl>
</HierarchyLvl>
<HierarchyLvl HierarchyLvlId="1981" HierarchyLvlTypeId="53" Intrnl_Id="529" Name="Database">
<Header>
<Loc EndOffset="350" SrcFileId="15" StartOffset="323"/>
</Header>
<LocList>
<Loc EndOffset="2293" SrcFileId="15" StartOffset="323"/>
</LocList>
<HierarchyLvl HierarchyLvlId="1974" HierarchyLvlTypeId="54" Intrnl_Id="530" Name="Database">
<Header>
<Loc EndOffset="380" SrcFileId="15" StartOffset="362"/>
</Header>
<LocList>
<Loc EndOffset="384" SrcFileId="15" StartOffset="362"/>
</LocList>
</HierarchyLvl>
<HierarchyLvl HierarchyLvlId="1975" HierarchyLvlTypeId="54" Intrnl_Id="531" Name="getConnection">
<Header>
<Loc EndOffset="430" SrcFileId="15" StartOffset="390"/>
</Header>
<LocList>
<Loc EndOffset="963" SrcFileId="15" StartOffset="390"/>
</LocList>
<StmntSeq Intrnl_Id="532">
<LocList>
<Loc EndOffset="470" SrcFileId="15" StartOffset="441"/>
<Loc EndOffset="592" SrcFileId="15" StartOffset="498"/>
<Loc EndOffset="921" SrcFileId="15" StartOffset="480"/>
<Loc EndOffset="957" SrcFileId="15" StartOffset="939"/>
</LocList>
<BasicStmnt CovItemId="S1" CovItemPrefix="amu.database.Database.java" Intrnl_Id="533">
<LocList>
<Loc EndOffset="470" SrcFileId="15" StartOffset="441"/>
</LocList>
</BasicStmnt>
<BasicStmnt CovItemId="S3" CovItemPrefix="amu.database.Database.java" Intrnl_Id="534">
<LocList>
<Loc EndOffset="592" SrcFileId="15" StartOffset="498"/>
</LocList>
</BasicStmnt>
<CondStmnt CovItemId="S2" CovItemPrefix="amu.database.Database.java" Intrnl_Id="535">
<Branch CovItemId="B1" CovItemPrefix="amu.database.Database.java" Implct="true" Intrnl_Id="536">
<Cond/>
<LocList/>
<StmntSeq Intrnl_Id="537">
<LocList/>
</StmntSeq>
</Branch>
<Branch CovItemId="B2" CovItemPrefix="amu.database.Database.java" Implct="false" Intrnl_Id="538">
<Cond>
<Loc EndOffset="636" SrcFileId="15" StartOffset="603"/>
</Cond>
<LocList>
<Loc EndOffset="763" SrcFileId="15" StartOffset="637"/>
</LocList>
<StmntSeq Intrnl_Id="539">
<LocList>
<Loc EndOffset="753" SrcFileId="15" StartOffset="651"/>
</LocList>
<BasicStmnt CovItemId="S4" CovItemPrefix="amu.database.Database.java" Intrnl_Id="540">
<LocList>
<Loc EndOffset="753" SrcFileId="15" StartOffset="651"/>
</LocList>
</BasicStmnt>
</StmntSeq>
</Branch>
<Branch CovItemId="B3" CovItemPrefix="amu.database.Database.java" Implct="false" Intrnl_Id="541">
<Cond>
<Loc EndOffset="794" SrcFileId="15" StartOffset="764"/>
</Cond>
<LocList>
<Loc EndOffset="921" SrcFileId="15" StartOffset="795"/>
</LocList>
<StmntSeq Intrnl_Id="542">
<LocList>
<Loc EndOffset="911" SrcFileId="15" StartOffset="809"/>
</LocList>
<BasicStmnt CovItemId="S5" CovItemPrefix="amu.database.Database.java" Intrnl_Id="543">
<LocList>
<Loc EndOffset="911" SrcFileId="15" StartOffset="809"/>
</LocList>
</BasicStmnt>
</StmntSeq>
</Branch>
<Keyword EndOffset="483" SrcFileId="15" StartOffset="480"/>
<LocList>
<Loc EndOffset="921" SrcFileId="15" StartOffset="480"/>
</LocList>
</CondStmnt>
<BasicStmnt CovItemId="S6" CovItemPrefix="amu.database.Database.java" Intrnl_Id="544">
<LocList>
<Loc EndOffset="957" SrcFileId="15" StartOffset="939"/>
</LocList>
</BasicStmnt>
</StmntSeq>
</HierarchyLvl>
<HierarchyLvl HierarchyLvlId="1976" HierarchyLvlTypeId="54" Intrnl_Id="545" Name="close">
<Header>
<Loc EndOffset="1016" SrcFileId="15" StartOffset="969"/>
</Header>
<LocList>
<Loc EndOffset="1302" SrcFileId="15" StartOffset="969"/>
</LocList>
<StmntSeq Intrnl_Id="546">
<LocList>
<Loc EndOffset="1296" SrcFileId="15" StartOffset="1027"/>
</LocList>
<CondStmnt CovItemId="S7" CovItemPrefix="amu.database.Database.java" Intrnl_Id="547">
<Branch CovItemId="B4" CovItemPrefix="amu.database.Database.java" Implct="false" Intrnl_Id="548">
<Cond/>
<LocList>
<Loc EndOffset="1296" SrcFileId="15" StartOffset="1051"/>
</LocList>
<StmntSeq Intrnl_Id="549">
<LocList>
<Loc EndOffset="1106" SrcFileId="15" StartOffset="1087"/>
<Loc EndOffset="1286" SrcFileId="15" StartOffset="1065"/>
</LocList>
<BasicStmnt CovItemId="S9" CovItemPrefix="amu.database.Database.java" Intrnl_Id="550">
<LocList>
<Loc EndOffset="1106" SrcFileId="15" StartOffset="1087"/>
</LocList>
</BasicStmnt>
<CondStmnt CovItemId="S8" CovItemPrefix="amu.database.Database.java" Intrnl_Id="551">
<Branch CovItemId="B6" CovItemPrefix="amu.database.Database.java" Implct="true" Intrnl_Id="552">
<Cond/>
<LocList/>
<StmntSeq Intrnl_Id="553">
<LocList/>
</StmntSeq>
</Branch>
<Branch CovItemId="B7" CovItemPrefix="amu.database.Database.java" Implct="false" Intrnl_Id="554">
<Cond>
<Loc EndOffset="1151" SrcFileId="15" StartOffset="1121"/>
</Cond>
<LocList>
<Loc EndOffset="1286" SrcFileId="15" StartOffset="1152"/>
</LocList>
<StmntSeq Intrnl_Id="555">
<LocList>
<Loc EndOffset="1272" SrcFileId="15" StartOffset="1170"/>
</LocList>
<BasicStmnt CovItemId="S10" CovItemPrefix="amu.database.Database.java" Intrnl_Id="556">
<LocList>
<Loc EndOffset="1272" SrcFileId="15" StartOffset="1170"/>
</LocList>
</BasicStmnt>
</StmntSeq>
</Branch>
<Keyword EndOffset="1068" SrcFileId="15" StartOffset="1065"/>
<LocList>
<Loc EndOffset="1286" SrcFileId="15" StartOffset="1065"/>
</LocList>
</CondStmnt>
</StmntSeq>
</Branch>
<Branch CovItemId="B5" CovItemPrefix="amu.database.Database.java" Implct="true" Intrnl_Id="557">
<Cond/>
<LocList/>
<StmntSeq Intrnl_Id="558">
<LocList/>
</StmntSeq>
</Branch>
<Keyword EndOffset="1029" SrcFileId="15" StartOffset="1027"/>
<LocList>
<Loc EndOffset="1296" SrcFileId="15" StartOffset="1027"/>
</LocList>
<RootTerm CovItemId="C1" CovItemPrefix="amu.database.Database.java" Intrnl_Id="559">
<BasicBoolTerm Intrnl_Id="560">
<LocList>
<Loc EndOffset="1049" SrcFileId="15" StartOffset="1031"/>
</LocList>
</BasicBoolTerm>
</RootTerm>
</CondStmnt>
</StmntSeq>
</HierarchyLvl>
<HierarchyLvl HierarchyLvlId="1977" HierarchyLvlTypeId="54" Intrnl_Id="561" Name="close">
<Header>
<Loc EndOffset="1353" SrcFileId="15" StartOffset="1308"/>
</Header>
<LocList>
<Loc EndOffset="1636" SrcFileId="15" StartOffset="1308"/>
</LocList>
<StmntSeq Intrnl_Id="562">
<LocList>
<Loc EndOffset="1630" SrcFileId="15" StartOffset="1364"/>
</LocList>
<CondStmnt CovItemId="S11" CovItemPrefix="amu.database.Database.java" Intrnl_Id="563">
<Branch CovItemId="B8" CovItemPrefix="amu.database.Database.java" Implct="false" Intrnl_Id="564">
<Cond/>
<LocList>
<Loc EndOffset="1630" SrcFileId="15" StartOffset="1387"/>
</LocList>
<StmntSeq Intrnl_Id="565">
<LocList>
<Loc EndOffset="1441" SrcFileId="15" StartOffset="1423"/>
<Loc EndOffset="1620" SrcFileId="15" StartOffset="1401"/>
</LocList>
<BasicStmnt CovItemId="S13" CovItemPrefix="amu.database.Database.java" Intrnl_Id="566">
<LocList>
<Loc EndOffset="1441" SrcFileId="15" StartOffset="1423"/>
</LocList>
</BasicStmnt>
<CondStmnt CovItemId="S12" CovItemPrefix="amu.database.Database.java" Intrnl_Id="567">
<Branch CovItemId="B10" CovItemPrefix="amu.database.Database.java" Implct="true" Intrnl_Id="568">
<Cond/>
<LocList/>
<StmntSeq Intrnl_Id="569">
<LocList/>
</StmntSeq>
</Branch>
<Branch CovItemId="B11" CovItemPrefix="amu.database.Database.java" Implct="false" Intrnl_Id="570">
<Cond>
<Loc EndOffset="1486" SrcFileId="15" StartOffset="1456"/>
</Cond>
<LocList>
<Loc EndOffset="1620" SrcFileId="15" StartOffset="1487"/>
</LocList>
<StmntSeq Intrnl_Id="571">
<LocList>
<Loc EndOffset="1606" SrcFileId="15" StartOffset="1505"/>
</LocList>
<BasicStmnt CovItemId="S14" CovItemPrefix="amu.database.Database.java" Intrnl_Id="572">
<LocList>
<Loc EndOffset="1606" SrcFileId="15" StartOffset="1505"/>
</LocList>
</BasicStmnt>
</StmntSeq>
</Branch>
<Keyword EndOffset="1404" SrcFileId="15" StartOffset="1401"/>
<LocList>
<Loc EndOffset="1620" SrcFileId="15" StartOffset="1401"/>
</LocList>
</CondStmnt>
</StmntSeq>
</Branch>
<Branch CovItemId="B9" CovItemPrefix="amu.database.Database.java" Implct="true" Intrnl_Id="573">
<Cond/>
<LocList/>
<StmntSeq Intrnl_Id="574">
<LocList/>
</StmntSeq>
</Branch>
<Keyword EndOffset="1366" SrcFileId="15" StartOffset="1364"/>
<LocList>
<Loc EndOffset="1630" SrcFileId="15" StartOffset="1364"/>
</LocList>
<RootTerm CovItemId="C2" CovItemPrefix="amu.database.Database.java" Intrnl_Id="575">
<BasicBoolTerm Intrnl_Id="576">
<LocList>
<Loc EndOffset="1385" SrcFileId="15" StartOffset="1368"/>
</LocList>
</BasicBoolTerm>
</RootTerm>
</CondStmnt>
</StmntSeq>
</HierarchyLvl>
<HierarchyLvl HierarchyLvlId="1978" HierarchyLvlTypeId="54" Intrnl_Id="577" Name="close">
<Header>
<Loc EndOffset="1687" SrcFileId="15" StartOffset="1642"/>
</Header>
<LocList>
<Loc EndOffset="1970" SrcFileId="15" StartOffset="1642"/>
</LocList>
<StmntSeq Intrnl_Id="578">
<LocList>
<Loc EndOffset="1964" SrcFileId="15" StartOffset="1698"/>
</LocList>
<CondStmnt CovItemId="S15" CovItemPrefix="amu.database.Database.java" Intrnl_Id="579">
<Branch CovItemId="B12" CovItemPrefix="amu.database.Database.java" Implct="false" Intrnl_Id="580">
<Cond/>
<LocList>
<Loc EndOffset="1964" SrcFileId="15" StartOffset="1721"/>
</LocList>
<StmntSeq Intrnl_Id="581">
<LocList>
<Loc EndOffset="1775" SrcFileId="15" StartOffset="1757"/>
<Loc EndOffset="1954" SrcFileId="15" StartOffset="1735"/>
</LocList>
<BasicStmnt CovItemId="S17" CovItemPrefix="amu.database.Database.java" Intrnl_Id="582">
<LocList>
<Loc EndOffset="1775" SrcFileId="15" StartOffset="1757"/>
</LocList>
</BasicStmnt>
<CondStmnt CovItemId="S16" CovItemPrefix="amu.database.Database.java" Intrnl_Id="583">
<Branch CovItemId="B14" CovItemPrefix="amu.database.Database.java" Implct="true" Intrnl_Id="584">
<Cond/>
<LocList/>
<StmntSeq Intrnl_Id="585">
<LocList/>
</StmntSeq>
</Branch>
<Branch CovItemId="B15" CovItemPrefix="amu.database.Database.java" Implct="false" Intrnl_Id="586">
<Cond>
<Loc EndOffset="1820" SrcFileId="15" StartOffset="1790"/>
</Cond>
<LocList>
<Loc EndOffset="1954" SrcFileId="15" StartOffset="1821"/>
</LocList>
<StmntSeq Intrnl_Id="587">
<LocList>
<Loc EndOffset="1940" SrcFileId="15" StartOffset="1839"/>
</LocList>
<BasicStmnt CovItemId="S18" CovItemPrefix="amu.database.Database.java" Intrnl_Id="588">
<LocList>
<Loc EndOffset="1940" SrcFileId="15" StartOffset="1839"/>
</LocList>
</BasicStmnt>
</StmntSeq>
</Branch>
<Keyword EndOffset="1738" SrcFileId="15" StartOffset="1735"/>
<LocList>
<Loc EndOffset="1954" SrcFileId="15" StartOffset="1735"/>
</LocList>
</CondStmnt>
</StmntSeq>
</Branch>
<Branch CovItemId="B13" CovItemPrefix="amu.database.Database.java" Implct="true" Intrnl_Id="589">
<Cond/>
<LocList/>
<StmntSeq Intrnl_Id="590">
<LocList/>
</StmntSeq>
</Branch>
<Keyword EndOffset="1700" SrcFileId="15" StartOffset="1698"/>
<LocList>
<Loc EndOffset="1964" SrcFileId="15" StartOffset="1698"/>
</LocList>
<RootTerm CovItemId="C3" CovItemPrefix="amu.database.Database.java" Intrnl_Id="591">
<BasicBoolTerm Intrnl_Id="592">
<LocList>
<Loc EndOffset="1719" SrcFileId="15" StartOffset="1702"/>
</LocList>
</BasicBoolTerm>
</RootTerm>
</CondStmnt>
</StmntSeq>
</HierarchyLvl>
<HierarchyLvl HierarchyLvlId="1979" HierarchyLvlTypeId="54" Intrnl_Id="593" Name="close">
<Header>
<Loc EndOffset="2065" SrcFileId="15" StartOffset="1976"/>
</Header>
<LocList>
<Loc EndOffset="2152" SrcFileId="15" StartOffset="1976"/>
</LocList>
<StmntSeq Intrnl_Id="594">
<LocList>
<Loc EndOffset="2093" SrcFileId="15" StartOffset="2076"/>
<Loc EndOffset="2119" SrcFileId="15" StartOffset="2102"/>
<Loc EndOffset="2146" SrcFileId="15" StartOffset="2128"/>
</LocList>
<BasicStmnt CovItemId="S19" CovItemPrefix="amu.database.Database.java" Intrnl_Id="595">
<LocList>
<Loc EndOffset="2093" SrcFileId="15" StartOffset="2076"/>
</LocList>
</BasicStmnt>
<BasicStmnt CovItemId="S20" CovItemPrefix="amu.database.Database.java" Intrnl_Id="596">
<LocList>
<Loc EndOffset="2119" SrcFileId="15" StartOffset="2102"/>
</LocList>
</BasicStmnt>
<BasicStmnt CovItemId="S21" CovItemPrefix="amu.database.Database.java" Intrnl_Id="597">
<LocList>
<Loc EndOffset="2146" SrcFileId="15" StartOffset="2128"/>
</LocList>
</BasicStmnt>
</StmntSeq>
</HierarchyLvl>
<HierarchyLvl HierarchyLvlId="1980" HierarchyLvlTypeId="54" Intrnl_Id="598" Name="close">
<Header>
<Loc EndOffset="2230" SrcFileId="15" StartOffset="2162"/>
</Header>
<LocList>
<Loc EndOffset="2291" SrcFileId="15" StartOffset="2162"/>
</LocList>
<StmntSeq Intrnl_Id="599">
<LocList>
<Loc EndOffset="2258" SrcFileId="15" StartOffset="2241"/>
<Loc EndOffset="2285" SrcFileId="15" StartOffset="2267"/>
</LocList>
<BasicStmnt CovItemId="S22" CovItemPrefix="amu.database.Database.java" Intrnl_Id="600">
<LocList>
<Loc EndOffset="2258" SrcFileId="15" StartOffset="2241"/>
</LocList>
</BasicStmnt>
<BasicStmnt CovItemId="S23" CovItemPrefix="amu.database.Database.java" Intrnl_Id="601">
<LocList>
<Loc EndOffset="2285" SrcFileId="15" StartOffset="2267"/>
</LocList>
</BasicStmnt>
</StmntSeq>
</HierarchyLvl>
</HierarchyLvl>
<HierarchyLvl HierarchyLvlId="1988" HierarchyLvlTypeId="53" Intrnl_Id="602" Name="CustomerDAO">
<Header>
<Loc EndOffset="321" SrcFileId="16" StartOffset="297"/>
</Header>
<LocList>
<Loc EndOffset="5407" SrcFileId="16" StartOffset="297"/>
</LocList>
<HierarchyLvl HierarchyLvlId="1982" HierarchyLvlTypeId="54" Intrnl_Id="603" Name="hashPassword">
<Header>
<Loc EndOffset="388" SrcFileId="16" StartOffset="329"/>
</Header>
<LocList>
<Loc EndOffset="829" SrcFileId="16" StartOffset="329"/>
</LocList>
<StmntSeq Intrnl_Id="604">
<LocList>
<Loc EndOffset="428" SrcFileId="16" StartOffset="399"/>
<Loc EndOffset="638" SrcFileId="16" StartOffset="500"/>
<Loc EndOffset="783" SrcFileId="16" StartOffset="437"/>
<Loc EndOffset="823" SrcFileId="16" StartOffset="801"/>
</LocList>
<BasicStmnt CovItemId="S1" CovItemPrefix="amu.database.CustomerDAO.java" Intrnl_Id="605">
<LocList>
<Loc EndOffset="428" SrcFileId="16" StartOffset="399"/>
</LocList>
</BasicStmnt>
<BasicStmnt CovItemId="S3" CovItemPrefix="amu.database.CustomerDAO.java" Intrnl_Id="606">
<LocList>
<Loc EndOffset="638" SrcFileId="16" StartOffset="500"/>
</LocList>
</BasicStmnt>
<CondStmnt CovItemId="S2" CovItemPrefix="amu.database.CustomerDAO.java" Intrnl_Id="607">
<Branch CovItemId="B1" CovItemPrefix="amu.database.CustomerDAO.java" Implct="true" Intrnl_Id="608">
<Cond/>
<LocList/>
<StmntSeq Intrnl_Id="609">
<LocList/>
</StmntSeq>
</Branch>
<Branch CovItemId="B2" CovItemPrefix="amu.database.CustomerDAO.java" Implct="false" Intrnl_Id="610">
<Cond>
<Loc EndOffset="684" SrcFileId="16" StartOffset="649"/>
</Cond>
<LocList>
<Loc EndOffset="783" SrcFileId="16" StartOffset="685"/>
</LocList>
<StmntSeq Intrnl_Id="611">
<LocList>
<Loc EndOffset="773" SrcFileId="16" StartOffset="699"/>
</LocList>
<BasicStmnt CovItemId="S4" CovItemPrefix="amu.database.CustomerDAO.java" Intrnl_Id="612">
<LocList>
<Loc EndOffset="773" SrcFileId="16" StartOffset="699"/>
</LocList>
</BasicStmnt>
</StmntSeq>
</Branch>
<Keyword EndOffset="440" SrcFileId="16" StartOffset="437"/>
<LocList>
<Loc EndOffset="783" SrcFileId="16" StartOffset="437"/>
</LocList>
</CondStmnt>
<BasicStmnt CovItemId="S5" CovItemPrefix="amu.database.CustomerDAO.java" Intrnl_Id="613">
<LocList>
<Loc EndOffset="823" SrcFileId="16" StartOffset="801"/>
</LocList>
</BasicStmnt>
</StmntSeq>
</HierarchyLvl>
<HierarchyLvl HierarchyLvlId="1983" HierarchyLvlTypeId="54" Intrnl_Id="614" Name="generateActivationCode">
<Header>
<Loc EndOffset="880" SrcFileId="16" StartOffset="835"/>
</Header>
<LocList>
<Loc EndOffset="1063" SrcFileId="16" StartOffset="835"/>
</LocList>
<StmntSeq Intrnl_Id="615">
<LocList>
<Loc EndOffset="932" SrcFileId="16" StartOffset="891"/>
<Loc EndOffset="968" SrcFileId="16" StartOffset="941"/>
<Loc EndOffset="1001" SrcFileId="16" StartOffset="977"/>
<Loc EndOffset="1057" SrcFileId="16" StartOffset="1010"/>
</LocList>
<BasicStmnt CovItemId="S6" CovItemPrefix="amu.database.CustomerDAO.java" Intrnl_Id="616">
<LocList>
<Loc EndOffset="932" SrcFileId="16" StartOffset="891"/>
</LocList>
</BasicStmnt>
<BasicStmnt CovItemId="S7" CovItemPrefix="amu.database.CustomerDAO.java" Intrnl_Id="617">
<LocList>
<Loc EndOffset="968" SrcFileId="16" StartOffset="941"/>
</LocList>
</BasicStmnt>
<BasicStmnt CovItemId="S8" CovItemPrefix="amu.database.CustomerDAO.java" Intrnl_Id="618">
<LocList>
<Loc EndOffset="1001" SrcFileId="16" StartOffset="977"/>
</LocList>
</BasicStmnt>
<BasicStmnt CovItemId="S9" CovItemPrefix="amu.database.CustomerDAO.java" Intrnl_Id="619">
<LocList>
<Loc EndOffset="1057" SrcFileId="16" StartOffset="1010"/>
</LocList>
</BasicStmnt>
</StmntSeq>
</HierarchyLvl>
<HierarchyLvl HierarchyLvlId="1984" HierarchyLvlTypeId="54" Intrnl_Id="620" Name="findByEmail">
<Header>
<Loc EndOffset="1110" SrcFileId="16" StartOffset="1069"/>
</Header>
<LocList>
<Loc EndOffset="2356" SrcFileId="16" StartOffset="1069"/>
</LocList>
<StmntSeq Intrnl_Id="621">
<LocList>
<Loc EndOffset="1146" SrcFileId="16" StartOffset="1121"/>
<Loc EndOffset="1185" SrcFileId="16" StartOffset="1156"/>
<Loc EndOffset="1221" SrcFileId="16" StartOffset="1194"/>
<Loc EndOffset="1257" SrcFileId="16" StartOffset="1230"/>
<Loc EndOffset="1323" SrcFileId="16" StartOffset="1285"/>
<Loc EndOffset="1377" SrcFileId="16" StartOffset="1336"/>
<Loc EndOffset="1499" SrcFileId="16" StartOffset="1391"/>
<Loc EndOffset="1554" SrcFileId="16" StartOffset="1512"/>
<Loc EndOffset="1662" SrcFileId="16" StartOffset="1567"/>
<Loc EndOffset="2098" SrcFileId="16" StartOffset="1677"/>
<Loc EndOffset="2243" SrcFileId="16" StartOffset="1267"/>
<Loc EndOffset="2315" SrcFileId="16" StartOffset="2266"/>
<Loc EndOffset="2350" SrcFileId="16" StartOffset="2334"/>
</LocList>
<BasicStmnt CovItemId="S10" CovItemPrefix="amu.database.CustomerDAO.java" Intrnl_Id="622">
<LocList>
<Loc EndOffset="1146" SrcFileId="16" StartOffset="1121"/>
</LocList>
</BasicStmnt>
<BasicStmnt CovItemId="S11" CovItemPrefix="amu.database.CustomerDAO.java" Intrnl_Id="623">
<LocList>
<Loc EndOffset="1185" SrcFileId="16" StartOffset="1156"/>
</LocList>
</BasicStmnt>
<BasicStmnt CovItemId="S12" CovItemPrefix="amu.database.CustomerDAO.java" Intrnl_Id="624">
<LocList>
<Loc EndOffset="1221" SrcFileId="16" StartOffset="1194"/>
</LocList>
</BasicStmnt>
<BasicStmnt CovItemId="S13" CovItemPrefix="amu.database.CustomerDAO.java" Intrnl_Id="625">
<LocList>
<Loc EndOffset="1257" SrcFileId="16" StartOffset="1230"/>
</LocList>
</BasicStmnt>
<BasicStmnt CovItemId="S15" CovItemPrefix="amu.database.CustomerDAO.java" Intrnl_Id="626">
<LocList>
<Loc EndOffset="1323" SrcFileId="16" StartOffset="1285"/>
</LocList>
</BasicStmnt>
<BasicStmnt CovItemId="S16" CovItemPrefix="amu.database.CustomerDAO.java" Intrnl_Id="627">
<LocList>
<Loc EndOffset="1377" SrcFileId="16" StartOffset="1336"/>
</LocList>
</BasicStmnt>
<BasicStmnt CovItemId="S17" CovItemPrefix="amu.database.CustomerDAO.java" Intrnl_Id="628">
<LocList>
<Loc EndOffset="1499" SrcFileId="16" StartOffset="1391"/>
</LocList>
</BasicStmnt>
<BasicStmnt CovItemId="S18" CovItemPrefix="amu.database.CustomerDAO.java" Intrnl_Id="629">
<LocList>
<Loc EndOffset="1554" SrcFileId="16" StartOffset="1512"/>
</LocList>
</BasicStmnt>
<BasicStmnt CovItemId="S19" CovItemPrefix="amu.database.CustomerDAO.java" Intrnl_Id="630">
<LocList>
<Loc EndOffset="1662" SrcFileId="16" StartOffset="1567"/>
</LocList>
</BasicStmnt>
<CondStmnt CovItemId="S20" CovItemPrefix="amu.database.CustomerDAO.java" Intrnl_Id="631">
<Branch CovItemId="B4" CovItemPrefix="amu.database.CustomerDAO.java" Implct="false" Intrnl_Id="632">
<Cond/>
<LocList>
<Loc EndOffset="2098" SrcFileId="16" StartOffset="1699"/>
</LocList>
<StmntSeq Intrnl_Id="633">
<LocList>
<Loc EndOffset="1743" SrcFileId="16" StartOffset="1717"/>
<Loc EndOffset="1799" SrcFileId="16" StartOffset="1760"/>
<Loc EndOffset="1864" SrcFileId="16" StartOffset="1816"/>
<Loc EndOffset="1935" SrcFileId="16" StartOffset="1881"/>
<Loc EndOffset="1998" SrcFileId="16" StartOffset="1952"/>
<Loc EndOffset="2084" SrcFileId="16" StartOffset="2015"/>
</LocList>
<BasicStmnt CovItemId="S21" CovItemPrefix="amu.database.CustomerDAO.java" Intrnl_Id="634">
<LocList>
<Loc EndOffset="1743" SrcFileId="16" StartOffset="1717"/>
</LocList>
</BasicStmnt>
<BasicStmnt CovItemId="S22" CovItemPrefix="amu.database.CustomerDAO.java" Intrnl_Id="635">
<LocList>
<Loc EndOffset="1799" SrcFileId="16" StartOffset="1760"/>
</LocList>
</BasicStmnt>
<BasicStmnt CovItemId="S23" CovItemPrefix="amu.database.CustomerDAO.java" Intrnl_Id="636">
<LocList>
<Loc EndOffset="1864" SrcFileId="16" StartOffset="1816"/>
</LocList>
</BasicStmnt>
<BasicStmnt CovItemId="S24" CovItemPrefix="amu.database.CustomerDAO.java" Intrnl_Id="637">
<LocList>
<Loc EndOffset="1935" SrcFileId="16" StartOffset="1881"/>
</LocList>
</BasicStmnt>
<BasicStmnt CovItemId="S25" CovItemPrefix="amu.database.CustomerDAO.java" Intrnl_Id="638">
<LocList>
<Loc EndOffset="1998" SrcFileId="16" StartOffset="1952"/>
</LocList>
</BasicStmnt>
<BasicStmnt CovItemId="S26" CovItemPrefix="amu.database.CustomerDAO.java" Intrnl_Id="639">
<LocList>
<Loc EndOffset="2084" SrcFileId="16" StartOffset="2015"/>
</LocList>
</BasicStmnt>
</StmntSeq>
</Branch>
<Branch CovItemId="B5" CovItemPrefix="amu.database.CustomerDAO.java" Implct="true" Intrnl_Id="640">
<Cond/>
<LocList/>
<StmntSeq Intrnl_Id="641">
<LocList/>
</StmntSeq>
</Branch>
<Keyword EndOffset="1679" SrcFileId="16" StartOffset="1677"/>
<LocList>
<Loc EndOffset="2098" SrcFileId="16" StartOffset="1677"/>
</LocList>
<RootTerm CovItemId="C1" CovItemPrefix="amu.database.CustomerDAO.java" Intrnl_Id="642">
<BasicBoolTerm Intrnl_Id="643">
<LocList>
<Loc EndOffset="1697" SrcFileId="16" StartOffset="1681"/>
</LocList>
</BasicBoolTerm>
</RootTerm>
</CondStmnt>
<CondStmnt CovItemId="S14" CovItemPrefix="amu.database.CustomerDAO.java" Intrnl_Id="644">
<Branch CovItemId="B3" CovItemPrefix="amu.database.CustomerDAO.java" Implct="true" Intrnl_Id="645">
<Cond/>
<LocList/>
<StmntSeq Intrnl_Id="646">
<LocList/>
</StmntSeq>
</Branch>
<Branch CovItemId="B6" CovItemPrefix="amu.database.CustomerDAO.java" Implct="false" Intrnl_Id="647">
<Cond>
<Loc EndOffset="2139" SrcFileId="16" StartOffset="2109"/>
</Cond>
<LocList>
<Loc EndOffset="2243" SrcFileId="16" StartOffset="2140"/>
</LocList>
<StmntSeq Intrnl_Id="648">
<LocList>
<Loc EndOffset="2233" SrcFileId="16" StartOffset="2154"/>
</LocList>
<BasicStmnt CovItemId="S27" CovItemPrefix="amu.database.CustomerDAO.java" Intrnl_Id="649">
<LocList>
<Loc EndOffset="2233" SrcFileId="16" StartOffset="2154"/>
</LocList>
</BasicStmnt>
</StmntSeq>
</Branch>
<Keyword EndOffset="1270" SrcFileId="16" StartOffset="1267"/>
<LocList>
<Loc EndOffset="2243" SrcFileId="16" StartOffset="1267"/>
</LocList>
</CondStmnt>
<BasicStmnt CovItemId="S28" CovItemPrefix="amu.database.CustomerDAO.java" Intrnl_Id="650">
<LocList>
<Loc EndOffset="2315" SrcFileId="16" StartOffset="2266"/>
</LocList>
</BasicStmnt>
<BasicStmnt CovItemId="S29" CovItemPrefix="amu.database.CustomerDAO.java" Intrnl_Id="651">
<LocList>
<Loc EndOffset="2350" SrcFileId="16" StartOffset="2334"/>
</LocList>
</BasicStmnt>
</StmntSeq>
</HierarchyLvl>
<HierarchyLvl HierarchyLvlId="1985" HierarchyLvlTypeId="54" Intrnl_Id="652" Name="edit">
<Header>
<Loc EndOffset="2400" SrcFileId="16" StartOffset="2362"/>
</Header>
<LocList>
<Loc EndOffset="3400" SrcFileId="16" StartOffset="2362"/>
</LocList>
<StmntSeq Intrnl_Id="653">
<LocList>
<Loc EndOffset="2440" SrcFileId="16" StartOffset="2411"/>
<Loc EndOffset="2484" SrcFileId="16" StartOffset="2449"/>
<Loc EndOffset="2520" SrcFileId="16" StartOffset="2493"/>
<Loc EndOffset="2586" SrcFileId="16" StartOffset="2548"/>
<Loc EndOffset="2676" SrcFileId="16" StartOffset="2600"/>
<Loc EndOffset="2736" SrcFileId="16" StartOffset="2689"/>
<Loc EndOffset="2793" SrcFileId="16" StartOffset="2749"/>
<Loc EndOffset="2853" SrcFileId="16" StartOffset="2806"/>
<Loc EndOffset="2909" SrcFileId="16" StartOffset="2866"/>
<Loc EndOffset="2960" SrcFileId="16" StartOffset="2922"/>
<Loc EndOffset="3140" SrcFileId="16" StartOffset="2984"/>
<Loc EndOffset="3312" SrcFileId="16" StartOffset="2530"/>
<Loc EndOffset="3384" SrcFileId="16" StartOffset="3335"/>
</LocList>
<BasicStmnt CovItemId="S30" CovItemPrefix="amu.database.CustomerDAO.java" Intrnl_Id="654">
<LocList>
<Loc EndOffset="2440" SrcFileId="16" StartOffset="2411"/>
</LocList>
</BasicStmnt>
<BasicStmnt CovItemId="S31" CovItemPrefix="amu.database.CustomerDAO.java" Intrnl_Id="655">
<LocList>
<Loc EndOffset="2484" SrcFileId="16" StartOffset="2449"/>
</LocList>
</BasicStmnt>
<BasicStmnt CovItemId="S32" CovItemPrefix="amu.database.CustomerDAO.java" Intrnl_Id="656">
<LocList>
<Loc EndOffset="2520" SrcFileId="16" StartOffset="2493"/>
</LocList>
</BasicStmnt>
<BasicStmnt CovItemId="S34" CovItemPrefix="amu.database.CustomerDAO.java" Intrnl_Id="657">
<LocList>
<Loc EndOffset="2586" SrcFileId="16" StartOffset="2548"/>
</LocList>
</BasicStmnt>
<BasicStmnt CovItemId="S35" CovItemPrefix="amu.database.CustomerDAO.java" Intrnl_Id="658">
<LocList>
<Loc EndOffset="2676" SrcFileId="16" StartOffset="2600"/>
</LocList>
</BasicStmnt>
<BasicStmnt CovItemId="S36" CovItemPrefix="amu.database.CustomerDAO.java" Intrnl_Id="659">
<LocList>
<Loc EndOffset="2736" SrcFileId="16" StartOffset="2689"/>
</LocList>
</BasicStmnt>
<BasicStmnt CovItemId="S37" CovItemPrefix="amu.database.CustomerDAO.java" Intrnl_Id="660">
<LocList>
<Loc EndOffset="2793" SrcFileId="16" StartOffset="2749"/>
</LocList>
</BasicStmnt>
<BasicStmnt CovItemId="S38" CovItemPrefix="amu.database.CustomerDAO.java" Intrnl_Id="661">
<LocList>
<Loc EndOffset="2853" SrcFileId="16" StartOffset="2806"/>
</LocList>
</BasicStmnt>
<BasicStmnt CovItemId="S39" CovItemPrefix="amu.database.CustomerDAO.java" Intrnl_Id="662">
<LocList>
<Loc EndOffset="2909" SrcFileId="16" StartOffset="2866"/>
</LocList>
</BasicStmnt>
<BasicStmnt CovItemId="S40" CovItemPrefix="amu.database.CustomerDAO.java" Intrnl_Id="663">
<LocList>
<Loc EndOffset="2960" SrcFileId="16" StartOffset="2922"/>
</LocList>
</BasicStmnt>
<CondStmnt CovItemId="S41" CovItemPrefix="amu.database.CustomerDAO.java" Intrnl_Id="664">
<Branch CovItemId="B8" CovItemPrefix="amu.database.CustomerDAO.java" Implct="false" Intrnl_Id="665">
<Cond/>
<LocList>
<Loc EndOffset="3090" SrcFileId="16" StartOffset="3020"/>
</LocList>
<StmntSeq Intrnl_Id="666">
<LocList>
<Loc EndOffset="3051" SrcFileId="16" StartOffset="3038"/>
</LocList>
<BasicStmnt CovItemId="S42" CovItemPrefix="amu.database.CustomerDAO.java" Intrnl_Id="667">
<LocList>
<Loc EndOffset="3051" SrcFileId="16" StartOffset="3038"/>
</LocList>
</BasicStmnt>
</StmntSeq>
</Branch>
<Branch CovItemId="B9" CovItemPrefix="amu.database.CustomerDAO.java" Implct="false" Intrnl_Id="668">
<Cond>
<Loc EndOffset="3095" SrcFileId="16" StartOffset="3091"/>
</Cond>
<LocList>
<Loc EndOffset="3140" SrcFileId="16" StartOffset="3096"/>
</LocList>
<StmntSeq Intrnl_Id="669">
<LocList>
<Loc EndOffset="3126" SrcFileId="16" StartOffset="3114"/>
</LocList>
<BasicStmnt CovItemId="S43" CovItemPrefix="amu.database.CustomerDAO.java" Intrnl_Id="670">
<LocList>
<Loc EndOffset="3126" SrcFileId="16" StartOffset="3114"/>
</LocList>
</BasicStmnt>
</StmntSeq>
</Branch>
<Keyword EndOffset="2986" SrcFileId="16" StartOffset="2984"/>
<LocList>
<Loc EndOffset="3140" SrcFileId="16" StartOffset="2984"/>
</LocList>
<RootTerm CovItemId="C2" CovItemPrefix="amu.database.CustomerDAO.java" Intrnl_Id="671">
<BasicBoolTerm Intrnl_Id="672">
<LocList>
<Loc EndOffset="3018" SrcFileId="16" StartOffset="2988"/>
</LocList>
</BasicBoolTerm>
</RootTerm>
</CondStmnt>
<CondStmnt CovItemId="S33" CovItemPrefix="amu.database.CustomerDAO.java" Intrnl_Id="673">
<Branch CovItemId="B7" CovItemPrefix="amu.database.CustomerDAO.java" Implct="true" Intrnl_Id="674">
<Cond/>
<LocList/>
<StmntSeq Intrnl_Id="675">
<LocList/>
</StmntSeq>
</Branch>
<Branch CovItemId="B10" CovItemPrefix="amu.database.CustomerDAO.java" Implct="false" Intrnl_Id="676">
<Cond>
<Loc EndOffset="3182" SrcFileId="16" StartOffset="3152"/>
</Cond>
<LocList>
<Loc EndOffset="3312" SrcFileId="16" StartOffset="3183"/>
</LocList>
<StmntSeq Intrnl_Id="677">
<LocList>
<Loc EndOffset="3276" SrcFileId="16" StartOffset="3197"/>
<Loc EndOffset="3302" SrcFileId="16" StartOffset="3289"/>
</LocList>
<BasicStmnt CovItemId="S44" CovItemPrefix="amu.database.CustomerDAO.java" Intrnl_Id="678">
<LocList>
<Loc EndOffset="3276" SrcFileId="16" StartOffset="3197"/>
</LocList>
</BasicStmnt>
<BasicStmnt CovItemId="S45" CovItemPrefix="amu.database.CustomerDAO.java" Intrnl_Id="679">
<LocList>
<Loc EndOffset="3302" SrcFileId="16" StartOffset="3289"/>
</LocList>
</BasicStmnt>
</StmntSeq>
</Branch>
<Keyword EndOffset="2533" SrcFileId="16" StartOffset="2530"/>
<LocList>
<Loc EndOffset="3312" SrcFileId="16" StartOffset="2530"/>
</LocList>
</CondStmnt>
<BasicStmnt CovItemId="S46" CovItemPrefix="amu.database.CustomerDAO.java" Intrnl_Id="680">
<LocList>
<Loc EndOffset="3384" SrcFileId="16" StartOffset="3335"/>
</LocList>
</BasicStmnt>
</StmntSeq>
</HierarchyLvl>
<HierarchyLvl HierarchyLvlId="1986" HierarchyLvlTypeId="54" Intrnl_Id="681" Name="register">
<Header>
<Loc EndOffset="3453" SrcFileId="16" StartOffset="3410"/>
</Header>
<LocList>
<Loc EndOffset="4508" SrcFileId="16" StartOffset="3410"/>
</LocList>
<StmntSeq Intrnl_Id="682">
<LocList>
<Loc EndOffset="3494" SrcFileId="16" StartOffset="3465"/>
<Loc EndOffset="3532" SrcFileId="16" StartOffset="3503"/>
<Loc EndOffset="3568" SrcFileId="16" StartOffset="3541"/>
<Loc EndOffset="3634" SrcFileId="16" StartOffset="3596"/>
<Loc EndOffset="3688" SrcFileId="16" StartOffset="3647"/>
<Loc EndOffset="4086" SrcFileId="16" StartOffset="3702"/>
<Loc EndOffset="4130" SrcFileId="16" StartOffset="4099"/>
<Loc EndOffset="4235" SrcFileId="16" StartOffset="4143"/>
<Loc EndOffset="4381" SrcFileId="16" StartOffset="3578"/>
<Loc EndOffset="4442" SrcFileId="16" StartOffset="4404"/>
<Loc EndOffset="4502" SrcFileId="16" StartOffset="4462"/>
</LocList>
<BasicStmnt CovItemId="S47" CovItemPrefix="amu.database.CustomerDAO.java" Intrnl_Id="683">
<LocList>
<Loc EndOffset="3494" SrcFileId="16" StartOffset="3465"/>
</LocList>
</BasicStmnt>
<BasicStmnt CovItemId="S48" CovItemPrefix="amu.database.CustomerDAO.java" Intrnl_Id="684">
<LocList>
<Loc EndOffset="3532" SrcFileId="16" StartOffset="3503"/>
</LocList>
</BasicStmnt>
<BasicStmnt CovItemId="S49" CovItemPrefix="amu.database.CustomerDAO.java" Intrnl_Id="685">
<LocList>
<Loc EndOffset="3568" SrcFileId="16" StartOffset="3541"/>
</LocList>
</BasicStmnt>
<BasicStmnt CovItemId="S51" CovItemPrefix="amu.database.CustomerDAO.java" Intrnl_Id="686">
<LocList>
<Loc EndOffset="3634" SrcFileId="16" StartOffset="3596"/>
</LocList>
</BasicStmnt>
<BasicStmnt CovItemId="S52" CovItemPrefix="amu.database.CustomerDAO.java" Intrnl_Id="687">
<LocList>
<Loc EndOffset="3688" SrcFileId="16" StartOffset="3647"/>
</LocList>
</BasicStmnt>
<BasicStmnt CovItemId="S53" CovItemPrefix="amu.database.CustomerDAO.java" Intrnl_Id="688">
<LocList>
<Loc EndOffset="4086" SrcFileId="16" StartOffset="3702"/>
</LocList>
</BasicStmnt>
<BasicStmnt CovItemId="S54" CovItemPrefix="amu.database.CustomerDAO.java" Intrnl_Id="689">
<LocList>
<Loc EndOffset="4130" SrcFileId="16" StartOffset="4099"/>
</LocList>
</BasicStmnt>
<BasicStmnt CovItemId="S55" CovItemPrefix="amu.database.CustomerDAO.java" Intrnl_Id="690">
<LocList>
<Loc EndOffset="4235" SrcFileId="16" StartOffset="4143"/>
</LocList>
</BasicStmnt>
<CondStmnt CovItemId="S50" CovItemPrefix="amu.database.CustomerDAO.java" Intrnl_Id="691">
<Branch CovItemId="B11" CovItemPrefix="amu.database.CustomerDAO.java" Implct="true" Intrnl_Id="692">
<Cond/>
<LocList/>
<StmntSeq Intrnl_Id="693">
<LocList/>
</StmntSeq>
</Branch>
<Branch CovItemId="B12" CovItemPrefix="amu.database.CustomerDAO.java" Implct="false" Intrnl_Id="694">
<Cond>
<Loc EndOffset="4277" SrcFileId="16" StartOffset="4247"/>
</Cond>
<LocList>
<Loc EndOffset="4381" SrcFileId="16" StartOffset="4278"/>
</LocList>
<StmntSeq Intrnl_Id="695">
<LocList>
<Loc EndOffset="4371" SrcFileId="16" StartOffset="4292"/>
</LocList>
<BasicStmnt CovItemId="S56" CovItemPrefix="amu.database.CustomerDAO.java" Intrnl_Id="696">
<LocList>
<Loc EndOffset="4371" SrcFileId="16" StartOffset="4292"/>
</LocList>
</BasicStmnt>
</StmntSeq>
</Branch>
<Keyword EndOffset="3581" SrcFileId="16" StartOffset="3578"/>
<LocList>
<Loc EndOffset="4381" SrcFileId="16" StartOffset="3578"/>
</LocList>
</CondStmnt>
<BasicStmnt CovItemId="S57" CovItemPrefix="amu.database.CustomerDAO.java" Intrnl_Id="697">
<LocList>
<Loc EndOffset="4442" SrcFileId="16" StartOffset="4404"/>
</LocList>
</BasicStmnt>
<BasicStmnt CovItemId="S58" CovItemPrefix="amu.database.CustomerDAO.java" Intrnl_Id="698">
<LocList>
<Loc EndOffset="4502" SrcFileId="16" StartOffset="4462"/>
</LocList>
</BasicStmnt>
</StmntSeq>
</HierarchyLvl>
<HierarchyLvl HierarchyLvlId="1987" HierarchyLvlTypeId="54" Intrnl_Id="699" Name="activate">
<Header>
<Loc EndOffset="4557" SrcFileId="16" StartOffset="4514"/>
</Header>
<LocList>
<Loc EndOffset="5400" SrcFileId="16" StartOffset="4514"/>
</LocList>
<StmntSeq Intrnl_Id="700">
<LocList>
<Loc EndOffset="4597" SrcFileId="16" StartOffset="4568"/>
<Loc EndOffset="4633" SrcFileId="16" StartOffset="4606"/>
<Loc EndOffset="4669" SrcFileId="16" StartOffset="4642"/>
<Loc EndOffset="4735" SrcFileId="16" StartOffset="4697"/>
<Loc EndOffset="4789" SrcFileId="16" StartOffset="4748"/>
<Loc EndOffset="4944" SrcFileId="16" StartOffset="4803"/>
<Loc EndOffset="4988" SrcFileId="16" StartOffset="4957"/>
<Loc EndOffset="5093" SrcFileId="16" StartOffset="5001"/>
<Loc EndOffset="5141" SrcFileId="16" StartOffset="5107"/>
<Loc EndOffset="5287" SrcFileId="16" StartOffset="4679"/>
<Loc EndOffset="5359" SrcFileId="16" StartOffset="5310"/>
<Loc EndOffset="5394" SrcFileId="16" StartOffset="5378"/>
</LocList>
<BasicStmnt CovItemId="S59" CovItemPrefix="amu.database.CustomerDAO.java" Intrnl_Id="701">
<LocList>
<Loc EndOffset="4597" SrcFileId="16" StartOffset="4568"/>
</LocList>
</BasicStmnt>
<BasicStmnt CovItemId="S60" CovItemPrefix="amu.database.CustomerDAO.java" Intrnl_Id="702">
<LocList>
<Loc EndOffset="4633" SrcFileId="16" StartOffset="4606"/>
</LocList>
</BasicStmnt>
<BasicStmnt CovItemId="S61" CovItemPrefix="amu.database.CustomerDAO.java" Intrnl_Id="703">
<LocList>
<Loc EndOffset="4669" SrcFileId="16" StartOffset="4642"/>
</LocList>
</BasicStmnt>
<BasicStmnt CovItemId="S63" CovItemPrefix="amu.database.CustomerDAO.java" Intrnl_Id="704">
<LocList>
<Loc EndOffset="4735" SrcFileId="16" StartOffset="4697"/>
</LocList>
</BasicStmnt>
<BasicStmnt CovItemId="S64" CovItemPrefix="amu.database.CustomerDAO.java" Intrnl_Id="705">
<LocList>
<Loc EndOffset="4789" SrcFileId="16" StartOffset="4748"/>
</LocList>
</BasicStmnt>
<BasicStmnt CovItemId="S65" CovItemPrefix="amu.database.CustomerDAO.java" Intrnl_Id="706">
<LocList>
<Loc EndOffset="4944" SrcFileId="16" StartOffset="4803"/>
</LocList>
</BasicStmnt>
<BasicStmnt CovItemId="S66" CovItemPrefix="amu.database.CustomerDAO.java" Intrnl_Id="707">
<LocList>
<Loc EndOffset="4988" SrcFileId="16" StartOffset="4957"/>
</LocList>
</BasicStmnt>
<BasicStmnt CovItemId="S67" CovItemPrefix="amu.database.CustomerDAO.java" Intrnl_Id="708">
<LocList>
<Loc EndOffset="5093" SrcFileId="16" StartOffset="5001"/>
</LocList>
</BasicStmnt>
<BasicStmnt CovItemId="S68" CovItemPrefix="amu.database.CustomerDAO.java" Intrnl_Id="709">
<LocList>
<Loc EndOffset="5141" SrcFileId="16" StartOffset="5107"/>
</LocList>
</BasicStmnt>
<CondStmnt CovItemId="S62" CovItemPrefix="amu.database.CustomerDAO.java" Intrnl_Id="710">
<Branch CovItemId="B13" CovItemPrefix="amu.database.CustomerDAO.java" Implct="true" Intrnl_Id="711">
<Cond/>
<LocList/>
<StmntSeq Intrnl_Id="712">
<LocList/>
</StmntSeq>
</Branch>
<Branch CovItemId="B14" CovItemPrefix="amu.database.CustomerDAO.java" Implct="false" Intrnl_Id="713">
<Cond>
<Loc EndOffset="5183" SrcFileId="16" StartOffset="5153"/>
</Cond>
<LocList>
<Loc EndOffset="5287" SrcFileId="16" StartOffset="5184"/>
</LocList>
<StmntSeq Intrnl_Id="714">
<LocList>
<Loc EndOffset="5277" SrcFileId="16" StartOffset="5198"/>
</LocList>
<BasicStmnt CovItemId="S69" CovItemPrefix="amu.database.CustomerDAO.java" Intrnl_Id="715">
<LocList>
<Loc EndOffset="5277" SrcFileId="16" StartOffset="5198"/>
</LocList>
</BasicStmnt>
</StmntSeq>
</Branch>
<Keyword EndOffset="4682" SrcFileId="16" StartOffset="4679"/>
<LocList>
<Loc EndOffset="5287" SrcFileId="16" StartOffset="4679"/>
</LocList>
</CondStmnt>
<BasicStmnt CovItemId="S70" CovItemPrefix="amu.database.CustomerDAO.java" Intrnl_Id="716">
<LocList>
<Loc EndOffset="5359" SrcFileId="16" StartOffset="5310"/>
</LocList>
</BasicStmnt>
<BasicStmnt CovItemId="S71" CovItemPrefix="amu.database.CustomerDAO.java" Intrnl_Id="717">
<LocList>
<Loc EndOffset="5394" SrcFileId="16" StartOffset="5378"/>
</LocList>
</BasicStmnt>
</StmntSeq>
</HierarchyLvl>
</HierarchyLvl>
<HierarchyLvl HierarchyLvlId="1993" HierarchyLvlTypeId="53" Intrnl_Id="718" Name="CreditCardDAO">
<Header>
<Loc EndOffset="391" SrcFileId="17" StartOffset="365"/>
</Header>
<LocList>
<Loc EndOffset="4807" SrcFileId="17" StartOffset="365"/>
</LocList>
<HierarchyLvl HierarchyLvlId="1989" HierarchyLvlTypeId="54" Intrnl_Id="719" Name="browse">
<Header>
<Loc EndOffset="448" SrcFileId="17" StartOffset="399"/>
</Header>
<LocList>
<Loc EndOffset="1742" SrcFileId="17" StartOffset="399"/>
</LocList>
<StmntSeq Intrnl_Id="720">
<LocList>
<Loc EndOffset="518" SrcFileId="17" StartOffset="459"/>
<Loc EndOffset="557" SrcFileId="17" StartOffset="528"/>
<Loc EndOffset="601" SrcFileId="17" StartOffset="566"/>
<Loc EndOffset="637" SrcFileId="17" StartOffset="610"/>
<Loc EndOffset="703" SrcFileId="17" StartOffset="665"/>
<Loc EndOffset="821" SrcFileId="17" StartOffset="716"/>
<Loc EndOffset="881" SrcFileId="17" StartOffset="834"/>
<Loc EndOffset="933" SrcFileId="17" StartOffset="895"/>
<Loc EndOffset="984" SrcFileId="17" StartOffset="947"/>
<Loc EndOffset="1480" SrcFileId="17" StartOffset="998"/>
<Loc EndOffset="1625" SrcFileId="17" StartOffset="647"/>
<Loc EndOffset="1697" SrcFileId="17" StartOffset="1648"/>
<Loc EndOffset="1736" SrcFileId="17" StartOffset="1717"/>
</LocList>
<BasicStmnt CovItemId="S1" CovItemPrefix="amu.database.CreditCardDAO.java" Intrnl_Id="721">
<LocList>
<Loc EndOffset="518" SrcFileId="17" StartOffset="459"/>
</LocList>
</BasicStmnt>
<BasicStmnt CovItemId="S2" CovItemPrefix="amu.database.CreditCardDAO.java" Intrnl_Id="722">
<LocList>
<Loc EndOffset="557" SrcFileId="17" StartOffset="528"/>
</LocList>
</BasicStmnt>
<BasicStmnt CovItemId="S3" CovItemPrefix="amu.database.CreditCardDAO.java" Intrnl_Id="723">
<LocList>
<Loc EndOffset="601" SrcFileId="17" StartOffset="566"/>
</LocList>
</BasicStmnt>
<BasicStmnt CovItemId="S4" CovItemPrefix="amu.database.CreditCardDAO.java" Intrnl_Id="724">
<LocList>
<Loc EndOffset="637" SrcFileId="17" StartOffset="610"/>
</LocList>
</BasicStmnt>
<BasicStmnt CovItemId="S6" CovItemPrefix="amu.database.CreditCardDAO.java" Intrnl_Id="725">
<LocList>
<Loc EndOffset="703" SrcFileId="17" StartOffset="665"/>
</LocList>
</BasicStmnt>
<BasicStmnt CovItemId="S7" CovItemPrefix="amu.database.CreditCardDAO.java" Intrnl_Id="726">
<LocList>
<Loc EndOffset="821" SrcFileId="17" StartOffset="716"/>
</LocList>
</BasicStmnt>
<BasicStmnt CovItemId="S8" CovItemPrefix="amu.database.CreditCardDAO.java" Intrnl_Id="727">
<LocList>
<Loc EndOffset="881" SrcFileId="17" StartOffset="834"/>
</LocList>
</BasicStmnt>
<BasicStmnt CovItemId="S9" CovItemPrefix="amu.database.CreditCardDAO.java" Intrnl_Id="728">
<LocList>
<Loc EndOffset="933" SrcFileId="17" StartOffset="895"/>
</LocList>
</BasicStmnt>
<BasicStmnt CovItemId="S10" CovItemPrefix="amu.database.CreditCardDAO.java" Intrnl_Id="729">
<LocList>
<Loc EndOffset="984" SrcFileId="17" StartOffset="947"/>
</LocList>
</BasicStmnt>
<LoopStmnt CovItemId="S11" CovItemPrefix="amu.database.CreditCardDAO.java" Intrnl_Id="730" MltplExecId="L1-2" MltplExecPrefix="amu.database.CreditCardDAO.java" NvrExecId="L1-0" NvrExecPrefix="amu.database.CreditCardDAO.java" OnceExecutedId="L1-1" OnceExecutedPrefix="amu.database.CreditCardDAO.java" OptBodyExec="true">
<StmntSeq Intrnl_Id="731">
<LocList>
<Loc EndOffset="1086" SrcFileId="17" StartOffset="1041"/>
<Loc EndOffset="1156" SrcFileId="17" StartOffset="1103"/>
<Loc EndOffset="1466" SrcFileId="17" StartOffset="1190"/>
</LocList>
<BasicStmnt CovItemId="S12" CovItemPrefix="amu.database.CreditCardDAO.java" Intrnl_Id="732">
<LocList>
<Loc EndOffset="1086" SrcFileId="17" StartOffset="1041"/>
</LocList>
</BasicStmnt>
<BasicStmnt CovItemId="S13" CovItemPrefix="amu.database.CreditCardDAO.java" Intrnl_Id="733">
<LocList>
<Loc EndOffset="1156" SrcFileId="17" StartOffset="1103"/>
</LocList>
</BasicStmnt>
<BasicStmnt CovItemId="S14" CovItemPrefix="amu.database.CreditCardDAO.java" Intrnl_Id="734">
<LocList>
<Loc EndOffset="1466" SrcFileId="17" StartOffset="1190"/>
</LocList>
</BasicStmnt>
</StmntSeq>
<Keyword EndOffset="1003" SrcFileId="17" StartOffset="998"/>
<LocList>
<Loc EndOffset="1480" SrcFileId="17" StartOffset="998"/>
</LocList>
<RootTerm CovItemId="C1" CovItemPrefix="amu.database.CreditCardDAO.java" Intrnl_Id="735">
<BasicBoolTerm Intrnl_Id="736">
<LocList>
<Loc EndOffset="1021" SrcFileId="17" StartOffset="1005"/>
</LocList>
</BasicBoolTerm>
</RootTerm>
</LoopStmnt>
<CondStmnt CovItemId="S5" CovItemPrefix="amu.database.CreditCardDAO.java" Intrnl_Id="737">
<Branch CovItemId="B1" CovItemPrefix="amu.database.CreditCardDAO.java" Implct="true" Intrnl_Id="738">
<Cond/>
<LocList/>
<StmntSeq Intrnl_Id="739">
<LocList/>
</StmntSeq>
</Branch>
<Branch CovItemId="B2" CovItemPrefix="amu.database.CreditCardDAO.java" Implct="false" Intrnl_Id="740">
<Cond>
<Loc EndOffset="1521" SrcFileId="17" StartOffset="1491"/>
</Cond>
<LocList>
<Loc EndOffset="1625" SrcFileId="17" StartOffset="1522"/>
</LocList>
<StmntSeq Intrnl_Id="741">
<LocList>
<Loc EndOffset="1615" SrcFileId="17" StartOffset="1536"/>
</LocList>
<BasicStmnt CovItemId="S15" CovItemPrefix="amu.database.CreditCardDAO.java" Intrnl_Id="742">
<LocList>
<Loc EndOffset="1615" SrcFileId="17" StartOffset="1536"/>
</LocList>
</BasicStmnt>
</StmntSeq>
</Branch>
<Keyword EndOffset="650" SrcFileId="17" StartOffset="647"/>
<LocList>
<Loc EndOffset="1625" SrcFileId="17" StartOffset="647"/>
</LocList>
</CondStmnt>
<BasicStmnt CovItemId="S16" CovItemPrefix="amu.database.CreditCardDAO.java" Intrnl_Id="743">
<LocList>
<Loc EndOffset="1697" SrcFileId="17" StartOffset="1648"/>
</LocList>
</BasicStmnt>
<BasicStmnt CovItemId="S17" CovItemPrefix="amu.database.CreditCardDAO.java" Intrnl_Id="744">
<LocList>
<Loc EndOffset="1736" SrcFileId="17" StartOffset="1717"/>
</LocList>
</BasicStmnt>
</StmntSeq>
</HierarchyLvl>
<HierarchyLvl HierarchyLvlId="1990" HierarchyLvlTypeId="54" Intrnl_Id="745" Name="read">
<Header>
<Loc EndOffset="1778" SrcFileId="17" StartOffset="1748"/>
</Header>
<LocList>
<Loc EndOffset="3001" SrcFileId="17" StartOffset="1748"/>
</LocList>
<StmntSeq Intrnl_Id="746">
<LocList>
<Loc EndOffset="1818" SrcFileId="17" StartOffset="1789"/>
<Loc EndOffset="1857" SrcFileId="17" StartOffset="1828"/>
<Loc EndOffset="1901" SrcFileId="17" StartOffset="1866"/>
<Loc EndOffset="1937" SrcFileId="17" StartOffset="1910"/>
<Loc EndOffset="2003" SrcFileId="17" StartOffset="1965"/>
<Loc EndOffset="2109" SrcFileId="17" StartOffset="2017"/>
<Loc EndOffset="2169" SrcFileId="17" StartOffset="2122"/>
<Loc EndOffset="2206" SrcFileId="17" StartOffset="2182"/>
<Loc EndOffset="2257" SrcFileId="17" StartOffset="2220"/>
<Loc EndOffset="2739" SrcFileId="17" StartOffset="2271"/>
<Loc EndOffset="2885" SrcFileId="17" StartOffset="1947"/>
<Loc EndOffset="2957" SrcFileId="17" StartOffset="2908"/>
<Loc EndOffset="2995" SrcFileId="17" StartOffset="2977"/>
</LocList>
<BasicStmnt CovItemId="S18" CovItemPrefix="amu.database.CreditCardDAO.java" Intrnl_Id="747">
<LocList>
<Loc EndOffset="1818" SrcFileId="17" StartOffset="1789"/>
</LocList>
</BasicStmnt>
<BasicStmnt CovItemId="S19" CovItemPrefix="amu.database.CreditCardDAO.java" Intrnl_Id="748">
<LocList>
<Loc EndOffset="1857" SrcFileId="17" StartOffset="1828"/>
</LocList>
</BasicStmnt>
<BasicStmnt CovItemId="S20" CovItemPrefix="amu.database.CreditCardDAO.java" Intrnl_Id="749">
<LocList>
<Loc EndOffset="1901" SrcFileId="17" StartOffset="1866"/>
</LocList>
</BasicStmnt>
<BasicStmnt CovItemId="S21" CovItemPrefix="amu.database.CreditCardDAO.java" Intrnl_Id="750">
<LocList>
<Loc EndOffset="1937" SrcFileId="17" StartOffset="1910"/>
</LocList>
</BasicStmnt>
<BasicStmnt CovItemId="S23" CovItemPrefix="amu.database.CreditCardDAO.java" Intrnl_Id="751">
<LocList>
<Loc EndOffset="2003" SrcFileId="17" StartOffset="1965"/>
</LocList>
</BasicStmnt>
<BasicStmnt CovItemId="S24" CovItemPrefix="amu.database.CreditCardDAO.java" Intrnl_Id="752">
<LocList>
<Loc EndOffset="2109" SrcFileId="17" StartOffset="2017"/>
</LocList>
</BasicStmnt>
<BasicStmnt CovItemId="S25" CovItemPrefix="amu.database.CreditCardDAO.java" Intrnl_Id="753">
<LocList>
<Loc EndOffset="2169" SrcFileId="17" StartOffset="2122"/>
</LocList>
</BasicStmnt>
<BasicStmnt CovItemId="S26" CovItemPrefix="amu.database.CreditCardDAO.java" Intrnl_Id="754">
<LocList>
<Loc EndOffset="2206" SrcFileId="17" StartOffset="2182"/>
</LocList>
</BasicStmnt>
<BasicStmnt CovItemId="S27" CovItemPrefix="amu.database.CreditCardDAO.java" Intrnl_Id="755">
<LocList>
<Loc EndOffset="2257" SrcFileId="17" StartOffset="2220"/>
</LocList>
</BasicStmnt>
<CondStmnt CovItemId="S28" CovItemPrefix="amu.database.CreditCardDAO.java" Intrnl_Id="756">
<Branch CovItemId="B4" CovItemPrefix="amu.database.CreditCardDAO.java" Implct="false" Intrnl_Id="757">
<Cond/>
<LocList>
<Loc EndOffset="2739" SrcFileId="17" StartOffset="2293"/>
</LocList>
<StmntSeq Intrnl_Id="758">
<LocList>
<Loc EndOffset="2372" SrcFileId="17" StartOffset="2327"/>
<Loc EndOffset="2442" SrcFileId="17" StartOffset="2389"/>
<Loc EndOffset="2724" SrcFileId="17" StartOffset="2476"/>
</LocList>
<BasicStmnt CovItemId="S29" CovItemPrefix="amu.database.CreditCardDAO.java" Intrnl_Id="759">
<LocList>
<Loc EndOffset="2372" SrcFileId="17" StartOffset="2327"/>
</LocList>
</BasicStmnt>
<BasicStmnt CovItemId="S30" CovItemPrefix="amu.database.CreditCardDAO.java" Intrnl_Id="760">
<LocList>
<Loc EndOffset="2442" SrcFileId="17" StartOffset="2389"/>
</LocList>
</BasicStmnt>
<BasicStmnt CovItemId="S31" CovItemPrefix="amu.database.CreditCardDAO.java" Intrnl_Id="761">
<LocList>
<Loc EndOffset="2724" SrcFileId="17" StartOffset="2476"/>
</LocList>
</BasicStmnt>
</StmntSeq>
</Branch>
<Branch CovItemId="B5" CovItemPrefix="amu.database.CreditCardDAO.java" Implct="true" Intrnl_Id="762">
<Cond/>
<LocList/>
<StmntSeq Intrnl_Id="763">
<LocList/>
</StmntSeq>
</Branch>
<Keyword EndOffset="2273" SrcFileId="17" StartOffset="2271"/>
<LocList>
<Loc EndOffset="2739" SrcFileId="17" StartOffset="2271"/>
</LocList>
<RootTerm CovItemId="C2" CovItemPrefix="amu.database.CreditCardDAO.java" Intrnl_Id="764">
<BasicBoolTerm Intrnl_Id="765">
<LocList>
<Loc EndOffset="2291" SrcFileId="17" StartOffset="2275"/>
</LocList>
</BasicBoolTerm>
</RootTerm>
</CondStmnt>
<CondStmnt CovItemId="S22" CovItemPrefix="amu.database.CreditCardDAO.java" Intrnl_Id="766">
<Branch CovItemId="B3" CovItemPrefix="amu.database.CreditCardDAO.java" Implct="true" Intrnl_Id="767">
<Cond/>
<LocList/>
<StmntSeq Intrnl_Id="768">
<LocList/>
</StmntSeq>
</Branch>
<Branch CovItemId="B6" CovItemPrefix="amu.database.CreditCardDAO.java" Implct="false" Intrnl_Id="769">
<Cond>
<Loc EndOffset="2781" SrcFileId="17" StartOffset="2751"/>
</Cond>
<LocList>
<Loc EndOffset="2885" SrcFileId="17" StartOffset="2782"/>
</LocList>
<StmntSeq Intrnl_Id="770">
<LocList>
<Loc EndOffset="2875" SrcFileId="17" StartOffset="2796"/>
</LocList>
<BasicStmnt CovItemId="S32" CovItemPrefix="amu.database.CreditCardDAO.java" Intrnl_Id="771">
<LocList>
<Loc EndOffset="2875" SrcFileId="17" StartOffset="2796"/>
</LocList>
</BasicStmnt>
</StmntSeq>
</Branch>
<Keyword EndOffset="1950" SrcFileId="17" StartOffset="1947"/>
<LocList>
<Loc EndOffset="2885" SrcFileId="17" StartOffset="1947"/>
</LocList>
</CondStmnt>
<BasicStmnt CovItemId="S33" CovItemPrefix="amu.database.CreditCardDAO.java" Intrnl_Id="772">
<LocList>
<Loc EndOffset="2957" SrcFileId="17" StartOffset="2908"/>
</LocList>
</BasicStmnt>
<BasicStmnt CovItemId="S34" CovItemPrefix="amu.database.CreditCardDAO.java" Intrnl_Id="773">
<LocList>
<Loc EndOffset="2995" SrcFileId="17" StartOffset="2977"/>
</LocList>
</BasicStmnt>
</StmntSeq>
</HierarchyLvl>
<HierarchyLvl HierarchyLvlId="1991" HierarchyLvlTypeId="54" Intrnl_Id="774" Name="add">
<Header>
<Loc EndOffset="3052" SrcFileId="17" StartOffset="3011"/>
</Header>
<LocList>
<Loc EndOffset="4072" SrcFileId="17" StartOffset="3011"/>
</LocList>
<StmntSeq Intrnl_Id="775">
<LocList>
<Loc EndOffset="3092" SrcFileId="17" StartOffset="3063"/>
<Loc EndOffset="3136" SrcFileId="17" StartOffset="3101"/>
<Loc EndOffset="3172" SrcFileId="17" StartOffset="3145"/>
<Loc EndOffset="3238" SrcFileId="17" StartOffset="3200"/>
<Loc EndOffset="3368" SrcFileId="17" StartOffset="3252"/>
<Loc EndOffset="3428" SrcFileId="17" StartOffset="3381"/>
<Loc EndOffset="3495" SrcFileId="17" StartOffset="3441"/>
<Loc EndOffset="3565" SrcFileId="17" StartOffset="3508"/>
<Loc EndOffset="3655" SrcFileId="17" StartOffset="3578"/>
<Loc EndOffset="3723" SrcFileId="17" StartOffset="3668"/>
<Loc EndOffset="3816" SrcFileId="17" StartOffset="3737"/>
<Loc EndOffset="3961" SrcFileId="17" StartOffset="3182"/>
<Loc EndOffset="4033" SrcFileId="17" StartOffset="3984"/>
<Loc EndOffset="4066" SrcFileId="17" StartOffset="4053"/>
</LocList>
<BasicStmnt CovItemId="S35" CovItemPrefix="amu.database.CreditCardDAO.java" Intrnl_Id="776">
<LocList>
<Loc EndOffset="3092" SrcFileId="17" StartOffset="3063"/>
</LocList>
</BasicStmnt>
<BasicStmnt CovItemId="S36" CovItemPrefix="amu.database.CreditCardDAO.java" Intrnl_Id="777">
<LocList>
<Loc EndOffset="3136" SrcFileId="17" StartOffset="3101"/>
</LocList>
</BasicStmnt>
<BasicStmnt CovItemId="S37" CovItemPrefix="amu.database.CreditCardDAO.java" Intrnl_Id="778">
<LocList>
<Loc EndOffset="3172" SrcFileId="17" StartOffset="3145"/>
</LocList>
</BasicStmnt>
<BasicStmnt CovItemId="S39" CovItemPrefix="amu.database.CreditCardDAO.java" Intrnl_Id="779">
<LocList>
<Loc EndOffset="3238" SrcFileId="17" StartOffset="3200"/>
</LocList>
</BasicStmnt>
<BasicStmnt CovItemId="S40" CovItemPrefix="amu.database.CreditCardDAO.java" Intrnl_Id="780">
<LocList>
<Loc EndOffset="3368" SrcFileId="17" StartOffset="3252"/>
</LocList>
</BasicStmnt>
<BasicStmnt CovItemId="S41" CovItemPrefix="amu.database.CreditCardDAO.java" Intrnl_Id="781">
<LocList>
<Loc EndOffset="3428" SrcFileId="17" StartOffset="3381"/>
</LocList>
</BasicStmnt>
<BasicStmnt CovItemId="S42" CovItemPrefix="amu.database.CreditCardDAO.java" Intrnl_Id="782">
<LocList>
<Loc EndOffset="3495" SrcFileId="17" StartOffset="3441"/>
</LocList>
</BasicStmnt>
<BasicStmnt CovItemId="S43" CovItemPrefix="amu.database.CreditCardDAO.java" Intrnl_Id="783">
<LocList>
<Loc EndOffset="3565" SrcFileId="17" StartOffset="3508"/>
</LocList>
</BasicStmnt>
<BasicStmnt CovItemId="S44" CovItemPrefix="amu.database.CreditCardDAO.java" Intrnl_Id="784">
<LocList>
<Loc EndOffset="3655" SrcFileId="17" StartOffset="3578"/>
</LocList>
</BasicStmnt>
<BasicStmnt CovItemId="S45" CovItemPrefix="amu.database.CreditCardDAO.java" Intrnl_Id="785">
<LocList>
<Loc EndOffset="3723" SrcFileId="17" StartOffset="3668"/>
</LocList>
</BasicStmnt>
<CondStmnt CovItemId="S46" CovItemPrefix="amu.database.CreditCardDAO.java" Intrnl_Id="786">
<Branch CovItemId="B8" CovItemPrefix="amu.database.CreditCardDAO.java" Implct="false" Intrnl_Id="787">
<Cond/>
<LocList>
<Loc EndOffset="3816" SrcFileId="17" StartOffset="3772"/>
</LocList>
<StmntSeq Intrnl_Id="788">
<LocList>
<Loc EndOffset="3802" SrcFileId="17" StartOffset="3790"/>
</LocList>
<BasicStmnt CovItemId="S47" CovItemPrefix="amu.database.CreditCardDAO.java" Intrnl_Id="789">
<LocList>
<Loc EndOffset="3802" SrcFileId="17" StartOffset="3790"/>
</LocList>
</BasicStmnt>
</StmntSeq>
</Branch>
<Branch CovItemId="B9" CovItemPrefix="amu.database.CreditCardDAO.java" Implct="true" Intrnl_Id="790">
<Cond/>
<LocList/>
<StmntSeq Intrnl_Id="791">
<LocList/>
</StmntSeq>
</Branch>
<Keyword EndOffset="3739" SrcFileId="17" StartOffset="3737"/>
<LocList>
<Loc EndOffset="3816" SrcFileId="17" StartOffset="3737"/>
</LocList>
<RootTerm CovItemId="C3" CovItemPrefix="amu.database.CreditCardDAO.java" Intrnl_Id="792">
<BasicBoolTerm Intrnl_Id="793">
<LocList>
<Loc EndOffset="3770" SrcFileId="17" StartOffset="3741"/>
</LocList>
</BasicBoolTerm>
</RootTerm>
</CondStmnt>
<CondStmnt CovItemId="S38" CovItemPrefix="amu.database.CreditCardDAO.java" Intrnl_Id="794">
<Branch CovItemId="B7" CovItemPrefix="amu.database.CreditCardDAO.java" Implct="true" Intrnl_Id="795">
<Cond/>
<LocList/>
<StmntSeq Intrnl_Id="796">
<LocList/>
</StmntSeq>
</Branch>
<Branch CovItemId="B10" CovItemPrefix="amu.database.CreditCardDAO.java" Implct="false" Intrnl_Id="797">
<Cond>
<Loc EndOffset="3857" SrcFileId="17" StartOffset="3827"/>
</Cond>
<LocList>
<Loc EndOffset="3961" SrcFileId="17" StartOffset="3858"/>
</LocList>
<StmntSeq Intrnl_Id="798">
<LocList>
<Loc EndOffset="3951" SrcFileId="17" StartOffset="3872"/>
</LocList>
<BasicStmnt CovItemId="S48" CovItemPrefix="amu.database.CreditCardDAO.java" Intrnl_Id="799">
<LocList>
<Loc EndOffset="3951" SrcFileId="17" StartOffset="3872"/>
</LocList>
</BasicStmnt>
</StmntSeq>
</Branch>
<Keyword EndOffset="3185" SrcFileId="17" StartOffset="3182"/>
<LocList>
<Loc EndOffset="3961" SrcFileId="17" StartOffset="3182"/>
</LocList>
</CondStmnt>
<BasicStmnt CovItemId="S49" CovItemPrefix="amu.database.CreditCardDAO.java" Intrnl_Id="800">
<LocList>
<Loc EndOffset="4033" SrcFileId="17" StartOffset="3984"/>
</LocList>
</BasicStmnt>
<BasicStmnt CovItemId="S50" CovItemPrefix="amu.database.CreditCardDAO.java" Intrnl_Id="801">
<LocList>
<Loc EndOffset="4066" SrcFileId="17" StartOffset="4053"/>
</LocList>
</BasicStmnt>
</StmntSeq>
</HierarchyLvl>
<HierarchyLvl HierarchyLvlId="1992" HierarchyLvlTypeId="54" Intrnl_Id="802" Name="delete">
<Header>
<Loc EndOffset="4107" SrcFileId="17" StartOffset="4078"/>
</Header>
<LocList>
<Loc EndOffset="4805" SrcFileId="17" StartOffset="4078"/>
</LocList>
<StmntSeq Intrnl_Id="803">
<LocList>
<Loc EndOffset="4147" SrcFileId="17" StartOffset="4118"/>
<Loc EndOffset="4191" SrcFileId="17" StartOffset="4156"/>
<Loc EndOffset="4227" SrcFileId="17" StartOffset="4200"/>
<Loc EndOffset="4293" SrcFileId="17" StartOffset="4255"/>
<Loc EndOffset="4359" SrcFileId="17" StartOffset="4307"/>
<Loc EndOffset="4419" SrcFileId="17" StartOffset="4372"/>
<Loc EndOffset="4456" SrcFileId="17" StartOffset="4432"/>
<Loc EndOffset="4549" SrcFileId="17" StartOffset="4470"/>
<Loc EndOffset="4694" SrcFileId="17" StartOffset="4237"/>
<Loc EndOffset="4766" SrcFileId="17" StartOffset="4717"/>
<Loc EndOffset="4799" SrcFileId="17" StartOffset="4786"/>
</LocList>
<BasicStmnt CovItemId="S51" CovItemPrefix="amu.database.CreditCardDAO.java" Intrnl_Id="804">
<LocList>
<Loc EndOffset="4147" SrcFileId="17" StartOffset="4118"/>
</LocList>
</BasicStmnt>
<BasicStmnt CovItemId="S52" CovItemPrefix="amu.database.CreditCardDAO.java" Intrnl_Id="805">
<LocList>
<Loc EndOffset="4191" SrcFileId="17" StartOffset="4156"/>
</LocList>
</BasicStmnt>
<BasicStmnt CovItemId="S53" CovItemPrefix="amu.database.CreditCardDAO.java" Intrnl_Id="806">
<LocList>
<Loc EndOffset="4227" SrcFileId="17" StartOffset="4200"/>
</LocList>
</BasicStmnt>
<BasicStmnt CovItemId="S55" CovItemPrefix="amu.database.CreditCardDAO.java" Intrnl_Id="807">
<LocList>
<Loc EndOffset="4293" SrcFileId="17" StartOffset="4255"/>
</LocList>
</BasicStmnt>
<BasicStmnt CovItemId="S56" CovItemPrefix="amu.database.CreditCardDAO.java" Intrnl_Id="808">
<LocList>
<Loc EndOffset="4359" SrcFileId="17" StartOffset="4307"/>
</LocList>
</BasicStmnt>
<BasicStmnt CovItemId="S57" CovItemPrefix="amu.database.CreditCardDAO.java" Intrnl_Id="809">
<LocList>
<Loc EndOffset="4419" SrcFileId="17" StartOffset="4372"/>
</LocList>
</BasicStmnt>
<BasicStmnt CovItemId="S58" CovItemPrefix="amu.database.CreditCardDAO.java" Intrnl_Id="810">
<LocList>
<Loc EndOffset="4456" SrcFileId="17" StartOffset="4432"/>
</LocList>
</BasicStmnt>
<CondStmnt CovItemId="S59" CovItemPrefix="amu.database.CreditCardDAO.java" Intrnl_Id="811">
<Branch CovItemId="B12" CovItemPrefix="amu.database.CreditCardDAO.java" Implct="false" Intrnl_Id="812">
<Cond/>
<LocList>
<Loc EndOffset="4549" SrcFileId="17" StartOffset="4505"/>
</LocList>
<StmntSeq Intrnl_Id="813">
<LocList>
<Loc EndOffset="4535" SrcFileId="17" StartOffset="4523"/>
</LocList>
<BasicStmnt CovItemId="S60" CovItemPrefix="amu.database.CreditCardDAO.java" Intrnl_Id="814">
<LocList>
<Loc EndOffset="4535" SrcFileId="17" StartOffset="4523"/>
</LocList>
</BasicStmnt>
</StmntSeq>
</Branch>
<Branch CovItemId="B13" CovItemPrefix="amu.database.CreditCardDAO.java" Implct="true" Intrnl_Id="815">
<Cond/>
<LocList/>
<StmntSeq Intrnl_Id="816">
<LocList/>
</StmntSeq>
</Branch>
<Keyword EndOffset="4472" SrcFileId="17" StartOffset="4470"/>
<LocList>
<Loc EndOffset="4549" SrcFileId="17" StartOffset="4470"/>
</LocList>
<RootTerm CovItemId="C4" CovItemPrefix="amu.database.CreditCardDAO.java" Intrnl_Id="817">
<BasicBoolTerm Intrnl_Id="818">
<LocList>
<Loc EndOffset="4503" SrcFileId="17" StartOffset="4474"/>
</LocList>
</BasicBoolTerm>
</RootTerm>
</CondStmnt>
<CondStmnt CovItemId="S54" CovItemPrefix="amu.database.CreditCardDAO.java" Intrnl_Id="819">
<Branch CovItemId="B11" CovItemPrefix="amu.database.CreditCardDAO.java" Implct="true" Intrnl_Id="820">
<Cond/>
<LocList/>
<StmntSeq Intrnl_Id="821">
<LocList/>
</StmntSeq>
</Branch>
<Branch CovItemId="B14" CovItemPrefix="amu.database.CreditCardDAO.java" Implct="false" Intrnl_Id="822">
<Cond>
<Loc EndOffset="4590" SrcFileId="17" StartOffset="4560"/>
</Cond>
<LocList>
<Loc EndOffset="4694" SrcFileId="17" StartOffset="4591"/>
</LocList>
<StmntSeq Intrnl_Id="823">
<LocList>
<Loc EndOffset="4684" SrcFileId="17" StartOffset="4605"/>
</LocList>
<BasicStmnt CovItemId="S61" CovItemPrefix="amu.database.CreditCardDAO.java" Intrnl_Id="824">
<LocList>
<Loc EndOffset="4684" SrcFileId="17" StartOffset="4605"/>
</LocList>
</BasicStmnt>
</StmntSeq>
</Branch>
<Keyword EndOffset="4240" SrcFileId="17" StartOffset="4237"/>
<LocList>
<Loc EndOffset="4694" SrcFileId="17" StartOffset="4237"/>
</LocList>
</CondStmnt>
<BasicStmnt CovItemId="S62" CovItemPrefix="amu.database.CreditCardDAO.java" Intrnl_Id="825">
<LocList>
<Loc EndOffset="4766" SrcFileId="17" StartOffset="4717"/>
</LocList>
</BasicStmnt>
<BasicStmnt CovItemId="S63" CovItemPrefix="amu.database.CreditCardDAO.java" Intrnl_Id="826">
<LocList>
<Loc EndOffset="4799" SrcFileId="17" StartOffset="4786"/>
</LocList>
</BasicStmnt>
</StmntSeq>
</HierarchyLvl>
</HierarchyLvl>
<HierarchyLvl HierarchyLvlId="1995" HierarchyLvlTypeId="53" Intrnl_Id="827" Name="BookDAO">
<Header>
<Loc EndOffset="167" SrcFileId="18" StartOffset="147"/>
</Header>
<LocList>
<Loc EndOffset="2274" SrcFileId="18" StartOffset="147"/>
</LocList>
<HierarchyLvl HierarchyLvlId="1994" HierarchyLvlTypeId="54" Intrnl_Id="828" Name="findByISBN">
<Header>
<Loc EndOffset="209" SrcFileId="18" StartOffset="174"/>
</Header>
<LocList>
<Loc EndOffset="2272" SrcFileId="18" StartOffset="174"/>
</LocList>
<StmntSeq Intrnl_Id="829">
<LocList>
<Loc EndOffset="237" SrcFileId="18" StartOffset="220"/>
<Loc EndOffset="284" SrcFileId="18" StartOffset="255"/>
<Loc EndOffset="320" SrcFileId="18" StartOffset="293"/>
<Loc EndOffset="356" SrcFileId="18" StartOffset="329"/>
<Loc EndOffset="430" SrcFileId="18" StartOffset="392"/>
<Loc EndOffset="484" SrcFileId="18" StartOffset="443"/>
<Loc EndOffset="761" SrcFileId="18" StartOffset="510"/>
<Loc EndOffset="816" SrcFileId="18" StartOffset="774"/>
<Loc EndOffset="923" SrcFileId="18" StartOffset="829"/>
<Loc EndOffset="2009" SrcFileId="18" StartOffset="949"/>
<Loc EndOffset="2154" SrcFileId="18" StartOffset="374"/>
<Loc EndOffset="2226" SrcFileId="18" StartOffset="2177"/>
<Loc EndOffset="2266" SrcFileId="18" StartOffset="2254"/>
</LocList>
<BasicStmnt CovItemId="S1" CovItemPrefix="amu.database.BookDAO.java" Intrnl_Id="830">
<LocList>
<Loc EndOffset="237" SrcFileId="18" StartOffset="220"/>
</LocList>
</BasicStmnt>
<BasicStmnt CovItemId="S2" CovItemPrefix="amu.database.BookDAO.java" Intrnl_Id="831">
<LocList>
<Loc EndOffset="284" SrcFileId="18" StartOffset="255"/>
</LocList>
</BasicStmnt>
<BasicStmnt CovItemId="S3" CovItemPrefix="amu.database.BookDAO.java" Intrnl_Id="832">
<LocList>
<Loc EndOffset="320" SrcFileId="18" StartOffset="293"/>
</LocList>
</BasicStmnt>
<BasicStmnt CovItemId="S4" CovItemPrefix="amu.database.BookDAO.java" Intrnl_Id="833">
<LocList>
<Loc EndOffset="356" SrcFileId="18" StartOffset="329"/>
</LocList>
</BasicStmnt>
<BasicStmnt CovItemId="S6" CovItemPrefix="amu.database.BookDAO.java" Intrnl_Id="834">
<LocList>
<Loc EndOffset="430" SrcFileId="18" StartOffset="392"/>
</LocList>
</BasicStmnt>
<BasicStmnt CovItemId="S7" CovItemPrefix="amu.database.BookDAO.java" Intrnl_Id="835">
<LocList>
<Loc EndOffset="484" SrcFileId="18" StartOffset="443"/>
</LocList>
</BasicStmnt>
<BasicStmnt CovItemId="S8" CovItemPrefix="amu.database.BookDAO.java" Intrnl_Id="836">
<LocList>
<Loc EndOffset="761" SrcFileId="18" StartOffset="510"/>
</LocList>
</BasicStmnt>
<BasicStmnt CovItemId="S9" CovItemPrefix="amu.database.BookDAO.java" Intrnl_Id="837">
<LocList>
<Loc EndOffset="816" SrcFileId="18" StartOffset="774"/>
</LocList>
</BasicStmnt>
<BasicStmnt CovItemId="S10" CovItemPrefix="amu.database.BookDAO.java" Intrnl_Id="838">
<LocList>
<Loc EndOffset="923" SrcFileId="18" StartOffset="829"/>
</LocList>
</BasicStmnt>
<CondStmnt CovItemId="S11" CovItemPrefix="amu.database.BookDAO.java" Intrnl_Id="839">
<Branch CovItemId="B2" CovItemPrefix="amu.database.BookDAO.java" Implct="false" Intrnl_Id="840">
<Cond/>
<LocList>
<Loc EndOffset="2009" SrcFileId="18" StartOffset="971"/>
</LocList>
<StmntSeq Intrnl_Id="841">
<LocList>
<Loc EndOffset="1027" SrcFileId="18" StartOffset="989"/>
<Loc EndOffset="1088" SrcFileId="18" StartOffset="1070"/>
<Loc EndOffset="1145" SrcFileId="18" StartOffset="1105"/>
<Loc EndOffset="1252" SrcFileId="18" StartOffset="1162"/>
<Loc EndOffset="1375" SrcFileId="18" StartOffset="1269"/>
<Loc EndOffset="1449" SrcFileId="18" StartOffset="1392"/>
<Loc EndOffset="1516" SrcFileId="18" StartOffset="1466"/>
<Loc EndOffset="1586" SrcFileId="18" StartOffset="1533"/>
<Loc EndOffset="1654" SrcFileId="18" StartOffset="1603"/>
<Loc EndOffset="1722" SrcFileId="18" StartOffset="1671"/>
<Loc EndOffset="1800" SrcFileId="18" StartOffset="1739"/>
<Loc EndOffset="1885" SrcFileId="18" StartOffset="1817"/>
<Loc EndOffset="1950" SrcFileId="18" StartOffset="1902"/>
</LocList>
<BasicStmnt CovItemId="S12" CovItemPrefix="amu.database.BookDAO.java" Intrnl_Id="842">
<LocList>
<Loc EndOffset="1027" SrcFileId="18" StartOffset="989"/>
</LocList>
</BasicStmnt>
<BasicStmnt CovItemId="S13" CovItemPrefix="amu.database.BookDAO.java" Intrnl_Id="843">
<LocList>
<Loc EndOffset="1088" SrcFileId="18" StartOffset="1070"/>
</LocList>
</BasicStmnt>
<BasicStmnt CovItemId="S14" CovItemPrefix="amu.database.BookDAO.java" Intrnl_Id="844">
<LocList>
<Loc EndOffset="1145" SrcFileId="18" StartOffset="1105"/>
</LocList>
</BasicStmnt>
<BasicStmnt CovItemId="S15" CovItemPrefix="amu.database.BookDAO.java" Intrnl_Id="845">
<LocList>
<Loc EndOffset="1252" SrcFileId="18" StartOffset="1162"/>
</LocList>
</BasicStmnt>
<BasicStmnt CovItemId="S16" CovItemPrefix="amu.database.BookDAO.java" Intrnl_Id="846">
<LocList>
<Loc EndOffset="1375" SrcFileId="18" StartOffset="1269"/>
</LocList>
</BasicStmnt>
<BasicStmnt CovItemId="S17" CovItemPrefix="amu.database.BookDAO.java" Intrnl_Id="847">
<LocList>
<Loc EndOffset="1449" SrcFileId="18" StartOffset="1392"/>
</LocList>
</BasicStmnt>
<BasicStmnt CovItemId="S18" CovItemPrefix="amu.database.BookDAO.java" Intrnl_Id="848">
<LocList>
<Loc EndOffset="1516" SrcFileId="18" StartOffset="1466"/>
</LocList>
</BasicStmnt>
<BasicStmnt CovItemId="S19" CovItemPrefix="amu.database.BookDAO.java" Intrnl_Id="849">
<LocList>
<Loc EndOffset="1586" SrcFileId="18" StartOffset="1533"/>
</LocList>
</BasicStmnt>
<BasicStmnt CovItemId="S20" CovItemPrefix="amu.database.BookDAO.java" Intrnl_Id="850">
<LocList>
<Loc EndOffset="1654" SrcFileId="18" StartOffset="1603"/>
</LocList>
</BasicStmnt>
<BasicStmnt CovItemId="S21" CovItemPrefix="amu.database.BookDAO.java" Intrnl_Id="851">
<LocList>
<Loc EndOffset="1722" SrcFileId="18" StartOffset="1671"/>
</LocList>
</BasicStmnt>
<BasicStmnt CovItemId="S22" CovItemPrefix="amu.database.BookDAO.java" Intrnl_Id="852">
<LocList>
<Loc EndOffset="1800" SrcFileId="18" StartOffset="1739"/>
</LocList>
</BasicStmnt>
<BasicStmnt CovItemId="S23" CovItemPrefix="amu.database.BookDAO.java" Intrnl_Id="853">
<LocList>
<Loc EndOffset="1885" SrcFileId="18" StartOffset="1817"/>
</LocList>
</BasicStmnt>
<BasicStmnt CovItemId="S24" CovItemPrefix="amu.database.BookDAO.java" Intrnl_Id="854">
<LocList>
<Loc EndOffset="1950" SrcFileId="18" StartOffset="1902"/>
</LocList>
</BasicStmnt>
</StmntSeq>
</Branch>
<Branch CovItemId="B3" CovItemPrefix="amu.database.BookDAO.java" Implct="true" Intrnl_Id="855">
<Cond/>
<LocList/>
<StmntSeq Intrnl_Id="856">
<LocList/>
</StmntSeq>
</Branch>
<Keyword EndOffset="951" SrcFileId="18" StartOffset="949"/>
<LocList>
<Loc EndOffset="2009" SrcFileId="18" StartOffset="949"/>
</LocList>
<RootTerm CovItemId="C1" CovItemPrefix="amu.database.BookDAO.java" Intrnl_Id="857">
<BasicBoolTerm Intrnl_Id="858">
<LocList>
<Loc EndOffset="969" SrcFileId="18" StartOffset="953"/>
</LocList>
</BasicBoolTerm>
</RootTerm>
</CondStmnt>
<CondStmnt CovItemId="S5" CovItemPrefix="amu.database.BookDAO.java" Intrnl_Id="859">
<Branch CovItemId="B1" CovItemPrefix="amu.database.BookDAO.java" Implct="true" Intrnl_Id="860">
<Cond/>
<LocList/>
<StmntSeq Intrnl_Id="861">
<LocList/>
</StmntSeq>
</Branch>
<Branch CovItemId="B4" CovItemPrefix="amu.database.BookDAO.java" Implct="false" Intrnl_Id="862">
<Cond>
<Loc EndOffset="2050" SrcFileId="18" StartOffset="2020"/>
</Cond>
<LocList>
<Loc EndOffset="2154" SrcFileId="18" StartOffset="2051"/>
</LocList>
<StmntSeq Intrnl_Id="863">
<LocList>
<Loc EndOffset="2144" SrcFileId="18" StartOffset="2065"/>
</LocList>
<BasicStmnt CovItemId="S25" CovItemPrefix="amu.database.BookDAO.java" Intrnl_Id="864">
<LocList>
<Loc EndOffset="2144" SrcFileId="18" StartOffset="2065"/>
</LocList>
</BasicStmnt>
</StmntSeq>
</Branch>
<Keyword EndOffset="377" SrcFileId="18" StartOffset="374"/>
<LocList>
<Loc EndOffset="2154" SrcFileId="18" StartOffset="374"/>
</LocList>
</CondStmnt>
<BasicStmnt CovItemId="S26" CovItemPrefix="amu.database.BookDAO.java" Intrnl_Id="865">
<LocList>
<Loc EndOffset="2226" SrcFileId="18" StartOffset="2177"/>
</LocList>
</BasicStmnt>
<BasicStmnt CovItemId="S27" CovItemPrefix="amu.database.BookDAO.java" Intrnl_Id="866">
<LocList>
<Loc EndOffset="2266" SrcFileId="18" StartOffset="2254"/>
</LocList>
</BasicStmnt>
</StmntSeq>
</HierarchyLvl>
</HierarchyLvl>
<HierarchyLvl HierarchyLvlId="1997" HierarchyLvlTypeId="53" Intrnl_Id="867" Name="AuthorDAO">
<Header>
<Loc EndOffset="207" SrcFileId="19" StartOffset="185"/>
</Header>
<LocList>
<Loc EndOffset="1477" SrcFileId="19" StartOffset="185"/>
</LocList>
<HierarchyLvl HierarchyLvlId="1996" HierarchyLvlTypeId="54" Intrnl_Id="868" Name="findByBookID">
<Header>
<Loc EndOffset="258" SrcFileId="19" StartOffset="214"/>
</Header>
<LocList>
<Loc EndOffset="1475" SrcFileId="19" StartOffset="214"/>
</LocList>
<StmntSeq Intrnl_Id="869">
<LocList>
<Loc EndOffset="316" SrcFileId="19" StartOffset="269"/>
<Loc EndOffset="363" SrcFileId="19" StartOffset="334"/>
<Loc EndOffset="399" SrcFileId="19" StartOffset="372"/>
<Loc EndOffset="435" SrcFileId="19" StartOffset="408"/>
<Loc EndOffset="509" SrcFileId="19" StartOffset="471"/>
<Loc EndOffset="563" SrcFileId="19" StartOffset="522"/>
<Loc EndOffset="871" SrcFileId="19" StartOffset="589"/>
<Loc EndOffset="926" SrcFileId="19" StartOffset="884"/>
<Loc EndOffset="1035" SrcFileId="19" StartOffset="939"/>
<Loc EndOffset="1209" SrcFileId="19" StartOffset="1061"/>
<Loc EndOffset="1354" SrcFileId="19" StartOffset="453"/>
<Loc EndOffset="1426" SrcFileId="19" StartOffset="1377"/>
<Loc EndOffset="1469" SrcFileId="19" StartOffset="1454"/>
</LocList>
<BasicStmnt CovItemId="S1" CovItemPrefix="amu.database.AuthorDAO.java" Intrnl_Id="870">
<LocList>
<Loc EndOffset="316" SrcFileId="19" StartOffset="269"/>
</LocList>
</BasicStmnt>
<BasicStmnt CovItemId="S2" CovItemPrefix="amu.database.AuthorDAO.java" Intrnl_Id="871">
<LocList>
<Loc EndOffset="363" SrcFileId="19" StartOffset="334"/>
</LocList>
</BasicStmnt>
<BasicStmnt CovItemId="S3" CovItemPrefix="amu.database.AuthorDAO.java" Intrnl_Id="872">
<LocList>
<Loc EndOffset="399" SrcFileId="19" StartOffset="372"/>
</LocList>
</BasicStmnt>
<BasicStmnt CovItemId="S4" CovItemPrefix="amu.database.AuthorDAO.java" Intrnl_Id="873">
<LocList>
<Loc EndOffset="435" SrcFileId="19" StartOffset="408"/>
</LocList>
</BasicStmnt>
<BasicStmnt CovItemId="S6" CovItemPrefix="amu.database.AuthorDAO.java" Intrnl_Id="874">
<LocList>
<Loc EndOffset="509" SrcFileId="19" StartOffset="471"/>
</LocList>
</BasicStmnt>
<BasicStmnt CovItemId="S7" CovItemPrefix="amu.database.AuthorDAO.java" Intrnl_Id="875">
<LocList>
<Loc EndOffset="563" SrcFileId="19" StartOffset="522"/>
</LocList>
</BasicStmnt>
<BasicStmnt CovItemId="S8" CovItemPrefix="amu.database.AuthorDAO.java" Intrnl_Id="876">
<LocList>
<Loc EndOffset="871" SrcFileId="19" StartOffset="589"/>
</LocList>
</BasicStmnt>
<BasicStmnt CovItemId="S9" CovItemPrefix="amu.database.AuthorDAO.java" Intrnl_Id="877">
<LocList>
<Loc EndOffset="926" SrcFileId="19" StartOffset="884"/>
</LocList>
</BasicStmnt>
<BasicStmnt CovItemId="S10" CovItemPrefix="amu.database.AuthorDAO.java" Intrnl_Id="878">
<LocList>
<Loc EndOffset="1035" SrcFileId="19" StartOffset="939"/>
</LocList>
</BasicStmnt>
<LoopStmnt CovItemId="S11" CovItemPrefix="amu.database.AuthorDAO.java" Intrnl_Id="879" MltplExecId="L1-2" MltplExecPrefix="amu.database.AuthorDAO.java" NvrExecId="L1-0" NvrExecPrefix="amu.database.AuthorDAO.java" OnceExecutedId="L1-1" OnceExecutedPrefix="amu.database.AuthorDAO.java" OptBodyExec="true">
<StmntSeq Intrnl_Id="880">
<LocList>
<Loc EndOffset="1195" SrcFileId="19" StartOffset="1104"/>
</LocList>
<BasicStmnt CovItemId="S12" CovItemPrefix="amu.database.AuthorDAO.java" Intrnl_Id="881">
<LocList>
<Loc EndOffset="1195" SrcFileId="19" StartOffset="1104"/>
</LocList>
</BasicStmnt>
</StmntSeq>
<Keyword EndOffset="1066" SrcFileId="19" StartOffset="1061"/>
<LocList>
<Loc EndOffset="1209" SrcFileId="19" StartOffset="1061"/>
</LocList>
<RootTerm CovItemId="C1" CovItemPrefix="amu.database.AuthorDAO.java" Intrnl_Id="882">
<BasicBoolTerm Intrnl_Id="883">
<LocList>
<Loc EndOffset="1084" SrcFileId="19" StartOffset="1068"/>
</LocList>
</BasicBoolTerm>
</RootTerm>
</LoopStmnt>
<CondStmnt CovItemId="S5" CovItemPrefix="amu.database.AuthorDAO.java" Intrnl_Id="884">
<Branch CovItemId="B1" CovItemPrefix="amu.database.AuthorDAO.java" Implct="true" Intrnl_Id="885">
<Cond/>
<LocList/>
<StmntSeq Intrnl_Id="886">
<LocList/>
</StmntSeq>
</Branch>
<Branch CovItemId="B2" CovItemPrefix="amu.database.AuthorDAO.java" Implct="false" Intrnl_Id="887">
<Cond>
<Loc EndOffset="1250" SrcFileId="19" StartOffset="1220"/>
</Cond>
<LocList>
<Loc EndOffset="1354" SrcFileId="19" StartOffset="1251"/>
</LocList>
<StmntSeq Intrnl_Id="888">
<LocList>
<Loc EndOffset="1344" SrcFileId="19" StartOffset="1265"/>
</LocList>
<BasicStmnt CovItemId="S13" CovItemPrefix="amu.database.AuthorDAO.java" Intrnl_Id="889">
<LocList>
<Loc EndOffset="1344" SrcFileId="19" StartOffset="1265"/>
</LocList>
</BasicStmnt>
</StmntSeq>
</Branch>
<Keyword EndOffset="456" SrcFileId="19" StartOffset="453"/>
<LocList>
<Loc EndOffset="1354" SrcFileId="19" StartOffset="453"/>
</LocList>
</CondStmnt>
<BasicStmnt CovItemId="S14" CovItemPrefix="amu.database.AuthorDAO.java" Intrnl_Id="890">
<LocList>
<Loc EndOffset="1426" SrcFileId="19" StartOffset="1377"/>
</LocList>
</BasicStmnt>
<BasicStmnt CovItemId="S15" CovItemPrefix="amu.database.AuthorDAO.java" Intrnl_Id="891">
<LocList>
<Loc EndOffset="1469" SrcFileId="19" StartOffset="1454"/>
</LocList>
</BasicStmnt>
</StmntSeq>
</HierarchyLvl>
</HierarchyLvl>
<HierarchyLvl HierarchyLvlId="2003" HierarchyLvlTypeId="53" Intrnl_Id="892" Name="AddressDAO">
<Header>
<Loc EndOffset="336" SrcFileId="20" StartOffset="313"/>
</Header>
<LocList>
<Loc EndOffset="4084" SrcFileId="20" StartOffset="313"/>
</LocList>
<StmntSeq Intrnl_Id="893">
<LocList>
<Loc EndOffset="373" SrcFileId="20" StartOffset="344"/>
<Loc EndOffset="413" SrcFileId="20" StartOffset="378"/>
<Loc EndOffset="445" SrcFileId="20" StartOffset="418"/>
</LocList>
<BasicStmnt CovItemId="S1" CovItemPrefix="amu.database.AddressDAO.java" Intrnl_Id="894">
<LocList>
<Loc EndOffset="373" SrcFileId="20" StartOffset="344"/>
</LocList>
</BasicStmnt>
<BasicStmnt CovItemId="S2" CovItemPrefix="amu.database.AddressDAO.java" Intrnl_Id="895">
<LocList>
<Loc EndOffset="413" SrcFileId="20" StartOffset="378"/>
</LocList>
</BasicStmnt>
<BasicStmnt CovItemId="S3" CovItemPrefix="amu.database.AddressDAO.java" Intrnl_Id="896">
<LocList>
<Loc EndOffset="445" SrcFileId="20" StartOffset="418"/>
</LocList>
</BasicStmnt>
</StmntSeq>
<HierarchyLvl HierarchyLvlId="1998" HierarchyLvlTypeId="54" Intrnl_Id="897" Name="browse">
<Header>
<Loc EndOffset="501" SrcFileId="20" StartOffset="455"/>
</Header>
<LocList>
<Loc EndOffset="1298" SrcFileId="20" StartOffset="455"/>
</LocList>
<StmntSeq Intrnl_Id="898">
<LocList>
<Loc EndOffset="563" SrcFileId="20" StartOffset="512"/>
<Loc EndOffset="629" SrcFileId="20" StartOffset="591"/>
<Loc EndOffset="711" SrcFileId="20" StartOffset="642"/>
<Loc EndOffset="771" SrcFileId="20" StartOffset="724"/>
<Loc EndOffset="823" SrcFileId="20" StartOffset="785"/>
<Loc EndOffset="874" SrcFileId="20" StartOffset="837"/>
<Loc EndOffset="1038" SrcFileId="20" StartOffset="888"/>
<Loc EndOffset="1183" SrcFileId="20" StartOffset="573"/>
<Loc EndOffset="1255" SrcFileId="20" StartOffset="1206"/>
<Loc EndOffset="1292" SrcFileId="20" StartOffset="1275"/>
</LocList>
<BasicStmnt CovItemId="S4" CovItemPrefix="amu.database.AddressDAO.java" Intrnl_Id="899">
<LocList>
<Loc EndOffset="563" SrcFileId="20" StartOffset="512"/>
</LocList>
</BasicStmnt>
<BasicStmnt CovItemId="S6" CovItemPrefix="amu.database.AddressDAO.java" Intrnl_Id="900">
<LocList>
<Loc EndOffset="629" SrcFileId="20" StartOffset="591"/>
</LocList>
</BasicStmnt>
<BasicStmnt CovItemId="S7" CovItemPrefix="amu.database.AddressDAO.java" Intrnl_Id="901">
<LocList>
<Loc EndOffset="711" SrcFileId="20" StartOffset="642"/>
</LocList>
</BasicStmnt>
<BasicStmnt CovItemId="S8" CovItemPrefix="amu.database.AddressDAO.java" Intrnl_Id="902">
<LocList>
<Loc EndOffset="771" SrcFileId="20" StartOffset="724"/>
</LocList>
</BasicStmnt>
<BasicStmnt CovItemId="S9" CovItemPrefix="amu.database.AddressDAO.java" Intrnl_Id="903">
<LocList>
<Loc EndOffset="823" SrcFileId="20" StartOffset="785"/>
</LocList>
</BasicStmnt>
<BasicStmnt CovItemId="S10" CovItemPrefix="amu.database.AddressDAO.java" Intrnl_Id="904">
<LocList>
<Loc EndOffset="874" SrcFileId="20" StartOffset="837"/>
</LocList>
</BasicStmnt>
<LoopStmnt CovItemId="S11" CovItemPrefix="amu.database.AddressDAO.java" Intrnl_Id="905" MltplExecId="L1-2" MltplExecPrefix="amu.database.AddressDAO.java" NvrExecId="L1-0" NvrExecPrefix="amu.database.AddressDAO.java" OnceExecutedId="L1-1" OnceExecutedPrefix="amu.database.AddressDAO.java" OptBodyExec="true">
<StmntSeq Intrnl_Id="906">
<LocList>
<Loc EndOffset="1024" SrcFileId="20" StartOffset="931"/>
</LocList>
<BasicStmnt CovItemId="S12" CovItemPrefix="amu.database.AddressDAO.java" Intrnl_Id="907">
<LocList>
<Loc EndOffset="1024" SrcFileId="20" StartOffset="931"/>
</LocList>
</BasicStmnt>
</StmntSeq>
<Keyword EndOffset="893" SrcFileId="20" StartOffset="888"/>
<LocList>
<Loc EndOffset="1038" SrcFileId="20" StartOffset="888"/>
</LocList>
<RootTerm CovItemId="C1" CovItemPrefix="amu.database.AddressDAO.java" Intrnl_Id="908">
<BasicBoolTerm Intrnl_Id="909">
<LocList>
<Loc EndOffset="911" SrcFileId="20" StartOffset="895"/>
</LocList>
</BasicBoolTerm>
</RootTerm>
</LoopStmnt>
<CondStmnt CovItemId="S5" CovItemPrefix="amu.database.AddressDAO.java" Intrnl_Id="910">
<Branch CovItemId="B1" CovItemPrefix="amu.database.AddressDAO.java" Implct="true" Intrnl_Id="911">
<Cond/>
<LocList/>
<StmntSeq Intrnl_Id="912">
<LocList/>
</StmntSeq>
</Branch>
<Branch CovItemId="B2" CovItemPrefix="amu.database.AddressDAO.java" Implct="false" Intrnl_Id="913">
<Cond>
<Loc EndOffset="1079" SrcFileId="20" StartOffset="1049"/>
</Cond>
<LocList>
<Loc EndOffset="1183" SrcFileId="20" StartOffset="1080"/>
</LocList>
<StmntSeq Intrnl_Id="914">
<LocList>
<Loc EndOffset="1173" SrcFileId="20" StartOffset="1094"/>
</LocList>
<BasicStmnt CovItemId="S13" CovItemPrefix="amu.database.AddressDAO.java" Intrnl_Id="915">
<LocList>
<Loc EndOffset="1173" SrcFileId="20" StartOffset="1094"/>
</LocList>
</BasicStmnt>
</StmntSeq>
</Branch>
<Keyword EndOffset="576" SrcFileId="20" StartOffset="573"/>
<LocList>
<Loc EndOffset="1183" SrcFileId="20" StartOffset="573"/>
</LocList>
</CondStmnt>
<BasicStmnt CovItemId="S14" CovItemPrefix="amu.database.AddressDAO.java" Intrnl_Id="916">
<LocList>
<Loc EndOffset="1255" SrcFileId="20" StartOffset="1206"/>
</LocList>
</BasicStmnt>
<BasicStmnt CovItemId="S15" CovItemPrefix="amu.database.AddressDAO.java" Intrnl_Id="917">
<LocList>
<Loc EndOffset="1292" SrcFileId="20" StartOffset="1275"/>
</LocList>
</BasicStmnt>
</StmntSeq>
</HierarchyLvl>
<HierarchyLvl HierarchyLvlId="1999" HierarchyLvlTypeId="54" Intrnl_Id="918" Name="read">
<Header>
<Loc EndOffset="1331" SrcFileId="20" StartOffset="1304"/>
</Header>
<LocList>
<Loc EndOffset="2041" SrcFileId="20" StartOffset="1304"/>
</LocList>
<StmntSeq Intrnl_Id="919">
<LocList>
<Loc EndOffset="1365" SrcFileId="20" StartOffset="1342"/>
<Loc EndOffset="1431" SrcFileId="20" StartOffset="1393"/>
<Loc EndOffset="1501" SrcFileId="20" StartOffset="1445"/>
<Loc EndOffset="1561" SrcFileId="20" StartOffset="1514"/>
<Loc EndOffset="1598" SrcFileId="20" StartOffset="1574"/>
<Loc EndOffset="1649" SrcFileId="20" StartOffset="1612"/>
<Loc EndOffset="1782" SrcFileId="20" StartOffset="1663"/>
<Loc EndOffset="1928" SrcFileId="20" StartOffset="1375"/>
<Loc EndOffset="2000" SrcFileId="20" StartOffset="1951"/>
<Loc EndOffset="2035" SrcFileId="20" StartOffset="2020"/>
</LocList>
<BasicStmnt CovItemId="S16" CovItemPrefix="amu.database.AddressDAO.java" Intrnl_Id="920">
<LocList>
<Loc EndOffset="1365" SrcFileId="20" StartOffset="1342"/>
</LocList>
</BasicStmnt>
<BasicStmnt CovItemId="S18" CovItemPrefix="amu.database.AddressDAO.java" Intrnl_Id="921">
<LocList>
<Loc EndOffset="1431" SrcFileId="20" StartOffset="1393"/>
</LocList>
</BasicStmnt>
<BasicStmnt CovItemId="S19" CovItemPrefix="amu.database.AddressDAO.java" Intrnl_Id="922">
<LocList>
<Loc EndOffset="1501" SrcFileId="20" StartOffset="1445"/>
</LocList>
</BasicStmnt>
<BasicStmnt CovItemId="S20" CovItemPrefix="amu.database.AddressDAO.java" Intrnl_Id="923">
<LocList>
<Loc EndOffset="1561" SrcFileId="20" StartOffset="1514"/>
</LocList>
</BasicStmnt>
<BasicStmnt CovItemId="S21" CovItemPrefix="amu.database.AddressDAO.java" Intrnl_Id="924">
<LocList>
<Loc EndOffset="1598" SrcFileId="20" StartOffset="1574"/>
</LocList>
</BasicStmnt>
<BasicStmnt CovItemId="S22" CovItemPrefix="amu.database.AddressDAO.java" Intrnl_Id="925">
<LocList>
<Loc EndOffset="1649" SrcFileId="20" StartOffset="1612"/>
</LocList>
</BasicStmnt>
<CondStmnt CovItemId="S23" CovItemPrefix="amu.database.AddressDAO.java" Intrnl_Id="926">
<Branch CovItemId="B4" CovItemPrefix="amu.database.AddressDAO.java" Implct="false" Intrnl_Id="927">
<Cond/>
<LocList>
<Loc EndOffset="1782" SrcFileId="20" StartOffset="1685"/>
</LocList>
<StmntSeq Intrnl_Id="928">
<LocList>
<Loc EndOffset="1767" SrcFileId="20" StartOffset="1703"/>
</LocList>
<BasicStmnt CovItemId="S24" CovItemPrefix="amu.database.AddressDAO.java" Intrnl_Id="929">
<LocList>
<Loc EndOffset="1767" SrcFileId="20" StartOffset="1703"/>
</LocList>
</BasicStmnt>
</StmntSeq>
</Branch>
<Branch CovItemId="B5" CovItemPrefix="amu.database.AddressDAO.java" Implct="true" Intrnl_Id="930">
<Cond/>
<LocList/>
<StmntSeq Intrnl_Id="931">
<LocList/>
</StmntSeq>
</Branch>
<Keyword EndOffset="1665" SrcFileId="20" StartOffset="1663"/>
<LocList>
<Loc EndOffset="1782" SrcFileId="20" StartOffset="1663"/>
</LocList>
<RootTerm CovItemId="C2" CovItemPrefix="amu.database.AddressDAO.java" Intrnl_Id="932">
<BasicBoolTerm Intrnl_Id="933">
<LocList>
<Loc EndOffset="1683" SrcFileId="20" StartOffset="1667"/>
</LocList>
</BasicBoolTerm>
</RootTerm>
</CondStmnt>
<CondStmnt CovItemId="S17" CovItemPrefix="amu.database.AddressDAO.java" Intrnl_Id="934">
<Branch CovItemId="B3" CovItemPrefix="amu.database.AddressDAO.java" Implct="true" Intrnl_Id="935">
<Cond/>
<LocList/>
<StmntSeq Intrnl_Id="936">
<LocList/>
</StmntSeq>
</Branch>
<Branch CovItemId="B6" CovItemPrefix="amu.database.AddressDAO.java" Implct="false" Intrnl_Id="937">
<Cond>
<Loc EndOffset="1824" SrcFileId="20" StartOffset="1794"/>
</Cond>
<LocList>
<Loc EndOffset="1928" SrcFileId="20" StartOffset="1825"/>
</LocList>
<StmntSeq Intrnl_Id="938">
<LocList>
<Loc EndOffset="1918" SrcFileId="20" StartOffset="1839"/>
</LocList>
<BasicStmnt CovItemId="S25" CovItemPrefix="amu.database.AddressDAO.java" Intrnl_Id="939">
<LocList>
<Loc EndOffset="1918" SrcFileId="20" StartOffset="1839"/>
</LocList>
</BasicStmnt>
</StmntSeq>
</Branch>
<Keyword EndOffset="1378" SrcFileId="20" StartOffset="1375"/>
<LocList>
<Loc EndOffset="1928" SrcFileId="20" StartOffset="1375"/>
</LocList>
</CondStmnt>
<BasicStmnt CovItemId="S26" CovItemPrefix="amu.database.AddressDAO.java" Intrnl_Id="940">
<LocList>
<Loc EndOffset="2000" SrcFileId="20" StartOffset="1951"/>
</LocList>
</BasicStmnt>
<BasicStmnt CovItemId="S27" CovItemPrefix="amu.database.AddressDAO.java" Intrnl_Id="941">
<LocList>
<Loc EndOffset="2035" SrcFileId="20" StartOffset="2020"/>
</LocList>
</BasicStmnt>
</StmntSeq>
</HierarchyLvl>
<HierarchyLvl HierarchyLvlId="2000" HierarchyLvlTypeId="54" Intrnl_Id="942" Name="edit">
<Header>
<Loc EndOffset="2083" SrcFileId="20" StartOffset="2047"/>
</Header>
<LocList>
<Loc EndOffset="2739" SrcFileId="20" StartOffset="2047"/>
</LocList>
<StmntSeq Intrnl_Id="943">
<LocList>
<Loc EndOffset="2151" SrcFileId="20" StartOffset="2113"/>
<Loc EndOffset="2222" SrcFileId="20" StartOffset="2165"/>
<Loc EndOffset="2282" SrcFileId="20" StartOffset="2235"/>
<Loc EndOffset="2340" SrcFileId="20" StartOffset="2295"/>
<Loc EndOffset="2390" SrcFileId="20" StartOffset="2353"/>
<Loc EndOffset="2483" SrcFileId="20" StartOffset="2404"/>
<Loc EndOffset="2628" SrcFileId="20" StartOffset="2095"/>
<Loc EndOffset="2700" SrcFileId="20" StartOffset="2651"/>
<Loc EndOffset="2733" SrcFileId="20" StartOffset="2720"/>
</LocList>
<BasicStmnt CovItemId="S29" CovItemPrefix="amu.database.AddressDAO.java" Intrnl_Id="944">
<LocList>
<Loc EndOffset="2151" SrcFileId="20" StartOffset="2113"/>
</LocList>
</BasicStmnt>
<BasicStmnt CovItemId="S30" CovItemPrefix="amu.database.AddressDAO.java" Intrnl_Id="945">
<LocList>
<Loc EndOffset="2222" SrcFileId="20" StartOffset="2165"/>
</LocList>
</BasicStmnt>
<BasicStmnt CovItemId="S31" CovItemPrefix="amu.database.AddressDAO.java" Intrnl_Id="946">
<LocList>
<Loc EndOffset="2282" SrcFileId="20" StartOffset="2235"/>
</LocList>
</BasicStmnt>
<BasicStmnt CovItemId="S32" CovItemPrefix="amu.database.AddressDAO.java" Intrnl_Id="947">
<LocList>
<Loc EndOffset="2340" SrcFileId="20" StartOffset="2295"/>
</LocList>
</BasicStmnt>
<BasicStmnt CovItemId="S33" CovItemPrefix="amu.database.AddressDAO.java" Intrnl_Id="948">
<LocList>
<Loc EndOffset="2390" SrcFileId="20" StartOffset="2353"/>
</LocList>
</BasicStmnt>
<CondStmnt CovItemId="S34" CovItemPrefix="amu.database.AddressDAO.java" Intrnl_Id="949">
<Branch CovItemId="B8" CovItemPrefix="amu.database.AddressDAO.java" Implct="false" Intrnl_Id="950">
<Cond/>
<LocList>
<Loc EndOffset="2483" SrcFileId="20" StartOffset="2439"/>
</LocList>
<StmntSeq Intrnl_Id="951">
<LocList>
<Loc EndOffset="2469" SrcFileId="20" StartOffset="2457"/>
</LocList>
<BasicStmnt CovItemId="S35" CovItemPrefix="amu.database.AddressDAO.java" Intrnl_Id="952">
<LocList>
<Loc EndOffset="2469" SrcFileId="20" StartOffset="2457"/>
</LocList>
</BasicStmnt>
</StmntSeq>
</Branch>
<Branch CovItemId="B9" CovItemPrefix="amu.database.AddressDAO.java" Implct="true" Intrnl_Id="953">
<Cond/>
<LocList/>
<StmntSeq Intrnl_Id="954">
<LocList/>
</StmntSeq>
</Branch>
<Keyword EndOffset="2406" SrcFileId="20" StartOffset="2404"/>
<LocList>
<Loc EndOffset="2483" SrcFileId="20" StartOffset="2404"/>
</LocList>
<RootTerm CovItemId="C3" CovItemPrefix="amu.database.AddressDAO.java" Intrnl_Id="955">
<BasicBoolTerm Intrnl_Id="956">
<LocList>
<Loc EndOffset="2437" SrcFileId="20" StartOffset="2408"/>
</LocList>
</BasicBoolTerm>
</RootTerm>
</CondStmnt>
<CondStmnt CovItemId="S28" CovItemPrefix="amu.database.AddressDAO.java" Intrnl_Id="957">
<Branch CovItemId="B7" CovItemPrefix="amu.database.AddressDAO.java" Implct="true" Intrnl_Id="958">
<Cond/>
<LocList/>
<StmntSeq Intrnl_Id="959">
<LocList/>
</StmntSeq>
</Branch>
<Branch CovItemId="B10" CovItemPrefix="amu.database.AddressDAO.java" Implct="false" Intrnl_Id="960">
<Cond>
<Loc EndOffset="2524" SrcFileId="20" StartOffset="2494"/>
</Cond>
<LocList>
<Loc EndOffset="2628" SrcFileId="20" StartOffset="2525"/>
</LocList>
<StmntSeq Intrnl_Id="961">
<LocList>
<Loc EndOffset="2618" SrcFileId="20" StartOffset="2539"/>
</LocList>
<BasicStmnt CovItemId="S36" CovItemPrefix="amu.database.AddressDAO.java" Intrnl_Id="962">
<LocList>
<Loc EndOffset="2618" SrcFileId="20" StartOffset="2539"/>
</LocList>
</BasicStmnt>
</StmntSeq>
</Branch>
<Keyword EndOffset="2098" SrcFileId="20" StartOffset="2095"/>
<LocList>
<Loc EndOffset="2628" SrcFileId="20" StartOffset="2095"/>
</LocList>
</CondStmnt>
<BasicStmnt CovItemId="S37" CovItemPrefix="amu.database.AddressDAO.java" Intrnl_Id="963">
<LocList>
<Loc EndOffset="2700" SrcFileId="20" StartOffset="2651"/>
</LocList>
</BasicStmnt>
<BasicStmnt CovItemId="S38" CovItemPrefix="amu.database.AddressDAO.java" Intrnl_Id="964">
<LocList>
<Loc EndOffset="2733" SrcFileId="20" StartOffset="2720"/>
</LocList>
</BasicStmnt>
</StmntSeq>
</HierarchyLvl>
<HierarchyLvl HierarchyLvlId="2001" HierarchyLvlTypeId="54" Intrnl_Id="965" Name="add">
<Header>
<Loc EndOffset="2784" SrcFileId="20" StartOffset="2749"/>
</Header>
<LocList>
<Loc EndOffset="3471" SrcFileId="20" StartOffset="2749"/>
</LocList>
<StmntSeq Intrnl_Id="966">
<LocList>
<Loc EndOffset="2852" SrcFileId="20" StartOffset="2814"/>
<Loc EndOffset="2940" SrcFileId="20" StartOffset="2866"/>
<Loc EndOffset="3000" SrcFileId="20" StartOffset="2953"/>
<Loc EndOffset="3064" SrcFileId="20" StartOffset="3013"/>
<Loc EndOffset="3122" SrcFileId="20" StartOffset="3077"/>
<Loc EndOffset="3215" SrcFileId="20" StartOffset="3136"/>
<Loc EndOffset="3360" SrcFileId="20" StartOffset="2796"/>
<Loc EndOffset="3432" SrcFileId="20" StartOffset="3383"/>
<Loc EndOffset="3465" SrcFileId="20" StartOffset="3452"/>
</LocList>
<BasicStmnt CovItemId="S40" CovItemPrefix="amu.database.AddressDAO.java" Intrnl_Id="967">
<LocList>
<Loc EndOffset="2852" SrcFileId="20" StartOffset="2814"/>
</LocList>
</BasicStmnt>
<BasicStmnt CovItemId="S41" CovItemPrefix="amu.database.AddressDAO.java" Intrnl_Id="968">
<LocList>
<Loc EndOffset="2940" SrcFileId="20" StartOffset="2866"/>
</LocList>
</BasicStmnt>
<BasicStmnt CovItemId="S42" CovItemPrefix="amu.database.AddressDAO.java" Intrnl_Id="969">
<LocList>
<Loc EndOffset="3000" SrcFileId="20" StartOffset="2953"/>
</LocList>
</BasicStmnt>
<BasicStmnt CovItemId="S43" CovItemPrefix="amu.database.AddressDAO.java" Intrnl_Id="970">
<LocList>
<Loc EndOffset="3064" SrcFileId="20" StartOffset="3013"/>
</LocList>
</BasicStmnt>
<BasicStmnt CovItemId="S44" CovItemPrefix="amu.database.AddressDAO.java" Intrnl_Id="971">
<LocList>
<Loc EndOffset="3122" SrcFileId="20" StartOffset="3077"/>
</LocList>
</BasicStmnt>
<CondStmnt CovItemId="S45" CovItemPrefix="amu.database.AddressDAO.java" Intrnl_Id="972">
<Branch CovItemId="B12" CovItemPrefix="amu.database.AddressDAO.java" Implct="false" Intrnl_Id="973">
<Cond/>
<LocList>
<Loc EndOffset="3215" SrcFileId="20" StartOffset="3171"/>
</LocList>
<StmntSeq Intrnl_Id="974">
<LocList>
<Loc EndOffset="3201" SrcFileId="20" StartOffset="3189"/>
</LocList>
<BasicStmnt CovItemId="S46" CovItemPrefix="amu.database.AddressDAO.java" Intrnl_Id="975">
<LocList>
<Loc EndOffset="3201" SrcFileId="20" StartOffset="3189"/>
</LocList>
</BasicStmnt>
</StmntSeq>
</Branch>
<Branch CovItemId="B13" CovItemPrefix="amu.database.AddressDAO.java" Implct="true" Intrnl_Id="976">
<Cond/>
<LocList/>
<StmntSeq Intrnl_Id="977">
<LocList/>
</StmntSeq>
</Branch>
<Keyword EndOffset="3138" SrcFileId="20" StartOffset="3136"/>
<LocList>
<Loc EndOffset="3215" SrcFileId="20" StartOffset="3136"/>
</LocList>
<RootTerm CovItemId="C4" CovItemPrefix="amu.database.AddressDAO.java" Intrnl_Id="978">
<BasicBoolTerm Intrnl_Id="979">
<LocList>
<Loc EndOffset="3169" SrcFileId="20" StartOffset="3140"/>
</LocList>
</BasicBoolTerm>
</RootTerm>
</CondStmnt>
<CondStmnt CovItemId="S39" CovItemPrefix="amu.database.AddressDAO.java" Intrnl_Id="980">
<Branch CovItemId="B11" CovItemPrefix="amu.database.AddressDAO.java" Implct="true" Intrnl_Id="981">
<Cond/>
<LocList/>
<StmntSeq Intrnl_Id="982">
<LocList/>
</StmntSeq>
</Branch>
<Branch CovItemId="B14" CovItemPrefix="amu.database.AddressDAO.java" Implct="false" Intrnl_Id="983">
<Cond>
<Loc EndOffset="3256" SrcFileId="20" StartOffset="3226"/>
</Cond>
<LocList>
<Loc EndOffset="3360" SrcFileId="20" StartOffset="3257"/>
</LocList>
<StmntSeq Intrnl_Id="984">
<LocList>
<Loc EndOffset="3350" SrcFileId="20" StartOffset="3271"/>
</LocList>
<BasicStmnt CovItemId="S47" CovItemPrefix="amu.database.AddressDAO.java" Intrnl_Id="985">
<LocList>
<Loc EndOffset="3350" SrcFileId="20" StartOffset="3271"/>
</LocList>
</BasicStmnt>
</StmntSeq>
</Branch>
<Keyword EndOffset="2799" SrcFileId="20" StartOffset="2796"/>
<LocList>
<Loc EndOffset="3360" SrcFileId="20" StartOffset="2796"/>
</LocList>
</CondStmnt>
<BasicStmnt CovItemId="S48" CovItemPrefix="amu.database.AddressDAO.java" Intrnl_Id="986">
<LocList>
<Loc EndOffset="3432" SrcFileId="20" StartOffset="3383"/>
</LocList>
</BasicStmnt>
<BasicStmnt CovItemId="S49" CovItemPrefix="amu.database.AddressDAO.java" Intrnl_Id="987">
<LocList>
<Loc EndOffset="3465" SrcFileId="20" StartOffset="3452"/>
</LocList>
</BasicStmnt>
</StmntSeq>
</HierarchyLvl>
<HierarchyLvl HierarchyLvlId="2002" HierarchyLvlTypeId="54" Intrnl_Id="988" Name="delete">
<Header>
<Loc EndOffset="3506" SrcFileId="20" StartOffset="3477"/>
</Header>
<LocList>
<Loc EndOffset="4082" SrcFileId="20" StartOffset="3477"/>
</LocList>
<StmntSeq Intrnl_Id="989">
<LocList>
<Loc EndOffset="3574" SrcFileId="20" StartOffset="3536"/>
<Loc EndOffset="3636" SrcFileId="20" StartOffset="3588"/>
<Loc EndOffset="3696" SrcFileId="20" StartOffset="3649"/>
<Loc EndOffset="3733" SrcFileId="20" StartOffset="3709"/>
<Loc EndOffset="3826" SrcFileId="20" StartOffset="3747"/>
<Loc EndOffset="3971" SrcFileId="20" StartOffset="3518"/>
<Loc EndOffset="4043" SrcFileId="20" StartOffset="3994"/>
<Loc EndOffset="4076" SrcFileId="20" StartOffset="4063"/>
</LocList>
<BasicStmnt CovItemId="S51" CovItemPrefix="amu.database.AddressDAO.java" Intrnl_Id="990">
<LocList>
<Loc EndOffset="3574" SrcFileId="20" StartOffset="3536"/>
</LocList>
</BasicStmnt>
<BasicStmnt CovItemId="S52" CovItemPrefix="amu.database.AddressDAO.java" Intrnl_Id="991">
<LocList>
<Loc EndOffset="3636" SrcFileId="20" StartOffset="3588"/>
</LocList>
</BasicStmnt>
<BasicStmnt CovItemId="S53" CovItemPrefix="amu.database.AddressDAO.java" Intrnl_Id="992">
<LocList>
<Loc EndOffset="3696" SrcFileId="20" StartOffset="3649"/>
</LocList>
</BasicStmnt>
<BasicStmnt CovItemId="S54" CovItemPrefix="amu.database.AddressDAO.java" Intrnl_Id="993">
<LocList>
<Loc EndOffset="3733" SrcFileId="20" StartOffset="3709"/>
</LocList>
</BasicStmnt>
<CondStmnt CovItemId="S55" CovItemPrefix="amu.database.AddressDAO.java" Intrnl_Id="994">
<Branch CovItemId="B16" CovItemPrefix="amu.database.AddressDAO.java" Implct="false" Intrnl_Id="995">
<Cond/>
<LocList>
<Loc EndOffset="3826" SrcFileId="20" StartOffset="3782"/>
</LocList>
<StmntSeq Intrnl_Id="996">
<LocList>
<Loc EndOffset="3812" SrcFileId="20" StartOffset="3800"/>
</LocList>
<BasicStmnt CovItemId="S56" CovItemPrefix="amu.database.AddressDAO.java" Intrnl_Id="997">
<LocList>
<Loc EndOffset="3812" SrcFileId="20" StartOffset="3800"/>
</LocList>
</BasicStmnt>
</StmntSeq>
</Branch>
<Branch CovItemId="B17" CovItemPrefix="amu.database.AddressDAO.java" Implct="true" Intrnl_Id="998">
<Cond/>
<LocList/>
<StmntSeq Intrnl_Id="999">
<LocList/>
</StmntSeq>
</Branch>
<Keyword EndOffset="3749" SrcFileId="20" StartOffset="3747"/>
<LocList>
<Loc EndOffset="3826" SrcFileId="20" StartOffset="3747"/>
</LocList>
<RootTerm CovItemId="C5" CovItemPrefix="amu.database.AddressDAO.java" Intrnl_Id="1000">
<BasicBoolTerm Intrnl_Id="1001">
<LocList>
<Loc EndOffset="3780" SrcFileId="20" StartOffset="3751"/>
</LocList>
</BasicBoolTerm>
</RootTerm>
</CondStmnt>
<CondStmnt CovItemId="S50" CovItemPrefix="amu.database.AddressDAO.java" Intrnl_Id="1002">
<Branch CovItemId="B15" CovItemPrefix="amu.database.AddressDAO.java" Implct="true" Intrnl_Id="1003">
<Cond/>
<LocList/>
<StmntSeq Intrnl_Id="1004">
<LocList/>
</StmntSeq>
</Branch>
<Branch CovItemId="B18" CovItemPrefix="amu.database.AddressDAO.java" Implct="false" Intrnl_Id="1005">
<Cond>
<Loc EndOffset="3867" SrcFileId="20" StartOffset="3837"/>
</Cond>
<LocList>
<Loc EndOffset="3971" SrcFileId="20" StartOffset="3868"/>
</LocList>
<StmntSeq Intrnl_Id="1006">
<LocList>
<Loc EndOffset="3961" SrcFileId="20" StartOffset="3882"/>
</LocList>
<BasicStmnt CovItemId="S57" CovItemPrefix="amu.database.AddressDAO.java" Intrnl_Id="1007">
<LocList>
<Loc EndOffset="3961" SrcFileId="20" StartOffset="3882"/>
</LocList>
</BasicStmnt>
</StmntSeq>
</Branch>
<Keyword EndOffset="3521" SrcFileId="20" StartOffset="3518"/>
<LocList>
<Loc EndOffset="3971" SrcFileId="20" StartOffset="3518"/>
</LocList>
</CondStmnt>
<BasicStmnt CovItemId="S58" CovItemPrefix="amu.database.AddressDAO.java" Intrnl_Id="1008">
<LocList>
<Loc EndOffset="4043" SrcFileId="20" StartOffset="3994"/>
</LocList>
</BasicStmnt>
<BasicStmnt CovItemId="S59" CovItemPrefix="amu.database.AddressDAO.java" Intrnl_Id="1009">
<LocList>
<Loc EndOffset="4076" SrcFileId="20" StartOffset="4063"/>
</LocList>
</BasicStmnt>
</StmntSeq>
</HierarchyLvl>
</HierarchyLvl>
</HierarchyLvl>
<HierarchyLvl HierarchyLvlId="2079" HierarchyLvlTypeId="52" Intrnl_Id="1010" Name="action">
<Header/>
<LocList/>
<HierarchyLvl HierarchyLvlId="2005" HierarchyLvlTypeId="53" Intrnl_Id="1011" Name="ViewCustomerAction">
<Header>
<Loc EndOffset="422" SrcFileId="21" StartOffset="380"/>
</Header>
<LocList>
<Loc EndOffset="1607" SrcFileId="21" StartOffset="380"/>
</LocList>
<HierarchyLvl HierarchyLvlId="2004" HierarchyLvlTypeId="54" Intrnl_Id="1012" Name="execute">
<Header>
<Loc EndOffset="548" SrcFileId="21" StartOffset="430"/>
</Header>
<LocList>
<Loc EndOffset="1605" SrcFileId="21" StartOffset="430"/>
</LocList>
<StmntSeq Intrnl_Id="1013">
<LocList>
<Loc EndOffset="607" SrcFileId="21" StartOffset="560"/>
<Loc EndOffset="680" SrcFileId="21" StartOffset="616"/>
<Loc EndOffset="1599" SrcFileId="21" StartOffset="690"/>
</LocList>
<BasicStmnt CovItemId="S1" CovItemPrefix="amu.action.ViewCustomerAction.java" Intrnl_Id="1014">
<LocList>
<Loc EndOffset="607" SrcFileId="21" StartOffset="560"/>
</LocList>
</BasicStmnt>
<BasicStmnt CovItemId="S2" CovItemPrefix="amu.action.ViewCustomerAction.java" Intrnl_Id="1015">
<LocList>
<Loc EndOffset="680" SrcFileId="21" StartOffset="616"/>
</LocList>
</BasicStmnt>
<CondStmnt CovItemId="S3" CovItemPrefix="amu.action.ViewCustomerAction.java" Intrnl_Id="1016">
<Branch CovItemId="B1" CovItemPrefix="amu.action.ViewCustomerAction.java" Implct="false" Intrnl_Id="1017">
<Cond/>
<LocList>
<Loc EndOffset="933" SrcFileId="21" StartOffset="712"/>
</LocList>
<StmntSeq Intrnl_Id="1018">
<LocList>
<Loc EndOffset="823" SrcFileId="21" StartOffset="726"/>
<Loc EndOffset="888" SrcFileId="21" StartOffset="836"/>
<Loc EndOffset="923" SrcFileId="21" StartOffset="901"/>
</LocList>
<BasicStmnt CovItemId="S4" CovItemPrefix="amu.action.ViewCustomerAction.java" Intrnl_Id="1019">
<LocList>
<Loc EndOffset="823" SrcFileId="21" StartOffset="726"/>
</LocList>
</BasicStmnt>
<BasicStmnt CovItemId="S5" CovItemPrefix="amu.action.ViewCustomerAction.java" Intrnl_Id="1020">
<LocList>
<Loc EndOffset="888" SrcFileId="21" StartOffset="836"/>
</LocList>
</BasicStmnt>
<BasicStmnt CovItemId="S6" CovItemPrefix="amu.action.ViewCustomerAction.java" Intrnl_Id="1021">
<LocList>
<Loc EndOffset="923" SrcFileId="21" StartOffset="901"/>
</LocList>
</BasicStmnt>
</StmntSeq>
</Branch>
<Branch CovItemId="B2" CovItemPrefix="amu.action.ViewCustomerAction.java" Implct="false" Intrnl_Id="1022">
<Cond>
<Loc EndOffset="938" SrcFileId="21" StartOffset="934"/>
</Cond>
<LocList>
<Loc EndOffset="1599" SrcFileId="21" StartOffset="939"/>
</LocList>
<StmntSeq Intrnl_Id="1023">
<LocList>
<Loc EndOffset="1003" SrcFileId="21" StartOffset="953"/>
<Loc EndOffset="1078" SrcFileId="21" StartOffset="1016"/>
<Loc EndOffset="1140" SrcFileId="21" StartOffset="1091"/>
<Loc EndOffset="1207" SrcFileId="21" StartOffset="1166"/>
<Loc EndOffset="1274" SrcFileId="21" StartOffset="1220"/>
<Loc EndOffset="1332" SrcFileId="21" StartOffset="1287"/>
<Loc EndOffset="1393" SrcFileId="21" StartOffset="1358"/>
<Loc EndOffset="1453" SrcFileId="21" StartOffset="1406"/>
<Loc EndOffset="1505" SrcFileId="21" StartOffset="1466"/>
<Loc EndOffset="1589" SrcFileId="21" StartOffset="1519"/>
</LocList>
<BasicStmnt CovItemId="S7" CovItemPrefix="amu.action.ViewCustomerAction.java" Intrnl_Id="1024">
<LocList>
<Loc EndOffset="1003" SrcFileId="21" StartOffset="953"/>
</LocList>
</BasicStmnt>
<BasicStmnt CovItemId="S8" CovItemPrefix="amu.action.ViewCustomerAction.java" Intrnl_Id="1025">
<LocList>
<Loc EndOffset="1078" SrcFileId="21" StartOffset="1016"/>
</LocList>
</BasicStmnt>
<BasicStmnt CovItemId="S9" CovItemPrefix="amu.action.ViewCustomerAction.java" Intrnl_Id="1026">
<LocList>
<Loc EndOffset="1140" SrcFileId="21" StartOffset="1091"/>
</LocList>
</BasicStmnt>
<BasicStmnt CovItemId="S10" CovItemPrefix="amu.action.ViewCustomerAction.java" Intrnl_Id="1027">
<LocList>
<Loc EndOffset="1207" SrcFileId="21" StartOffset="1166"/>
</LocList>
</BasicStmnt>
<BasicStmnt CovItemId="S11" CovItemPrefix="amu.action.ViewCustomerAction.java" Intrnl_Id="1028">
<LocList>
<Loc EndOffset="1274" SrcFileId="21" StartOffset="1220"/>
</LocList>
</BasicStmnt>
<BasicStmnt CovItemId="S12" CovItemPrefix="amu.action.ViewCustomerAction.java" Intrnl_Id="1029">
<LocList>
<Loc EndOffset="1332" SrcFileId="21" StartOffset="1287"/>
</LocList>
</BasicStmnt>
<BasicStmnt CovItemId="S13" CovItemPrefix="amu.action.ViewCustomerAction.java" Intrnl_Id="1030">
<LocList>
<Loc EndOffset="1393" SrcFileId="21" StartOffset="1358"/>
</LocList>
</BasicStmnt>
<BasicStmnt CovItemId="S14" CovItemPrefix="amu.action.ViewCustomerAction.java" Intrnl_Id="1031">
<LocList>
<Loc EndOffset="1453" SrcFileId="21" StartOffset="1406"/>
</LocList>
</BasicStmnt>
<BasicStmnt CovItemId="S15" CovItemPrefix="amu.action.ViewCustomerAction.java" Intrnl_Id="1032">
<LocList>
<Loc EndOffset="1505" SrcFileId="21" StartOffset="1466"/>
</LocList>
</BasicStmnt>
<BasicStmnt CovItemId="S16" CovItemPrefix="amu.action.ViewCustomerAction.java" Intrnl_Id="1033">
<LocList>
<Loc EndOffset="1589" SrcFileId="21" StartOffset="1519"/>
</LocList>
</BasicStmnt>
</StmntSeq>
</Branch>
<Keyword EndOffset="692" SrcFileId="21" StartOffset="690"/>
<LocList>
<Loc EndOffset="1599" SrcFileId="21" StartOffset="690"/>
</LocList>
<RootTerm CovItemId="C1" CovItemPrefix="amu.action.ViewCustomerAction.java" Intrnl_Id="1034">
<BasicBoolTerm Intrnl_Id="1035">
<LocList>
<Loc EndOffset="710" SrcFileId="21" StartOffset="694"/>
</LocList>
</BasicBoolTerm>
</RootTerm>
</CondStmnt>
</StmntSeq>
</HierarchyLvl>
</HierarchyLvl>
<HierarchyLvl HierarchyLvlId="2008" HierarchyLvlTypeId="53" Intrnl_Id="1036" Name="ViewCartAction">
<Header>
<Loc EndOffset="215" SrcFileId="22" StartOffset="177"/>
</Header>
<LocList>
<Loc EndOffset="720" SrcFileId="22" StartOffset="177"/>
</LocList>
<HierarchyLvl HierarchyLvlId="2006" HierarchyLvlTypeId="54" Intrnl_Id="1037" Name="ViewCartAction">
<Header>
<Loc EndOffset="246" SrcFileId="22" StartOffset="223"/>
</Header>
<LocList>
<Loc EndOffset="254" SrcFileId="22" StartOffset="223"/>
</LocList>
</HierarchyLvl>
<HierarchyLvl HierarchyLvlId="2007" HierarchyLvlTypeId="54" Intrnl_Id="1038" Name="execute">
<Header>
<Loc EndOffset="378" SrcFileId="22" StartOffset="260"/>
</Header>
<LocList>
<Loc EndOffset="713" SrcFileId="22" StartOffset="260"/>
</LocList>
<StmntSeq Intrnl_Id="1039">
<LocList>
<Loc EndOffset="432" SrcFileId="22" StartOffset="389"/>
<Loc EndOffset="489" SrcFileId="22" StartOffset="441"/>
<Loc EndOffset="623" SrcFileId="22" StartOffset="507"/>
<Loc EndOffset="707" SrcFileId="22" StartOffset="641"/>
</LocList>
<BasicStmnt CovItemId="S1" CovItemPrefix="amu.action.ViewCartAction.java" Intrnl_Id="1040">
<LocList>
<Loc EndOffset="432" SrcFileId="22" StartOffset="389"/>
</LocList>
</BasicStmnt>
<BasicStmnt CovItemId="S2" CovItemPrefix="amu.action.ViewCartAction.java" Intrnl_Id="1041">
<LocList>
<Loc EndOffset="489" SrcFileId="22" StartOffset="441"/>
</LocList>
</BasicStmnt>
<CondStmnt CovItemId="S3" CovItemPrefix="amu.action.ViewCartAction.java" Intrnl_Id="1042">
<Branch CovItemId="B1" CovItemPrefix="amu.action.ViewCartAction.java" Implct="false" Intrnl_Id="1043">
<Cond/>
<LocList>
<Loc EndOffset="623" SrcFileId="22" StartOffset="533"/>
</LocList>
<StmntSeq Intrnl_Id="1044">
<LocList>
<Loc EndOffset="565" SrcFileId="22" StartOffset="547"/>
<Loc EndOffset="613" SrcFileId="22" StartOffset="578"/>
</LocList>
<BasicStmnt CovItemId="S4" CovItemPrefix="amu.action.ViewCartAction.java" Intrnl_Id="1045">
<LocList>
<Loc EndOffset="565" SrcFileId="22" StartOffset="547"/>
</LocList>
</BasicStmnt>
<BasicStmnt CovItemId="S5" CovItemPrefix="amu.action.ViewCartAction.java" Intrnl_Id="1046">
<LocList>
<Loc EndOffset="613" SrcFileId="22" StartOffset="578"/>
</LocList>
</BasicStmnt>
</StmntSeq>
</Branch>
<Branch CovItemId="B2" CovItemPrefix="amu.action.ViewCartAction.java" Implct="true" Intrnl_Id="1047">
<Cond/>
<LocList/>
<StmntSeq Intrnl_Id="1048">
<LocList/>
</StmntSeq>
</Branch>
<Keyword EndOffset="509" SrcFileId="22" StartOffset="507"/>
<LocList>
<Loc EndOffset="623" SrcFileId="22" StartOffset="507"/>
</LocList>
<RootTerm CovItemId="C1" CovItemPrefix="amu.action.ViewCartAction.java" Intrnl_Id="1049">
<BasicBoolTerm Intrnl_Id="1050">
<LocList>
<Loc EndOffset="523" SrcFileId="22" StartOffset="511"/>
</LocList>
</BasicBoolTerm>
</RootTerm>
</CondStmnt>
<BasicStmnt CovItemId="S6" CovItemPrefix="amu.action.ViewCartAction.java" Intrnl_Id="1051">
<LocList>
<Loc EndOffset="707" SrcFileId="22" StartOffset="641"/>
</LocList>
</BasicStmnt>
</StmntSeq>
</HierarchyLvl>
</HierarchyLvl>
<HierarchyLvl HierarchyLvlId="2010" HierarchyLvlTypeId="53" Intrnl_Id="1052" Name="ViewBookAction">
<Header>
<Loc EndOffset="205" SrcFileId="23" StartOffset="167"/>
</Header>
<LocList>
<Loc EndOffset="640" SrcFileId="23" StartOffset="167"/>
</LocList>
<HierarchyLvl HierarchyLvlId="2009" HierarchyLvlTypeId="54" Intrnl_Id="1053" Name="execute">
<Header>
<Loc EndOffset="331" SrcFileId="23" StartOffset="213"/>
</Header>
<LocList>
<Loc EndOffset="638" SrcFileId="23" StartOffset="213"/>
</LocList>
<StmntSeq Intrnl_Id="1054">
<LocList>
<Loc EndOffset="383" SrcFileId="23" StartOffset="351"/>
<Loc EndOffset="453" SrcFileId="23" StartOffset="392"/>
<Loc EndOffset="548" SrcFileId="23" StartOffset="471"/>
<Loc EndOffset="632" SrcFileId="23" StartOffset="566"/>
</LocList>
<BasicStmnt CovItemId="S1" CovItemPrefix="amu.action.ViewBookAction.java" Intrnl_Id="1055">
<LocList>
<Loc EndOffset="383" SrcFileId="23" StartOffset="351"/>
</LocList>
</BasicStmnt>
<BasicStmnt CovItemId="S2" CovItemPrefix="amu.action.ViewBookAction.java" Intrnl_Id="1056">
<LocList>
<Loc EndOffset="453" SrcFileId="23" StartOffset="392"/>
</LocList>
</BasicStmnt>
<CondStmnt CovItemId="S3" CovItemPrefix="amu.action.ViewBookAction.java" Intrnl_Id="1057">
<Branch CovItemId="B1" CovItemPrefix="amu.action.ViewBookAction.java" Implct="false" Intrnl_Id="1058">
<Cond/>
<LocList>
<Loc EndOffset="548" SrcFileId="23" StartOffset="489"/>
</LocList>
<StmntSeq Intrnl_Id="1059">
<LocList>
<Loc EndOffset="538" SrcFileId="23" StartOffset="503"/>
</LocList>
<BasicStmnt CovItemId="S4" CovItemPrefix="amu.action.ViewBookAction.java" Intrnl_Id="1060">
<LocList>
<Loc EndOffset="538" SrcFileId="23" StartOffset="503"/>
</LocList>
</BasicStmnt>
</StmntSeq>
</Branch>
<Branch CovItemId="B2" CovItemPrefix="amu.action.ViewBookAction.java" Implct="true" Intrnl_Id="1061">
<Cond/>
<LocList/>
<StmntSeq Intrnl_Id="1062">
<LocList/>
</StmntSeq>
</Branch>
<Keyword EndOffset="473" SrcFileId="23" StartOffset="471"/>
<LocList>
<Loc EndOffset="548" SrcFileId="23" StartOffset="471"/>
</LocList>
<RootTerm CovItemId="C1" CovItemPrefix="amu.action.ViewBookAction.java" Intrnl_Id="1063">
<BasicBoolTerm Intrnl_Id="1064">
<LocList>
<Loc EndOffset="487" SrcFileId="23" StartOffset="475"/>
</LocList>
</BasicBoolTerm>
</RootTerm>
</CondStmnt>
<BasicStmnt CovItemId="S5" CovItemPrefix="amu.action.ViewBookAction.java" Intrnl_Id="1065">
<LocList>
<Loc EndOffset="632" SrcFileId="23" StartOffset="566"/>
</LocList>
</BasicStmnt>
</StmntSeq>
</HierarchyLvl>
</HierarchyLvl>
<HierarchyLvl HierarchyLvlId="2012" HierarchyLvlTypeId="53" Intrnl_Id="1066" Name="UpdateCartAction">
<Header>
<Loc EndOffset="296" SrcFileId="24" StartOffset="256"/>
</Header>
<LocList>
<Loc EndOffset="1510" SrcFileId="24" StartOffset="256"/>
</LocList>
<HierarchyLvl HierarchyLvlId="2011" HierarchyLvlTypeId="54" Intrnl_Id="1067" Name="execute">
<Header>
<Loc EndOffset="422" SrcFileId="24" StartOffset="304"/>
</Header>
<LocList>
<Loc EndOffset="1508" SrcFileId="24" StartOffset="304"/>
</LocList>
<StmntSeq Intrnl_Id="1068">
<LocList>
<Loc EndOffset="476" SrcFileId="24" StartOffset="433"/>
<Loc EndOffset="534" SrcFileId="24" StartOffset="486"/>
<Loc EndOffset="652" SrcFileId="24" StartOffset="544"/>
<Loc EndOffset="713" SrcFileId="24" StartOffset="662"/>
<Loc EndOffset="781" SrcFileId="24" StartOffset="722"/>
<Loc EndOffset="1425" SrcFileId="24" StartOffset="791"/>
<Loc EndOffset="1502" SrcFileId="24" StartOffset="1435"/>
</LocList>
<BasicStmnt CovItemId="S1" CovItemPrefix="amu.action.UpdateCartAction.java" Intrnl_Id="1069">
<LocList>
<Loc EndOffset="476" SrcFileId="24" StartOffset="433"/>
</LocList>
</BasicStmnt>
<BasicStmnt CovItemId="S2" CovItemPrefix="amu.action.UpdateCartAction.java" Intrnl_Id="1070">
<LocList>
<Loc EndOffset="534" SrcFileId="24" StartOffset="486"/>
</LocList>
</BasicStmnt>
<CondStmnt CovItemId="S3" CovItemPrefix="amu.action.UpdateCartAction.java" Intrnl_Id="1071">
<Branch CovItemId="B1" CovItemPrefix="amu.action.UpdateCartAction.java" Implct="false" Intrnl_Id="1072">
<Cond/>
<LocList>
<Loc EndOffset="652" SrcFileId="24" StartOffset="562"/>
</LocList>
<StmntSeq Intrnl_Id="1073">
<LocList>
<Loc EndOffset="594" SrcFileId="24" StartOffset="576"/>
<Loc EndOffset="642" SrcFileId="24" StartOffset="607"/>
</LocList>
<BasicStmnt CovItemId="S4" CovItemPrefix="amu.action.UpdateCartAction.java" Intrnl_Id="1074">
<LocList>
<Loc EndOffset="594" SrcFileId="24" StartOffset="576"/>
</LocList>
</BasicStmnt>
<BasicStmnt CovItemId="S5" CovItemPrefix="amu.action.UpdateCartAction.java" Intrnl_Id="1075">
<LocList>
<Loc EndOffset="642" SrcFileId="24" StartOffset="607"/>
</LocList>
</BasicStmnt>
</StmntSeq>
</Branch>
<Branch CovItemId="B2" CovItemPrefix="amu.action.UpdateCartAction.java" Implct="true" Intrnl_Id="1076">
<Cond/>
<LocList/>
<StmntSeq Intrnl_Id="1077">
<LocList/>
</StmntSeq>
</Branch>
<Keyword EndOffset="546" SrcFileId="24" StartOffset="544"/>
<LocList>
<Loc EndOffset="652" SrcFileId="24" StartOffset="544"/>
</LocList>
<RootTerm CovItemId="C1" CovItemPrefix="amu.action.UpdateCartAction.java" Intrnl_Id="1078">
<BasicBoolTerm Intrnl_Id="1079">
<LocList>
<Loc EndOffset="560" SrcFileId="24" StartOffset="548"/>
</LocList>
</BasicBoolTerm>
</RootTerm>
</CondStmnt>
<BasicStmnt CovItemId="S6" CovItemPrefix="amu.action.UpdateCartAction.java" Intrnl_Id="1080">
<LocList>
<Loc EndOffset="713" SrcFileId="24" StartOffset="662"/>
</LocList>
</BasicStmnt>
<BasicStmnt CovItemId="S7" CovItemPrefix="amu.action.UpdateCartAction.java" Intrnl_Id="1081">
<LocList>
<Loc EndOffset="781" SrcFileId="24" StartOffset="722"/>
</LocList>
</BasicStmnt>
<CondStmnt CovItemId="S8" CovItemPrefix="amu.action.UpdateCartAction.java" Intrnl_Id="1082">
<Branch CovItemId="B3" CovItemPrefix="amu.action.UpdateCartAction.java" Implct="false" Intrnl_Id="1083">
<Cond/>
<LocList>
<Loc EndOffset="1425" SrcFileId="24" StartOffset="863"/>
</LocList>
<StmntSeq Intrnl_Id="1084">
<LocList>
<Loc EndOffset="1415" SrcFileId="24" StartOffset="890"/>
</LocList>
<LoopStmnt CovItemId="S9" CovItemPrefix="amu.action.UpdateCartAction.java" Intrnl_Id="1085" MltplExecId="L1-2" MltplExecPrefix="amu.action.UpdateCartAction.java" NvrExecId="L1-0" NvrExecPrefix="amu.action.UpdateCartAction.java" OnceExecutedId="L1-1" OnceExecutedPrefix="amu.action.UpdateCartAction.java" OptBodyExec="true">
<StmntSeq Intrnl_Id="1086">
<LocList>
<Loc EndOffset="990" SrcFileId="24" StartOffset="946"/>
<Loc EndOffset="1401" SrcFileId="24" StartOffset="1007"/>
</LocList>
<BasicStmnt CovItemId="S10" CovItemPrefix="amu.action.UpdateCartAction.java" Intrnl_Id="1087">
<LocList>
<Loc EndOffset="990" SrcFileId="24" StartOffset="946"/>
</LocList>
</BasicStmnt>
<CondStmnt CovItemId="S11" CovItemPrefix="amu.action.UpdateCartAction.java" Intrnl_Id="1088">
<Branch CovItemId="B5" CovItemPrefix="amu.action.UpdateCartAction.java" Implct="false" Intrnl_Id="1089">
<Cond/>
<LocList>
<Loc EndOffset="1264" SrcFileId="24" StartOffset="1025"/>
</LocList>
<StmntSeq Intrnl_Id="1090">
<LocList>
<Loc EndOffset="1079" SrcFileId="24" StartOffset="1047"/>
<Loc EndOffset="1140" SrcFileId="24" StartOffset="1100"/>
<Loc EndOffset="1246" SrcFileId="24" StartOffset="1161"/>
</LocList>
<BasicStmnt CovItemId="S12" CovItemPrefix="amu.action.UpdateCartAction.java" Intrnl_Id="1091">
<LocList>
<Loc EndOffset="1079" SrcFileId="24" StartOffset="1047"/>
</LocList>
</BasicStmnt>
<BasicStmnt CovItemId="S13" CovItemPrefix="amu.action.UpdateCartAction.java" Intrnl_Id="1092">
<LocList>
<Loc EndOffset="1140" SrcFileId="24" StartOffset="1100"/>
</LocList>
</BasicStmnt>
<BasicStmnt CovItemId="S14" CovItemPrefix="amu.action.UpdateCartAction.java" Intrnl_Id="1093">
<LocList>
<Loc EndOffset="1246" SrcFileId="24" StartOffset="1161"/>
</LocList>
</BasicStmnt>
</StmntSeq>
</Branch>
<Branch CovItemId="B6" CovItemPrefix="amu.action.UpdateCartAction.java" Implct="false" Intrnl_Id="1094">
<Cond>
<Loc EndOffset="1269" SrcFileId="24" StartOffset="1265"/>
</Cond>
<LocList>
<Loc EndOffset="1401" SrcFileId="24" StartOffset="1270"/>
</LocList>
<StmntSeq Intrnl_Id="1095">
<LocList>
<Loc EndOffset="1340" SrcFileId="24" StartOffset="1292"/>
<Loc EndOffset="1383" SrcFileId="24" StartOffset="1361"/>
</LocList>
<BasicStmnt CovItemId="S15" CovItemPrefix="amu.action.UpdateCartAction.java" Intrnl_Id="1096">
<LocList>
<Loc EndOffset="1340" SrcFileId="24" StartOffset="1292"/>
</LocList>
</BasicStmnt>
<BasicStmnt CovItemId="S16" CovItemPrefix="amu.action.UpdateCartAction.java" Intrnl_Id="1097">
<LocList>
<Loc EndOffset="1383" SrcFileId="24" StartOffset="1361"/>
</LocList>
</BasicStmnt>
</StmntSeq>
</Branch>
<Keyword EndOffset="1009" SrcFileId="24" StartOffset="1007"/>
<LocList>
<Loc EndOffset="1401" SrcFileId="24" StartOffset="1007"/>
</LocList>
<RootTerm CovItemId="C4" CovItemPrefix="amu.action.UpdateCartAction.java" Intrnl_Id="1098">
<BasicBoolTerm Intrnl_Id="1099">
<LocList>
<Loc EndOffset="1023" SrcFileId="24" StartOffset="1011"/>
</LocList>
</BasicBoolTerm>
</RootTerm>
</CondStmnt>
</StmntSeq>
<Keyword EndOffset="893" SrcFileId="24" StartOffset="890"/>
<LocList>
<Loc EndOffset="1415" SrcFileId="24" StartOffset="890"/>
</LocList>
<RootTerm CovItemId="C3" CovItemPrefix="amu.action.UpdateCartAction.java" Intrnl_Id="1100">
<BasicBoolTerm Intrnl_Id="1101">
<LocList>
<Loc EndOffset="921" SrcFileId="24" StartOffset="906"/>
</LocList>
</BasicBoolTerm>
</RootTerm>
</LoopStmnt>
</StmntSeq>
</Branch>
<Branch CovItemId="B4" CovItemPrefix="amu.action.UpdateCartAction.java" Implct="true" Intrnl_Id="1102">
<Cond/>
<LocList/>
<StmntSeq Intrnl_Id="1103">
<LocList/>
</StmntSeq>
</Branch>
<Keyword EndOffset="793" SrcFileId="24" StartOffset="791"/>
<LocList>
<Loc EndOffset="1425" SrcFileId="24" StartOffset="791"/>
</LocList>
<RootTerm CovItemId="C2" CovItemPrefix="amu.action.UpdateCartAction.java" Intrnl_Id="1104">
<OpTerm BooleanOpId="50" Intrnl_Id="1105">
<OpTerm BooleanOpId="50" Intrnl_Id="1106">
<BasicBoolTerm Intrnl_Id="1107">
<LocList>
<Loc EndOffset="807" SrcFileId="24" StartOffset="795"/>
</LocList>
</BasicBoolTerm>
<BasicBoolTerm Intrnl_Id="1108">
<LocList>
<Loc EndOffset="827" SrcFileId="24" StartOffset="811"/>
</LocList>
</BasicBoolTerm>
<LocList>
<Loc EndOffset="810" SrcFileId="24" StartOffset="808"/>
</LocList>
</OpTerm>
<BasicBoolTerm Intrnl_Id="1109">
<LocList>
<Loc EndOffset="861" SrcFileId="24" StartOffset="831"/>
</LocList>
</BasicBoolTerm>
<LocList>
<Loc EndOffset="830" SrcFileId="24" StartOffset="828"/>
</LocList>
</OpTerm>
</RootTerm>
</CondStmnt>
<BasicStmnt CovItemId="S17" CovItemPrefix="amu.action.UpdateCartAction.java" Intrnl_Id="1110">
<LocList>
<Loc EndOffset="1502" SrcFileId="24" StartOffset="1435"/>
</LocList>
</BasicStmnt>
</StmntSeq>
</HierarchyLvl>
</HierarchyLvl>
<HierarchyLvl HierarchyLvlId="2014" HierarchyLvlTypeId="53" Intrnl_Id="1111" Name="SelectShippingAddressAction">
<Header>
<Loc EndOffset="336" SrcFileId="25" StartOffset="285"/>
</Header>
<LocList>
<Loc EndOffset="1629" SrcFileId="25" StartOffset="285"/>
</LocList>
<HierarchyLvl HierarchyLvlId="2013" HierarchyLvlTypeId="54" Intrnl_Id="1112" Name="execute">
<Header>
<Loc EndOffset="445" SrcFileId="25" StartOffset="344"/>
</Header>
<LocList>
<Loc EndOffset="1627" SrcFileId="25" StartOffset="344"/>
</LocList>
<StmntSeq Intrnl_Id="1113">
<LocList>
<Loc EndOffset="500" SrcFileId="25" StartOffset="457"/>
<Loc EndOffset="557" SrcFileId="25" StartOffset="509"/>
<Loc EndOffset="630" SrcFileId="25" StartOffset="566"/>
<Loc EndOffset="749" SrcFileId="25" StartOffset="640"/>
<Loc EndOffset="1011" SrcFileId="25" StartOffset="759"/>
<Loc EndOffset="1062" SrcFileId="25" StartOffset="1021"/>
<Loc EndOffset="1378" SrcFileId="25" StartOffset="1136"/>
<Loc EndOffset="1450" SrcFileId="25" StartOffset="1396"/>
<Loc EndOffset="1504" SrcFileId="25" StartOffset="1459"/>
<Loc EndOffset="1621" SrcFileId="25" StartOffset="1542"/>
</LocList>
<BasicStmnt CovItemId="S1" CovItemPrefix="amu.action.SelectShippingAddressAction.java" Intrnl_Id="1114">
<LocList>
<Loc EndOffset="500" SrcFileId="25" StartOffset="457"/>
</LocList>
</BasicStmnt>
<BasicStmnt CovItemId="S2" CovItemPrefix="amu.action.SelectShippingAddressAction.java" Intrnl_Id="1115">
<LocList>
<Loc EndOffset="557" SrcFileId="25" StartOffset="509"/>
</LocList>
</BasicStmnt>
<BasicStmnt CovItemId="S3" CovItemPrefix="amu.action.SelectShippingAddressAction.java" Intrnl_Id="1116">
<LocList>
<Loc EndOffset="630" SrcFileId="25" StartOffset="566"/>
</LocList>
</BasicStmnt>
<CondStmnt CovItemId="S4" CovItemPrefix="amu.action.SelectShippingAddressAction.java" Intrnl_Id="1117">
<Branch CovItemId="B1" CovItemPrefix="amu.action.SelectShippingAddressAction.java" Implct="false" Intrnl_Id="1118">
<Cond/>
<LocList>
<Loc EndOffset="749" SrcFileId="25" StartOffset="658"/>
</LocList>
<StmntSeq Intrnl_Id="1119">
<LocList>
<Loc EndOffset="739" SrcFileId="25" StartOffset="672"/>
</LocList>
<BasicStmnt CovItemId="S5" CovItemPrefix="amu.action.SelectShippingAddressAction.java" Intrnl_Id="1120">
<LocList>
<Loc EndOffset="739" SrcFileId="25" StartOffset="672"/>
</LocList>
</BasicStmnt>
</StmntSeq>
</Branch>
<Branch CovItemId="B2" CovItemPrefix="amu.action.SelectShippingAddressAction.java" Implct="true" Intrnl_Id="1121">
<Cond/>
<LocList/>
<StmntSeq Intrnl_Id="1122">
<LocList/>
</StmntSeq>
</Branch>
<Keyword EndOffset="642" SrcFileId="25" StartOffset="640"/>
<LocList>
<Loc EndOffset="749" SrcFileId="25" StartOffset="640"/>
</LocList>
<RootTerm CovItemId="C1" CovItemPrefix="amu.action.SelectShippingAddressAction.java" Intrnl_Id="1123">
<BasicBoolTerm Intrnl_Id="1124">
<LocList>
<Loc EndOffset="656" SrcFileId="25" StartOffset="644"/>
</LocList>
</BasicBoolTerm>
</RootTerm>
</CondStmnt>
<CondStmnt CovItemId="S6" CovItemPrefix="amu.action.SelectShippingAddressAction.java" Intrnl_Id="1125">
<Branch CovItemId="B3" CovItemPrefix="amu.action.SelectShippingAddressAction.java" Implct="false" Intrnl_Id="1126">
<Cond/>
<LocList>
<Loc EndOffset="1011" SrcFileId="25" StartOffset="781"/>
</LocList>
<StmntSeq Intrnl_Id="1127">
<LocList>
<Loc EndOffset="892" SrcFileId="25" StartOffset="795"/>
<Loc EndOffset="966" SrcFileId="25" StartOffset="905"/>
<Loc EndOffset="1001" SrcFileId="25" StartOffset="979"/>
</LocList>
<BasicStmnt CovItemId="S7" CovItemPrefix="amu.action.SelectShippingAddressAction.java" Intrnl_Id="1128">
<LocList>
<Loc EndOffset="892" SrcFileId="25" StartOffset="795"/>
</LocList>
</BasicStmnt>
<BasicStmnt CovItemId="S8" CovItemPrefix="amu.action.SelectShippingAddressAction.java" Intrnl_Id="1129">
<LocList>
<Loc EndOffset="966" SrcFileId="25" StartOffset="905"/>
</LocList>
</BasicStmnt>
<BasicStmnt CovItemId="S9" CovItemPrefix="amu.action.SelectShippingAddressAction.java" Intrnl_Id="1130">
<LocList>
<Loc EndOffset="1001" SrcFileId="25" StartOffset="979"/>
</LocList>
</BasicStmnt>
</StmntSeq>
</Branch>
<Branch CovItemId="B4" CovItemPrefix="amu.action.SelectShippingAddressAction.java" Implct="true" Intrnl_Id="1131">
<Cond/>
<LocList/>
<StmntSeq Intrnl_Id="1132">
<LocList/>
</StmntSeq>
</Branch>
<Keyword EndOffset="761" SrcFileId="25" StartOffset="759"/>
<LocList>
<Loc EndOffset="1011" SrcFileId="25" StartOffset="759"/>
</LocList>
<RootTerm CovItemId="C2" CovItemPrefix="amu.action.SelectShippingAddressAction.java" Intrnl_Id="1133">
<BasicBoolTerm Intrnl_Id="1134">
<LocList>
<Loc EndOffset="779" SrcFileId="25" StartOffset="763"/>
</LocList>
</BasicBoolTerm>
</RootTerm>
</CondStmnt>
<BasicStmnt CovItemId="S10" CovItemPrefix="amu.action.SelectShippingAddressAction.java" Intrnl_Id="1135">
<LocList>
<Loc EndOffset="1062" SrcFileId="25" StartOffset="1021"/>
</LocList>
</BasicStmnt>
<CondStmnt CovItemId="S11" CovItemPrefix="amu.action.SelectShippingAddressAction.java" Intrnl_Id="1136">
<Branch CovItemId="B5" CovItemPrefix="amu.action.SelectShippingAddressAction.java" Implct="false" Intrnl_Id="1137">
<Cond/>
<LocList>
<Loc EndOffset="1378" SrcFileId="25" StartOffset="1176"/>
</LocList>
<StmntSeq Intrnl_Id="1138">
<LocList>
<Loc EndOffset="1277" SrcFileId="25" StartOffset="1190"/>
<Loc EndOffset="1368" SrcFileId="25" StartOffset="1290"/>
</LocList>
<BasicStmnt CovItemId="S12" CovItemPrefix="amu.action.SelectShippingAddressAction.java" Intrnl_Id="1139">
<LocList>
<Loc EndOffset="1277" SrcFileId="25" StartOffset="1190"/>
</LocList>
</BasicStmnt>
<BasicStmnt CovItemId="S13" CovItemPrefix="amu.action.SelectShippingAddressAction.java" Intrnl_Id="1140">
<LocList>
<Loc EndOffset="1368" SrcFileId="25" StartOffset="1290"/>
</LocList>
</BasicStmnt>
</StmntSeq>
</Branch>
<Branch CovItemId="B6" CovItemPrefix="amu.action.SelectShippingAddressAction.java" Implct="true" Intrnl_Id="1141">
<Cond/>
<LocList/>
<StmntSeq Intrnl_Id="1142">
<LocList/>
</StmntSeq>
</Branch>
<Keyword EndOffset="1138" SrcFileId="25" StartOffset="1136"/>
<LocList>
<Loc EndOffset="1378" SrcFileId="25" StartOffset="1136"/>
</LocList>
<RootTerm CovItemId="C3" CovItemPrefix="amu.action.SelectShippingAddressAction.java" Intrnl_Id="1143">
<BasicBoolTerm Intrnl_Id="1144">
<LocList>
<Loc EndOffset="1174" SrcFileId="25" StartOffset="1140"/>
</LocList>
</BasicBoolTerm>
</RootTerm>
</CondStmnt>
<BasicStmnt CovItemId="S14" CovItemPrefix="amu.action.SelectShippingAddressAction.java" Intrnl_Id="1145">
<LocList>
<Loc EndOffset="1450" SrcFileId="25" StartOffset="1396"/>
</LocList>
</BasicStmnt>
<BasicStmnt CovItemId="S15" CovItemPrefix="amu.action.SelectShippingAddressAction.java" Intrnl_Id="1146">
<LocList>
<Loc EndOffset="1504" SrcFileId="25" StartOffset="1459"/>
</LocList>
</BasicStmnt>
<BasicStmnt CovItemId="S16" CovItemPrefix="amu.action.SelectShippingAddressAction.java" Intrnl_Id="1147">
<LocList>
<Loc EndOffset="1621" SrcFileId="25" StartOffset="1542"/>
</LocList>
</BasicStmnt>
</StmntSeq>
</HierarchyLvl>
</HierarchyLvl>
<HierarchyLvl HierarchyLvlId="2016" HierarchyLvlTypeId="53" Intrnl_Id="1148" Name="SelectPaymentOptionAction">
<Header>
<Loc EndOffset="398" SrcFileId="26" StartOffset="349"/>
</Header>
<LocList>
<Loc EndOffset="1865" SrcFileId="26" StartOffset="349"/>
</LocList>
<HierarchyLvl HierarchyLvlId="2015" HierarchyLvlTypeId="54" Intrnl_Id="1149" Name="execute">
<Header>
<Loc EndOffset="507" SrcFileId="26" StartOffset="406"/>
</Header>
<LocList>
<Loc EndOffset="1862" SrcFileId="26" StartOffset="406"/>
</LocList>
<StmntSeq Intrnl_Id="1150">
<LocList>
<Loc EndOffset="562" SrcFileId="26" StartOffset="519"/>
<Loc EndOffset="619" SrcFileId="26" StartOffset="571"/>
<Loc EndOffset="692" SrcFileId="26" StartOffset="628"/>
<Loc EndOffset="811" SrcFileId="26" StartOffset="702"/>
<Loc EndOffset="1071" SrcFileId="26" StartOffset="821"/>
<Loc EndOffset="1232" SrcFileId="26" StartOffset="1089"/>
<Loc EndOffset="1292" SrcFileId="26" StartOffset="1242"/>
<Loc EndOffset="1603" SrcFileId="26" StartOffset="1361"/>
<Loc EndOffset="1683" SrcFileId="26" StartOffset="1621"/>
<Loc EndOffset="1741" SrcFileId="26" StartOffset="1692"/>
<Loc EndOffset="1856" SrcFileId="26" StartOffset="1779"/>
</LocList>
<BasicStmnt CovItemId="S1" CovItemPrefix="amu.action.SelectPaymentOptionAction.java" Intrnl_Id="1151">
<LocList>
<Loc EndOffset="562" SrcFileId="26" StartOffset="519"/>
</LocList>
</BasicStmnt>
<BasicStmnt CovItemId="S2" CovItemPrefix="amu.action.SelectPaymentOptionAction.java" Intrnl_Id="1152">
<LocList>
<Loc EndOffset="619" SrcFileId="26" StartOffset="571"/>
</LocList>
</BasicStmnt>
<BasicStmnt CovItemId="S3" CovItemPrefix="amu.action.SelectPaymentOptionAction.java" Intrnl_Id="1153">
<LocList>
<Loc EndOffset="692" SrcFileId="26" StartOffset="628"/>
</LocList>
</BasicStmnt>
<CondStmnt CovItemId="S4" CovItemPrefix="amu.action.SelectPaymentOptionAction.java" Intrnl_Id="1154">
<Branch CovItemId="B1" CovItemPrefix="amu.action.SelectPaymentOptionAction.java" Implct="false" Intrnl_Id="1155">
<Cond/>
<LocList>
<Loc EndOffset="811" SrcFileId="26" StartOffset="720"/>
</LocList>
<StmntSeq Intrnl_Id="1156">
<LocList>
<Loc EndOffset="801" SrcFileId="26" StartOffset="734"/>
</LocList>
<BasicStmnt CovItemId="S5" CovItemPrefix="amu.action.SelectPaymentOptionAction.java" Intrnl_Id="1157">
<LocList>
<Loc EndOffset="801" SrcFileId="26" StartOffset="734"/>
</LocList>
</BasicStmnt>
</StmntSeq>
</Branch>
<Branch CovItemId="B2" CovItemPrefix="amu.action.SelectPaymentOptionAction.java" Implct="true" Intrnl_Id="1158">
<Cond/>
<LocList/>
<StmntSeq Intrnl_Id="1159">
<LocList/>
</StmntSeq>
</Branch>
<Keyword EndOffset="704" SrcFileId="26" StartOffset="702"/>
<LocList>
<Loc EndOffset="811" SrcFileId="26" StartOffset="702"/>
</LocList>
<RootTerm CovItemId="C1" CovItemPrefix="amu.action.SelectPaymentOptionAction.java" Intrnl_Id="1160">
<BasicBoolTerm Intrnl_Id="1161">
<LocList>
<Loc EndOffset="718" SrcFileId="26" StartOffset="706"/>
</LocList>
</BasicBoolTerm>
</RootTerm>
</CondStmnt>
<CondStmnt CovItemId="S6" CovItemPrefix="amu.action.SelectPaymentOptionAction.java" Intrnl_Id="1162">
<Branch CovItemId="B3" CovItemPrefix="amu.action.SelectPaymentOptionAction.java" Implct="false" Intrnl_Id="1163">
<Cond/>
<LocList>
<Loc EndOffset="1071" SrcFileId="26" StartOffset="843"/>
</LocList>
<StmntSeq Intrnl_Id="1164">
<LocList>
<Loc EndOffset="954" SrcFileId="26" StartOffset="857"/>
<Loc EndOffset="1026" SrcFileId="26" StartOffset="967"/>
<Loc EndOffset="1061" SrcFileId="26" StartOffset="1039"/>
</LocList>
<BasicStmnt CovItemId="S7" CovItemPrefix="amu.action.SelectPaymentOptionAction.java" Intrnl_Id="1165">
<LocList>
<Loc EndOffset="954" SrcFileId="26" StartOffset="857"/>
</LocList>
</BasicStmnt>
<BasicStmnt CovItemId="S8" CovItemPrefix="amu.action.SelectPaymentOptionAction.java" Intrnl_Id="1166">
<LocList>
<Loc EndOffset="1026" SrcFileId="26" StartOffset="967"/>
</LocList>
</BasicStmnt>
<BasicStmnt CovItemId="S9" CovItemPrefix="amu.action.SelectPaymentOptionAction.java" Intrnl_Id="1167">
<LocList>
<Loc EndOffset="1061" SrcFileId="26" StartOffset="1039"/>
</LocList>
</BasicStmnt>
</StmntSeq>
</Branch>
<Branch CovItemId="B4" CovItemPrefix="amu.action.SelectPaymentOptionAction.java" Implct="true" Intrnl_Id="1168">
<Cond/>
<LocList/>
<StmntSeq Intrnl_Id="1169">
<LocList/>
</StmntSeq>
</Branch>
<Keyword EndOffset="823" SrcFileId="26" StartOffset="821"/>
<LocList>
<Loc EndOffset="1071" SrcFileId="26" StartOffset="821"/>
</LocList>
<RootTerm CovItemId="C2" CovItemPrefix="amu.action.SelectPaymentOptionAction.java" Intrnl_Id="1170">
<BasicBoolTerm Intrnl_Id="1171">
<LocList>
<Loc EndOffset="841" SrcFileId="26" StartOffset="825"/>
</LocList>
</BasicBoolTerm>
</RootTerm>
</CondStmnt>
<CondStmnt CovItemId="S10" CovItemPrefix="amu.action.SelectPaymentOptionAction.java" Intrnl_Id="1172">
<Branch CovItemId="B5" CovItemPrefix="amu.action.SelectPaymentOptionAction.java" Implct="false" Intrnl_Id="1173">
<Cond/>
<LocList>
<Loc EndOffset="1232" SrcFileId="26" StartOffset="1128"/>
</LocList>
<StmntSeq Intrnl_Id="1174">
<LocList>
<Loc EndOffset="1222" SrcFileId="26" StartOffset="1142"/>
</LocList>
<BasicStmnt CovItemId="S11" CovItemPrefix="amu.action.SelectPaymentOptionAction.java" Intrnl_Id="1175">
<LocList>
<Loc EndOffset="1222" SrcFileId="26" StartOffset="1142"/>
</LocList>
</BasicStmnt>
</StmntSeq>
</Branch>
<Branch CovItemId="B6" CovItemPrefix="amu.action.SelectPaymentOptionAction.java" Implct="true" Intrnl_Id="1176">
<Cond/>
<LocList/>
<StmntSeq Intrnl_Id="1177">
<LocList/>
</StmntSeq>
</Branch>
<Keyword EndOffset="1091" SrcFileId="26" StartOffset="1089"/>
<LocList>
<Loc EndOffset="1232" SrcFileId="26" StartOffset="1089"/>
</LocList>
<RootTerm CovItemId="C3" CovItemPrefix="amu.action.SelectPaymentOptionAction.java" Intrnl_Id="1178">
<BasicBoolTerm Intrnl_Id="1179">
<LocList>
<Loc EndOffset="1126" SrcFileId="26" StartOffset="1093"/>
</LocList>
</BasicBoolTerm>
</RootTerm>
</CondStmnt>
<BasicStmnt CovItemId="S12" CovItemPrefix="amu.action.SelectPaymentOptionAction.java" Intrnl_Id="1180">
<LocList>
<Loc EndOffset="1292" SrcFileId="26" StartOffset="1242"/>
</LocList>
</BasicStmnt>
<CondStmnt CovItemId="S13" CovItemPrefix="amu.action.SelectPaymentOptionAction.java" Intrnl_Id="1181">
<Branch CovItemId="B7" CovItemPrefix="amu.action.SelectPaymentOptionAction.java" Implct="false" Intrnl_Id="1182">
<Cond/>
<LocList>
<Loc EndOffset="1603" SrcFileId="26" StartOffset="1401"/>
</LocList>
<StmntSeq Intrnl_Id="1183">
<LocList>
<Loc EndOffset="1510" SrcFileId="26" StartOffset="1415"/>
<Loc EndOffset="1593" SrcFileId="26" StartOffset="1523"/>
</LocList>
<BasicStmnt CovItemId="S14" CovItemPrefix="amu.action.SelectPaymentOptionAction.java" Intrnl_Id="1184">
<LocList>
<Loc EndOffset="1510" SrcFileId="26" StartOffset="1415"/>
</LocList>
</BasicStmnt>
<BasicStmnt CovItemId="S15" CovItemPrefix="amu.action.SelectPaymentOptionAction.java" Intrnl_Id="1185">
<LocList>
<Loc EndOffset="1593" SrcFileId="26" StartOffset="1523"/>
</LocList>
</BasicStmnt>
</StmntSeq>
</Branch>
<Branch CovItemId="B8" CovItemPrefix="amu.action.SelectPaymentOptionAction.java" Implct="true" Intrnl_Id="1186">
<Cond/>
<LocList/>
<StmntSeq Intrnl_Id="1187">
<LocList/>
</StmntSeq>
</Branch>
<Keyword EndOffset="1363" SrcFileId="26" StartOffset="1361"/>
<LocList>
<Loc EndOffset="1603" SrcFileId="26" StartOffset="1361"/>
</LocList>
<RootTerm CovItemId="C4" CovItemPrefix="amu.action.SelectPaymentOptionAction.java" Intrnl_Id="1188">
<BasicBoolTerm Intrnl_Id="1189">
<LocList>
<Loc EndOffset="1399" SrcFileId="26" StartOffset="1365"/>
</LocList>
</BasicBoolTerm>
</RootTerm>
</CondStmnt>
<BasicStmnt CovItemId="S16" CovItemPrefix="amu.action.SelectPaymentOptionAction.java" Intrnl_Id="1190">
<LocList>
<Loc EndOffset="1683" SrcFileId="26" StartOffset="1621"/>
</LocList>
</BasicStmnt>
<BasicStmnt CovItemId="S17" CovItemPrefix="amu.action.SelectPaymentOptionAction.java" Intrnl_Id="1191">
<LocList>
<Loc EndOffset="1741" SrcFileId="26" StartOffset="1692"/>
</LocList>
</BasicStmnt>
<BasicStmnt CovItemId="S18" CovItemPrefix="amu.action.SelectPaymentOptionAction.java" Intrnl_Id="1192">
<LocList>
<Loc EndOffset="1856" SrcFileId="26" StartOffset="1779"/>
</LocList>
</BasicStmnt>
</StmntSeq>
</HierarchyLvl>
</HierarchyLvl>
<HierarchyLvl HierarchyLvlId="2018" HierarchyLvlTypeId="53" Intrnl_Id="1193" Name="ReviewOrderAction">
<Header>
<Loc EndOffset="245" SrcFileId="27" StartOffset="204"/>
</Header>
<LocList>
<Loc EndOffset="1323" SrcFileId="27" StartOffset="204"/>
</LocList>
<HierarchyLvl HierarchyLvlId="2017" HierarchyLvlTypeId="54" Intrnl_Id="1194" Name="execute">
<Header>
<Loc EndOffset="354" SrcFileId="27" StartOffset="253"/>
</Header>
<LocList>
<Loc EndOffset="1316" SrcFileId="27" StartOffset="253"/>
</LocList>
<StmntSeq Intrnl_Id="1195">
<LocList>
<Loc EndOffset="408" SrcFileId="27" StartOffset="365"/>
<Loc EndOffset="465" SrcFileId="27" StartOffset="417"/>
<Loc EndOffset="538" SrcFileId="27" StartOffset="474"/>
<Loc EndOffset="657" SrcFileId="27" StartOffset="548"/>
<Loc EndOffset="909" SrcFileId="27" StartOffset="667"/>
<Loc EndOffset="1070" SrcFileId="27" StartOffset="927"/>
<Loc EndOffset="1223" SrcFileId="27" StartOffset="1088"/>
<Loc EndOffset="1310" SrcFileId="27" StartOffset="1241"/>
</LocList>
<BasicStmnt CovItemId="S1" CovItemPrefix="amu.action.ReviewOrderAction.java" Intrnl_Id="1196">
<LocList>
<Loc EndOffset="408" SrcFileId="27" StartOffset="365"/>
</LocList>
</BasicStmnt>
<BasicStmnt CovItemId="S2" CovItemPrefix="amu.action.ReviewOrderAction.java" Intrnl_Id="1197">
<LocList>
<Loc EndOffset="465" SrcFileId="27" StartOffset="417"/>
</LocList>
</BasicStmnt>
<BasicStmnt CovItemId="S3" CovItemPrefix="amu.action.ReviewOrderAction.java" Intrnl_Id="1198">
<LocList>
<Loc EndOffset="538" SrcFileId="27" StartOffset="474"/>
</LocList>
</BasicStmnt>
<CondStmnt CovItemId="S4" CovItemPrefix="amu.action.ReviewOrderAction.java" Intrnl_Id="1199">
<Branch CovItemId="B1" CovItemPrefix="amu.action.ReviewOrderAction.java" Implct="false" Intrnl_Id="1200">
<Cond/>
<LocList>
<Loc EndOffset="657" SrcFileId="27" StartOffset="566"/>
</LocList>
<StmntSeq Intrnl_Id="1201">
<LocList>
<Loc EndOffset="647" SrcFileId="27" StartOffset="580"/>
</LocList>
<BasicStmnt CovItemId="S5" CovItemPrefix="amu.action.ReviewOrderAction.java" Intrnl_Id="1202">
<LocList>
<Loc EndOffset="647" SrcFileId="27" StartOffset="580"/>
</LocList>
</BasicStmnt>
</StmntSeq>
</Branch>
<Branch CovItemId="B2" CovItemPrefix="amu.action.ReviewOrderAction.java" Implct="true" Intrnl_Id="1203">
<Cond/>
<LocList/>
<StmntSeq Intrnl_Id="1204">
<LocList/>
</StmntSeq>
</Branch>
<Keyword EndOffset="550" SrcFileId="27" StartOffset="548"/>
<LocList>
<Loc EndOffset="657" SrcFileId="27" StartOffset="548"/>
</LocList>
<RootTerm CovItemId="C1" CovItemPrefix="amu.action.ReviewOrderAction.java" Intrnl_Id="1205">
<BasicBoolTerm Intrnl_Id="1206">
<LocList>
<Loc EndOffset="564" SrcFileId="27" StartOffset="552"/>
</LocList>
</BasicBoolTerm>
</RootTerm>
</CondStmnt>
<CondStmnt CovItemId="S6" CovItemPrefix="amu.action.ReviewOrderAction.java" Intrnl_Id="1207">
<Branch CovItemId="B3" CovItemPrefix="amu.action.ReviewOrderAction.java" Implct="false" Intrnl_Id="1208">
<Cond/>
<LocList>
<Loc EndOffset="909" SrcFileId="27" StartOffset="689"/>
</LocList>
<StmntSeq Intrnl_Id="1209">
<LocList>
<Loc EndOffset="800" SrcFileId="27" StartOffset="703"/>
<Loc EndOffset="864" SrcFileId="27" StartOffset="813"/>
<Loc EndOffset="899" SrcFileId="27" StartOffset="877"/>
</LocList>
<BasicStmnt CovItemId="S7" CovItemPrefix="amu.action.ReviewOrderAction.java" Intrnl_Id="1210">
<LocList>
<Loc EndOffset="800" SrcFileId="27" StartOffset="703"/>
</LocList>
</BasicStmnt>
<BasicStmnt CovItemId="S8" CovItemPrefix="amu.action.ReviewOrderAction.java" Intrnl_Id="1211">
<LocList>
<Loc EndOffset="864" SrcFileId="27" StartOffset="813"/>
</LocList>
</BasicStmnt>
<BasicStmnt CovItemId="S9" CovItemPrefix="amu.action.ReviewOrderAction.java" Intrnl_Id="1212">
<LocList>
<Loc EndOffset="899" SrcFileId="27" StartOffset="877"/>
</LocList>
</BasicStmnt>
</StmntSeq>
</Branch>
<Branch CovItemId="B4" CovItemPrefix="amu.action.ReviewOrderAction.java" Implct="true" Intrnl_Id="1213">
<Cond/>
<LocList/>
<StmntSeq Intrnl_Id="1214">
<LocList/>
</StmntSeq>
</Branch>
<Keyword EndOffset="669" SrcFileId="27" StartOffset="667"/>
<LocList>
<Loc EndOffset="909" SrcFileId="27" StartOffset="667"/>
</LocList>
<RootTerm CovItemId="C2" CovItemPrefix="amu.action.ReviewOrderAction.java" Intrnl_Id="1215">
<BasicBoolTerm Intrnl_Id="1216">
<LocList>
<Loc EndOffset="687" SrcFileId="27" StartOffset="671"/>
</LocList>
</BasicBoolTerm>
</RootTerm>
</CondStmnt>
<CondStmnt CovItemId="S10" CovItemPrefix="amu.action.ReviewOrderAction.java" Intrnl_Id="1217">
<Branch CovItemId="B5" CovItemPrefix="amu.action.ReviewOrderAction.java" Implct="false" Intrnl_Id="1218">
<Cond/>
<LocList>
<Loc EndOffset="1070" SrcFileId="27" StartOffset="966"/>
</LocList>
<StmntSeq Intrnl_Id="1219">
<LocList>
<Loc EndOffset="1060" SrcFileId="27" StartOffset="980"/>
</LocList>
<BasicStmnt CovItemId="S11" CovItemPrefix="amu.action.ReviewOrderAction.java" Intrnl_Id="1220">
<LocList>
<Loc EndOffset="1060" SrcFileId="27" StartOffset="980"/>
</LocList>
</BasicStmnt>
</StmntSeq>
</Branch>
<Branch CovItemId="B6" CovItemPrefix="amu.action.ReviewOrderAction.java" Implct="true" Intrnl_Id="1221">
<Cond/>
<LocList/>
<StmntSeq Intrnl_Id="1222">
<LocList/>
</StmntSeq>
</Branch>
<Keyword EndOffset="929" SrcFileId="27" StartOffset="927"/>
<LocList>
<Loc EndOffset="1070" SrcFileId="27" StartOffset="927"/>
</LocList>
<RootTerm CovItemId="C3" CovItemPrefix="amu.action.ReviewOrderAction.java" Intrnl_Id="1223">
<BasicBoolTerm Intrnl_Id="1224">
<LocList>
<Loc EndOffset="964" SrcFileId="27" StartOffset="931"/>
</LocList>
</BasicBoolTerm>
</RootTerm>
</CondStmnt>
<CondStmnt CovItemId="S12" CovItemPrefix="amu.action.ReviewOrderAction.java" Intrnl_Id="1225">
<Branch CovItemId="B7" CovItemPrefix="amu.action.ReviewOrderAction.java" Implct="false" Intrnl_Id="1226">
<Cond/>
<LocList>
<Loc EndOffset="1223" SrcFileId="27" StartOffset="1121"/>
</LocList>
<StmntSeq Intrnl_Id="1227">
<LocList>
<Loc EndOffset="1213" SrcFileId="27" StartOffset="1135"/>
</LocList>
<BasicStmnt CovItemId="S13" CovItemPrefix="amu.action.ReviewOrderAction.java" Intrnl_Id="1228">
<LocList>
<Loc EndOffset="1213" SrcFileId="27" StartOffset="1135"/>
</LocList>
</BasicStmnt>
</StmntSeq>
</Branch>
<Branch CovItemId="B8" CovItemPrefix="amu.action.ReviewOrderAction.java" Implct="true" Intrnl_Id="1229">
<Cond/>
<LocList/>
<StmntSeq Intrnl_Id="1230">
<LocList/>
</StmntSeq>
</Branch>
<Keyword EndOffset="1090" SrcFileId="27" StartOffset="1088"/>
<LocList>
<Loc EndOffset="1223" SrcFileId="27" StartOffset="1088"/>
</LocList>
<RootTerm CovItemId="C4" CovItemPrefix="amu.action.ReviewOrderAction.java" Intrnl_Id="1231">
<BasicBoolTerm Intrnl_Id="1232">
<LocList>
<Loc EndOffset="1119" SrcFileId="27" StartOffset="1092"/>
</LocList>
</BasicBoolTerm>
</RootTerm>
</CondStmnt>
<BasicStmnt CovItemId="S14" CovItemPrefix="amu.action.ReviewOrderAction.java" Intrnl_Id="1233">
<LocList>
<Loc EndOffset="1310" SrcFileId="27" StartOffset="1241"/>
</LocList>
</BasicStmnt>
</StmntSeq>
</HierarchyLvl>
</HierarchyLvl>
<HierarchyLvl HierarchyLvlId="2020" HierarchyLvlTypeId="53" Intrnl_Id="1234" Name="RegisterCustomerAction">
<Header>
<Loc EndOffset="338" SrcFileId="28" StartOffset="272"/>
</Header>
<LocList>
<Loc EndOffset="2388" SrcFileId="28" StartOffset="272"/>
</LocList>
<HierarchyLvl HierarchyLvlId="2019" HierarchyLvlTypeId="54" Intrnl_Id="1235" Name="execute">
<Header>
<Loc EndOffset="468" SrcFileId="28" StartOffset="350"/>
</Header>
<LocList>
<Loc EndOffset="2386" SrcFileId="28" StartOffset="350"/>
</LocList>
<StmntSeq Intrnl_Id="1236">
<LocList>
<Loc EndOffset="2246" SrcFileId="28" StartOffset="488"/>
<Loc EndOffset="2380" SrcFileId="28" StartOffset="2306"/>
</LocList>
<CondStmnt CovItemId="S1" CovItemPrefix="amu.action.RegisterCustomerAction.java" Intrnl_Id="1237">
<Branch CovItemId="B1" CovItemPrefix="amu.action.RegisterCustomerAction.java" Implct="false" Intrnl_Id="1238">
<Cond/>
<LocList>
<Loc EndOffset="2246" SrcFileId="28" StartOffset="528"/>
</LocList>
<StmntSeq Intrnl_Id="1239">
<LocList>
<Loc EndOffset="586" SrcFileId="28" StartOffset="542"/>
<Loc EndOffset="674" SrcFileId="28" StartOffset="599"/>
<Loc EndOffset="2236" SrcFileId="28" StartOffset="688"/>
</LocList>
<BasicStmnt CovItemId="S2" CovItemPrefix="amu.action.RegisterCustomerAction.java" Intrnl_Id="1240">
<LocList>
<Loc EndOffset="586" SrcFileId="28" StartOffset="542"/>
</LocList>
</BasicStmnt>
<BasicStmnt CovItemId="S3" CovItemPrefix="amu.action.RegisterCustomerAction.java" Intrnl_Id="1241">
<LocList>
<Loc EndOffset="674" SrcFileId="28" StartOffset="599"/>
</LocList>
</BasicStmnt>
<CondStmnt CovItemId="S4" CovItemPrefix="amu.action.RegisterCustomerAction.java" Intrnl_Id="1242">
<Branch CovItemId="B3" CovItemPrefix="amu.action.RegisterCustomerAction.java" Implct="false" Intrnl_Id="1243">
<Cond/>
<LocList>
<Loc EndOffset="2122" SrcFileId="28" StartOffset="710"/>
</LocList>
<StmntSeq Intrnl_Id="1244">
<LocList>
<Loc EndOffset="754" SrcFileId="28" StartOffset="728"/>
<Loc EndOffset="820" SrcFileId="28" StartOffset="771"/>
<Loc EndOffset="884" SrcFileId="28" StartOffset="837"/>
<Loc EndOffset="982" SrcFileId="28" StartOffset="901"/>
<Loc EndOffset="1065" SrcFileId="28" StartOffset="999"/>
<Loc EndOffset="1124" SrcFileId="28" StartOffset="1082"/>
<Loc EndOffset="1258" SrcFileId="28" StartOffset="1158"/>
<Loc EndOffset="1333" SrcFileId="28" StartOffset="1275"/>
<Loc EndOffset="1406" SrcFileId="28" StartOffset="1367"/>
<Loc EndOffset="1493" SrcFileId="28" StartOffset="1423"/>
<Loc EndOffset="1572" SrcFileId="28" StartOffset="1510"/>
<Loc EndOffset="1689" SrcFileId="28" StartOffset="1589"/>
<Loc EndOffset="1779" SrcFileId="28" StartOffset="1706"/>
<Loc EndOffset="1859" SrcFileId="28" StartOffset="1796"/>
<Loc EndOffset="1963" SrcFileId="28" StartOffset="1876"/>
<Loc EndOffset="2067" SrcFileId="28" StartOffset="1996"/>
<Loc EndOffset="2108" SrcFileId="28" StartOffset="2086"/>
</LocList>
<BasicStmnt CovItemId="S5" CovItemPrefix="amu.action.RegisterCustomerAction.java" Intrnl_Id="1245">
<LocList>
<Loc EndOffset="754" SrcFileId="28" StartOffset="728"/>
</LocList>
</BasicStmnt>
<BasicStmnt CovItemId="S6" CovItemPrefix="amu.action.RegisterCustomerAction.java" Intrnl_Id="1246">
<LocList>
<Loc EndOffset="820" SrcFileId="28" StartOffset="771"/>
</LocList>
</BasicStmnt>
<BasicStmnt CovItemId="S7" CovItemPrefix="amu.action.RegisterCustomerAction.java" Intrnl_Id="1247">
<LocList>
<Loc EndOffset="884" SrcFileId="28" StartOffset="837"/>
</LocList>
</BasicStmnt>
<BasicStmnt CovItemId="S8" CovItemPrefix="amu.action.RegisterCustomerAction.java" Intrnl_Id="1248">
<LocList>
<Loc EndOffset="982" SrcFileId="28" StartOffset="901"/>
</LocList>
</BasicStmnt>
<BasicStmnt CovItemId="S9" CovItemPrefix="amu.action.RegisterCustomerAction.java" Intrnl_Id="1249">
<LocList>
<Loc EndOffset="1065" SrcFileId="28" StartOffset="999"/>
</LocList>
</BasicStmnt>
<BasicStmnt CovItemId="S10" CovItemPrefix="amu.action.RegisterCustomerAction.java" Intrnl_Id="1250">
<LocList>
<Loc EndOffset="1124" SrcFileId="28" StartOffset="1082"/>
</LocList>
</BasicStmnt>
<BasicStmnt CovItemId="S11" CovItemPrefix="amu.action.RegisterCustomerAction.java" Intrnl_Id="1251">
<LocList>
<Loc EndOffset="1258" SrcFileId="28" StartOffset="1158"/>
</LocList>
</BasicStmnt>
<BasicStmnt CovItemId="S12" CovItemPrefix="amu.action.RegisterCustomerAction.java" Intrnl_Id="1252">
<LocList>
<Loc EndOffset="1333" SrcFileId="28" StartOffset="1275"/>
</LocList>
</BasicStmnt>
<BasicStmnt CovItemId="S13" CovItemPrefix="amu.action.RegisterCustomerAction.java" Intrnl_Id="1253">
<LocList>
<Loc EndOffset="1406" SrcFileId="28" StartOffset="1367"/>
</LocList>
</BasicStmnt>
<BasicStmnt CovItemId="S14" CovItemPrefix="amu.action.RegisterCustomerAction.java" Intrnl_Id="1254">
<LocList>
<Loc EndOffset="1493" SrcFileId="28" StartOffset="1423"/>
</LocList>
</BasicStmnt>
<BasicStmnt CovItemId="S15" CovItemPrefix="amu.action.RegisterCustomerAction.java" Intrnl_Id="1255">
<LocList>
<Loc EndOffset="1572" SrcFileId="28" StartOffset="1510"/>
</LocList>
</BasicStmnt>
<BasicStmnt CovItemId="S16" CovItemPrefix="amu.action.RegisterCustomerAction.java" Intrnl_Id="1256">
<LocList>
<Loc EndOffset="1689" SrcFileId="28" StartOffset="1589"/>
</LocList>
</BasicStmnt>
<BasicStmnt CovItemId="S17" CovItemPrefix="amu.action.RegisterCustomerAction.java" Intrnl_Id="1257">
<LocList>
<Loc EndOffset="1779" SrcFileId="28" StartOffset="1706"/>
</LocList>
</BasicStmnt>
<BasicStmnt CovItemId="S18" CovItemPrefix="amu.action.RegisterCustomerAction.java" Intrnl_Id="1258">
<LocList>
<Loc EndOffset="1859" SrcFileId="28" StartOffset="1796"/>
</LocList>
</BasicStmnt>
<BasicStmnt CovItemId="S19" CovItemPrefix="amu.action.RegisterCustomerAction.java" Intrnl_Id="1259">
<LocList>
<Loc EndOffset="1963" SrcFileId="28" StartOffset="1876"/>
</LocList>
</BasicStmnt>
<BasicStmnt CovItemId="S20" CovItemPrefix="amu.action.RegisterCustomerAction.java" Intrnl_Id="1260">
<LocList>
<Loc EndOffset="2067" SrcFileId="28" StartOffset="1996"/>
</LocList>
</BasicStmnt>
<BasicStmnt CovItemId="S21" CovItemPrefix="amu.action.RegisterCustomerAction.java" Intrnl_Id="1261">
<LocList>
<Loc EndOffset="2108" SrcFileId="28" StartOffset="2086"/>
</LocList>
</BasicStmnt>
</StmntSeq>
</Branch>
<Branch CovItemId="B4" CovItemPrefix="amu.action.RegisterCustomerAction.java" Implct="false" Intrnl_Id="1262">
<Cond>
<Loc EndOffset="2127" SrcFileId="28" StartOffset="2123"/>
</Cond>
<LocList>
<Loc EndOffset="2236" SrcFileId="28" StartOffset="2128"/>
</LocList>
<StmntSeq Intrnl_Id="1263">
<LocList>
<Loc EndOffset="2222" SrcFileId="28" StartOffset="2146"/>
</LocList>
<BasicStmnt CovItemId="S22" CovItemPrefix="amu.action.RegisterCustomerAction.java" Intrnl_Id="1264">
<LocList>
<Loc EndOffset="2222" SrcFileId="28" StartOffset="2146"/>
</LocList>
</BasicStmnt>
</StmntSeq>
</Branch>
<Keyword EndOffset="690" SrcFileId="28" StartOffset="688"/>
<LocList>
<Loc EndOffset="2236" SrcFileId="28" StartOffset="688"/>
</LocList>
<RootTerm CovItemId="C2" CovItemPrefix="amu.action.RegisterCustomerAction.java" Intrnl_Id="1265">
<BasicBoolTerm Intrnl_Id="1266">
<LocList>
<Loc EndOffset="708" SrcFileId="28" StartOffset="692"/>
</LocList>
</BasicBoolTerm>
</RootTerm>
</CondStmnt>
</StmntSeq>
</Branch>
<Branch CovItemId="B2" CovItemPrefix="amu.action.RegisterCustomerAction.java" Implct="true" Intrnl_Id="1267">
<Cond/>
<LocList/>
<StmntSeq Intrnl_Id="1268">
<LocList/>
</StmntSeq>
</Branch>
<Keyword EndOffset="490" SrcFileId="28" StartOffset="488"/>
<LocList>
<Loc EndOffset="2246" SrcFileId="28" StartOffset="488"/>
</LocList>
<RootTerm CovItemId="C1" CovItemPrefix="amu.action.RegisterCustomerAction.java" Intrnl_Id="1269">
<BasicBoolTerm Intrnl_Id="1270">
<LocList>
<Loc EndOffset="526" SrcFileId="28" StartOffset="492"/>
</LocList>
</BasicBoolTerm>
</RootTerm>
</CondStmnt>
<BasicStmnt CovItemId="S23" CovItemPrefix="amu.action.RegisterCustomerAction.java" Intrnl_Id="1271">
<LocList>
<Loc EndOffset="2380" SrcFileId="28" StartOffset="2306"/>
</LocList>
</BasicStmnt>
</StmntSeq>
</HierarchyLvl>
</HierarchyLvl>
<HierarchyLvl HierarchyLvlId="2023" HierarchyLvlTypeId="53" Intrnl_Id="1272" Name="PlaceOrderAction">
<Header>
<Loc EndOffset="298" SrcFileId="29" StartOffset="258"/>
</Header>
<LocList>
<Loc EndOffset="1586" SrcFileId="29" StartOffset="258"/>
</LocList>
<HierarchyLvl HierarchyLvlId="2021" HierarchyLvlTypeId="54" Intrnl_Id="1273" Name="PlaceOrderAction">
<Header>
<Loc EndOffset="331" SrcFileId="29" StartOffset="306"/>
</Header>
<LocList>
<Loc EndOffset="339" SrcFileId="29" StartOffset="306"/>
</LocList>
</HierarchyLvl>
<HierarchyLvl HierarchyLvlId="2022" HierarchyLvlTypeId="54" Intrnl_Id="1274" Name="execute">
<Header>
<Loc EndOffset="446" SrcFileId="29" StartOffset="345"/>
</Header>
<LocList>
<Loc EndOffset="1584" SrcFileId="29" StartOffset="345"/>
</LocList>
<StmntSeq Intrnl_Id="1275">
<LocList>
<Loc EndOffset="500" SrcFileId="29" StartOffset="457"/>
<Loc EndOffset="566" SrcFileId="29" StartOffset="518"/>
<Loc EndOffset="763" SrcFileId="29" StartOffset="575"/>
<Loc EndOffset="845" SrcFileId="29" StartOffset="781"/>
<Loc EndOffset="1095" SrcFileId="29" StartOffset="854"/>
<Loc EndOffset="1140" SrcFileId="29" StartOffset="1105"/>
<Loc EndOffset="1241" SrcFileId="29" StartOffset="1149"/>
<Loc EndOffset="1578" SrcFileId="29" StartOffset="1259"/>
</LocList>
<BasicStmnt CovItemId="S1" CovItemPrefix="amu.action.PlaceOrderAction.java" Intrnl_Id="1276">
<LocList>
<Loc EndOffset="500" SrcFileId="29" StartOffset="457"/>
</LocList>
</BasicStmnt>
<BasicStmnt CovItemId="S2" CovItemPrefix="amu.action.PlaceOrderAction.java" Intrnl_Id="1277">
<LocList>
<Loc EndOffset="566" SrcFileId="29" StartOffset="518"/>
</LocList>
</BasicStmnt>
<CondStmnt CovItemId="S3" CovItemPrefix="amu.action.PlaceOrderAction.java" Intrnl_Id="1278">
<Branch CovItemId="B1" CovItemPrefix="amu.action.PlaceOrderAction.java" Implct="false" Intrnl_Id="1279">
<Cond/>
<LocList>
<Loc EndOffset="763" SrcFileId="29" StartOffset="593"/>
</LocList>
<StmntSeq Intrnl_Id="1280">
<LocList>
<Loc EndOffset="625" SrcFileId="29" StartOffset="607"/>
<Loc EndOffset="673" SrcFileId="29" StartOffset="638"/>
<Loc EndOffset="753" SrcFileId="29" StartOffset="686"/>
</LocList>
<BasicStmnt CovItemId="S4" CovItemPrefix="amu.action.PlaceOrderAction.java" Intrnl_Id="1281">
<LocList>
<Loc EndOffset="625" SrcFileId="29" StartOffset="607"/>
</LocList>
</BasicStmnt>
<BasicStmnt CovItemId="S5" CovItemPrefix="amu.action.PlaceOrderAction.java" Intrnl_Id="1282">
<LocList>
<Loc EndOffset="673" SrcFileId="29" StartOffset="638"/>
</LocList>
</BasicStmnt>
<BasicStmnt CovItemId="S6" CovItemPrefix="amu.action.PlaceOrderAction.java" Intrnl_Id="1283">
<LocList>
<Loc EndOffset="753" SrcFileId="29" StartOffset="686"/>
</LocList>
</BasicStmnt>
</StmntSeq>
</Branch>
<Branch CovItemId="B2" CovItemPrefix="amu.action.PlaceOrderAction.java" Implct="true" Intrnl_Id="1284">
<Cond/>
<LocList/>
<StmntSeq Intrnl_Id="1285">
<LocList/>
</StmntSeq>
</Branch>
<Keyword EndOffset="577" SrcFileId="29" StartOffset="575"/>
<LocList>
<Loc EndOffset="763" SrcFileId="29" StartOffset="575"/>
</LocList>
<RootTerm CovItemId="C1" CovItemPrefix="amu.action.PlaceOrderAction.java" Intrnl_Id="1286">
<BasicBoolTerm Intrnl_Id="1287">
<LocList>
<Loc EndOffset="591" SrcFileId="29" StartOffset="579"/>
</LocList>
</BasicBoolTerm>
</RootTerm>
</CondStmnt>
<BasicStmnt CovItemId="S7" CovItemPrefix="amu.action.PlaceOrderAction.java" Intrnl_Id="1288">
<LocList>
<Loc EndOffset="845" SrcFileId="29" StartOffset="781"/>
</LocList>
</BasicStmnt>
<CondStmnt CovItemId="S8" CovItemPrefix="amu.action.PlaceOrderAction.java" Intrnl_Id="1289">
<Branch CovItemId="B3" CovItemPrefix="amu.action.PlaceOrderAction.java" Implct="false" Intrnl_Id="1290">
<Cond/>
<LocList>
<Loc EndOffset="1095" SrcFileId="29" StartOffset="876"/>
</LocList>
<StmntSeq Intrnl_Id="1291">
<LocList>
<Loc EndOffset="987" SrcFileId="29" StartOffset="890"/>
<Loc EndOffset="1050" SrcFileId="29" StartOffset="1000"/>
<Loc EndOffset="1085" SrcFileId="29" StartOffset="1063"/>
</LocList>
<BasicStmnt CovItemId="S9" CovItemPrefix="amu.action.PlaceOrderAction.java" Intrnl_Id="1292">
<LocList>
<Loc EndOffset="987" SrcFileId="29" StartOffset="890"/>
</LocList>
</BasicStmnt>
<BasicStmnt CovItemId="S10" CovItemPrefix="amu.action.PlaceOrderAction.java" Intrnl_Id="1293">
<LocList>
<Loc EndOffset="1050" SrcFileId="29" StartOffset="1000"/>
</LocList>
</BasicStmnt>
<BasicStmnt CovItemId="S11" CovItemPrefix="amu.action.PlaceOrderAction.java" Intrnl_Id="1294">
<LocList>
<Loc EndOffset="1085" SrcFileId="29" StartOffset="1063"/>
</LocList>
</BasicStmnt>
</StmntSeq>
</Branch>
<Branch CovItemId="B4" CovItemPrefix="amu.action.PlaceOrderAction.java" Implct="true" Intrnl_Id="1295">
<Cond/>
<LocList/>
<StmntSeq Intrnl_Id="1296">
<LocList/>
</StmntSeq>
</Branch>
<Keyword EndOffset="856" SrcFileId="29" StartOffset="854"/>
<LocList>
<Loc EndOffset="1095" SrcFileId="29" StartOffset="854"/>
</LocList>
<RootTerm CovItemId="C2" CovItemPrefix="amu.action.PlaceOrderAction.java" Intrnl_Id="1297">
<BasicBoolTerm Intrnl_Id="1298">
<LocList>
<Loc EndOffset="874" SrcFileId="29" StartOffset="858"/>
</LocList>
</BasicBoolTerm>
</RootTerm>
</CondStmnt>
<BasicStmnt CovItemId="S12" CovItemPrefix="amu.action.PlaceOrderAction.java" Intrnl_Id="1299">
<LocList>
<Loc EndOffset="1140" SrcFileId="29" StartOffset="1105"/>
</LocList>
</BasicStmnt>
<BasicStmnt CovItemId="S13" CovItemPrefix="amu.action.PlaceOrderAction.java" Intrnl_Id="1300">
<LocList>
<Loc EndOffset="1241" SrcFileId="29" StartOffset="1149"/>
</LocList>
</BasicStmnt>
<CondStmnt CovItemId="S14" CovItemPrefix="amu.action.PlaceOrderAction.java" Intrnl_Id="1301">
<Branch CovItemId="B5" CovItemPrefix="amu.action.PlaceOrderAction.java" Implct="false" Intrnl_Id="1302">
<Cond/>
<LocList>
<Loc EndOffset="1474" SrcFileId="29" StartOffset="1292"/>
</LocList>
<StmntSeq Intrnl_Id="1303">
<LocList>
<Loc EndOffset="1324" SrcFileId="29" StartOffset="1306"/>
<Loc EndOffset="1372" SrcFileId="29" StartOffset="1337"/>
<Loc EndOffset="1464" SrcFileId="29" StartOffset="1385"/>
</LocList>
<BasicStmnt CovItemId="S15" CovItemPrefix="amu.action.PlaceOrderAction.java" Intrnl_Id="1304">
<LocList>
<Loc EndOffset="1324" SrcFileId="29" StartOffset="1306"/>
</LocList>
</BasicStmnt>
<BasicStmnt CovItemId="S16" CovItemPrefix="amu.action.PlaceOrderAction.java" Intrnl_Id="1305">
<LocList>
<Loc EndOffset="1372" SrcFileId="29" StartOffset="1337"/>
</LocList>
</BasicStmnt>
<BasicStmnt CovItemId="S17" CovItemPrefix="amu.action.PlaceOrderAction.java" Intrnl_Id="1306">
<LocList>
<Loc EndOffset="1464" SrcFileId="29" StartOffset="1385"/>
</LocList>
</BasicStmnt>
</StmntSeq>
</Branch>
<Branch CovItemId="B6" CovItemPrefix="amu.action.PlaceOrderAction.java" Implct="false" Intrnl_Id="1307">
<Cond>
<Loc EndOffset="1479" SrcFileId="29" StartOffset="1475"/>
</Cond>
<LocList>
<Loc EndOffset="1578" SrcFileId="29" StartOffset="1480"/>
</LocList>
<StmntSeq Intrnl_Id="1308">
<LocList>
<Loc EndOffset="1568" SrcFileId="29" StartOffset="1494"/>
</LocList>
<BasicStmnt CovItemId="S18" CovItemPrefix="amu.action.PlaceOrderAction.java" Intrnl_Id="1309">
<LocList>
<Loc EndOffset="1568" SrcFileId="29" StartOffset="1494"/>
</LocList>
</BasicStmnt>
</StmntSeq>
</Branch>
<Keyword EndOffset="1261" SrcFileId="29" StartOffset="1259"/>
<LocList>
<Loc EndOffset="1578" SrcFileId="29" StartOffset="1259"/>
</LocList>
<RootTerm CovItemId="C3" CovItemPrefix="amu.action.PlaceOrderAction.java" Intrnl_Id="1310">
<BasicBoolTerm Intrnl_Id="1311">
<LocList>
<Loc EndOffset="1282" SrcFileId="29" StartOffset="1263"/>
</LocList>
</BasicBoolTerm>
</RootTerm>
</CondStmnt>
</StmntSeq>
</HierarchyLvl>
</HierarchyLvl>
<HierarchyLvl HierarchyLvlId="2025" HierarchyLvlTypeId="53" Intrnl_Id="1312" Name="LoginCustomerAction">
<Header>
<Loc EndOffset="306" SrcFileId="30" StartOffset="263"/>
</Header>
<LocList>
<Loc EndOffset="2395" SrcFileId="30" StartOffset="263"/>
</LocList>
<HierarchyLvl HierarchyLvlId="2024" HierarchyLvlTypeId="54" Intrnl_Id="1313" Name="execute">
<Header>
<Loc EndOffset="432" SrcFileId="30" StartOffset="314"/>
</Header>
<LocList>
<Loc EndOffset="2393" SrcFileId="30" StartOffset="314"/>
</LocList>
<StmntSeq Intrnl_Id="1314">
<LocList>
<Loc EndOffset="503" SrcFileId="30" StartOffset="444"/>
<Loc EndOffset="551" SrcFileId="30" StartOffset="512"/>
<Loc EndOffset="689" SrcFileId="30" StartOffset="560"/>
<Loc EndOffset="2306" SrcFileId="30" StartOffset="699"/>
<Loc EndOffset="2387" SrcFileId="30" StartOffset="2316"/>
</LocList>
<BasicStmnt CovItemId="S1" CovItemPrefix="amu.action.LoginCustomerAction.java" Intrnl_Id="1315">
<LocList>
<Loc EndOffset="503" SrcFileId="30" StartOffset="444"/>
</LocList>
</BasicStmnt>
<BasicStmnt CovItemId="S2" CovItemPrefix="amu.action.LoginCustomerAction.java" Intrnl_Id="1316">
<LocList>
<Loc EndOffset="551" SrcFileId="30" StartOffset="512"/>
</LocList>
</BasicStmnt>
<CondStmnt CovItemId="S3" CovItemPrefix="amu.action.LoginCustomerAction.java" Intrnl_Id="1317">
<Branch CovItemId="B1" CovItemPrefix="amu.action.LoginCustomerAction.java" Implct="false" Intrnl_Id="1318">
<Cond/>
<LocList>
<Loc EndOffset="689" SrcFileId="30" StartOffset="616"/>
</LocList>
<StmntSeq Intrnl_Id="1319">
<LocList>
<Loc EndOffset="679" SrcFileId="30" StartOffset="630"/>
</LocList>
<BasicStmnt CovItemId="S4" CovItemPrefix="amu.action.LoginCustomerAction.java" Intrnl_Id="1320">
<LocList>
<Loc EndOffset="679" SrcFileId="30" StartOffset="630"/>
</LocList>
</BasicStmnt>
</StmntSeq>
</Branch>
<Branch CovItemId="B2" CovItemPrefix="amu.action.LoginCustomerAction.java" Implct="true" Intrnl_Id="1321">
<Cond/>
<LocList/>
<StmntSeq Intrnl_Id="1322">
<LocList/>
</StmntSeq>
</Branch>
<Keyword EndOffset="562" SrcFileId="30" StartOffset="560"/>
<LocList>
<Loc EndOffset="689" SrcFileId="30" StartOffset="560"/>
</LocList>
<RootTerm CovItemId="C1" CovItemPrefix="amu.action.LoginCustomerAction.java" Intrnl_Id="1323">
<BasicBoolTerm Intrnl_Id="1324">
<LocList>
<Loc EndOffset="614" SrcFileId="30" StartOffset="564"/>
</LocList>
</BasicBoolTerm>
</RootTerm>
</CondStmnt>
<CondStmnt CovItemId="S5" CovItemPrefix="amu.action.LoginCustomerAction.java" Intrnl_Id="1325">
<Branch CovItemId="B3" CovItemPrefix="amu.action.LoginCustomerAction.java" Implct="false" Intrnl_Id="1326">
<Cond/>
<LocList>
<Loc EndOffset="2306" SrcFileId="30" StartOffset="739"/>
</LocList>
<StmntSeq Intrnl_Id="1327">
<LocList>
<Loc EndOffset="815" SrcFileId="30" StartOffset="754"/>
<Loc EndOffset="871" SrcFileId="30" StartOffset="828"/>
<Loc EndOffset="929" SrcFileId="30" StartOffset="885"/>
<Loc EndOffset="1017" SrcFileId="30" StartOffset="942"/>
<Loc EndOffset="2154" SrcFileId="30" StartOffset="1031"/>
<Loc EndOffset="2296" SrcFileId="30" StartOffset="2225"/>
</LocList>
<BasicStmnt CovItemId="S6" CovItemPrefix="amu.action.LoginCustomerAction.java" Intrnl_Id="1328">
<LocList>
<Loc EndOffset="815" SrcFileId="30" StartOffset="754"/>
</LocList>
</BasicStmnt>
<BasicStmnt CovItemId="S7" CovItemPrefix="amu.action.LoginCustomerAction.java" Intrnl_Id="1329">
<LocList>
<Loc EndOffset="871" SrcFileId="30" StartOffset="828"/>
</LocList>
</BasicStmnt>
<BasicStmnt CovItemId="S8" CovItemPrefix="amu.action.LoginCustomerAction.java" Intrnl_Id="1330">
<LocList>
<Loc EndOffset="929" SrcFileId="30" StartOffset="885"/>
</LocList>
</BasicStmnt>
<BasicStmnt CovItemId="S9" CovItemPrefix="amu.action.LoginCustomerAction.java" Intrnl_Id="1331">
<LocList>
<Loc EndOffset="1017" SrcFileId="30" StartOffset="942"/>
</LocList>
</BasicStmnt>
<CondStmnt CovItemId="S10" CovItemPrefix="amu.action.LoginCustomerAction.java" Intrnl_Id="1332">
<Branch CovItemId="B5" CovItemPrefix="amu.action.LoginCustomerAction.java" Implct="false" Intrnl_Id="1333">
<Cond/>
<LocList>
<Loc EndOffset="2003" SrcFileId="30" StartOffset="1053"/>
</LocList>
<StmntSeq Intrnl_Id="1334">
<LocList>
<Loc EndOffset="1122" SrcFileId="30" StartOffset="1071"/>
<Loc EndOffset="1989" SrcFileId="30" StartOffset="1140"/>
</LocList>
<BasicStmnt CovItemId="S11" CovItemPrefix="amu.action.LoginCustomerAction.java" Intrnl_Id="1335">
<LocList>
<Loc EndOffset="1122" SrcFileId="30" StartOffset="1071"/>
</LocList>
</BasicStmnt>
<CondStmnt CovItemId="S12" CovItemPrefix="amu.action.LoginCustomerAction.java" Intrnl_Id="1336">
<Branch CovItemId="B7" CovItemPrefix="amu.action.LoginCustomerAction.java" Implct="false" Intrnl_Id="1337">
<Cond/>
<LocList>
<Loc EndOffset="1827" SrcFileId="30" StartOffset="1183"/>
</LocList>
<StmntSeq Intrnl_Id="1338">
<LocList>
<Loc EndOffset="1809" SrcFileId="30" StartOffset="1205"/>
</LocList>
<CondStmnt CovItemId="S13" CovItemPrefix="amu.action.LoginCustomerAction.java" Intrnl_Id="1339">
<Branch CovItemId="B9" CovItemPrefix="amu.action.LoginCustomerAction.java" Implct="false" Intrnl_Id="1340">
<Cond/>
<LocList>
<Loc EndOffset="1685" SrcFileId="30" StartOffset="1300"/>
</LocList>
<StmntSeq Intrnl_Id="1341">
<LocList>
<Loc EndOffset="1373" SrcFileId="30" StartOffset="1326"/>
<Loc EndOffset="1441" SrcFileId="30" StartOffset="1398"/>
<Loc EndOffset="1663" SrcFileId="30" StartOffset="1466"/>
</LocList>
<BasicStmnt CovItemId="S14" CovItemPrefix="amu.action.LoginCustomerAction.java" Intrnl_Id="1342">
<LocList>
<Loc EndOffset="1373" SrcFileId="30" StartOffset="1326"/>
</LocList>
</BasicStmnt>
<BasicStmnt CovItemId="S15" CovItemPrefix="amu.action.LoginCustomerAction.java" Intrnl_Id="1343">
<LocList>
<Loc EndOffset="1441" SrcFileId="30" StartOffset="1398"/>
</LocList>
</BasicStmnt>
<CondStmnt CovItemId="S16" CovItemPrefix="amu.action.LoginCustomerAction.java" Intrnl_Id="1344">
<Branch CovItemId="B11" CovItemPrefix="amu.action.LoginCustomerAction.java" Implct="false" Intrnl_Id="1345">
<Cond/>
<LocList>
<Loc EndOffset="1663" SrcFileId="30" StartOffset="1522"/>
</LocList>
<StmntSeq Intrnl_Id="1346">
<LocList>
<Loc EndOffset="1637" SrcFileId="30" StartOffset="1552"/>
</LocList>
<BasicStmnt CovItemId="S17" CovItemPrefix="amu.action.LoginCustomerAction.java" Intrnl_Id="1347">
<LocList>
<Loc EndOffset="1637" SrcFileId="30" StartOffset="1552"/>
</LocList>
</BasicStmnt>
</StmntSeq>
</Branch>
<Branch CovItemId="B12" CovItemPrefix="amu.action.LoginCustomerAction.java" Implct="true" Intrnl_Id="1348">
<Cond/>
<LocList/>
<StmntSeq Intrnl_Id="1349">
<LocList/>
</StmntSeq>
</Branch>
<Keyword EndOffset="1468" SrcFileId="30" StartOffset="1466"/>
<LocList>
<Loc EndOffset="1663" SrcFileId="30" StartOffset="1466"/>
</LocList>
<RootTerm CovItemId="C6" CovItemPrefix="amu.action.LoginCustomerAction.java" Intrnl_Id="1350">
<BasicBoolTerm Intrnl_Id="1351">
<LocList>
<Loc EndOffset="1520" SrcFileId="30" StartOffset="1470"/>
</LocList>
</BasicBoolTerm>
</RootTerm>
</CondStmnt>
</StmntSeq>
</Branch>
<Branch CovItemId="B10" CovItemPrefix="amu.action.LoginCustomerAction.java" Implct="false" Intrnl_Id="1352">
<Cond>
<Loc EndOffset="1690" SrcFileId="30" StartOffset="1686"/>
</Cond>
<LocList>
<Loc EndOffset="1809" SrcFileId="30" StartOffset="1691"/>
</LocList>
<StmntSeq Intrnl_Id="1353">
<LocList>
<Loc EndOffset="1787" SrcFileId="30" StartOffset="1735"/>
</LocList>
<BasicStmnt CovItemId="S18" CovItemPrefix="amu.action.LoginCustomerAction.java" Intrnl_Id="1354">
<LocList>
<Loc EndOffset="1787" SrcFileId="30" StartOffset="1735"/>
</LocList>
</BasicStmnt>
</StmntSeq>
</Branch>
<Keyword EndOffset="1207" SrcFileId="30" StartOffset="1205"/>
<LocList>
<Loc EndOffset="1809" SrcFileId="30" StartOffset="1205"/>
</LocList>
<RootTerm CovItemId="C5" CovItemPrefix="amu.action.LoginCustomerAction.java" Intrnl_Id="1355">
<BasicBoolTerm Intrnl_Id="1356">
<LocList>
<Loc EndOffset="1298" SrcFileId="30" StartOffset="1209"/>
</LocList>
</BasicBoolTerm>
</RootTerm>
</CondStmnt>
</StmntSeq>
</Branch>
<Branch CovItemId="B8" CovItemPrefix="amu.action.LoginCustomerAction.java" Implct="false" Intrnl_Id="1357">
<Cond>
<Loc EndOffset="1832" SrcFileId="30" StartOffset="1828"/>
</Cond>
<LocList>
<Loc EndOffset="1989" SrcFileId="30" StartOffset="1833"/>
</LocList>
<StmntSeq Intrnl_Id="1358">
<LocList>
<Loc EndOffset="1971" SrcFileId="30" StartOffset="1896"/>
</LocList>
<BasicStmnt CovItemId="S19" CovItemPrefix="amu.action.LoginCustomerAction.java" Intrnl_Id="1359">
<LocList>
<Loc EndOffset="1971" SrcFileId="30" StartOffset="1896"/>
</LocList>
</BasicStmnt>
</StmntSeq>
</Branch>
<Keyword EndOffset="1142" SrcFileId="30" StartOffset="1140"/>
<LocList>
<Loc EndOffset="1989" SrcFileId="30" StartOffset="1140"/>
</LocList>
<RootTerm CovItemId="C4" CovItemPrefix="amu.action.LoginCustomerAction.java" Intrnl_Id="1360">
<BasicBoolTerm Intrnl_Id="1361">
<LocList>
<Loc EndOffset="1181" SrcFileId="30" StartOffset="1144"/>
</LocList>
</BasicBoolTerm>
</RootTerm>
</CondStmnt>
</StmntSeq>
</Branch>
<Branch CovItemId="B6" CovItemPrefix="amu.action.LoginCustomerAction.java" Implct="false" Intrnl_Id="1362">
<Cond>
<Loc EndOffset="2008" SrcFileId="30" StartOffset="2004"/>
</Cond>
<LocList>
<Loc EndOffset="2154" SrcFileId="30" StartOffset="2009"/>
</LocList>
<StmntSeq Intrnl_Id="1363">
<LocList>
<Loc EndOffset="2140" SrcFileId="30" StartOffset="2094"/>
</LocList>
<BasicStmnt CovItemId="S20" CovItemPrefix="amu.action.LoginCustomerAction.java" Intrnl_Id="1364">
<LocList>
<Loc EndOffset="2140" SrcFileId="30" StartOffset="2094"/>
</LocList>
</BasicStmnt>
</StmntSeq>
</Branch>
<Keyword EndOffset="1033" SrcFileId="30" StartOffset="1031"/>
<LocList>
<Loc EndOffset="2154" SrcFileId="30" StartOffset="1031"/>
</LocList>
<RootTerm CovItemId="C3" CovItemPrefix="amu.action.LoginCustomerAction.java" Intrnl_Id="1365">
<BasicBoolTerm Intrnl_Id="1366">
<LocList>
<Loc EndOffset="1051" SrcFileId="30" StartOffset="1035"/>
</LocList>
</BasicBoolTerm>
</RootTerm>
</CondStmnt>
<BasicStmnt CovItemId="S21" CovItemPrefix="amu.action.LoginCustomerAction.java" Intrnl_Id="1367">
<LocList>
<Loc EndOffset="2296" SrcFileId="30" StartOffset="2225"/>
</LocList>
</BasicStmnt>
</StmntSeq>
</Branch>
<Branch CovItemId="B4" CovItemPrefix="amu.action.LoginCustomerAction.java" Implct="true" Intrnl_Id="1368">
<Cond/>
<LocList/>
<StmntSeq Intrnl_Id="1369">
<LocList/>
</StmntSeq>
</Branch>
<Keyword EndOffset="701" SrcFileId="30" StartOffset="699"/>
<LocList>
<Loc EndOffset="2306" SrcFileId="30" StartOffset="699"/>
</LocList>
<RootTerm CovItemId="C2" CovItemPrefix="amu.action.LoginCustomerAction.java" Intrnl_Id="1370">
<BasicBoolTerm Intrnl_Id="1371">
<LocList>
<Loc EndOffset="737" SrcFileId="30" StartOffset="703"/>
</LocList>
</BasicBoolTerm>
</RootTerm>
</CondStmnt>
<BasicStmnt CovItemId="S22" CovItemPrefix="amu.action.LoginCustomerAction.java" Intrnl_Id="1372">
<LocList>
<Loc EndOffset="2387" SrcFileId="30" StartOffset="2316"/>
</LocList>
</BasicStmnt>
</StmntSeq>
</HierarchyLvl>
</HierarchyLvl>
<HierarchyLvl HierarchyLvlId="2029" HierarchyLvlTypeId="53" Intrnl_Id="1373" Name="ForwardAction">
<Header>
<Loc EndOffset="152" SrcFileId="31" StartOffset="115"/>
</Header>
<LocList>
<Loc EndOffset="609" SrcFileId="31" StartOffset="115"/>
</LocList>
<HierarchyLvl HierarchyLvlId="2026" HierarchyLvlTypeId="54" Intrnl_Id="1374" Name="ForwardAction">
<Header>
<Loc EndOffset="242" SrcFileId="31" StartOffset="210"/>
</Header>
<LocList>
<Loc EndOffset="333" SrcFileId="31" StartOffset="210"/>
</LocList>
<StmntSeq Intrnl_Id="1375">
<LocList>
<Loc EndOffset="327" SrcFileId="31" StartOffset="253"/>
</LocList>
<BasicStmnt CovItemId="S1" CovItemPrefix="amu.action.ForwardAction.java" Intrnl_Id="1376">
<LocList>
<Loc EndOffset="327" SrcFileId="31" StartOffset="253"/>
</LocList>
</BasicStmnt>
</StmntSeq>
</HierarchyLvl>
<HierarchyLvl HierarchyLvlId="2027" HierarchyLvlTypeId="54" Intrnl_Id="1377" Name="ForwardAction">
<Header>
<Loc EndOffset="390" SrcFileId="31" StartOffset="339"/>
</Header>
<LocList>
<Loc EndOffset="444" SrcFileId="31" StartOffset="339"/>
</LocList>
<StmntSeq Intrnl_Id="1378">
<LocList>
<Loc EndOffset="438" SrcFileId="31" StartOffset="401"/>
</LocList>
<BasicStmnt CovItemId="S2" CovItemPrefix="amu.action.ForwardAction.java" Intrnl_Id="1379">
<LocList>
<Loc EndOffset="438" SrcFileId="31" StartOffset="401"/>
</LocList>
</BasicStmnt>
</StmntSeq>
</HierarchyLvl>
<HierarchyLvl HierarchyLvlId="2028" HierarchyLvlTypeId="54" Intrnl_Id="1380" Name="execute">
<Header>
<Loc EndOffset="568" SrcFileId="31" StartOffset="450"/>
</Header>
<LocList>
<Loc EndOffset="607" SrcFileId="31" StartOffset="450"/>
</LocList>
<StmntSeq Intrnl_Id="1381">
<LocList>
<Loc EndOffset="601" SrcFileId="31" StartOffset="579"/>
</LocList>
<BasicStmnt CovItemId="S3" CovItemPrefix="amu.action.ForwardAction.java" Intrnl_Id="1382">
<LocList>
<Loc EndOffset="601" SrcFileId="31" StartOffset="579"/>
</LocList>
</BasicStmnt>
</StmntSeq>
</HierarchyLvl>
</HierarchyLvl>
<HierarchyLvl HierarchyLvlId="2031" HierarchyLvlTypeId="53" Intrnl_Id="1383" Name="EditAddressAction">
<Header>
<Loc EndOffset="331" SrcFileId="32" StartOffset="290"/>
</Header>
<LocList>
<Loc EndOffset="1601" SrcFileId="32" StartOffset="290"/>
</LocList>
<HierarchyLvl HierarchyLvlId="2030" HierarchyLvlTypeId="54" Intrnl_Id="1384" Name="execute">
<Header>
<Loc EndOffset="440" SrcFileId="32" StartOffset="339"/>
</Header>
<LocList>
<Loc EndOffset="1598" SrcFileId="32" StartOffset="339"/>
</LocList>
<StmntSeq Intrnl_Id="1385">
<LocList>
<Loc EndOffset="498" SrcFileId="32" StartOffset="451"/>
<Loc EndOffset="571" SrcFileId="32" StartOffset="507"/>
<Loc EndOffset="824" SrcFileId="32" StartOffset="581"/>
<Loc EndOffset="875" SrcFileId="32" StartOffset="834"/>
<Loc EndOffset="964" SrcFileId="32" StartOffset="884"/>
<Loc EndOffset="1415" SrcFileId="32" StartOffset="974"/>
<Loc EndOffset="1514" SrcFileId="32" StartOffset="1473"/>
<Loc EndOffset="1592" SrcFileId="32" StartOffset="1523"/>
</LocList>
<BasicStmnt CovItemId="S1" CovItemPrefix="amu.action.EditAddressAction.java" Intrnl_Id="1386">
<LocList>
<Loc EndOffset="498" SrcFileId="32" StartOffset="451"/>
</LocList>
</BasicStmnt>
<BasicStmnt CovItemId="S2" CovItemPrefix="amu.action.EditAddressAction.java" Intrnl_Id="1387">
<LocList>
<Loc EndOffset="571" SrcFileId="32" StartOffset="507"/>
</LocList>
</BasicStmnt>
<CondStmnt CovItemId="S3" CovItemPrefix="amu.action.EditAddressAction.java" Intrnl_Id="1388">
<Branch CovItemId="B1" CovItemPrefix="amu.action.EditAddressAction.java" Implct="false" Intrnl_Id="1389">
<Cond/>
<LocList>
<Loc EndOffset="824" SrcFileId="32" StartOffset="603"/>
</LocList>
<StmntSeq Intrnl_Id="1390">
<LocList>
<Loc EndOffset="714" SrcFileId="32" StartOffset="617"/>
<Loc EndOffset="779" SrcFileId="32" StartOffset="727"/>
<Loc EndOffset="814" SrcFileId="32" StartOffset="792"/>
</LocList>
<BasicStmnt CovItemId="S4" CovItemPrefix="amu.action.EditAddressAction.java" Intrnl_Id="1391">
<LocList>
<Loc EndOffset="714" SrcFileId="32" StartOffset="617"/>
</LocList>
</BasicStmnt>
<BasicStmnt CovItemId="S5" CovItemPrefix="amu.action.EditAddressAction.java" Intrnl_Id="1392">
<LocList>
<Loc EndOffset="779" SrcFileId="32" StartOffset="727"/>
</LocList>
</BasicStmnt>
<BasicStmnt CovItemId="S6" CovItemPrefix="amu.action.EditAddressAction.java" Intrnl_Id="1393">
<LocList>
<Loc EndOffset="814" SrcFileId="32" StartOffset="792"/>
</LocList>
</BasicStmnt>
</StmntSeq>
</Branch>
<Branch CovItemId="B2" CovItemPrefix="amu.action.EditAddressAction.java" Implct="true" Intrnl_Id="1394">
<Cond/>
<LocList/>
<StmntSeq Intrnl_Id="1395">
<LocList/>
</StmntSeq>
</Branch>
<Keyword EndOffset="583" SrcFileId="32" StartOffset="581"/>
<LocList>
<Loc EndOffset="824" SrcFileId="32" StartOffset="581"/>
</LocList>
<RootTerm CovItemId="C1" CovItemPrefix="amu.action.EditAddressAction.java" Intrnl_Id="1396">
<BasicBoolTerm Intrnl_Id="1397">
<LocList>
<Loc EndOffset="601" SrcFileId="32" StartOffset="585"/>
</LocList>
</BasicBoolTerm>
</RootTerm>
</CondStmnt>
<BasicStmnt CovItemId="S7" CovItemPrefix="amu.action.EditAddressAction.java" Intrnl_Id="1398">
<LocList>
<Loc EndOffset="875" SrcFileId="32" StartOffset="834"/>
</LocList>
</BasicStmnt>
<BasicStmnt CovItemId="S8" CovItemPrefix="amu.action.EditAddressAction.java" Intrnl_Id="1399">
<LocList>
<Loc EndOffset="964" SrcFileId="32" StartOffset="884"/>
</LocList>
</BasicStmnt>
<CondStmnt CovItemId="S9" CovItemPrefix="amu.action.EditAddressAction.java" Intrnl_Id="1400">
<Branch CovItemId="B3" CovItemPrefix="amu.action.EditAddressAction.java" Implct="false" Intrnl_Id="1401">
<Cond/>
<LocList>
<Loc EndOffset="1415" SrcFileId="32" StartOffset="1014"/>
</LocList>
<StmntSeq Intrnl_Id="1402">
<LocList>
<Loc EndOffset="1076" SrcFileId="32" StartOffset="1028"/>
<Loc EndOffset="1132" SrcFileId="32" StartOffset="1089"/>
<Loc EndOffset="1198" SrcFileId="32" StartOffset="1146"/>
<Loc EndOffset="1357" SrcFileId="32" StartOffset="1224"/>
<Loc EndOffset="1405" SrcFileId="32" StartOffset="1371"/>
</LocList>
<BasicStmnt CovItemId="S10" CovItemPrefix="amu.action.EditAddressAction.java" Intrnl_Id="1403">
<LocList>
<Loc EndOffset="1076" SrcFileId="32" StartOffset="1028"/>
</LocList>
</BasicStmnt>
<BasicStmnt CovItemId="S11" CovItemPrefix="amu.action.EditAddressAction.java" Intrnl_Id="1404">
<LocList>
<Loc EndOffset="1132" SrcFileId="32" StartOffset="1089"/>
</LocList>
</BasicStmnt>
<BasicStmnt CovItemId="S12" CovItemPrefix="amu.action.EditAddressAction.java" Intrnl_Id="1405">
<LocList>
<Loc EndOffset="1198" SrcFileId="32" StartOffset="1146"/>
</LocList>
</BasicStmnt>
<CondStmnt CovItemId="S13" CovItemPrefix="amu.action.EditAddressAction.java" Intrnl_Id="1406">
<Branch CovItemId="B5" CovItemPrefix="amu.action.EditAddressAction.java" Implct="false" Intrnl_Id="1407">
<Cond/>
<LocList>
<Loc EndOffset="1357" SrcFileId="32" StartOffset="1254"/>
</LocList>
<StmntSeq Intrnl_Id="1408">
<LocList>
<Loc EndOffset="1343" SrcFileId="32" StartOffset="1272"/>
</LocList>
<BasicStmnt CovItemId="S14" CovItemPrefix="amu.action.EditAddressAction.java" Intrnl_Id="1409">
<LocList>
<Loc EndOffset="1343" SrcFileId="32" StartOffset="1272"/>
</LocList>
</BasicStmnt>
</StmntSeq>
</Branch>
<Branch CovItemId="B6" CovItemPrefix="amu.action.EditAddressAction.java" Implct="true" Intrnl_Id="1410">
<Cond/>
<LocList/>
<StmntSeq Intrnl_Id="1411">
<LocList/>
</StmntSeq>
</Branch>
<Keyword EndOffset="1226" SrcFileId="32" StartOffset="1224"/>
<LocList>
<Loc EndOffset="1357" SrcFileId="32" StartOffset="1224"/>
</LocList>
<RootTerm CovItemId="C3" CovItemPrefix="amu.action.EditAddressAction.java" Intrnl_Id="1412">
<BasicBoolTerm Intrnl_Id="1413">
<LocList>
<Loc EndOffset="1252" SrcFileId="32" StartOffset="1228"/>
</LocList>
</BasicBoolTerm>
</RootTerm>
</CondStmnt>
<BasicStmnt CovItemId="S15" CovItemPrefix="amu.action.EditAddressAction.java" Intrnl_Id="1414">
<LocList>
<Loc EndOffset="1405" SrcFileId="32" StartOffset="1371"/>
</LocList>
</BasicStmnt>
</StmntSeq>
</Branch>
<Branch CovItemId="B4" CovItemPrefix="amu.action.EditAddressAction.java" Implct="true" Intrnl_Id="1415">
<Cond/>
<LocList/>
<StmntSeq Intrnl_Id="1416">
<LocList/>
</StmntSeq>
</Branch>
<Keyword EndOffset="976" SrcFileId="32" StartOffset="974"/>
<LocList>
<Loc EndOffset="1415" SrcFileId="32" StartOffset="974"/>
</LocList>
<RootTerm CovItemId="C2" CovItemPrefix="amu.action.EditAddressAction.java" Intrnl_Id="1417">
<BasicBoolTerm Intrnl_Id="1418">
<LocList>
<Loc EndOffset="1012" SrcFileId="32" StartOffset="978"/>
</LocList>
</BasicBoolTerm>
</RootTerm>
</CondStmnt>
<BasicStmnt CovItemId="S16" CovItemPrefix="amu.action.EditAddressAction.java" Intrnl_Id="1419">
<LocList>
<Loc EndOffset="1514" SrcFileId="32" StartOffset="1473"/>
</LocList>
</BasicStmnt>
<BasicStmnt CovItemId="S17" CovItemPrefix="amu.action.EditAddressAction.java" Intrnl_Id="1420">
<LocList>
<Loc EndOffset="1592" SrcFileId="32" StartOffset="1523"/>
</LocList>
</BasicStmnt>
</StmntSeq>
</HierarchyLvl>
</HierarchyLvl>
<HierarchyLvl HierarchyLvlId="2033" HierarchyLvlTypeId="53" Intrnl_Id="1421" Name="DeleteCreditCardAction">
<Header>
<Loc EndOffset="342" SrcFileId="33" StartOffset="296"/>
</Header>
<LocList>
<Loc EndOffset="1629" SrcFileId="33" StartOffset="296"/>
</LocList>
<HierarchyLvl HierarchyLvlId="2032" HierarchyLvlTypeId="54" Intrnl_Id="1422" Name="execute">
<Header>
<Loc EndOffset="451" SrcFileId="33" StartOffset="350"/>
</Header>
<LocList>
<Loc EndOffset="1622" SrcFileId="33" StartOffset="350"/>
</LocList>
<StmntSeq Intrnl_Id="1423">
<LocList>
<Loc EndOffset="509" SrcFileId="33" StartOffset="462"/>
<Loc EndOffset="582" SrcFileId="33" StartOffset="518"/>
<Loc EndOffset="835" SrcFileId="33" StartOffset="592"/>
<Loc EndOffset="895" SrcFileId="33" StartOffset="845"/>
<Loc EndOffset="1341" SrcFileId="33" StartOffset="936"/>
<Loc EndOffset="1477" SrcFileId="33" StartOffset="1399"/>
<Loc EndOffset="1533" SrcFileId="33" StartOffset="1486"/>
<Loc EndOffset="1616" SrcFileId="33" StartOffset="1542"/>
</LocList>
<BasicStmnt CovItemId="S1" CovItemPrefix="amu.action.DeleteCreditCardAction.java" Intrnl_Id="1424">
<LocList>
<Loc EndOffset="509" SrcFileId="33" StartOffset="462"/>
</LocList>
</BasicStmnt>
<BasicStmnt CovItemId="S2" CovItemPrefix="amu.action.DeleteCreditCardAction.java" Intrnl_Id="1425">
<LocList>
<Loc EndOffset="582" SrcFileId="33" StartOffset="518"/>
</LocList>
</BasicStmnt>
<CondStmnt CovItemId="S3" CovItemPrefix="amu.action.DeleteCreditCardAction.java" Intrnl_Id="1426">
<Branch CovItemId="B1" CovItemPrefix="amu.action.DeleteCreditCardAction.java" Implct="false" Intrnl_Id="1427">
<Cond/>
<LocList>
<Loc EndOffset="835" SrcFileId="33" StartOffset="614"/>
</LocList>
<StmntSeq Intrnl_Id="1428">
<LocList>
<Loc EndOffset="725" SrcFileId="33" StartOffset="628"/>
<Loc EndOffset="790" SrcFileId="33" StartOffset="738"/>
<Loc EndOffset="825" SrcFileId="33" StartOffset="803"/>
</LocList>
<BasicStmnt CovItemId="S4" CovItemPrefix="amu.action.DeleteCreditCardAction.java" Intrnl_Id="1429">
<LocList>
<Loc EndOffset="725" SrcFileId="33" StartOffset="628"/>
</LocList>
</BasicStmnt>
<BasicStmnt CovItemId="S5" CovItemPrefix="amu.action.DeleteCreditCardAction.java" Intrnl_Id="1430">
<LocList>
<Loc EndOffset="790" SrcFileId="33" StartOffset="738"/>
</LocList>
</BasicStmnt>
<BasicStmnt CovItemId="S6" CovItemPrefix="amu.action.DeleteCreditCardAction.java" Intrnl_Id="1431">
<LocList>
<Loc EndOffset="825" SrcFileId="33" StartOffset="803"/>
</LocList>
</BasicStmnt>
</StmntSeq>
</Branch>
<Branch CovItemId="B2" CovItemPrefix="amu.action.DeleteCreditCardAction.java" Implct="true" Intrnl_Id="1432">
<Cond/>
<LocList/>
<StmntSeq Intrnl_Id="1433">
<LocList/>
</StmntSeq>
</Branch>
<Keyword EndOffset="594" SrcFileId="33" StartOffset="592"/>
<LocList>
<Loc EndOffset="835" SrcFileId="33" StartOffset="592"/>
</LocList>
<RootTerm CovItemId="C1" CovItemPrefix="amu.action.DeleteCreditCardAction.java" Intrnl_Id="1434">
<BasicBoolTerm Intrnl_Id="1435">
<LocList>
<Loc EndOffset="612" SrcFileId="33" StartOffset="596"/>
</LocList>
</BasicBoolTerm>
</RootTerm>
</CondStmnt>
<BasicStmnt CovItemId="S7" CovItemPrefix="amu.action.DeleteCreditCardAction.java" Intrnl_Id="1436">
<LocList>
<Loc EndOffset="895" SrcFileId="33" StartOffset="845"/>
</LocList>
</BasicStmnt>
<CondStmnt CovItemId="S8" CovItemPrefix="amu.action.DeleteCreditCardAction.java" Intrnl_Id="1437">
<Branch CovItemId="B3" CovItemPrefix="amu.action.DeleteCreditCardAction.java" Implct="false" Intrnl_Id="1438">
<Cond/>
<LocList>
<Loc EndOffset="1341" SrcFileId="33" StartOffset="976"/>
</LocList>
<StmntSeq Intrnl_Id="1439">
<LocList>
<Loc EndOffset="1038" SrcFileId="33" StartOffset="990"/>
<Loc EndOffset="1094" SrcFileId="33" StartOffset="1051"/>
<Loc EndOffset="1283" SrcFileId="33" StartOffset="1108"/>
<Loc EndOffset="1331" SrcFileId="33" StartOffset="1297"/>
</LocList>
<BasicStmnt CovItemId="S9" CovItemPrefix="amu.action.DeleteCreditCardAction.java" Intrnl_Id="1440">
<LocList>
<Loc EndOffset="1038" SrcFileId="33" StartOffset="990"/>
</LocList>
</BasicStmnt>
<BasicStmnt CovItemId="S10" CovItemPrefix="amu.action.DeleteCreditCardAction.java" Intrnl_Id="1441">
<LocList>
<Loc EndOffset="1094" SrcFileId="33" StartOffset="1051"/>
</LocList>
</BasicStmnt>
<CondStmnt CovItemId="S11" CovItemPrefix="amu.action.DeleteCreditCardAction.java" Intrnl_Id="1442">
<Branch CovItemId="B5" CovItemPrefix="amu.action.DeleteCreditCardAction.java" Implct="false" Intrnl_Id="1443">
<Cond/>
<LocList>
<Loc EndOffset="1283" SrcFileId="33" StartOffset="1180"/>
</LocList>
<StmntSeq Intrnl_Id="1444">
<LocList>
<Loc EndOffset="1269" SrcFileId="33" StartOffset="1198"/>
</LocList>
<BasicStmnt CovItemId="S12" CovItemPrefix="amu.action.DeleteCreditCardAction.java" Intrnl_Id="1445">
<LocList>
<Loc EndOffset="1269" SrcFileId="33" StartOffset="1198"/>
</LocList>
</BasicStmnt>
</StmntSeq>
</Branch>
<Branch CovItemId="B6" CovItemPrefix="amu.action.DeleteCreditCardAction.java" Implct="true" Intrnl_Id="1446">
<Cond/>
<LocList/>
<StmntSeq Intrnl_Id="1447">
<LocList/>
</StmntSeq>
</Branch>
<Keyword EndOffset="1110" SrcFileId="33" StartOffset="1108"/>
<LocList>
<Loc EndOffset="1283" SrcFileId="33" StartOffset="1108"/>
</LocList>
<RootTerm CovItemId="C3" CovItemPrefix="amu.action.DeleteCreditCardAction.java" Intrnl_Id="1448">
<BasicBoolTerm Intrnl_Id="1449">
<LocList>
<Loc EndOffset="1178" SrcFileId="33" StartOffset="1112"/>
</LocList>
</BasicBoolTerm>
</RootTerm>
</CondStmnt>
<BasicStmnt CovItemId="S13" CovItemPrefix="amu.action.DeleteCreditCardAction.java" Intrnl_Id="1450">
<LocList>
<Loc EndOffset="1331" SrcFileId="33" StartOffset="1297"/>
</LocList>
</BasicStmnt>
</StmntSeq>
</Branch>
<Branch CovItemId="B4" CovItemPrefix="amu.action.DeleteCreditCardAction.java" Implct="true" Intrnl_Id="1451">
<Cond/>
<LocList/>
<StmntSeq Intrnl_Id="1452">
<LocList/>
</StmntSeq>
</Branch>
<Keyword EndOffset="938" SrcFileId="33" StartOffset="936"/>
<LocList>
<Loc EndOffset="1341" SrcFileId="33" StartOffset="936"/>
</LocList>
<RootTerm CovItemId="C2" CovItemPrefix="amu.action.DeleteCreditCardAction.java" Intrnl_Id="1453">
<BasicBoolTerm Intrnl_Id="1454">
<LocList>
<Loc EndOffset="974" SrcFileId="33" StartOffset="940"/>
</LocList>
</BasicBoolTerm>
</RootTerm>
</CondStmnt>
<BasicStmnt CovItemId="S14" CovItemPrefix="amu.action.DeleteCreditCardAction.java" Intrnl_Id="1455">
<LocList>
<Loc EndOffset="1477" SrcFileId="33" StartOffset="1399"/>
</LocList>
</BasicStmnt>
<BasicStmnt CovItemId="S15" CovItemPrefix="amu.action.DeleteCreditCardAction.java" Intrnl_Id="1456">
<LocList>
<Loc EndOffset="1533" SrcFileId="33" StartOffset="1486"/>
</LocList>
</BasicStmnt>
<BasicStmnt CovItemId="S16" CovItemPrefix="amu.action.DeleteCreditCardAction.java" Intrnl_Id="1457">
<LocList>
<Loc EndOffset="1616" SrcFileId="33" StartOffset="1542"/>
</LocList>
</BasicStmnt>
</StmntSeq>
</HierarchyLvl>
</HierarchyLvl>
<HierarchyLvl HierarchyLvlId="2035" HierarchyLvlTypeId="53" Intrnl_Id="1458" Name="DeleteAddressAction">
<Header>
<Loc EndOffset="333" SrcFileId="34" StartOffset="290"/>
</Header>
<LocList>
<Loc EndOffset="1585" SrcFileId="34" StartOffset="290"/>
</LocList>
<HierarchyLvl HierarchyLvlId="2034" HierarchyLvlTypeId="54" Intrnl_Id="1459" Name="execute">
<Header>
<Loc EndOffset="442" SrcFileId="34" StartOffset="341"/>
</Header>
<LocList>
<Loc EndOffset="1583" SrcFileId="34" StartOffset="341"/>
</LocList>
<StmntSeq Intrnl_Id="1460">
<LocList>
<Loc EndOffset="500" SrcFileId="34" StartOffset="453"/>
<Loc EndOffset="573" SrcFileId="34" StartOffset="509"/>
<Loc EndOffset="827" SrcFileId="34" StartOffset="583"/>
<Loc EndOffset="878" SrcFileId="34" StartOffset="837"/>
<Loc EndOffset="1316" SrcFileId="34" StartOffset="913"/>
<Loc EndOffset="1446" SrcFileId="34" StartOffset="1374"/>
<Loc EndOffset="1497" SrcFileId="34" StartOffset="1456"/>
<Loc EndOffset="1577" SrcFileId="34" StartOffset="1506"/>
</LocList>
<BasicStmnt CovItemId="S1" CovItemPrefix="amu.action.DeleteAddressAction.java" Intrnl_Id="1461">
<LocList>
<Loc EndOffset="500" SrcFileId="34" StartOffset="453"/>
</LocList>
</BasicStmnt>
<BasicStmnt CovItemId="S2" CovItemPrefix="amu.action.DeleteAddressAction.java" Intrnl_Id="1462">
<LocList>
<Loc EndOffset="573" SrcFileId="34" StartOffset="509"/>
</LocList>
</BasicStmnt>
<CondStmnt CovItemId="S3" CovItemPrefix="amu.action.DeleteAddressAction.java" Intrnl_Id="1463">
<Branch CovItemId="B1" CovItemPrefix="amu.action.DeleteAddressAction.java" Implct="false" Intrnl_Id="1464">
<Cond/>
<LocList>
<Loc EndOffset="827" SrcFileId="34" StartOffset="605"/>
</LocList>
<StmntSeq Intrnl_Id="1465">
<LocList>
<Loc EndOffset="716" SrcFileId="34" StartOffset="619"/>
<Loc EndOffset="781" SrcFileId="34" StartOffset="729"/>
<Loc EndOffset="817" SrcFileId="34" StartOffset="795"/>
</LocList>
<BasicStmnt CovItemId="S4" CovItemPrefix="amu.action.DeleteAddressAction.java" Intrnl_Id="1466">
<LocList>
<Loc EndOffset="716" SrcFileId="34" StartOffset="619"/>
</LocList>
</BasicStmnt>
<BasicStmnt CovItemId="S5" CovItemPrefix="amu.action.DeleteAddressAction.java" Intrnl_Id="1467">
<LocList>
<Loc EndOffset="781" SrcFileId="34" StartOffset="729"/>
</LocList>
</BasicStmnt>
<BasicStmnt CovItemId="S6" CovItemPrefix="amu.action.DeleteAddressAction.java" Intrnl_Id="1468">
<LocList>
<Loc EndOffset="817" SrcFileId="34" StartOffset="795"/>
</LocList>
</BasicStmnt>
</StmntSeq>
</Branch>
<Branch CovItemId="B2" CovItemPrefix="amu.action.DeleteAddressAction.java" Implct="true" Intrnl_Id="1469">
<Cond/>
<LocList/>
<StmntSeq Intrnl_Id="1470">
<LocList/>
</StmntSeq>
</Branch>
<Keyword EndOffset="585" SrcFileId="34" StartOffset="583"/>
<LocList>
<Loc EndOffset="827" SrcFileId="34" StartOffset="583"/>
</LocList>
<RootTerm CovItemId="C1" CovItemPrefix="amu.action.DeleteAddressAction.java" Intrnl_Id="1471">
<BasicBoolTerm Intrnl_Id="1472">
<LocList>
<Loc EndOffset="603" SrcFileId="34" StartOffset="587"/>
</LocList>
</BasicBoolTerm>
</RootTerm>
</CondStmnt>
<BasicStmnt CovItemId="S7" CovItemPrefix="amu.action.DeleteAddressAction.java" Intrnl_Id="1473">
<LocList>
<Loc EndOffset="878" SrcFileId="34" StartOffset="837"/>
</LocList>
</BasicStmnt>
<CondStmnt CovItemId="S8" CovItemPrefix="amu.action.DeleteAddressAction.java" Intrnl_Id="1474">
<Branch CovItemId="B3" CovItemPrefix="amu.action.DeleteAddressAction.java" Implct="false" Intrnl_Id="1475">
<Cond/>
<LocList>
<Loc EndOffset="1316" SrcFileId="34" StartOffset="953"/>
</LocList>
<StmntSeq Intrnl_Id="1476">
<LocList>
<Loc EndOffset="1015" SrcFileId="34" StartOffset="967"/>
<Loc EndOffset="1071" SrcFileId="34" StartOffset="1028"/>
<Loc EndOffset="1257" SrcFileId="34" StartOffset="1085"/>
<Loc EndOffset="1305" SrcFileId="34" StartOffset="1271"/>
</LocList>
<BasicStmnt CovItemId="S9" CovItemPrefix="amu.action.DeleteAddressAction.java" Intrnl_Id="1477">
<LocList>
<Loc EndOffset="1015" SrcFileId="34" StartOffset="967"/>
</LocList>
</BasicStmnt>
<BasicStmnt CovItemId="S10" CovItemPrefix="amu.action.DeleteAddressAction.java" Intrnl_Id="1478">
<LocList>
<Loc EndOffset="1071" SrcFileId="34" StartOffset="1028"/>
</LocList>
</BasicStmnt>
<CondStmnt CovItemId="S11" CovItemPrefix="amu.action.DeleteAddressAction.java" Intrnl_Id="1479">
<Branch CovItemId="B5" CovItemPrefix="amu.action.DeleteAddressAction.java" Implct="false" Intrnl_Id="1480">
<Cond/>
<LocList>
<Loc EndOffset="1257" SrcFileId="34" StartOffset="1154"/>
</LocList>
<StmntSeq Intrnl_Id="1481">
<LocList>
<Loc EndOffset="1243" SrcFileId="34" StartOffset="1172"/>
</LocList>
<BasicStmnt CovItemId="S12" CovItemPrefix="amu.action.DeleteAddressAction.java" Intrnl_Id="1482">
<LocList>
<Loc EndOffset="1243" SrcFileId="34" StartOffset="1172"/>
</LocList>
</BasicStmnt>
</StmntSeq>
</Branch>
<Branch CovItemId="B6" CovItemPrefix="amu.action.DeleteAddressAction.java" Implct="true" Intrnl_Id="1483">
<Cond/>
<LocList/>
<StmntSeq Intrnl_Id="1484">
<LocList/>
</StmntSeq>
</Branch>
<Keyword EndOffset="1087" SrcFileId="34" StartOffset="1085"/>
<LocList>
<Loc EndOffset="1257" SrcFileId="34" StartOffset="1085"/>
</LocList>
<RootTerm CovItemId="C3" CovItemPrefix="amu.action.DeleteAddressAction.java" Intrnl_Id="1485">
<BasicBoolTerm Intrnl_Id="1486">
<LocList>
<Loc EndOffset="1152" SrcFileId="34" StartOffset="1089"/>
</LocList>
</BasicBoolTerm>
</RootTerm>
</CondStmnt>
<BasicStmnt CovItemId="S13" CovItemPrefix="amu.action.DeleteAddressAction.java" Intrnl_Id="1487">
<LocList>
<Loc EndOffset="1305" SrcFileId="34" StartOffset="1271"/>
</LocList>
</BasicStmnt>
</StmntSeq>
</Branch>
<Branch CovItemId="B4" CovItemPrefix="amu.action.DeleteAddressAction.java" Implct="true" Intrnl_Id="1488">
<Cond/>
<LocList/>
<StmntSeq Intrnl_Id="1489">
<LocList/>
</StmntSeq>
</Branch>
<Keyword EndOffset="915" SrcFileId="34" StartOffset="913"/>
<LocList>
<Loc EndOffset="1316" SrcFileId="34" StartOffset="913"/>
</LocList>
<RootTerm CovItemId="C2" CovItemPrefix="amu.action.DeleteAddressAction.java" Intrnl_Id="1490">
<BasicBoolTerm Intrnl_Id="1491">
<LocList>
<Loc EndOffset="951" SrcFileId="34" StartOffset="917"/>
</LocList>
</BasicBoolTerm>
</RootTerm>
</CondStmnt>
<BasicStmnt CovItemId="S14" CovItemPrefix="amu.action.DeleteAddressAction.java" Intrnl_Id="1492">
<LocList>
<Loc EndOffset="1446" SrcFileId="34" StartOffset="1374"/>
</LocList>
</BasicStmnt>
<BasicStmnt CovItemId="S15" CovItemPrefix="amu.action.DeleteAddressAction.java" Intrnl_Id="1493">
<LocList>
<Loc EndOffset="1497" SrcFileId="34" StartOffset="1456"/>
</LocList>
</BasicStmnt>
<BasicStmnt CovItemId="S16" CovItemPrefix="amu.action.DeleteAddressAction.java" Intrnl_Id="1494">
<LocList>
<Loc EndOffset="1577" SrcFileId="34" StartOffset="1506"/>
</LocList>
</BasicStmnt>
</StmntSeq>
</HierarchyLvl>
</HierarchyLvl>
<HierarchyLvl HierarchyLvlId="2037" HierarchyLvlTypeId="53" Intrnl_Id="1495" Name="CustomerSupportAction">
<Header>
<Loc EndOffset="245" SrcFileId="35" StartOffset="200"/>
</Header>
<LocList>
<Loc EndOffset="1333" SrcFileId="35" StartOffset="200"/>
</LocList>
<HierarchyLvl HierarchyLvlId="2036" HierarchyLvlTypeId="54" Intrnl_Id="1496" Name="execute">
<Header>
<Loc EndOffset="371" SrcFileId="35" StartOffset="253"/>
</Header>
<LocList>
<Loc EndOffset="1331" SrcFileId="35" StartOffset="253"/>
</LocList>
<StmntSeq Intrnl_Id="1497">
<LocList>
<Loc EndOffset="429" SrcFileId="35" StartOffset="382"/>
<Loc EndOffset="502" SrcFileId="35" StartOffset="438"/>
<Loc EndOffset="758" SrcFileId="35" StartOffset="512"/>
<Loc EndOffset="1241" SrcFileId="35" StartOffset="768"/>
<Loc EndOffset="1325" SrcFileId="35" StartOffset="1252"/>
</LocList>
<BasicStmnt CovItemId="S1" CovItemPrefix="amu.action.CustomerSupportAction.java" Intrnl_Id="1498">
<LocList>
<Loc EndOffset="429" SrcFileId="35" StartOffset="382"/>
</LocList>
</BasicStmnt>
<BasicStmnt CovItemId="S2" CovItemPrefix="amu.action.CustomerSupportAction.java" Intrnl_Id="1499">
<LocList>
<Loc EndOffset="502" SrcFileId="35" StartOffset="438"/>
</LocList>
</BasicStmnt>
<CondStmnt CovItemId="S3" CovItemPrefix="amu.action.CustomerSupportAction.java" Intrnl_Id="1500">
<Branch CovItemId="B1" CovItemPrefix="amu.action.CustomerSupportAction.java" Implct="false" Intrnl_Id="1501">
<Cond/>
<LocList>
<Loc EndOffset="758" SrcFileId="35" StartOffset="534"/>
</LocList>
<StmntSeq Intrnl_Id="1502">
<LocList>
<Loc EndOffset="645" SrcFileId="35" StartOffset="548"/>
<Loc EndOffset="713" SrcFileId="35" StartOffset="658"/>
<Loc EndOffset="748" SrcFileId="35" StartOffset="726"/>
</LocList>
<BasicStmnt CovItemId="S4" CovItemPrefix="amu.action.CustomerSupportAction.java" Intrnl_Id="1503">
<LocList>
<Loc EndOffset="645" SrcFileId="35" StartOffset="548"/>
</LocList>
</BasicStmnt>
<BasicStmnt CovItemId="S5" CovItemPrefix="amu.action.CustomerSupportAction.java" Intrnl_Id="1504">
<LocList>
<Loc EndOffset="713" SrcFileId="35" StartOffset="658"/>
</LocList>
</BasicStmnt>
<BasicStmnt CovItemId="S6" CovItemPrefix="amu.action.CustomerSupportAction.java" Intrnl_Id="1505">
<LocList>
<Loc EndOffset="748" SrcFileId="35" StartOffset="726"/>
</LocList>
</BasicStmnt>
</StmntSeq>
</Branch>
<Branch CovItemId="B2" CovItemPrefix="amu.action.CustomerSupportAction.java" Implct="true" Intrnl_Id="1506">
<Cond/>
<LocList/>
<StmntSeq Intrnl_Id="1507">
<LocList/>
</StmntSeq>
</Branch>
<Keyword EndOffset="514" SrcFileId="35" StartOffset="512"/>
<LocList>
<Loc EndOffset="758" SrcFileId="35" StartOffset="512"/>
</LocList>
<RootTerm CovItemId="C1" CovItemPrefix="amu.action.CustomerSupportAction.java" Intrnl_Id="1508">
<BasicBoolTerm Intrnl_Id="1509">
<LocList>
<Loc EndOffset="532" SrcFileId="35" StartOffset="516"/>
</LocList>
</BasicBoolTerm>
</RootTerm>
</CondStmnt>
<CondStmnt CovItemId="S7" CovItemPrefix="amu.action.CustomerSupportAction.java" Intrnl_Id="1510">
<Branch CovItemId="B3" CovItemPrefix="amu.action.CustomerSupportAction.java" Implct="false" Intrnl_Id="1511">
<Cond/>
<LocList>
<Loc EndOffset="1241" SrcFileId="35" StartOffset="808"/>
</LocList>
<StmntSeq Intrnl_Id="1512">
<LocList>
<Loc EndOffset="1088" SrcFileId="35" StartOffset="822"/>
<Loc EndOffset="1231" SrcFileId="35" StartOffset="1147"/>
</LocList>
<BasicStmnt CovItemId="S8" CovItemPrefix="amu.action.CustomerSupportAction.java" Intrnl_Id="1513">
<LocList>
<Loc EndOffset="1088" SrcFileId="35" StartOffset="822"/>
</LocList>
</BasicStmnt>
<BasicStmnt CovItemId="S9" CovItemPrefix="amu.action.CustomerSupportAction.java" Intrnl_Id="1514">
<LocList>
<Loc EndOffset="1231" SrcFileId="35" StartOffset="1147"/>
</LocList>
</BasicStmnt>
</StmntSeq>
</Branch>
<Branch CovItemId="B4" CovItemPrefix="amu.action.CustomerSupportAction.java" Implct="true" Intrnl_Id="1515">
<Cond/>
<LocList/>
<StmntSeq Intrnl_Id="1516">
<LocList/>
</StmntSeq>
</Branch>
<Keyword EndOffset="770" SrcFileId="35" StartOffset="768"/>
<LocList>
<Loc EndOffset="1241" SrcFileId="35" StartOffset="768"/>
</LocList>
<RootTerm CovItemId="C2" CovItemPrefix="amu.action.CustomerSupportAction.java" Intrnl_Id="1517">
<BasicBoolTerm Intrnl_Id="1518">
<LocList>
<Loc EndOffset="806" SrcFileId="35" StartOffset="772"/>
</LocList>
</BasicBoolTerm>
</RootTerm>
</CondStmnt>
<BasicStmnt CovItemId="S10" CovItemPrefix="amu.action.CustomerSupportAction.java" Intrnl_Id="1519">
<LocList>
<Loc EndOffset="1325" SrcFileId="35" StartOffset="1252"/>
</LocList>
</BasicStmnt>
</StmntSeq>
</HierarchyLvl>
</HierarchyLvl>
<HierarchyLvl HierarchyLvlId="2039" HierarchyLvlTypeId="53" Intrnl_Id="1520" Name="ChangePasswordAction">
<Header>
<Loc EndOffset="309" SrcFileId="36" StartOffset="265"/>
</Header>
<LocList>
<Loc EndOffset="2083" SrcFileId="36" StartOffset="265"/>
</LocList>
<HierarchyLvl HierarchyLvlId="2038" HierarchyLvlTypeId="54" Intrnl_Id="1521" Name="execute">
<Header>
<Loc EndOffset="418" SrcFileId="36" StartOffset="317"/>
</Header>
<LocList>
<Loc EndOffset="2081" SrcFileId="36" StartOffset="317"/>
</LocList>
<StmntSeq Intrnl_Id="1522">
<LocList>
<Loc EndOffset="476" SrcFileId="36" StartOffset="429"/>
<Loc EndOffset="549" SrcFileId="36" StartOffset="485"/>
<Loc EndOffset="804" SrcFileId="36" StartOffset="559"/>
<Loc EndOffset="1936" SrcFileId="36" StartOffset="814"/>
<Loc EndOffset="2075" SrcFileId="36" StartOffset="2003"/>
</LocList>
<BasicStmnt CovItemId="S1" CovItemPrefix="amu.action.ChangePasswordAction.java" Intrnl_Id="1523">
<LocList>
<Loc EndOffset="476" SrcFileId="36" StartOffset="429"/>
</LocList>
</BasicStmnt>
<BasicStmnt CovItemId="S2" CovItemPrefix="amu.action.ChangePasswordAction.java" Intrnl_Id="1524">
<LocList>
<Loc EndOffset="549" SrcFileId="36" StartOffset="485"/>
</LocList>
</BasicStmnt>
<CondStmnt CovItemId="S3" CovItemPrefix="amu.action.ChangePasswordAction.java" Intrnl_Id="1525">
<Branch CovItemId="B1" CovItemPrefix="amu.action.ChangePasswordAction.java" Implct="false" Intrnl_Id="1526">
<Cond/>
<LocList>
<Loc EndOffset="804" SrcFileId="36" StartOffset="581"/>
</LocList>
<StmntSeq Intrnl_Id="1527">
<LocList>
<Loc EndOffset="692" SrcFileId="36" StartOffset="595"/>
<Loc EndOffset="759" SrcFileId="36" StartOffset="705"/>
<Loc EndOffset="794" SrcFileId="36" StartOffset="772"/>
</LocList>
<BasicStmnt CovItemId="S4" CovItemPrefix="amu.action.ChangePasswordAction.java" Intrnl_Id="1528">
<LocList>
<Loc EndOffset="692" SrcFileId="36" StartOffset="595"/>
</LocList>
</BasicStmnt>
<BasicStmnt CovItemId="S5" CovItemPrefix="amu.action.ChangePasswordAction.java" Intrnl_Id="1529">
<LocList>
<Loc EndOffset="759" SrcFileId="36" StartOffset="705"/>
</LocList>
</BasicStmnt>
<BasicStmnt CovItemId="S6" CovItemPrefix="amu.action.ChangePasswordAction.java" Intrnl_Id="1530">
<LocList>
<Loc EndOffset="794" SrcFileId="36" StartOffset="772"/>
</LocList>
</BasicStmnt>
</StmntSeq>
</Branch>
<Branch CovItemId="B2" CovItemPrefix="amu.action.ChangePasswordAction.java" Implct="true" Intrnl_Id="1531">
<Cond/>
<LocList/>
<StmntSeq Intrnl_Id="1532">
<LocList/>
</StmntSeq>
</Branch>
<Keyword EndOffset="561" SrcFileId="36" StartOffset="559"/>
<LocList>
<Loc EndOffset="804" SrcFileId="36" StartOffset="559"/>
</LocList>
<RootTerm CovItemId="C1" CovItemPrefix="amu.action.ChangePasswordAction.java" Intrnl_Id="1533">
<BasicBoolTerm Intrnl_Id="1534">
<LocList>
<Loc EndOffset="579" SrcFileId="36" StartOffset="563"/>
</LocList>
</BasicBoolTerm>
</RootTerm>
</CondStmnt>
<CondStmnt CovItemId="S7" CovItemPrefix="amu.action.ChangePasswordAction.java" Intrnl_Id="1535">
<Branch CovItemId="B3" CovItemPrefix="amu.action.ChangePasswordAction.java" Implct="false" Intrnl_Id="1536">
<Cond/>
<LocList>
<Loc EndOffset="1936" SrcFileId="36" StartOffset="854"/>
</LocList>
<StmntSeq Intrnl_Id="1537">
<LocList>
<Loc EndOffset="916" SrcFileId="36" StartOffset="868"/>
<Loc EndOffset="972" SrcFileId="36" StartOffset="929"/>
<Loc EndOffset="1045" SrcFileId="36" StartOffset="986"/>
<Loc EndOffset="1377" SrcFileId="36" StartOffset="1130"/>
<Loc EndOffset="1483" SrcFileId="36" StartOffset="1439"/>
<Loc EndOffset="1556" SrcFileId="36" StartOffset="1496"/>
<Loc EndOffset="1765" SrcFileId="36" StartOffset="1569"/>
<Loc EndOffset="1925" SrcFileId="36" StartOffset="1854"/>
</LocList>
<BasicStmnt CovItemId="S8" CovItemPrefix="amu.action.ChangePasswordAction.java" Intrnl_Id="1538">
<LocList>
<Loc EndOffset="916" SrcFileId="36" StartOffset="868"/>
</LocList>
</BasicStmnt>
<BasicStmnt CovItemId="S9" CovItemPrefix="amu.action.ChangePasswordAction.java" Intrnl_Id="1539">
<LocList>
<Loc EndOffset="972" SrcFileId="36" StartOffset="929"/>
</LocList>
</BasicStmnt>
<BasicStmnt CovItemId="S10" CovItemPrefix="amu.action.ChangePasswordAction.java" Intrnl_Id="1540">
<LocList>
<Loc EndOffset="1045" SrcFileId="36" StartOffset="986"/>
</LocList>
</BasicStmnt>
<CondStmnt CovItemId="S11" CovItemPrefix="amu.action.ChangePasswordAction.java" Intrnl_Id="1541">
<Branch CovItemId="B5" CovItemPrefix="amu.action.ChangePasswordAction.java" Implct="false" Intrnl_Id="1542">
<Cond/>
<LocList>
<Loc EndOffset="1377" SrcFileId="36" StartOffset="1176"/>
</LocList>
<StmntSeq Intrnl_Id="1543">
<LocList>
<Loc EndOffset="1274" SrcFileId="36" StartOffset="1194"/>
<Loc EndOffset="1363" SrcFileId="36" StartOffset="1291"/>
</LocList>
<BasicStmnt CovItemId="S12" CovItemPrefix="amu.action.ChangePasswordAction.java" Intrnl_Id="1544">
<LocList>
<Loc EndOffset="1274" SrcFileId="36" StartOffset="1194"/>
</LocList>
</BasicStmnt>
<BasicStmnt CovItemId="S13" CovItemPrefix="amu.action.ChangePasswordAction.java" Intrnl_Id="1545">
<LocList>
<Loc EndOffset="1363" SrcFileId="36" StartOffset="1291"/>
</LocList>
</BasicStmnt>
</StmntSeq>
</Branch>
<Branch CovItemId="B6" CovItemPrefix="amu.action.ChangePasswordAction.java" Implct="true" Intrnl_Id="1546">
<Cond/>
<LocList/>
<StmntSeq Intrnl_Id="1547">
<LocList/>
</StmntSeq>
</Branch>
<Keyword EndOffset="1132" SrcFileId="36" StartOffset="1130"/>
<LocList>
<Loc EndOffset="1377" SrcFileId="36" StartOffset="1130"/>
</LocList>
<RootTerm CovItemId="C3" CovItemPrefix="amu.action.ChangePasswordAction.java" Intrnl_Id="1548">
<BasicBoolTerm Intrnl_Id="1549">
<LocList>
<Loc EndOffset="1174" SrcFileId="36" StartOffset="1134"/>
</LocList>
</BasicBoolTerm>
</RootTerm>
</CondStmnt>
<BasicStmnt CovItemId="S14" CovItemPrefix="amu.action.ChangePasswordAction.java" Intrnl_Id="1550">
<LocList>
<Loc EndOffset="1483" SrcFileId="36" StartOffset="1439"/>
</LocList>
</BasicStmnt>
<BasicStmnt CovItemId="S15" CovItemPrefix="amu.action.ChangePasswordAction.java" Intrnl_Id="1551">
<LocList>
<Loc EndOffset="1556" SrcFileId="36" StartOffset="1496"/>
</LocList>
</BasicStmnt>
<CondStmnt CovItemId="S16" CovItemPrefix="amu.action.ChangePasswordAction.java" Intrnl_Id="1552">
<Branch CovItemId="B7" CovItemPrefix="amu.action.ChangePasswordAction.java" Implct="false" Intrnl_Id="1553">
<Cond/>
<LocList>
<Loc EndOffset="1765" SrcFileId="36" StartOffset="1610"/>
</LocList>
<StmntSeq Intrnl_Id="1554">
<LocList>
<Loc EndOffset="1662" SrcFileId="36" StartOffset="1628"/>
<Loc EndOffset="1751" SrcFileId="36" StartOffset="1679"/>
</LocList>
<BasicStmnt CovItemId="S17" CovItemPrefix="amu.action.ChangePasswordAction.java" Intrnl_Id="1555">
<LocList>
<Loc EndOffset="1662" SrcFileId="36" StartOffset="1628"/>
</LocList>
</BasicStmnt>
<BasicStmnt CovItemId="S18" CovItemPrefix="amu.action.ChangePasswordAction.java" Intrnl_Id="1556">
<LocList>
<Loc EndOffset="1751" SrcFileId="36" StartOffset="1679"/>
</LocList>
</BasicStmnt>
</StmntSeq>
</Branch>
<Branch CovItemId="B8" CovItemPrefix="amu.action.ChangePasswordAction.java" Implct="true" Intrnl_Id="1557">
<Cond/>
<LocList/>
<StmntSeq Intrnl_Id="1558">
<LocList/>
</StmntSeq>
</Branch>
<Keyword EndOffset="1571" SrcFileId="36" StartOffset="1569"/>
<LocList>
<Loc EndOffset="1765" SrcFileId="36" StartOffset="1569"/>
</LocList>
<RootTerm CovItemId="C4" CovItemPrefix="amu.action.ChangePasswordAction.java" Intrnl_Id="1559">
<BasicBoolTerm Intrnl_Id="1560">
<LocList>
<Loc EndOffset="1608" SrcFileId="36" StartOffset="1573"/>
</LocList>
</BasicBoolTerm>
</RootTerm>
</CondStmnt>
<BasicStmnt CovItemId="S19" CovItemPrefix="amu.action.ChangePasswordAction.java" Intrnl_Id="1561">
<LocList>
<Loc EndOffset="1925" SrcFileId="36" StartOffset="1854"/>
</LocList>
</BasicStmnt>
</StmntSeq>
</Branch>
<Branch CovItemId="B4" CovItemPrefix="amu.action.ChangePasswordAction.java" Implct="true" Intrnl_Id="1562">
<Cond/>
<LocList/>
<StmntSeq Intrnl_Id="1563">
<LocList/>
</StmntSeq>
</Branch>
<Keyword EndOffset="816" SrcFileId="36" StartOffset="814"/>
<LocList>
<Loc EndOffset="1936" SrcFileId="36" StartOffset="814"/>
</LocList>
<RootTerm CovItemId="C2" CovItemPrefix="amu.action.ChangePasswordAction.java" Intrnl_Id="1564">
<BasicBoolTerm Intrnl_Id="1565">
<LocList>
<Loc EndOffset="852" SrcFileId="36" StartOffset="818"/>
</LocList>
</BasicBoolTerm>
</RootTerm>
</CondStmnt>
<BasicStmnt CovItemId="S20" CovItemPrefix="amu.action.ChangePasswordAction.java" Intrnl_Id="1566">
<LocList>
<Loc EndOffset="2075" SrcFileId="36" StartOffset="2003"/>
</LocList>
</BasicStmnt>
</StmntSeq>
</HierarchyLvl>
</HierarchyLvl>
<HierarchyLvl HierarchyLvlId="2041" HierarchyLvlTypeId="53" Intrnl_Id="1567" Name="ChangeNameAction">
<Header>
<Loc EndOffset="302" SrcFileId="37" StartOffset="262"/>
</Header>
<LocList>
<Loc EndOffset="1603" SrcFileId="37" StartOffset="262"/>
</LocList>
<HierarchyLvl HierarchyLvlId="2040" HierarchyLvlTypeId="54" Intrnl_Id="1568" Name="execute">
<Header>
<Loc EndOffset="411" SrcFileId="37" StartOffset="310"/>
</Header>
<LocList>
<Loc EndOffset="1601" SrcFileId="37" StartOffset="310"/>
</LocList>
<StmntSeq Intrnl_Id="1569">
<LocList>
<Loc EndOffset="469" SrcFileId="37" StartOffset="422"/>
<Loc EndOffset="542" SrcFileId="37" StartOffset="478"/>
<Loc EndOffset="793" SrcFileId="37" StartOffset="552"/>
<Loc EndOffset="1468" SrcFileId="37" StartOffset="803"/>
<Loc EndOffset="1595" SrcFileId="37" StartOffset="1527"/>
</LocList>
<BasicStmnt CovItemId="S1" CovItemPrefix="amu.action.ChangeNameAction.java" Intrnl_Id="1570">
<LocList>
<Loc EndOffset="469" SrcFileId="37" StartOffset="422"/>
</LocList>
</BasicStmnt>
<BasicStmnt CovItemId="S2" CovItemPrefix="amu.action.ChangeNameAction.java" Intrnl_Id="1571">
<LocList>
<Loc EndOffset="542" SrcFileId="37" StartOffset="478"/>
</LocList>
</BasicStmnt>
<CondStmnt CovItemId="S3" CovItemPrefix="amu.action.ChangeNameAction.java" Intrnl_Id="1572">
<Branch CovItemId="B1" CovItemPrefix="amu.action.ChangeNameAction.java" Implct="false" Intrnl_Id="1573">
<Cond/>
<LocList>
<Loc EndOffset="793" SrcFileId="37" StartOffset="574"/>
</LocList>
<StmntSeq Intrnl_Id="1574">
<LocList>
<Loc EndOffset="685" SrcFileId="37" StartOffset="588"/>
<Loc EndOffset="748" SrcFileId="37" StartOffset="698"/>
<Loc EndOffset="783" SrcFileId="37" StartOffset="761"/>
</LocList>
<BasicStmnt CovItemId="S4" CovItemPrefix="amu.action.ChangeNameAction.java" Intrnl_Id="1575">
<LocList>
<Loc EndOffset="685" SrcFileId="37" StartOffset="588"/>
</LocList>
</BasicStmnt>
<BasicStmnt CovItemId="S5" CovItemPrefix="amu.action.ChangeNameAction.java" Intrnl_Id="1576">
<LocList>
<Loc EndOffset="748" SrcFileId="37" StartOffset="698"/>
</LocList>
</BasicStmnt>
<BasicStmnt CovItemId="S6" CovItemPrefix="amu.action.ChangeNameAction.java" Intrnl_Id="1577">
<LocList>
<Loc EndOffset="783" SrcFileId="37" StartOffset="761"/>
</LocList>
</BasicStmnt>
</StmntSeq>
</Branch>
<Branch CovItemId="B2" CovItemPrefix="amu.action.ChangeNameAction.java" Implct="true" Intrnl_Id="1578">
<Cond/>
<LocList/>
<StmntSeq Intrnl_Id="1579">
<LocList/>
</StmntSeq>
</Branch>
<Keyword EndOffset="554" SrcFileId="37" StartOffset="552"/>
<LocList>
<Loc EndOffset="793" SrcFileId="37" StartOffset="552"/>
</LocList>
<RootTerm CovItemId="C1" CovItemPrefix="amu.action.ChangeNameAction.java" Intrnl_Id="1580">
<BasicBoolTerm Intrnl_Id="1581">
<LocList>
<Loc EndOffset="572" SrcFileId="37" StartOffset="556"/>
</LocList>
</BasicBoolTerm>
</RootTerm>
</CondStmnt>
<CondStmnt CovItemId="S7" CovItemPrefix="amu.action.ChangeNameAction.java" Intrnl_Id="1582">
<Branch CovItemId="B3" CovItemPrefix="amu.action.ChangeNameAction.java" Implct="false" Intrnl_Id="1583">
<Cond/>
<LocList>
<Loc EndOffset="1468" SrcFileId="37" StartOffset="843"/>
</LocList>
<StmntSeq Intrnl_Id="1584">
<LocList>
<Loc EndOffset="919" SrcFileId="37" StartOffset="858"/>
<Loc EndOffset="975" SrcFileId="37" StartOffset="932"/>
<Loc EndOffset="1036" SrcFileId="37" StartOffset="989"/>
<Loc EndOffset="1094" SrcFileId="37" StartOffset="1050"/>
<Loc EndOffset="1458" SrcFileId="37" StartOffset="1107"/>
</LocList>
<BasicStmnt CovItemId="S8" CovItemPrefix="amu.action.ChangeNameAction.java" Intrnl_Id="1585">
<LocList>
<Loc EndOffset="919" SrcFileId="37" StartOffset="858"/>
</LocList>
</BasicStmnt>
<BasicStmnt CovItemId="S9" CovItemPrefix="amu.action.ChangeNameAction.java" Intrnl_Id="1586">
<LocList>
<Loc EndOffset="975" SrcFileId="37" StartOffset="932"/>
</LocList>
</BasicStmnt>
<BasicStmnt CovItemId="S10" CovItemPrefix="amu.action.ChangeNameAction.java" Intrnl_Id="1587">
<LocList>
<Loc EndOffset="1036" SrcFileId="37" StartOffset="989"/>
</LocList>
</BasicStmnt>
<BasicStmnt CovItemId="S11" CovItemPrefix="amu.action.ChangeNameAction.java" Intrnl_Id="1588">
<LocList>
<Loc EndOffset="1094" SrcFileId="37" StartOffset="1050"/>
</LocList>
</BasicStmnt>
<CondStmnt CovItemId="S12" CovItemPrefix="amu.action.ChangeNameAction.java" Intrnl_Id="1589">
<Branch CovItemId="B5" CovItemPrefix="amu.action.ChangeNameAction.java" Implct="false" Intrnl_Id="1590">
<Cond/>
<LocList>
<Loc EndOffset="1284" SrcFileId="37" StartOffset="1139"/>
</LocList>
<StmntSeq Intrnl_Id="1591">
<LocList>
<Loc EndOffset="1270" SrcFileId="37" StartOffset="1199"/>
</LocList>
<BasicStmnt CovItemId="S13" CovItemPrefix="amu.action.ChangeNameAction.java" Intrnl_Id="1592">
<LocList>
<Loc EndOffset="1270" SrcFileId="37" StartOffset="1199"/>
</LocList>
</BasicStmnt>
</StmntSeq>
</Branch>
<Branch CovItemId="B6" CovItemPrefix="amu.action.ChangeNameAction.java" Implct="false" Intrnl_Id="1593">
<Cond>
<Loc EndOffset="1289" SrcFileId="37" StartOffset="1285"/>
</Cond>
<LocList>
<Loc EndOffset="1458" SrcFileId="37" StartOffset="1290"/>
</LocList>
<StmntSeq Intrnl_Id="1594">
<LocList>
<Loc EndOffset="1359" SrcFileId="37" StartOffset="1308"/>
<Loc EndOffset="1444" SrcFileId="37" StartOffset="1376"/>
</LocList>
<BasicStmnt CovItemId="S14" CovItemPrefix="amu.action.ChangeNameAction.java" Intrnl_Id="1595">
<LocList>
<Loc EndOffset="1359" SrcFileId="37" StartOffset="1308"/>
</LocList>
</BasicStmnt>
<BasicStmnt CovItemId="S15" CovItemPrefix="amu.action.ChangeNameAction.java" Intrnl_Id="1596">
<LocList>
<Loc EndOffset="1444" SrcFileId="37" StartOffset="1376"/>
</LocList>
</BasicStmnt>
</StmntSeq>
</Branch>
<Keyword EndOffset="1109" SrcFileId="37" StartOffset="1107"/>
<LocList>
<Loc EndOffset="1458" SrcFileId="37" StartOffset="1107"/>
</LocList>
<RootTerm CovItemId="C3" CovItemPrefix="amu.action.ChangeNameAction.java" Intrnl_Id="1597">
<BasicBoolTerm Intrnl_Id="1598">
<LocList>
<Loc EndOffset="1137" SrcFileId="37" StartOffset="1111"/>
</LocList>
</BasicBoolTerm>
</RootTerm>
</CondStmnt>
</StmntSeq>
</Branch>
<Branch CovItemId="B4" CovItemPrefix="amu.action.ChangeNameAction.java" Implct="true" Intrnl_Id="1599">
<Cond/>
<LocList/>
<StmntSeq Intrnl_Id="1600">
<LocList/>
</StmntSeq>
</Branch>
<Keyword EndOffset="805" SrcFileId="37" StartOffset="803"/>
<LocList>
<Loc EndOffset="1468" SrcFileId="37" StartOffset="803"/>
</LocList>
<RootTerm CovItemId="C2" CovItemPrefix="amu.action.ChangeNameAction.java" Intrnl_Id="1601">
<BasicBoolTerm Intrnl_Id="1602">
<LocList>
<Loc EndOffset="841" SrcFileId="37" StartOffset="807"/>
</LocList>
</BasicBoolTerm>
</RootTerm>
</CondStmnt>
<BasicStmnt CovItemId="S16" CovItemPrefix="amu.action.ChangeNameAction.java" Intrnl_Id="1603">
<LocList>
<Loc EndOffset="1595" SrcFileId="37" StartOffset="1527"/>
</LocList>
</BasicStmnt>
</StmntSeq>
</HierarchyLvl>
</HierarchyLvl>
<HierarchyLvl HierarchyLvlId="2043" HierarchyLvlTypeId="53" Intrnl_Id="1604" Name="ChangeEmailAction">
<Header>
<Loc EndOffset="354" SrcFileId="38" StartOffset="313"/>
</Header>
<LocList>
<Loc EndOffset="2315" SrcFileId="38" StartOffset="313"/>
</LocList>
<HierarchyLvl HierarchyLvlId="2042" HierarchyLvlTypeId="54" Intrnl_Id="1605" Name="execute">
<Header>
<Loc EndOffset="463" SrcFileId="38" StartOffset="362"/>
</Header>
<LocList>
<Loc EndOffset="2313" SrcFileId="38" StartOffset="362"/>
</LocList>
<StmntSeq Intrnl_Id="1606">
<LocList>
<Loc EndOffset="521" SrcFileId="38" StartOffset="474"/>
<Loc EndOffset="594" SrcFileId="38" StartOffset="530"/>
<Loc EndOffset="846" SrcFileId="38" StartOffset="604"/>
<Loc EndOffset="2171" SrcFileId="38" StartOffset="856"/>
<Loc EndOffset="2307" SrcFileId="38" StartOffset="2238"/>
</LocList>
<BasicStmnt CovItemId="S1" CovItemPrefix="amu.action.ChangeEmailAction.java" Intrnl_Id="1607">
<LocList>
<Loc EndOffset="521" SrcFileId="38" StartOffset="474"/>
</LocList>
</BasicStmnt>
<BasicStmnt CovItemId="S2" CovItemPrefix="amu.action.ChangeEmailAction.java" Intrnl_Id="1608">
<LocList>
<Loc EndOffset="594" SrcFileId="38" StartOffset="530"/>
</LocList>
</BasicStmnt>
<CondStmnt CovItemId="S3" CovItemPrefix="amu.action.ChangeEmailAction.java" Intrnl_Id="1609">
<Branch CovItemId="B1" CovItemPrefix="amu.action.ChangeEmailAction.java" Implct="false" Intrnl_Id="1610">
<Cond/>
<LocList>
<Loc EndOffset="846" SrcFileId="38" StartOffset="626"/>
</LocList>
<StmntSeq Intrnl_Id="1611">
<LocList>
<Loc EndOffset="737" SrcFileId="38" StartOffset="640"/>
<Loc EndOffset="801" SrcFileId="38" StartOffset="750"/>
<Loc EndOffset="836" SrcFileId="38" StartOffset="814"/>
</LocList>
<BasicStmnt CovItemId="S4" CovItemPrefix="amu.action.ChangeEmailAction.java" Intrnl_Id="1612">
<LocList>
<Loc EndOffset="737" SrcFileId="38" StartOffset="640"/>
</LocList>
</BasicStmnt>
<BasicStmnt CovItemId="S5" CovItemPrefix="amu.action.ChangeEmailAction.java" Intrnl_Id="1613">
<LocList>
<Loc EndOffset="801" SrcFileId="38" StartOffset="750"/>
</LocList>
</BasicStmnt>
<BasicStmnt CovItemId="S6" CovItemPrefix="amu.action.ChangeEmailAction.java" Intrnl_Id="1614">
<LocList>
<Loc EndOffset="836" SrcFileId="38" StartOffset="814"/>
</LocList>
</BasicStmnt>
</StmntSeq>
</Branch>
<Branch CovItemId="B2" CovItemPrefix="amu.action.ChangeEmailAction.java" Implct="true" Intrnl_Id="1615">
<Cond/>
<LocList/>
<StmntSeq Intrnl_Id="1616">
<LocList/>
</StmntSeq>
</Branch>
<Keyword EndOffset="606" SrcFileId="38" StartOffset="604"/>
<LocList>
<Loc EndOffset="846" SrcFileId="38" StartOffset="604"/>
</LocList>
<RootTerm CovItemId="C1" CovItemPrefix="amu.action.ChangeEmailAction.java" Intrnl_Id="1617">
<BasicBoolTerm Intrnl_Id="1618">
<LocList>
<Loc EndOffset="624" SrcFileId="38" StartOffset="608"/>
</LocList>
</BasicBoolTerm>
</RootTerm>
</CondStmnt>
<CondStmnt CovItemId="S7" CovItemPrefix="amu.action.ChangeEmailAction.java" Intrnl_Id="1619">
<Branch CovItemId="B3" CovItemPrefix="amu.action.ChangeEmailAction.java" Implct="false" Intrnl_Id="1620">
<Cond/>
<LocList>
<Loc EndOffset="2171" SrcFileId="38" StartOffset="896"/>
</LocList>
<StmntSeq Intrnl_Id="1621">
<LocList>
<Loc EndOffset="973" SrcFileId="38" StartOffset="910"/>
<Loc EndOffset="1025" SrcFileId="38" StartOffset="986"/>
<Loc EndOffset="1087" SrcFileId="38" StartOffset="1039"/>
<Loc EndOffset="1143" SrcFileId="38" StartOffset="1100"/>
<Loc EndOffset="1210" SrcFileId="38" StartOffset="1157"/>
<Loc EndOffset="1250" SrcFileId="38" StartOffset="1223"/>
<Loc EndOffset="1585" SrcFileId="38" StartOffset="1335"/>
<Loc EndOffset="1691" SrcFileId="38" StartOffset="1647"/>
<Loc EndOffset="1732" SrcFileId="38" StartOffset="1704"/>
<Loc EndOffset="2000" SrcFileId="38" StartOffset="1745"/>
<Loc EndOffset="2160" SrcFileId="38" StartOffset="2089"/>
</LocList>
<BasicStmnt CovItemId="S8" CovItemPrefix="amu.action.ChangeEmailAction.java" Intrnl_Id="1622">
<LocList>
<Loc EndOffset="973" SrcFileId="38" StartOffset="910"/>
</LocList>
</BasicStmnt>
<BasicStmnt CovItemId="S9" CovItemPrefix="amu.action.ChangeEmailAction.java" Intrnl_Id="1623">
<LocList>
<Loc EndOffset="1025" SrcFileId="38" StartOffset="986"/>
</LocList>
</BasicStmnt>
<BasicStmnt CovItemId="S10" CovItemPrefix="amu.action.ChangeEmailAction.java" Intrnl_Id="1624">
<LocList>
<Loc EndOffset="1087" SrcFileId="38" StartOffset="1039"/>
</LocList>
</BasicStmnt>
<BasicStmnt CovItemId="S11" CovItemPrefix="amu.action.ChangeEmailAction.java" Intrnl_Id="1625">
<LocList>
<Loc EndOffset="1143" SrcFileId="38" StartOffset="1100"/>
</LocList>
</BasicStmnt>
<BasicStmnt CovItemId="S12" CovItemPrefix="amu.action.ChangeEmailAction.java" Intrnl_Id="1626">
<LocList>
<Loc EndOffset="1210" SrcFileId="38" StartOffset="1157"/>
</LocList>
</BasicStmnt>
<BasicStmnt CovItemId="S13" CovItemPrefix="amu.action.ChangeEmailAction.java" Intrnl_Id="1627">
<LocList>
<Loc EndOffset="1250" SrcFileId="38" StartOffset="1223"/>
</LocList>
</BasicStmnt>
<CondStmnt CovItemId="S14" CovItemPrefix="amu.action.ChangeEmailAction.java" Intrnl_Id="1628">
<Branch CovItemId="B5" CovItemPrefix="amu.action.ChangeEmailAction.java" Implct="false" Intrnl_Id="1629">
<Cond/>
<LocList>
<Loc EndOffset="1585" SrcFileId="38" StartOffset="1375"/>
</LocList>
<StmntSeq Intrnl_Id="1630">
<LocList>
<Loc EndOffset="1485" SrcFileId="38" StartOffset="1393"/>
<Loc EndOffset="1571" SrcFileId="38" StartOffset="1502"/>
</LocList>
<BasicStmnt CovItemId="S15" CovItemPrefix="amu.action.ChangeEmailAction.java" Intrnl_Id="1631">
<LocList>
<Loc EndOffset="1485" SrcFileId="38" StartOffset="1393"/>
</LocList>
</BasicStmnt>
<BasicStmnt CovItemId="S16" CovItemPrefix="amu.action.ChangeEmailAction.java" Intrnl_Id="1632">
<LocList>
<Loc EndOffset="1571" SrcFileId="38" StartOffset="1502"/>
</LocList>
</BasicStmnt>
</StmntSeq>
</Branch>
<Branch CovItemId="B6" CovItemPrefix="amu.action.ChangeEmailAction.java" Implct="true" Intrnl_Id="1633">
<Cond/>
<LocList/>
<StmntSeq Intrnl_Id="1634">
<LocList/>
</StmntSeq>
</Branch>
<Keyword EndOffset="1337" SrcFileId="38" StartOffset="1335"/>
<LocList>
<Loc EndOffset="1585" SrcFileId="38" StartOffset="1335"/>
</LocList>
<RootTerm CovItemId="C3" CovItemPrefix="amu.action.ChangeEmailAction.java" Intrnl_Id="1635">
<BasicBoolTerm Intrnl_Id="1636">
<LocList>
<Loc EndOffset="1373" SrcFileId="38" StartOffset="1339"/>
</LocList>
</BasicBoolTerm>
</RootTerm>
</CondStmnt>
<BasicStmnt CovItemId="S17" CovItemPrefix="amu.action.ChangeEmailAction.java" Intrnl_Id="1637">
<LocList>
<Loc EndOffset="1691" SrcFileId="38" StartOffset="1647"/>
</LocList>
</BasicStmnt>
<BasicStmnt CovItemId="S18" CovItemPrefix="amu.action.ChangeEmailAction.java" Intrnl_Id="1638">
<LocList>
<Loc EndOffset="1732" SrcFileId="38" StartOffset="1704"/>
</LocList>
</BasicStmnt>
<CondStmnt CovItemId="S19" CovItemPrefix="amu.action.ChangeEmailAction.java" Intrnl_Id="1639">
<Branch CovItemId="B7" CovItemPrefix="amu.action.ChangeEmailAction.java" Implct="false" Intrnl_Id="1640">
<Cond/>
<LocList>
<Loc EndOffset="2000" SrcFileId="38" StartOffset="1786"/>
</LocList>
<StmntSeq Intrnl_Id="1641">
<LocList>
<Loc EndOffset="1900" SrcFileId="38" StartOffset="1804"/>
<Loc EndOffset="1986" SrcFileId="38" StartOffset="1917"/>
</LocList>
<BasicStmnt CovItemId="S20" CovItemPrefix="amu.action.ChangeEmailAction.java" Intrnl_Id="1642">
<LocList>
<Loc EndOffset="1900" SrcFileId="38" StartOffset="1804"/>
</LocList>
</BasicStmnt>
<BasicStmnt CovItemId="S21" CovItemPrefix="amu.action.ChangeEmailAction.java" Intrnl_Id="1643">
<LocList>
<Loc EndOffset="1986" SrcFileId="38" StartOffset="1917"/>
</LocList>
</BasicStmnt>
</StmntSeq>
</Branch>
<Branch CovItemId="B8" CovItemPrefix="amu.action.ChangeEmailAction.java" Implct="true" Intrnl_Id="1644">
<Cond/>
<LocList/>
<StmntSeq Intrnl_Id="1645">
<LocList/>
</StmntSeq>
</Branch>
<Keyword EndOffset="1747" SrcFileId="38" StartOffset="1745"/>
<LocList>
<Loc EndOffset="2000" SrcFileId="38" StartOffset="1745"/>
</LocList>
<RootTerm CovItemId="C4" CovItemPrefix="amu.action.ChangeEmailAction.java" Intrnl_Id="1646">
<BasicBoolTerm Intrnl_Id="1647">
<LocList>
<Loc EndOffset="1784" SrcFileId="38" StartOffset="1749"/>
</LocList>
</BasicBoolTerm>
</RootTerm>
</CondStmnt>
<BasicStmnt CovItemId="S22" CovItemPrefix="amu.action.ChangeEmailAction.java" Intrnl_Id="1648">
<LocList>
<Loc EndOffset="2160" SrcFileId="38" StartOffset="2089"/>
</LocList>
</BasicStmnt>
</StmntSeq>
</Branch>
<Branch CovItemId="B4" CovItemPrefix="amu.action.ChangeEmailAction.java" Implct="true" Intrnl_Id="1649">
<Cond/>
<LocList/>
<StmntSeq Intrnl_Id="1650">
<LocList/>
</StmntSeq>
</Branch>
<Keyword EndOffset="858" SrcFileId="38" StartOffset="856"/>
<LocList>
<Loc EndOffset="2171" SrcFileId="38" StartOffset="856"/>
</LocList>
<RootTerm CovItemId="C2" CovItemPrefix="amu.action.ChangeEmailAction.java" Intrnl_Id="1651">
<BasicBoolTerm Intrnl_Id="1652">
<LocList>
<Loc EndOffset="894" SrcFileId="38" StartOffset="860"/>
</LocList>
</BasicBoolTerm>
</RootTerm>
</CondStmnt>
<BasicStmnt CovItemId="S23" CovItemPrefix="amu.action.ChangeEmailAction.java" Intrnl_Id="1653">
<LocList>
<Loc EndOffset="2307" SrcFileId="38" StartOffset="2238"/>
</LocList>
</BasicStmnt>
</StmntSeq>
</HierarchyLvl>
</HierarchyLvl>
<HierarchyLvl HierarchyLvlId="2045" HierarchyLvlTypeId="53" Intrnl_Id="1654" Name="AddToCartAction">
<Header>
<Loc EndOffset="295" SrcFileId="39" StartOffset="256"/>
</Header>
<LocList>
<Loc EndOffset="1118" SrcFileId="39" StartOffset="256"/>
</LocList>
<HierarchyLvl HierarchyLvlId="2044" HierarchyLvlTypeId="54" Intrnl_Id="1655" Name="execute">
<Header>
<Loc EndOffset="421" SrcFileId="39" StartOffset="303"/>
</Header>
<LocList>
<Loc EndOffset="1111" SrcFileId="39" StartOffset="303"/>
</LocList>
<StmntSeq Intrnl_Id="1656">
<LocList>
<Loc EndOffset="475" SrcFileId="39" StartOffset="432"/>
<Loc EndOffset="541" SrcFileId="39" StartOffset="493"/>
<Loc EndOffset="675" SrcFileId="39" StartOffset="559"/>
<Loc EndOffset="1028" SrcFileId="39" StartOffset="693"/>
<Loc EndOffset="1105" SrcFileId="39" StartOffset="1038"/>
</LocList>
<BasicStmnt CovItemId="S1" CovItemPrefix="amu.action.AddToCartAction.java" Intrnl_Id="1657">
<LocList>
<Loc EndOffset="475" SrcFileId="39" StartOffset="432"/>
</LocList>
</BasicStmnt>
<BasicStmnt CovItemId="S2" CovItemPrefix="amu.action.AddToCartAction.java" Intrnl_Id="1658">
<LocList>
<Loc EndOffset="541" SrcFileId="39" StartOffset="493"/>
</LocList>
</BasicStmnt>
<CondStmnt CovItemId="S3" CovItemPrefix="amu.action.AddToCartAction.java" Intrnl_Id="1659">
<Branch CovItemId="B1" CovItemPrefix="amu.action.AddToCartAction.java" Implct="false" Intrnl_Id="1660">
<Cond/>
<LocList>
<Loc EndOffset="675" SrcFileId="39" StartOffset="585"/>
</LocList>
<StmntSeq Intrnl_Id="1661">
<LocList>
<Loc EndOffset="617" SrcFileId="39" StartOffset="599"/>
<Loc EndOffset="665" SrcFileId="39" StartOffset="630"/>
</LocList>
<BasicStmnt CovItemId="S4" CovItemPrefix="amu.action.AddToCartAction.java" Intrnl_Id="1662">
<LocList>
<Loc EndOffset="617" SrcFileId="39" StartOffset="599"/>
</LocList>
</BasicStmnt>
<BasicStmnt CovItemId="S5" CovItemPrefix="amu.action.AddToCartAction.java" Intrnl_Id="1663">
<LocList>
<Loc EndOffset="665" SrcFileId="39" StartOffset="630"/>
</LocList>
</BasicStmnt>
</StmntSeq>
</Branch>
<Branch CovItemId="B2" CovItemPrefix="amu.action.AddToCartAction.java" Implct="true" Intrnl_Id="1664">
<Cond/>
<LocList/>
<StmntSeq Intrnl_Id="1665">
<LocList/>
</StmntSeq>
</Branch>
<Keyword EndOffset="561" SrcFileId="39" StartOffset="559"/>
<LocList>
<Loc EndOffset="675" SrcFileId="39" StartOffset="559"/>
</LocList>
<RootTerm CovItemId="C1" CovItemPrefix="amu.action.AddToCartAction.java" Intrnl_Id="1666">
<BasicBoolTerm Intrnl_Id="1667">
<LocList>
<Loc EndOffset="575" SrcFileId="39" StartOffset="563"/>
</LocList>
</BasicBoolTerm>
</RootTerm>
</CondStmnt>
<CondStmnt CovItemId="S6" CovItemPrefix="amu.action.AddToCartAction.java" Intrnl_Id="1668">
<Branch CovItemId="B3" CovItemPrefix="amu.action.AddToCartAction.java" Implct="false" Intrnl_Id="1669">
<Cond/>
<LocList>
<Loc EndOffset="1028" SrcFileId="39" StartOffset="787"/>
</LocList>
<StmntSeq Intrnl_Id="1670">
<LocList>
<Loc EndOffset="833" SrcFileId="39" StartOffset="801"/>
<Loc EndOffset="907" SrcFileId="39" StartOffset="846"/>
<Loc EndOffset="1018" SrcFileId="39" StartOffset="933"/>
</LocList>
<BasicStmnt CovItemId="S7" CovItemPrefix="amu.action.AddToCartAction.java" Intrnl_Id="1671">
<LocList>
<Loc EndOffset="833" SrcFileId="39" StartOffset="801"/>
</LocList>
</BasicStmnt>
<BasicStmnt CovItemId="S8" CovItemPrefix="amu.action.AddToCartAction.java" Intrnl_Id="1672">
<LocList>
<Loc EndOffset="907" SrcFileId="39" StartOffset="846"/>
</LocList>
</BasicStmnt>
<BasicStmnt CovItemId="S9" CovItemPrefix="amu.action.AddToCartAction.java" Intrnl_Id="1673">
<LocList>
<Loc EndOffset="1018" SrcFileId="39" StartOffset="933"/>
</LocList>
</BasicStmnt>
</StmntSeq>
</Branch>
<Branch CovItemId="B4" CovItemPrefix="amu.action.AddToCartAction.java" Implct="true" Intrnl_Id="1674">
<Cond/>
<LocList/>
<StmntSeq Intrnl_Id="1675">
<LocList/>
</StmntSeq>
</Branch>
<Keyword EndOffset="695" SrcFileId="39" StartOffset="693"/>
<LocList>
<Loc EndOffset="1028" SrcFileId="39" StartOffset="693"/>
</LocList>
<RootTerm CovItemId="C2" CovItemPrefix="amu.action.AddToCartAction.java" Intrnl_Id="1676">
<OpTerm BooleanOpId="50" Intrnl_Id="1677">
<BasicBoolTerm Intrnl_Id="1678">
<LocList>
<Loc EndOffset="733" SrcFileId="39" StartOffset="697"/>
</LocList>
</BasicBoolTerm>
<BasicBoolTerm Intrnl_Id="1679">
<LocList>
<Loc EndOffset="777" SrcFileId="39" StartOffset="737"/>
</LocList>
</BasicBoolTerm>
<LocList>
<Loc EndOffset="736" SrcFileId="39" StartOffset="734"/>
</LocList>
</OpTerm>
</RootTerm>
</CondStmnt>
<BasicStmnt CovItemId="S10" CovItemPrefix="amu.action.AddToCartAction.java" Intrnl_Id="1680">
<LocList>
<Loc EndOffset="1105" SrcFileId="39" StartOffset="1038"/>
</LocList>
</BasicStmnt>
</StmntSeq>
</HierarchyLvl>
</HierarchyLvl>
<HierarchyLvl HierarchyLvlId="2047" HierarchyLvlTypeId="53" Intrnl_Id="1681" Name="AddCreditCardAction">
<Header>
<Loc EndOffset="450" SrcFileId="40" StartOffset="407"/>
</Header>
<LocList>
<Loc EndOffset="3004" SrcFileId="40" StartOffset="407"/>
</LocList>
<HierarchyLvl HierarchyLvlId="2046" HierarchyLvlTypeId="54" Intrnl_Id="1682" Name="execute">
<Header>
<Loc EndOffset="563" SrcFileId="40" StartOffset="462"/>
</Header>
<LocList>
<Loc EndOffset="3002" SrcFileId="40" StartOffset="462"/>
</LocList>
<StmntSeq Intrnl_Id="1683">
<LocList>
<Loc EndOffset="621" SrcFileId="40" StartOffset="574"/>
<Loc EndOffset="694" SrcFileId="40" StartOffset="630"/>
<Loc EndOffset="948" SrcFileId="40" StartOffset="704"/>
<Loc EndOffset="2269" SrcFileId="40" StartOffset="966"/>
<Loc EndOffset="2378" SrcFileId="40" StartOffset="2334"/>
<Loc EndOffset="2441" SrcFileId="40" StartOffset="2396"/>
<Loc EndOffset="2487" SrcFileId="40" StartOffset="2450"/>
<Loc EndOffset="2644" SrcFileId="40" StartOffset="2496"/>
<Loc EndOffset="2713" SrcFileId="40" StartOffset="2654"/>
<Loc EndOffset="2761" SrcFileId="40" StartOffset="2722"/>
<Loc EndOffset="2907" SrcFileId="40" StartOffset="2770"/>
<Loc EndOffset="2996" SrcFileId="40" StartOffset="2925"/>
</LocList>
<BasicStmnt CovItemId="S1" CovItemPrefix="amu.action.AddCreditCardAction.java" Intrnl_Id="1684">
<LocList>
<Loc EndOffset="621" SrcFileId="40" StartOffset="574"/>
</LocList>
</BasicStmnt>
<BasicStmnt CovItemId="S2" CovItemPrefix="amu.action.AddCreditCardAction.java" Intrnl_Id="1685">
<LocList>
<Loc EndOffset="694" SrcFileId="40" StartOffset="630"/>
</LocList>
</BasicStmnt>
<CondStmnt CovItemId="S3" CovItemPrefix="amu.action.AddCreditCardAction.java" Intrnl_Id="1686">
<Branch CovItemId="B1" CovItemPrefix="amu.action.AddCreditCardAction.java" Implct="false" Intrnl_Id="1687">
<Cond/>
<LocList>
<Loc EndOffset="948" SrcFileId="40" StartOffset="726"/>
</LocList>
<StmntSeq Intrnl_Id="1688">
<LocList>
<Loc EndOffset="837" SrcFileId="40" StartOffset="740"/>
<Loc EndOffset="903" SrcFileId="40" StartOffset="850"/>
<Loc EndOffset="938" SrcFileId="40" StartOffset="916"/>
</LocList>
<BasicStmnt CovItemId="S4" CovItemPrefix="amu.action.AddCreditCardAction.java" Intrnl_Id="1689">
<LocList>
<Loc EndOffset="837" SrcFileId="40" StartOffset="740"/>
</LocList>
</BasicStmnt>
<BasicStmnt CovItemId="S5" CovItemPrefix="amu.action.AddCreditCardAction.java" Intrnl_Id="1690">
<LocList>
<Loc EndOffset="903" SrcFileId="40" StartOffset="850"/>
</LocList>
</BasicStmnt>
<BasicStmnt CovItemId="S6" CovItemPrefix="amu.action.AddCreditCardAction.java" Intrnl_Id="1691">
<LocList>
<Loc EndOffset="938" SrcFileId="40" StartOffset="916"/>
</LocList>
</BasicStmnt>
</StmntSeq>
</Branch>
<Branch CovItemId="B2" CovItemPrefix="amu.action.AddCreditCardAction.java" Implct="true" Intrnl_Id="1692">
<Cond/>
<LocList/>
<StmntSeq Intrnl_Id="1693">
<LocList/>
</StmntSeq>
</Branch>
<Keyword EndOffset="706" SrcFileId="40" StartOffset="704"/>
<LocList>
<Loc EndOffset="948" SrcFileId="40" StartOffset="704"/>
</LocList>
<RootTerm CovItemId="C1" CovItemPrefix="amu.action.AddCreditCardAction.java" Intrnl_Id="1694">
<BasicBoolTerm Intrnl_Id="1695">
<LocList>
<Loc EndOffset="724" SrcFileId="40" StartOffset="708"/>
</LocList>
</BasicBoolTerm>
</RootTerm>
</CondStmnt>
<CondStmnt CovItemId="S7" CovItemPrefix="amu.action.AddCreditCardAction.java" Intrnl_Id="1696">
<Branch CovItemId="B3" CovItemPrefix="amu.action.AddCreditCardAction.java" Implct="false" Intrnl_Id="1697">
<Cond/>
<LocList>
<Loc EndOffset="2269" SrcFileId="40" StartOffset="1006"/>
</LocList>
<StmntSeq Intrnl_Id="1698">
<LocList>
<Loc EndOffset="1081" SrcFileId="40" StartOffset="1020"/>
<Loc EndOffset="1137" SrcFileId="40" StartOffset="1094"/>
<Loc EndOffset="1208" SrcFileId="40" StartOffset="1163"/>
<Loc EndOffset="1348" SrcFileId="40" StartOffset="1221"/>
<Loc EndOffset="1424" SrcFileId="40" StartOffset="1374"/>
<Loc EndOffset="1663" SrcFileId="40" StartOffset="1437"/>
<Loc EndOffset="1736" SrcFileId="40" StartOffset="1677"/>
<Loc EndOffset="1788" SrcFileId="40" StartOffset="1749"/>
<Loc EndOffset="1874" SrcFileId="40" StartOffset="1801"/>
<Loc EndOffset="1944" SrcFileId="40" StartOffset="1887"/>
<Loc EndOffset="2026" SrcFileId="40" StartOffset="1957"/>
<Loc EndOffset="2190" SrcFileId="40" StartOffset="2052"/>
<Loc EndOffset="2259" SrcFileId="40" StartOffset="2216"/>
</LocList>
<BasicStmnt CovItemId="S8" CovItemPrefix="amu.action.AddCreditCardAction.java" Intrnl_Id="1699">
<LocList>
<Loc EndOffset="1081" SrcFileId="40" StartOffset="1020"/>
</LocList>
</BasicStmnt>
<BasicStmnt CovItemId="S9" CovItemPrefix="amu.action.AddCreditCardAction.java" Intrnl_Id="1700">
<LocList>
<Loc EndOffset="1137" SrcFileId="40" StartOffset="1094"/>
</LocList>
</BasicStmnt>
<BasicStmnt CovItemId="S10" CovItemPrefix="amu.action.AddCreditCardAction.java" Intrnl_Id="1701">
<LocList>
<Loc EndOffset="1208" SrcFileId="40" StartOffset="1163"/>
</LocList>
</BasicStmnt>
<BasicStmnt CovItemId="S11" CovItemPrefix="amu.action.AddCreditCardAction.java" Intrnl_Id="1702">
<LocList>
<Loc EndOffset="1348" SrcFileId="40" StartOffset="1221"/>
</LocList>
</BasicStmnt>
<BasicStmnt CovItemId="S12" CovItemPrefix="amu.action.AddCreditCardAction.java" Intrnl_Id="1703">
<LocList>
<Loc EndOffset="1424" SrcFileId="40" StartOffset="1374"/>
</LocList>
</BasicStmnt>
<BasicStmnt CovItemId="S13" CovItemPrefix="amu.action.AddCreditCardAction.java" Intrnl_Id="1704">
<LocList>
<Loc EndOffset="1663" SrcFileId="40" StartOffset="1437"/>
</LocList>
</BasicStmnt>
<BasicStmnt CovItemId="S14" CovItemPrefix="amu.action.AddCreditCardAction.java" Intrnl_Id="1705">
<LocList>
<Loc EndOffset="1736" SrcFileId="40" StartOffset="1677"/>
</LocList>
</BasicStmnt>
<BasicStmnt CovItemId="S15" CovItemPrefix="amu.action.AddCreditCardAction.java" Intrnl_Id="1706">
<LocList>
<Loc EndOffset="1788" SrcFileId="40" StartOffset="1749"/>
</LocList>
</BasicStmnt>
<BasicStmnt CovItemId="S16" CovItemPrefix="amu.action.AddCreditCardAction.java" Intrnl_Id="1707">
<LocList>
<Loc EndOffset="1874" SrcFileId="40" StartOffset="1801"/>
</LocList>
</BasicStmnt>
<BasicStmnt CovItemId="S17" CovItemPrefix="amu.action.AddCreditCardAction.java" Intrnl_Id="1708">
<LocList>
<Loc EndOffset="1944" SrcFileId="40" StartOffset="1887"/>
</LocList>
</BasicStmnt>
<BasicStmnt CovItemId="S18" CovItemPrefix="amu.action.AddCreditCardAction.java" Intrnl_Id="1709">
<LocList>
<Loc EndOffset="2026" SrcFileId="40" StartOffset="1957"/>
</LocList>
</BasicStmnt>
<CondStmnt CovItemId="S19" CovItemPrefix="amu.action.AddCreditCardAction.java" Intrnl_Id="1710">
<Branch CovItemId="B5" CovItemPrefix="amu.action.AddCreditCardAction.java" Implct="false" Intrnl_Id="1711">
<Cond/>
<LocList>
<Loc EndOffset="2190" SrcFileId="40" StartOffset="2087"/>
</LocList>
<StmntSeq Intrnl_Id="1712">
<LocList>
<Loc EndOffset="2176" SrcFileId="40" StartOffset="2105"/>
</LocList>
<BasicStmnt CovItemId="S20" CovItemPrefix="amu.action.AddCreditCardAction.java" Intrnl_Id="1713">
<LocList>
<Loc EndOffset="2176" SrcFileId="40" StartOffset="2105"/>
</LocList>
</BasicStmnt>
</StmntSeq>
</Branch>
<Branch CovItemId="B6" CovItemPrefix="amu.action.AddCreditCardAction.java" Implct="true" Intrnl_Id="1714">
<Cond/>
<LocList/>
<StmntSeq Intrnl_Id="1715">
<LocList/>
</StmntSeq>
</Branch>
<Keyword EndOffset="2054" SrcFileId="40" StartOffset="2052"/>
<LocList>
<Loc EndOffset="2190" SrcFileId="40" StartOffset="2052"/>
</LocList>
<RootTerm CovItemId="C3" CovItemPrefix="amu.action.AddCreditCardAction.java" Intrnl_Id="1716">
<BasicBoolTerm Intrnl_Id="1717">
<LocList>
<Loc EndOffset="2085" SrcFileId="40" StartOffset="2056"/>
</LocList>
</BasicBoolTerm>
</RootTerm>
</CondStmnt>
<BasicStmnt CovItemId="S21" CovItemPrefix="amu.action.AddCreditCardAction.java" Intrnl_Id="1718">
<LocList>
<Loc EndOffset="2259" SrcFileId="40" StartOffset="2216"/>
</LocList>
</BasicStmnt>
</StmntSeq>
</Branch>
<Branch CovItemId="B4" CovItemPrefix="amu.action.AddCreditCardAction.java" Implct="true" Intrnl_Id="1719">
<Cond/>
<LocList/>
<StmntSeq Intrnl_Id="1720">
<LocList/>
</StmntSeq>
</Branch>
<Keyword EndOffset="968" SrcFileId="40" StartOffset="966"/>
<LocList>
<Loc EndOffset="2269" SrcFileId="40" StartOffset="966"/>
</LocList>
<RootTerm CovItemId="C2" CovItemPrefix="amu.action.AddCreditCardAction.java" Intrnl_Id="1721">
<BasicBoolTerm Intrnl_Id="1722">
<LocList>
<Loc EndOffset="1004" SrcFileId="40" StartOffset="970"/>
</LocList>
</BasicBoolTerm>
</RootTerm>
</CondStmnt>
<BasicStmnt CovItemId="S22" CovItemPrefix="amu.action.AddCreditCardAction.java" Intrnl_Id="1723">
<LocList>
<Loc EndOffset="2378" SrcFileId="40" StartOffset="2334"/>
</LocList>
</BasicStmnt>
<BasicStmnt CovItemId="S23" CovItemPrefix="amu.action.AddCreditCardAction.java" Intrnl_Id="1724">
<LocList>
<Loc EndOffset="2441" SrcFileId="40" StartOffset="2396"/>
</LocList>
</BasicStmnt>
<BasicStmnt CovItemId="S24" CovItemPrefix="amu.action.AddCreditCardAction.java" Intrnl_Id="1725">
<LocList>
<Loc EndOffset="2487" SrcFileId="40" StartOffset="2450"/>
</LocList>
</BasicStmnt>
<LoopStmnt CovItemId="S25" CovItemPrefix="amu.action.AddCreditCardAction.java" Intrnl_Id="1726" MltplExecId="L1-2" MltplExecPrefix="amu.action.AddCreditCardAction.java" NvrExecId="L1-0" NvrExecPrefix="amu.action.AddCreditCardAction.java" OnceExecutedId="L1-1" OnceExecutedPrefix="amu.action.AddCreditCardAction.java" OptBodyExec="true">
<StmntSeq Intrnl_Id="1727">
<LocList>
<Loc EndOffset="2634" SrcFileId="40" StartOffset="2558"/>
</LocList>
<BasicStmnt CovItemId="S26" CovItemPrefix="amu.action.AddCreditCardAction.java" Intrnl_Id="1728">
<LocList>
<Loc EndOffset="2634" SrcFileId="40" StartOffset="2558"/>
</LocList>
</BasicStmnt>
</StmntSeq>
<Keyword EndOffset="2499" SrcFileId="40" StartOffset="2496"/>
<LocList>
<Loc EndOffset="2644" SrcFileId="40" StartOffset="2496"/>
</LocList>
<RootTerm CovItemId="C4" CovItemPrefix="amu.action.AddCreditCardAction.java" Intrnl_Id="1729">
<BasicBoolTerm Intrnl_Id="1730">
<LocList>
<Loc EndOffset="2532" SrcFileId="40" StartOffset="2521"/>
</LocList>
</BasicBoolTerm>
</RootTerm>
</LoopStmnt>
<BasicStmnt CovItemId="S27" CovItemPrefix="amu.action.AddCreditCardAction.java" Intrnl_Id="1731">
<LocList>
<Loc EndOffset="2713" SrcFileId="40" StartOffset="2654"/>
</LocList>
</BasicStmnt>
<BasicStmnt CovItemId="S28" CovItemPrefix="amu.action.AddCreditCardAction.java" Intrnl_Id="1732">
<LocList>
<Loc EndOffset="2761" SrcFileId="40" StartOffset="2722"/>
</LocList>
</BasicStmnt>
<LoopStmnt CovItemId="S29" CovItemPrefix="amu.action.AddCreditCardAction.java" Intrnl_Id="1733" MltplExecId="L2-2" MltplExecPrefix="amu.action.AddCreditCardAction.java" NvrExecId="L2-0" NvrExecPrefix="amu.action.AddCreditCardAction.java" OnceExecutedId="L2-1" OnceExecutedPrefix="amu.action.AddCreditCardAction.java" OptBodyExec="true">
<StmntSeq Intrnl_Id="1734">
<LocList>
<Loc EndOffset="2897" SrcFileId="40" StartOffset="2829"/>
</LocList>
<BasicStmnt CovItemId="S30" CovItemPrefix="amu.action.AddCreditCardAction.java" Intrnl_Id="1735">
<LocList>
<Loc EndOffset="2897" SrcFileId="40" StartOffset="2829"/>
</LocList>
</BasicStmnt>
</StmntSeq>
<Keyword EndOffset="2773" SrcFileId="40" StartOffset="2770"/>
<LocList>
<Loc EndOffset="2907" SrcFileId="40" StartOffset="2770"/>
</LocList>
<RootTerm CovItemId="C5" CovItemPrefix="amu.action.AddCreditCardAction.java" Intrnl_Id="1736">
<BasicBoolTerm Intrnl_Id="1737">
<LocList>
<Loc EndOffset="2804" SrcFileId="40" StartOffset="2794"/>
</LocList>
</BasicBoolTerm>
</RootTerm>
</LoopStmnt>
<BasicStmnt CovItemId="S31" CovItemPrefix="amu.action.AddCreditCardAction.java" Intrnl_Id="1738">
<LocList>
<Loc EndOffset="2996" SrcFileId="40" StartOffset="2925"/>
</LocList>
</BasicStmnt>
</StmntSeq>
</HierarchyLvl>
</HierarchyLvl>
<HierarchyLvl HierarchyLvlId="2049" HierarchyLvlTypeId="53" Intrnl_Id="1739" Name="AddAddressAction">
<Header>
<Loc EndOffset="378" SrcFileId="41" StartOffset="338"/>
</Header>
<LocList>
<Loc EndOffset="2199" SrcFileId="41" StartOffset="338"/>
</LocList>
<HierarchyLvl HierarchyLvlId="2048" HierarchyLvlTypeId="54" Intrnl_Id="1740" Name="execute">
<Header>
<Loc EndOffset="487" SrcFileId="41" StartOffset="386"/>
</Header>
<LocList>
<Loc EndOffset="2197" SrcFileId="41" StartOffset="386"/>
</LocList>
<StmntSeq Intrnl_Id="1741">
<LocList>
<Loc EndOffset="545" SrcFileId="41" StartOffset="498"/>
<Loc EndOffset="618" SrcFileId="41" StartOffset="554"/>
<Loc EndOffset="715" SrcFileId="41" StartOffset="656"/>
<Loc EndOffset="763" SrcFileId="41" StartOffset="724"/>
<Loc EndOffset="901" SrcFileId="41" StartOffset="772"/>
<Loc EndOffset="1152" SrcFileId="41" StartOffset="911"/>
<Loc EndOffset="2065" SrcFileId="41" StartOffset="1208"/>
<Loc EndOffset="2191" SrcFileId="41" StartOffset="2123"/>
</LocList>
<BasicStmnt CovItemId="S1" CovItemPrefix="amu.action.AddAddressAction.java" Intrnl_Id="1742">
<LocList>
<Loc EndOffset="545" SrcFileId="41" StartOffset="498"/>
</LocList>
</BasicStmnt>
<BasicStmnt CovItemId="S2" CovItemPrefix="amu.action.AddAddressAction.java" Intrnl_Id="1743">
<LocList>
<Loc EndOffset="618" SrcFileId="41" StartOffset="554"/>
</LocList>
</BasicStmnt>
<BasicStmnt CovItemId="S3" CovItemPrefix="amu.action.AddAddressAction.java" Intrnl_Id="1744">
<LocList>
<Loc EndOffset="715" SrcFileId="41" StartOffset="656"/>
</LocList>
</BasicStmnt>
<BasicStmnt CovItemId="S4" CovItemPrefix="amu.action.AddAddressAction.java" Intrnl_Id="1745">
<LocList>
<Loc EndOffset="763" SrcFileId="41" StartOffset="724"/>
</LocList>
</BasicStmnt>
<CondStmnt CovItemId="S5" CovItemPrefix="amu.action.AddAddressAction.java" Intrnl_Id="1746">
<Branch CovItemId="B1" CovItemPrefix="amu.action.AddAddressAction.java" Implct="false" Intrnl_Id="1747">
<Cond/>
<LocList>
<Loc EndOffset="901" SrcFileId="41" StartOffset="828"/>
</LocList>
<StmntSeq Intrnl_Id="1748">
<LocList>
<Loc EndOffset="891" SrcFileId="41" StartOffset="842"/>
</LocList>
<BasicStmnt CovItemId="S6" CovItemPrefix="amu.action.AddAddressAction.java" Intrnl_Id="1749">
<LocList>
<Loc EndOffset="891" SrcFileId="41" StartOffset="842"/>
</LocList>
</BasicStmnt>
</StmntSeq>
</Branch>
<Branch CovItemId="B2" CovItemPrefix="amu.action.AddAddressAction.java" Implct="true" Intrnl_Id="1750">
<Cond/>
<LocList/>
<StmntSeq Intrnl_Id="1751">
<LocList/>
</StmntSeq>
</Branch>
<Keyword EndOffset="774" SrcFileId="41" StartOffset="772"/>
<LocList>
<Loc EndOffset="901" SrcFileId="41" StartOffset="772"/>
</LocList>
<RootTerm CovItemId="C1" CovItemPrefix="amu.action.AddAddressAction.java" Intrnl_Id="1752">
<BasicBoolTerm Intrnl_Id="1753">
<LocList>
<Loc EndOffset="826" SrcFileId="41" StartOffset="776"/>
</LocList>
</BasicBoolTerm>
</RootTerm>
</CondStmnt>
<CondStmnt CovItemId="S7" CovItemPrefix="amu.action.AddAddressAction.java" Intrnl_Id="1754">
<Branch CovItemId="B3" CovItemPrefix="amu.action.AddAddressAction.java" Implct="false" Intrnl_Id="1755">
<Cond/>
<LocList>
<Loc EndOffset="1152" SrcFileId="41" StartOffset="933"/>
</LocList>
<StmntSeq Intrnl_Id="1756">
<LocList>
<Loc EndOffset="1044" SrcFileId="41" StartOffset="947"/>
<Loc EndOffset="1107" SrcFileId="41" StartOffset="1057"/>
<Loc EndOffset="1142" SrcFileId="41" StartOffset="1120"/>
</LocList>
<BasicStmnt CovItemId="S8" CovItemPrefix="amu.action.AddAddressAction.java" Intrnl_Id="1757">
<LocList>
<Loc EndOffset="1044" SrcFileId="41" StartOffset="947"/>
</LocList>
</BasicStmnt>
<BasicStmnt CovItemId="S9" CovItemPrefix="amu.action.AddAddressAction.java" Intrnl_Id="1758">
<LocList>
<Loc EndOffset="1107" SrcFileId="41" StartOffset="1057"/>
</LocList>
</BasicStmnt>
<BasicStmnt CovItemId="S10" CovItemPrefix="amu.action.AddAddressAction.java" Intrnl_Id="1759">
<LocList>
<Loc EndOffset="1142" SrcFileId="41" StartOffset="1120"/>
</LocList>
</BasicStmnt>
</StmntSeq>
</Branch>
<Branch CovItemId="B4" CovItemPrefix="amu.action.AddAddressAction.java" Implct="true" Intrnl_Id="1760">
<Cond/>
<LocList/>
<StmntSeq Intrnl_Id="1761">
<LocList/>
</StmntSeq>
</Branch>
<Keyword EndOffset="913" SrcFileId="41" StartOffset="911"/>
<LocList>
<Loc EndOffset="1152" SrcFileId="41" StartOffset="911"/>
</LocList>
<RootTerm CovItemId="C2" CovItemPrefix="amu.action.AddAddressAction.java" Intrnl_Id="1762">
<BasicBoolTerm Intrnl_Id="1763">
<LocList>
<Loc EndOffset="931" SrcFileId="41" StartOffset="915"/>
</LocList>
</BasicBoolTerm>
</RootTerm>
</CondStmnt>
<CondStmnt CovItemId="S11" CovItemPrefix="amu.action.AddAddressAction.java" Intrnl_Id="1764">
<Branch CovItemId="B5" CovItemPrefix="amu.action.AddAddressAction.java" Implct="false" Intrnl_Id="1765">
<Cond/>
<LocList>
<Loc EndOffset="2065" SrcFileId="41" StartOffset="1248"/>
</LocList>
<StmntSeq Intrnl_Id="1766">
<LocList>
<Loc EndOffset="1310" SrcFileId="41" StartOffset="1262"/>
<Loc EndOffset="1366" SrcFileId="41" StartOffset="1323"/>
<Loc EndOffset="1421" SrcFileId="41" StartOffset="1380"/>
<Loc EndOffset="1507" SrcFileId="41" StartOffset="1434"/>
<Loc EndOffset="1953" SrcFileId="41" StartOffset="1521"/>
<Loc EndOffset="2001" SrcFileId="41" StartOffset="1967"/>
<Loc EndOffset="2055" SrcFileId="41" StartOffset="2014"/>
</LocList>
<BasicStmnt CovItemId="S12" CovItemPrefix="amu.action.AddAddressAction.java" Intrnl_Id="1767">
<LocList>
<Loc EndOffset="1310" SrcFileId="41" StartOffset="1262"/>
</LocList>
</BasicStmnt>
<BasicStmnt CovItemId="S13" CovItemPrefix="amu.action.AddAddressAction.java" Intrnl_Id="1768">
<LocList>
<Loc EndOffset="1366" SrcFileId="41" StartOffset="1323"/>
</LocList>
</BasicStmnt>
<BasicStmnt CovItemId="S14" CovItemPrefix="amu.action.AddAddressAction.java" Intrnl_Id="1769">
<LocList>
<Loc EndOffset="1421" SrcFileId="41" StartOffset="1380"/>
</LocList>
</BasicStmnt>
<BasicStmnt CovItemId="S15" CovItemPrefix="amu.action.AddAddressAction.java" Intrnl_Id="1770">
<LocList>
<Loc EndOffset="1507" SrcFileId="41" StartOffset="1434"/>
</LocList>
</BasicStmnt>
<CondStmnt CovItemId="S16" CovItemPrefix="amu.action.AddAddressAction.java" Intrnl_Id="1771">
<Branch CovItemId="B7" CovItemPrefix="amu.action.AddAddressAction.java" Implct="false" Intrnl_Id="1772">
<Cond/>
<LocList>
<Loc EndOffset="1953" SrcFileId="41" StartOffset="1550"/>
</LocList>
<StmntSeq Intrnl_Id="1773">
<LocList>
<Loc EndOffset="1939" SrcFileId="41" StartOffset="1568"/>
</LocList>
<CondStmnt CovItemId="S17" CovItemPrefix="amu.action.AddAddressAction.java" Intrnl_Id="1774">
<Branch CovItemId="B9" CovItemPrefix="amu.action.AddAddressAction.java" Implct="false" Intrnl_Id="1775">
<Cond/>
<LocList>
<Loc EndOffset="1749" SrcFileId="41" StartOffset="1624"/>
</LocList>
<StmntSeq Intrnl_Id="1776">
<LocList>
<Loc EndOffset="1731" SrcFileId="41" StartOffset="1646"/>
</LocList>
<BasicStmnt CovItemId="S18" CovItemPrefix="amu.action.AddAddressAction.java" Intrnl_Id="1777">
<LocList>
<Loc EndOffset="1731" SrcFileId="41" StartOffset="1646"/>
</LocList>
</BasicStmnt>
</StmntSeq>
</Branch>
<Branch CovItemId="B10" CovItemPrefix="amu.action.AddAddressAction.java" Implct="false" Intrnl_Id="1778">
<Cond>
<Loc EndOffset="1754" SrcFileId="41" StartOffset="1750"/>
</Cond>
<LocList>
<Loc EndOffset="1939" SrcFileId="41" StartOffset="1755"/>
</LocList>
<StmntSeq Intrnl_Id="1779">
<LocList>
<Loc EndOffset="1921" SrcFileId="41" StartOffset="1850"/>
</LocList>
<BasicStmnt CovItemId="S19" CovItemPrefix="amu.action.AddAddressAction.java" Intrnl_Id="1780">
<LocList>
<Loc EndOffset="1921" SrcFileId="41" StartOffset="1850"/>
</LocList>
</BasicStmnt>
</StmntSeq>
</Branch>
<Keyword EndOffset="1570" SrcFileId="41" StartOffset="1568"/>
<LocList>
<Loc EndOffset="1939" SrcFileId="41" StartOffset="1568"/>
</LocList>
<RootTerm CovItemId="C5" CovItemPrefix="amu.action.AddAddressAction.java" Intrnl_Id="1781">
<BasicBoolTerm Intrnl_Id="1782">
<LocList>
<Loc EndOffset="1622" SrcFileId="41" StartOffset="1572"/>
</LocList>
</BasicBoolTerm>
</RootTerm>
</CondStmnt>
</StmntSeq>
</Branch>
<Branch CovItemId="B8" CovItemPrefix="amu.action.AddAddressAction.java" Implct="true" Intrnl_Id="1783">
<Cond/>
<LocList/>
<StmntSeq Intrnl_Id="1784">
<LocList/>
</StmntSeq>
</Branch>
<Keyword EndOffset="1523" SrcFileId="41" StartOffset="1521"/>
<LocList>
<Loc EndOffset="1953" SrcFileId="41" StartOffset="1521"/>
</LocList>
<RootTerm CovItemId="C4" CovItemPrefix="amu.action.AddAddressAction.java" Intrnl_Id="1785">
<BasicBoolTerm Intrnl_Id="1786">
<LocList>
<Loc EndOffset="1548" SrcFileId="41" StartOffset="1525"/>
</LocList>
</BasicBoolTerm>
</RootTerm>
</CondStmnt>
<BasicStmnt CovItemId="S20" CovItemPrefix="amu.action.AddAddressAction.java" Intrnl_Id="1787">
<LocList>
<Loc EndOffset="2001" SrcFileId="41" StartOffset="1967"/>
</LocList>
</BasicStmnt>
<BasicStmnt CovItemId="S21" CovItemPrefix="amu.action.AddAddressAction.java" Intrnl_Id="1788">
<LocList>
<Loc EndOffset="2055" SrcFileId="41" StartOffset="2014"/>
</LocList>
</BasicStmnt>
</StmntSeq>
</Branch>
<Branch CovItemId="B6" CovItemPrefix="amu.action.AddAddressAction.java" Implct="true" Intrnl_Id="1789">
<Cond/>
<LocList/>
<StmntSeq Intrnl_Id="1790">
<LocList/>
</StmntSeq>
</Branch>
<Keyword EndOffset="1210" SrcFileId="41" StartOffset="1208"/>
<LocList>
<Loc EndOffset="2065" SrcFileId="41" StartOffset="1208"/>
</LocList>
<RootTerm CovItemId="C3" CovItemPrefix="amu.action.AddAddressAction.java" Intrnl_Id="1791">
<BasicBoolTerm Intrnl_Id="1792">
<LocList>
<Loc EndOffset="1246" SrcFileId="41" StartOffset="1212"/>
</LocList>
</BasicBoolTerm>
</RootTerm>
</CondStmnt>
<BasicStmnt CovItemId="S22" CovItemPrefix="amu.action.AddAddressAction.java" Intrnl_Id="1793">
<LocList>
<Loc EndOffset="2191" SrcFileId="41" StartOffset="2123"/>
</LocList>
</BasicStmnt>
</StmntSeq>
</HierarchyLvl>
</HierarchyLvl>
<HierarchyLvl HierarchyLvlId="2051" HierarchyLvlTypeId="53" Intrnl_Id="1794" Name="ActivateCustomerAction">
<Header>
<Loc EndOffset="260" SrcFileId="42" StartOffset="214"/>
</Header>
<LocList>
<Loc EndOffset="1645" SrcFileId="42" StartOffset="214"/>
</LocList>
<HierarchyLvl HierarchyLvlId="2050" HierarchyLvlTypeId="54" Intrnl_Id="1795" Name="execute">
<Header>
<Loc EndOffset="386" SrcFileId="42" StartOffset="268"/>
</Header>
<LocList>
<Loc EndOffset="1643" SrcFileId="42" StartOffset="268"/>
</LocList>
<StmntSeq Intrnl_Id="1796">
<LocList>
<Loc EndOffset="671" SrcFileId="42" StartOffset="492"/>
<Loc EndOffset="1545" SrcFileId="42" StartOffset="765"/>
<Loc EndOffset="1637" SrcFileId="42" StartOffset="1563"/>
</LocList>
<CondStmnt CovItemId="S1" CovItemPrefix="amu.action.ActivateCustomerAction.java" Intrnl_Id="1797">
<Branch CovItemId="B1" CovItemPrefix="amu.action.ActivateCustomerAction.java" Implct="false" Intrnl_Id="1798">
<Cond/>
<LocList>
<Loc EndOffset="671" SrcFileId="42" StartOffset="586"/>
</LocList>
<StmntSeq Intrnl_Id="1799">
<LocList>
<Loc EndOffset="661" SrcFileId="42" StartOffset="600"/>
</LocList>
<BasicStmnt CovItemId="S2" CovItemPrefix="amu.action.ActivateCustomerAction.java" Intrnl_Id="1800">
<LocList>
<Loc EndOffset="661" SrcFileId="42" StartOffset="600"/>
</LocList>
</BasicStmnt>
</StmntSeq>
</Branch>
<Branch CovItemId="B2" CovItemPrefix="amu.action.ActivateCustomerAction.java" Implct="true" Intrnl_Id="1801">
<Cond/>
<LocList/>
<StmntSeq Intrnl_Id="1802">
<LocList/>
</StmntSeq>
</Branch>
<Keyword EndOffset="494" SrcFileId="42" StartOffset="492"/>
<LocList>
<Loc EndOffset="671" SrcFileId="42" StartOffset="492"/>
</LocList>
<RootTerm CovItemId="C1" CovItemPrefix="amu.action.ActivateCustomerAction.java" Intrnl_Id="1803">
<OpTerm BooleanOpId="50" Intrnl_Id="1804">
<BasicBoolTerm Intrnl_Id="1805">
<LocList>
<Loc EndOffset="533" SrcFileId="42" StartOffset="496"/>
</LocList>
</BasicBoolTerm>
<BasicBoolTerm Intrnl_Id="1806">
<LocList>
<Loc EndOffset="584" SrcFileId="42" StartOffset="537"/>
</LocList>
</BasicBoolTerm>
<LocList>
<Loc EndOffset="536" SrcFileId="42" StartOffset="534"/>
</LocList>
</OpTerm>
</RootTerm>
</CondStmnt>
<CondStmnt CovItemId="S3" CovItemPrefix="amu.action.ActivateCustomerAction.java" Intrnl_Id="1807">
<Branch CovItemId="B3" CovItemPrefix="amu.action.ActivateCustomerAction.java" Implct="false" Intrnl_Id="1808">
<Cond/>
<LocList>
<Loc EndOffset="1545" SrcFileId="42" StartOffset="859"/>
</LocList>
<StmntSeq Intrnl_Id="1809">
<LocList>
<Loc EndOffset="917" SrcFileId="42" StartOffset="873"/>
<Loc EndOffset="1005" SrcFileId="42" StartOffset="930"/>
<Loc EndOffset="1535" SrcFileId="42" StartOffset="1019"/>
</LocList>
<BasicStmnt CovItemId="S4" CovItemPrefix="amu.action.ActivateCustomerAction.java" Intrnl_Id="1810">
<LocList>
<Loc EndOffset="917" SrcFileId="42" StartOffset="873"/>
</LocList>
</BasicStmnt>
<BasicStmnt CovItemId="S5" CovItemPrefix="amu.action.ActivateCustomerAction.java" Intrnl_Id="1811">
<LocList>
<Loc EndOffset="1005" SrcFileId="42" StartOffset="930"/>
</LocList>
</BasicStmnt>
<CondStmnt CovItemId="S6" CovItemPrefix="amu.action.ActivateCustomerAction.java" Intrnl_Id="1812">
<Branch CovItemId="B5" CovItemPrefix="amu.action.ActivateCustomerAction.java" Implct="false" Intrnl_Id="1813">
<Cond/>
<LocList>
<Loc EndOffset="1292" SrcFileId="42" StartOffset="1122"/>
</LocList>
<StmntSeq Intrnl_Id="1814">
<LocList>
<Loc EndOffset="1182" SrcFileId="42" StartOffset="1140"/>
<Loc EndOffset="1278" SrcFileId="42" StartOffset="1199"/>
</LocList>
<BasicStmnt CovItemId="S7" CovItemPrefix="amu.action.ActivateCustomerAction.java" Intrnl_Id="1815">
<LocList>
<Loc EndOffset="1182" SrcFileId="42" StartOffset="1140"/>
</LocList>
</BasicStmnt>
<BasicStmnt CovItemId="S8" CovItemPrefix="amu.action.ActivateCustomerAction.java" Intrnl_Id="1816">
<LocList>
<Loc EndOffset="1278" SrcFileId="42" StartOffset="1199"/>
</LocList>
</BasicStmnt>
</StmntSeq>
</Branch>
<Branch CovItemId="B6" CovItemPrefix="amu.action.ActivateCustomerAction.java" Implct="false" Intrnl_Id="1817">
<Cond>
<Loc EndOffset="1297" SrcFileId="42" StartOffset="1293"/>
</Cond>
<LocList>
<Loc EndOffset="1535" SrcFileId="42" StartOffset="1298"/>
</LocList>
<StmntSeq Intrnl_Id="1818">
<LocList>
<Loc EndOffset="1363" SrcFileId="42" StartOffset="1316"/>
<Loc EndOffset="1430" SrcFileId="42" StartOffset="1380"/>
<Loc EndOffset="1521" SrcFileId="42" StartOffset="1447"/>
</LocList>
<BasicStmnt CovItemId="S9" CovItemPrefix="amu.action.ActivateCustomerAction.java" Intrnl_Id="1819">
<LocList>
<Loc EndOffset="1363" SrcFileId="42" StartOffset="1316"/>
</LocList>
</BasicStmnt>
<BasicStmnt CovItemId="S10" CovItemPrefix="amu.action.ActivateCustomerAction.java" Intrnl_Id="1820">
<LocList>
<Loc EndOffset="1430" SrcFileId="42" StartOffset="1380"/>
</LocList>
</BasicStmnt>
<BasicStmnt CovItemId="S11" CovItemPrefix="amu.action.ActivateCustomerAction.java" Intrnl_Id="1821">
<LocList>
<Loc EndOffset="1521" SrcFileId="42" StartOffset="1447"/>
</LocList>
</BasicStmnt>
</StmntSeq>
</Branch>
<Keyword EndOffset="1021" SrcFileId="42" StartOffset="1019"/>
<LocList>
<Loc EndOffset="1535" SrcFileId="42" StartOffset="1019"/>
</LocList>
<RootTerm CovItemId="C3" CovItemPrefix="amu.action.ActivateCustomerAction.java" Intrnl_Id="1822">
<OpTerm BooleanOpId="50" Intrnl_Id="1823">
<BasicBoolTerm Intrnl_Id="1824">
<LocList>
<Loc EndOffset="1039" SrcFileId="42" StartOffset="1023"/>
</LocList>
</BasicBoolTerm>
<BasicBoolTerm Intrnl_Id="1825">
<LocList>
<Loc EndOffset="1120" SrcFileId="42" StartOffset="1043"/>
</LocList>
</BasicBoolTerm>
<LocList>
<Loc EndOffset="1042" SrcFileId="42" StartOffset="1040"/>
</LocList>
</OpTerm>
</RootTerm>
</CondStmnt>
</StmntSeq>
</Branch>
<Branch CovItemId="B4" CovItemPrefix="amu.action.ActivateCustomerAction.java" Implct="true" Intrnl_Id="1826">
<Cond/>
<LocList/>
<StmntSeq Intrnl_Id="1827">
<LocList/>
</StmntSeq>
</Branch>
<Keyword EndOffset="767" SrcFileId="42" StartOffset="765"/>
<LocList>
<Loc EndOffset="1545" SrcFileId="42" StartOffset="765"/>
</LocList>
<RootTerm CovItemId="C2" CovItemPrefix="amu.action.ActivateCustomerAction.java" Intrnl_Id="1828">
<OpTerm BooleanOpId="50" Intrnl_Id="1829">
<BasicBoolTerm Intrnl_Id="1830">
<LocList>
<Loc EndOffset="806" SrcFileId="42" StartOffset="769"/>
</LocList>
</BasicBoolTerm>
<BasicBoolTerm Intrnl_Id="1831">
<LocList>
<Loc EndOffset="857" SrcFileId="42" StartOffset="810"/>
</LocList>
</BasicBoolTerm>
<LocList>
<Loc EndOffset="809" SrcFileId="42" StartOffset="807"/>
</LocList>
</OpTerm>
</RootTerm>
</CondStmnt>
<BasicStmnt CovItemId="S12" CovItemPrefix="amu.action.ActivateCustomerAction.java" Intrnl_Id="1832">
<LocList>
<Loc EndOffset="1637" SrcFileId="42" StartOffset="1563"/>
</LocList>
</BasicStmnt>
</StmntSeq>
</HierarchyLvl>
</HierarchyLvl>
<HierarchyLvl HierarchyLvlId="2052" HierarchyLvlTypeId="51" Intrnl_Id="1833" Name="ActionResponseType">
<Header>
<Loc EndOffset="51" SrcFileId="43" StartOffset="21"/>
</Header>
<LocList>
<Loc EndOffset="78" SrcFileId="43" StartOffset="21"/>
</LocList>
</HierarchyLvl>
<HierarchyLvl HierarchyLvlId="2058" HierarchyLvlTypeId="53" Intrnl_Id="1834" Name="ActionResponse">
<Header>
<Loc EndOffset="290" SrcFileId="44" StartOffset="263"/>
</Header>
<LocList>
<Loc EndOffset="2026" SrcFileId="44" StartOffset="263"/>
</LocList>
<HierarchyLvl HierarchyLvlId="2053" HierarchyLvlTypeId="54" Intrnl_Id="1835" Name="ActionResponse">
<Header>
<Loc EndOffset="474" SrcFileId="44" StartOffset="416"/>
</Header>
<LocList>
<Loc EndOffset="749" SrcFileId="44" StartOffset="416"/>
</LocList>
<StmntSeq Intrnl_Id="1836">
<LocList>
<Loc EndOffset="502" SrcFileId="44" StartOffset="485"/>
<Loc EndOffset="710" SrcFileId="44" StartOffset="512"/>
<Loc EndOffset="743" SrcFileId="44" StartOffset="720"/>
</LocList>
<BasicStmnt CovItemId="S1" CovItemPrefix="amu.action.ActionResponse.java" Intrnl_Id="1837">
<LocList>
<Loc EndOffset="502" SrcFileId="44" StartOffset="485"/>
</LocList>
</BasicStmnt>
<CondStmnt CovItemId="S2" CovItemPrefix="amu.action.ActionResponse.java" Intrnl_Id="1838">
<Branch CovItemId="B1" CovItemPrefix="amu.action.ActionResponse.java" Implct="false" Intrnl_Id="1839">
<Cond/>
<LocList>
<Loc EndOffset="611" SrcFileId="44" StartOffset="557"/>
</LocList>
<StmntSeq Intrnl_Id="1840">
<LocList>
<Loc EndOffset="601" SrcFileId="44" StartOffset="571"/>
</LocList>
<BasicStmnt CovItemId="S3" CovItemPrefix="amu.action.ActionResponse.java" Intrnl_Id="1841">
<LocList>
<Loc EndOffset="601" SrcFileId="44" StartOffset="571"/>
</LocList>
</BasicStmnt>
</StmntSeq>
</Branch>
<Branch CovItemId="B2" CovItemPrefix="amu.action.ActionResponse.java" Implct="false" Intrnl_Id="1842">
<Cond>
<Loc EndOffset="616" SrcFileId="44" StartOffset="612"/>
</Cond>
<LocList>
<Loc EndOffset="710" SrcFileId="44" StartOffset="617"/>
</LocList>
<StmntSeq Intrnl_Id="1843">
<LocList>
<Loc EndOffset="700" SrcFileId="44" StartOffset="677"/>
</LocList>
<BasicStmnt CovItemId="S4" CovItemPrefix="amu.action.ActionResponse.java" Intrnl_Id="1844">
<LocList>
<Loc EndOffset="700" SrcFileId="44" StartOffset="677"/>
</LocList>
</BasicStmnt>
</StmntSeq>
</Branch>
<Keyword EndOffset="514" SrcFileId="44" StartOffset="512"/>
<LocList>
<Loc EndOffset="710" SrcFileId="44" StartOffset="512"/>
</LocList>
<RootTerm CovItemId="C1" CovItemPrefix="amu.action.ActionResponse.java" Intrnl_Id="1845">
<BasicBoolTerm Intrnl_Id="1846">
<LocList>
<Loc EndOffset="555" SrcFileId="44" StartOffset="516"/>
</LocList>
</BasicBoolTerm>
</RootTerm>
</CondStmnt>
<BasicStmnt CovItemId="S5" CovItemPrefix="amu.action.ActionResponse.java" Intrnl_Id="1847">
<LocList>
<Loc EndOffset="743" SrcFileId="44" StartOffset="720"/>
</LocList>
</BasicStmnt>
</StmntSeq>
</HierarchyLvl>
<HierarchyLvl HierarchyLvlId="2054" HierarchyLvlTypeId="54" Intrnl_Id="1848" Name="getType">
<Header>
<Loc EndOffset="790" SrcFileId="44" StartOffset="755"/>
</Header>
<LocList>
<Loc EndOffset="819" SrcFileId="44" StartOffset="755"/>
</LocList>
<StmntSeq Intrnl_Id="1849">
<LocList>
<Loc EndOffset="813" SrcFileId="44" StartOffset="801"/>
</LocList>
<BasicStmnt CovItemId="S6" CovItemPrefix="amu.action.ActionResponse.java" Intrnl_Id="1850">
<LocList>
<Loc EndOffset="813" SrcFileId="44" StartOffset="801"/>
</LocList>
</BasicStmnt>
</StmntSeq>
</HierarchyLvl>
<HierarchyLvl HierarchyLvlId="2055" HierarchyLvlTypeId="54" Intrnl_Id="1851" Name="getURL">
<Header>
<Loc EndOffset="847" SrcFileId="44" StartOffset="825"/>
</Header>
<LocList>
<Loc EndOffset="875" SrcFileId="44" StartOffset="825"/>
</LocList>
<StmntSeq Intrnl_Id="1852">
<LocList>
<Loc EndOffset="869" SrcFileId="44" StartOffset="858"/>
</LocList>
<BasicStmnt CovItemId="S7" CovItemPrefix="amu.action.ActionResponse.java" Intrnl_Id="1853">
<LocList>
<Loc EndOffset="869" SrcFileId="44" StartOffset="858"/>
</LocList>
</BasicStmnt>
</StmntSeq>
</HierarchyLvl>
<HierarchyLvl HierarchyLvlId="2056" HierarchyLvlTypeId="54" Intrnl_Id="1854" Name="addParameter">
<Header>
<Loc EndOffset="932" SrcFileId="44" StartOffset="881"/>
</Header>
<LocList>
<Loc EndOffset="1086" SrcFileId="44" StartOffset="881"/>
</LocList>
<StmntSeq Intrnl_Id="1855">
<LocList>
<Loc EndOffset="1034" SrcFileId="44" StartOffset="943"/>
<Loc EndOffset="1080" SrcFileId="44" StartOffset="1052"/>
</LocList>
<CondStmnt CovItemId="S8" CovItemPrefix="amu.action.ActionResponse.java" Intrnl_Id="1856">
<Branch CovItemId="B3" CovItemPrefix="amu.action.ActionResponse.java" Implct="false" Intrnl_Id="1857">
<Cond/>
<LocList>
<Loc EndOffset="1034" SrcFileId="44" StartOffset="967"/>
</LocList>
<StmntSeq Intrnl_Id="1858">
<LocList>
<Loc EndOffset="1024" SrcFileId="44" StartOffset="981"/>
</LocList>
<BasicStmnt CovItemId="S9" CovItemPrefix="amu.action.ActionResponse.java" Intrnl_Id="1859">
<LocList>
<Loc EndOffset="1024" SrcFileId="44" StartOffset="981"/>
</LocList>
</BasicStmnt>
</StmntSeq>
</Branch>
<Branch CovItemId="B4" CovItemPrefix="amu.action.ActionResponse.java" Implct="true" Intrnl_Id="1860">
<Cond/>
<LocList/>
<StmntSeq Intrnl_Id="1861">
<LocList/>
</StmntSeq>
</Branch>
<Keyword EndOffset="945" SrcFileId="44" StartOffset="943"/>
<LocList>
<Loc EndOffset="1034" SrcFileId="44" StartOffset="943"/>
</LocList>
<RootTerm CovItemId="C2" CovItemPrefix="amu.action.ActionResponse.java" Intrnl_Id="1862">
<BasicBoolTerm Intrnl_Id="1863">
<LocList>
<Loc EndOffset="965" SrcFileId="44" StartOffset="947"/>
</LocList>
</BasicBoolTerm>
</RootTerm>
</CondStmnt>
<BasicStmnt CovItemId="S10" CovItemPrefix="amu.action.ActionResponse.java" Intrnl_Id="1864">
<LocList>
<Loc EndOffset="1080" SrcFileId="44" StartOffset="1052"/>
</LocList>
</BasicStmnt>
</StmntSeq>
</HierarchyLvl>
<HierarchyLvl HierarchyLvlId="2057" HierarchyLvlTypeId="54" Intrnl_Id="1865" Name="getParameterString">
<Header>
<Loc EndOffset="1130" SrcFileId="44" StartOffset="1096"/>
</Header>
<LocList>
<Loc EndOffset="2024" SrcFileId="44" StartOffset="1096"/>
</LocList>
<StmntSeq Intrnl_Id="1866">
<LocList>
<Loc EndOffset="2018" SrcFileId="44" StartOffset="1142"/>
</LocList>
<CondStmnt CovItemId="S11" CovItemPrefix="amu.action.ActionResponse.java" Intrnl_Id="1867">
<Branch CovItemId="B5" CovItemPrefix="amu.action.ActionResponse.java" Implct="false" Intrnl_Id="1868">
<Cond/>
<LocList>
<Loc EndOffset="1200" SrcFileId="44" StartOffset="1166"/>
</LocList>
<StmntSeq Intrnl_Id="1869">
<LocList>
<Loc EndOffset="1190" SrcFileId="44" StartOffset="1180"/>
</LocList>
<BasicStmnt CovItemId="S12" CovItemPrefix="amu.action.ActionResponse.java" Intrnl_Id="1870">
<LocList>
<Loc EndOffset="1190" SrcFileId="44" StartOffset="1180"/>
</LocList>
</BasicStmnt>
</StmntSeq>
</Branch>
<Branch CovItemId="B6" CovItemPrefix="amu.action.ActionResponse.java" Implct="false" Intrnl_Id="1871">
<Cond>
<Loc EndOffset="1205" SrcFileId="44" StartOffset="1201"/>
</Cond>
<LocList>
<Loc EndOffset="2018" SrcFileId="44" StartOffset="1206"/>
</LocList>
<StmntSeq Intrnl_Id="1872">
<LocList>
<Loc EndOffset="1262" SrcFileId="44" StartOffset="1220"/>
<Loc EndOffset="1346" SrcFileId="44" StartOffset="1276"/>
<Loc EndOffset="1974" SrcFileId="44" StartOffset="1359"/>
<Loc EndOffset="2008" SrcFileId="44" StartOffset="1987"/>
</LocList>
<BasicStmnt CovItemId="S13" CovItemPrefix="amu.action.ActionResponse.java" Intrnl_Id="1873">
<LocList>
<Loc EndOffset="1262" SrcFileId="44" StartOffset="1220"/>
</LocList>
</BasicStmnt>
<BasicStmnt CovItemId="S14" CovItemPrefix="amu.action.ActionResponse.java" Intrnl_Id="1874">
<LocList>
<Loc EndOffset="1346" SrcFileId="44" StartOffset="1276"/>
</LocList>
</BasicStmnt>
<LoopStmnt CovItemId="S15" CovItemPrefix="amu.action.ActionResponse.java" Intrnl_Id="1875" MltplExecId="L1-2" MltplExecPrefix="amu.action.ActionResponse.java" NvrExecId="L1-0" NvrExecPrefix="amu.action.ActionResponse.java" OnceExecutedId="L1-1" OnceExecutedPrefix="amu.action.ActionResponse.java" OptBodyExec="true">
<StmntSeq Intrnl_Id="1876">
<LocList>
<Loc EndOffset="1442" SrcFileId="44" StartOffset="1398"/>
<Loc EndOffset="1560" SrcFileId="44" StartOffset="1502"/>
<Loc EndOffset="1596" SrcFileId="44" StartOffset="1581"/>
<Loc EndOffset="1677" SrcFileId="44" StartOffset="1617"/>
<Loc EndOffset="1853" SrcFileId="44" StartOffset="1476"/>
<Loc EndOffset="1960" SrcFileId="44" StartOffset="1887"/>
</LocList>
<BasicStmnt CovItemId="S16" CovItemPrefix="amu.action.ActionResponse.java" Intrnl_Id="1877">
<LocList>
<Loc EndOffset="1442" SrcFileId="44" StartOffset="1398"/>
</LocList>
</BasicStmnt>
<BasicStmnt CovItemId="S18" CovItemPrefix="amu.action.ActionResponse.java" Intrnl_Id="1878">
<LocList>
<Loc EndOffset="1560" SrcFileId="44" StartOffset="1502"/>
</LocList>
</BasicStmnt>
<BasicStmnt CovItemId="S19" CovItemPrefix="amu.action.ActionResponse.java" Intrnl_Id="1879">
<LocList>
<Loc EndOffset="1596" SrcFileId="44" StartOffset="1581"/>
</LocList>
</BasicStmnt>
<BasicStmnt CovItemId="S20" CovItemPrefix="amu.action.ActionResponse.java" Intrnl_Id="1880">
<LocList>
<Loc EndOffset="1677" SrcFileId="44" StartOffset="1617"/>
</LocList>
</BasicStmnt>
<CondStmnt CovItemId="S17" CovItemPrefix="amu.action.ActionResponse.java" Intrnl_Id="1881">
<Branch CovItemId="B7" CovItemPrefix="amu.action.ActionResponse.java" Implct="true" Intrnl_Id="1882">
<Cond/>
<LocList/>
<StmntSeq Intrnl_Id="1883">
<LocList/>
</StmntSeq>
</Branch>
<Branch CovItemId="B8" CovItemPrefix="amu.action.ActionResponse.java" Implct="false" Intrnl_Id="1884">
<Cond>
<Loc EndOffset="1735" SrcFileId="44" StartOffset="1696"/>
</Cond>
<LocList>
<Loc EndOffset="1853" SrcFileId="44" StartOffset="1736"/>
</LocList>
<StmntSeq Intrnl_Id="1885">
<LocList>
<Loc EndOffset="1835" SrcFileId="44" StartOffset="1758"/>
</LocList>
<BasicStmnt CovItemId="S21" CovItemPrefix="amu.action.ActionResponse.java" Intrnl_Id="1886">
<LocList>
<Loc EndOffset="1835" SrcFileId="44" StartOffset="1758"/>
</LocList>
</BasicStmnt>
</StmntSeq>
</Branch>
<Keyword EndOffset="1479" SrcFileId="44" StartOffset="1476"/>
<LocList>
<Loc EndOffset="1853" SrcFileId="44" StartOffset="1476"/>
</LocList>
</CondStmnt>
<CondStmnt CovItemId="S22" CovItemPrefix="amu.action.ActionResponse.java" Intrnl_Id="1887">
<Branch CovItemId="B9" CovItemPrefix="amu.action.ActionResponse.java" Implct="false" Intrnl_Id="1888">
<Cond/>
<LocList>
<Loc EndOffset="1960" SrcFileId="44" StartOffset="1905"/>
</LocList>
<StmntSeq Intrnl_Id="1889">
<LocList>
<Loc EndOffset="1942" SrcFileId="44" StartOffset="1927"/>
</LocList>
<BasicStmnt CovItemId="S23" CovItemPrefix="amu.action.ActionResponse.java" Intrnl_Id="1890">
<LocList>
<Loc EndOffset="1942" SrcFileId="44" StartOffset="1927"/>
</LocList>
</BasicStmnt>
</StmntSeq>
</Branch>
<Branch CovItemId="B10" CovItemPrefix="amu.action.ActionResponse.java" Implct="true" Intrnl_Id="1891">
<Cond/>
<LocList/>
<StmntSeq Intrnl_Id="1892">
<LocList/>
</StmntSeq>
</Branch>
<Keyword EndOffset="1889" SrcFileId="44" StartOffset="1887"/>
<LocList>
<Loc EndOffset="1960" SrcFileId="44" StartOffset="1887"/>
</LocList>
<RootTerm CovItemId="C5" CovItemPrefix="amu.action.ActionResponse.java" Intrnl_Id="1893">
<BasicBoolTerm Intrnl_Id="1894">
<LocList>
<Loc EndOffset="1903" SrcFileId="44" StartOffset="1891"/>
</LocList>
</BasicBoolTerm>
</RootTerm>
</CondStmnt>
</StmntSeq>
<Keyword EndOffset="1364" SrcFileId="44" StartOffset="1359"/>
<LocList>
<Loc EndOffset="1974" SrcFileId="44" StartOffset="1359"/>
</LocList>
<RootTerm CovItemId="C4" CovItemPrefix="amu.action.ActionResponse.java" Intrnl_Id="1895">
<BasicBoolTerm Intrnl_Id="1896">
<LocList>
<Loc EndOffset="1378" SrcFileId="44" StartOffset="1366"/>
</LocList>
</BasicBoolTerm>
</RootTerm>
</LoopStmnt>
<BasicStmnt CovItemId="S24" CovItemPrefix="amu.action.ActionResponse.java" Intrnl_Id="1897">
<LocList>
<Loc EndOffset="2008" SrcFileId="44" StartOffset="1987"/>
</LocList>
</BasicStmnt>
</StmntSeq>
</Branch>
<Keyword EndOffset="1144" SrcFileId="44" StartOffset="1142"/>
<LocList>
<Loc EndOffset="2018" SrcFileId="44" StartOffset="1142"/>
</LocList>
<RootTerm CovItemId="C3" CovItemPrefix="amu.action.ActionResponse.java" Intrnl_Id="1898">
<BasicBoolTerm Intrnl_Id="1899">
<LocList>
<Loc EndOffset="1164" SrcFileId="44" StartOffset="1146"/>
</LocList>
</BasicBoolTerm>
</RootTerm>
</CondStmnt>
</StmntSeq>
</HierarchyLvl>
</HierarchyLvl>
<HierarchyLvl HierarchyLvlId="2064" HierarchyLvlTypeId="53" Intrnl_Id="1900" Name="ActionFactory">
<Header>
<Loc EndOffset="293" SrcFileId="45" StartOffset="233"/>
</Header>
<LocList>
<Loc EndOffset="3513" SrcFileId="45" StartOffset="233"/>
</LocList>
<StmntSeq Intrnl_Id="1901">
<LocList>
<Loc EndOffset="368" SrcFileId="45" StartOffset="301"/>
</LocList>
<BasicStmnt CovItemId="S1" CovItemPrefix="amu.action.ActionFactory.java" Intrnl_Id="1902">
<LocList>
<Loc EndOffset="368" SrcFileId="45" StartOffset="301"/>
</LocList>
</BasicStmnt>
</StmntSeq>
<HierarchyLvl HierarchyLvlId="2059" HierarchyLvlTypeId="54" Intrnl_Id="1903" Name="fillActionMap">
<Header>
<Loc EndOffset="424" SrcFileId="45" StartOffset="374"/>
</Header>
<LocList>
<Loc EndOffset="2683" SrcFileId="45" StartOffset="374"/>
</LocList>
<StmntSeq Intrnl_Id="1904">
<LocList>
<Loc EndOffset="491" SrcFileId="45" StartOffset="435"/>
<Loc EndOffset="574" SrcFileId="45" StartOffset="528"/>
<Loc EndOffset="631" SrcFileId="45" StartOffset="583"/>
<Loc EndOffset="692" SrcFileId="45" StartOffset="640"/>
<Loc EndOffset="793" SrcFileId="45" StartOffset="734"/>
<Loc EndOffset="844" SrcFileId="45" StartOffset="802"/>
<Loc EndOffset="934" SrcFileId="45" StartOffset="886"/>
<Loc EndOffset="989" SrcFileId="45" StartOffset="943"/>
<Loc EndOffset="1040" SrcFileId="45" StartOffset="998"/>
<Loc EndOffset="1154" SrcFileId="45" StartOffset="1086"/>
<Loc EndOffset="1227" SrcFileId="45" StartOffset="1163"/>
<Loc EndOffset="1284" SrcFileId="45" StartOffset="1236"/>
<Loc EndOffset="1339" SrcFileId="45" StartOffset="1293"/>
<Loc EndOffset="1413" SrcFileId="45" StartOffset="1348"/>
<Loc EndOffset="1497" SrcFileId="45" StartOffset="1422"/>
<Loc EndOffset="1598" SrcFileId="45" StartOffset="1546"/>
<Loc EndOffset="1665" SrcFileId="45" StartOffset="1607"/>
<Loc EndOffset="1755" SrcFileId="45" StartOffset="1703"/>
<Loc EndOffset="1819" SrcFileId="45" StartOffset="1764"/>
<Loc EndOffset="1886" SrcFileId="45" StartOffset="1828"/>
<Loc EndOffset="1964" SrcFileId="45" StartOffset="1895"/>
<Loc EndOffset="2039" SrcFileId="45" StartOffset="1981"/>
<Loc EndOffset="2113" SrcFileId="45" StartOffset="2048"/>
<Loc EndOffset="2197" SrcFileId="45" StartOffset="2122"/>
<Loc EndOffset="2256" SrcFileId="45" StartOffset="2206"/>
<Loc EndOffset="2319" SrcFileId="45" StartOffset="2265"/>
<Loc EndOffset="2376" SrcFileId="45" StartOffset="2328"/>
<Loc EndOffset="2431" SrcFileId="45" StartOffset="2385"/>
<Loc EndOffset="2533" SrcFileId="45" StartOffset="2477"/>
<Loc EndOffset="2627" SrcFileId="45" StartOffset="2542"/>
<Loc EndOffset="2677" SrcFileId="45" StartOffset="2637"/>
</LocList>
<BasicStmnt CovItemId="S2" CovItemPrefix="amu.action.ActionFactory.java" Intrnl_Id="1905">
<LocList>
<Loc EndOffset="491" SrcFileId="45" StartOffset="435"/>
</LocList>
</BasicStmnt>
<BasicStmnt CovItemId="S3" CovItemPrefix="amu.action.ActionFactory.java" Intrnl_Id="1906">
<LocList>
<Loc EndOffset="574" SrcFileId="45" StartOffset="528"/>
</LocList>
</BasicStmnt>
<BasicStmnt CovItemId="S4" CovItemPrefix="amu.action.ActionFactory.java" Intrnl_Id="1907">
<LocList>
<Loc EndOffset="631" SrcFileId="45" StartOffset="583"/>
</LocList>
</BasicStmnt>
<BasicStmnt CovItemId="S5" CovItemPrefix="amu.action.ActionFactory.java" Intrnl_Id="1908">
<LocList>
<Loc EndOffset="692" SrcFileId="45" StartOffset="640"/>
</LocList>
</BasicStmnt>
<BasicStmnt CovItemId="S6" CovItemPrefix="amu.action.ActionFactory.java" Intrnl_Id="1909">
<LocList>
<Loc EndOffset="793" SrcFileId="45" StartOffset="734"/>
</LocList>
</BasicStmnt>
<BasicStmnt CovItemId="S7" CovItemPrefix="amu.action.ActionFactory.java" Intrnl_Id="1910">
<LocList>
<Loc EndOffset="844" SrcFileId="45" StartOffset="802"/>
</LocList>
</BasicStmnt>
<BasicStmnt CovItemId="S8" CovItemPrefix="amu.action.ActionFactory.java" Intrnl_Id="1911">
<LocList>
<Loc EndOffset="934" SrcFileId="45" StartOffset="886"/>
</LocList>
</BasicStmnt>
<BasicStmnt CovItemId="S9" CovItemPrefix="amu.action.ActionFactory.java" Intrnl_Id="1912">
<LocList>
<Loc EndOffset="989" SrcFileId="45" StartOffset="943"/>
</LocList>
</BasicStmnt>
<BasicStmnt CovItemId="S10" CovItemPrefix="amu.action.ActionFactory.java" Intrnl_Id="1913">
<LocList>
<Loc EndOffset="1040" SrcFileId="45" StartOffset="998"/>
</LocList>
</BasicStmnt>
<BasicStmnt CovItemId="S11" CovItemPrefix="amu.action.ActionFactory.java" Intrnl_Id="1914">
<LocList>
<Loc EndOffset="1154" SrcFileId="45" StartOffset="1086"/>
</LocList>
</BasicStmnt>
<BasicStmnt CovItemId="S12" CovItemPrefix="amu.action.ActionFactory.java" Intrnl_Id="1915">
<LocList>
<Loc EndOffset="1227" SrcFileId="45" StartOffset="1163"/>
</LocList>
</BasicStmnt>
<BasicStmnt CovItemId="S13" CovItemPrefix="amu.action.ActionFactory.java" Intrnl_Id="1916">
<LocList>
<Loc EndOffset="1284" SrcFileId="45" StartOffset="1236"/>
</LocList>
</BasicStmnt>
<BasicStmnt CovItemId="S14" CovItemPrefix="amu.action.ActionFactory.java" Intrnl_Id="1917">
<LocList>
<Loc EndOffset="1339" SrcFileId="45" StartOffset="1293"/>
</LocList>
</BasicStmnt>
<BasicStmnt CovItemId="S15" CovItemPrefix="amu.action.ActionFactory.java" Intrnl_Id="1918">
<LocList>
<Loc EndOffset="1413" SrcFileId="45" StartOffset="1348"/>
</LocList>
</BasicStmnt>
<BasicStmnt CovItemId="S16" CovItemPrefix="amu.action.ActionFactory.java" Intrnl_Id="1919">
<LocList>
<Loc EndOffset="1497" SrcFileId="45" StartOffset="1422"/>
</LocList>
</BasicStmnt>
<BasicStmnt CovItemId="S17" CovItemPrefix="amu.action.ActionFactory.java" Intrnl_Id="1920">
<LocList>
<Loc EndOffset="1598" SrcFileId="45" StartOffset="1546"/>
</LocList>
</BasicStmnt>
<BasicStmnt CovItemId="S18" CovItemPrefix="amu.action.ActionFactory.java" Intrnl_Id="1921">
<LocList>
<Loc EndOffset="1665" SrcFileId="45" StartOffset="1607"/>
</LocList>
</BasicStmnt>
<BasicStmnt CovItemId="S19" CovItemPrefix="amu.action.ActionFactory.java" Intrnl_Id="1922">
<LocList>
<Loc EndOffset="1755" SrcFileId="45" StartOffset="1703"/>
</LocList>
</BasicStmnt>
<BasicStmnt CovItemId="S20" CovItemPrefix="amu.action.ActionFactory.java" Intrnl_Id="1923">
<LocList>
<Loc EndOffset="1819" SrcFileId="45" StartOffset="1764"/>
</LocList>
</BasicStmnt>
<BasicStmnt CovItemId="S21" CovItemPrefix="amu.action.ActionFactory.java" Intrnl_Id="1924">
<LocList>
<Loc EndOffset="1886" SrcFileId="45" StartOffset="1828"/>
</LocList>
</BasicStmnt>
<BasicStmnt CovItemId="S22" CovItemPrefix="amu.action.ActionFactory.java" Intrnl_Id="1925">
<LocList>
<Loc EndOffset="1964" SrcFileId="45" StartOffset="1895"/>
</LocList>
</BasicStmnt>
<BasicStmnt CovItemId="S23" CovItemPrefix="amu.action.ActionFactory.java" Intrnl_Id="1926">
<LocList>
<Loc EndOffset="2039" SrcFileId="45" StartOffset="1981"/>
</LocList>
</BasicStmnt>
<BasicStmnt CovItemId="S24" CovItemPrefix="amu.action.ActionFactory.java" Intrnl_Id="1927">
<LocList>
<Loc EndOffset="2113" SrcFileId="45" StartOffset="2048"/>
</LocList>
</BasicStmnt>
<BasicStmnt CovItemId="S25" CovItemPrefix="amu.action.ActionFactory.java" Intrnl_Id="1928">
<LocList>
<Loc EndOffset="2197" SrcFileId="45" StartOffset="2122"/>
</LocList>
</BasicStmnt>
<BasicStmnt CovItemId="S26" CovItemPrefix="amu.action.ActionFactory.java" Intrnl_Id="1929">
<LocList>
<Loc EndOffset="2256" SrcFileId="45" StartOffset="2206"/>
</LocList>
</BasicStmnt>
<BasicStmnt CovItemId="S27" CovItemPrefix="amu.action.ActionFactory.java" Intrnl_Id="1930">
<LocList>
<Loc EndOffset="2319" SrcFileId="45" StartOffset="2265"/>
</LocList>
</BasicStmnt>
<BasicStmnt CovItemId="S28" CovItemPrefix="amu.action.ActionFactory.java" Intrnl_Id="1931">
<LocList>
<Loc EndOffset="2376" SrcFileId="45" StartOffset="2328"/>
</LocList>
</BasicStmnt>
<BasicStmnt CovItemId="S29" CovItemPrefix="amu.action.ActionFactory.java" Intrnl_Id="1932">
<LocList>
<Loc EndOffset="2431" SrcFileId="45" StartOffset="2385"/>
</LocList>
</BasicStmnt>
<BasicStmnt CovItemId="S30" CovItemPrefix="amu.action.ActionFactory.java" Intrnl_Id="1933">
<LocList>
<Loc EndOffset="2533" SrcFileId="45" StartOffset="2477"/>
</LocList>
</BasicStmnt>
<BasicStmnt CovItemId="S31" CovItemPrefix="amu.action.ActionFactory.java" Intrnl_Id="1934">
<LocList>
<Loc EndOffset="2627" SrcFileId="45" StartOffset="2542"/>
</LocList>
</BasicStmnt>
<BasicStmnt CovItemId="S32" CovItemPrefix="amu.action.ActionFactory.java" Intrnl_Id="1935">
<LocList>
<Loc EndOffset="2677" SrcFileId="45" StartOffset="2637"/>
</LocList>
</BasicStmnt>
</StmntSeq>
</HierarchyLvl>
<HierarchyLvl HierarchyLvlId="2060" HierarchyLvlTypeId="54" Intrnl_Id="1936" Name="getAction">
<Header>
<Loc EndOffset="2747" SrcFileId="45" StartOffset="2689"/>
</Header>
<LocList>
<Loc EndOffset="2932" SrcFileId="45" StartOffset="2689"/>
</LocList>
<StmntSeq Intrnl_Id="1937">
<LocList>
<Loc EndOffset="2893" SrcFileId="45" StartOffset="2806"/>
<Loc EndOffset="2926" SrcFileId="45" StartOffset="2902"/>
</LocList>
<BasicStmnt CovItemId="S33" CovItemPrefix="amu.action.ActionFactory.java" Intrnl_Id="1938">
<LocList>
<Loc EndOffset="2893" SrcFileId="45" StartOffset="2806"/>
</LocList>
</BasicStmnt>
<BasicStmnt CovItemId="S34" CovItemPrefix="amu.action.ActionFactory.java" Intrnl_Id="1939">
<LocList>
<Loc EndOffset="2926" SrcFileId="45" StartOffset="2902"/>
</LocList>
</BasicStmnt>
</StmntSeq>
</HierarchyLvl>
<HierarchyLvl HierarchyLvlId="2061" HierarchyLvlTypeId="54" Intrnl_Id="1940" Name="hasKey">
<Header>
<Loc EndOffset="2982" SrcFileId="45" StartOffset="2942"/>
</Header>
<LocList>
<Loc EndOffset="3031" SrcFileId="45" StartOffset="2942"/>
</LocList>
<StmntSeq Intrnl_Id="1941">
<LocList>
<Loc EndOffset="3025" SrcFileId="45" StartOffset="2993"/>
</LocList>
<BasicStmnt CovItemId="S35" CovItemPrefix="amu.action.ActionFactory.java" Intrnl_Id="1942">
<LocList>
<Loc EndOffset="3025" SrcFileId="45" StartOffset="2993"/>
</LocList>
</BasicStmnt>
</StmntSeq>
</HierarchyLvl>
<HierarchyLvl HierarchyLvlId="2062" HierarchyLvlTypeId="54" Intrnl_Id="1943" Name="contextInitialized">
<Header>
<Loc EndOffset="3106" SrcFileId="45" StartOffset="3037"/>
</Header>
<LocList>
<Loc EndOffset="3413" SrcFileId="45" StartOffset="3037"/>
</LocList>
</HierarchyLvl>
<HierarchyLvl HierarchyLvlId="2063" HierarchyLvlTypeId="54" Intrnl_Id="1944" Name="contextDestroyed">
<Header>
<Loc EndOffset="3486" SrcFileId="45" StartOffset="3419"/>
</Header>
<LocList>
<Loc EndOffset="3511" SrcFileId="45" StartOffset="3419"/>
</LocList>
</HierarchyLvl>
</HierarchyLvl>
<HierarchyLvl HierarchyLvlId="2066" HierarchyLvlTypeId="56" Intrnl_Id="1945" Name="Action">
<Header>
<Loc EndOffset="138" SrcFileId="46" StartOffset="115"/>
</Header>
<LocList>
<Loc EndOffset="252" SrcFileId="46" StartOffset="115"/>
</LocList>
<HierarchyLvl HierarchyLvlId="2065" HierarchyLvlTypeId="54" Intrnl_Id="1946" Name="execute">
<Header>
<Loc EndOffset="249" SrcFileId="46" StartOffset="145"/>
</Header>
<LocList>
<Loc EndOffset="250" SrcFileId="46" StartOffset="145"/>
</LocList>
</HierarchyLvl>
</HierarchyLvl>
</HierarchyLvl>
<HierarchyLvl HierarchyLvlId="2072" HierarchyLvlTypeId="53" Intrnl_Id="1947" Name="Mailer">
<Header>
<Loc EndOffset="487" SrcFileId="47" StartOffset="468"/>
</Header>
<LocList>
<Loc EndOffset="3175" SrcFileId="47" StartOffset="468"/>
</LocList>
<HierarchyLvl HierarchyLvlId="2067" HierarchyLvlTypeId="54" Intrnl_Id="1948" Name="send">
<Header>
<Loc EndOffset="561" SrcFileId="47" StartOffset="495"/>
</Header>
<LocList>
<Loc EndOffset="660" SrcFileId="47" StartOffset="495"/>
</LocList>
<StmntSeq Intrnl_Id="1949">
<LocList>
<Loc EndOffset="654" SrcFileId="47" StartOffset="572"/>
</LocList>
<BasicStmnt CovItemId="S1" CovItemPrefix="amu.Mailer.java" Intrnl_Id="1950">
<LocList>
<Loc EndOffset="654" SrcFileId="47" StartOffset="572"/>
</LocList>
</BasicStmnt>
</StmntSeq>
</HierarchyLvl>
<HierarchyLvl HierarchyLvlId="2070" HierarchyLvlTypeId="54" Intrnl_Id="1951" Name="send">
<Header>
<Loc EndOffset="766" SrcFileId="47" StartOffset="666"/>
</Header>
<LocList>
<Loc EndOffset="2349" SrcFileId="47" StartOffset="666"/>
</LocList>
<StmntSeq Intrnl_Id="1952">
<LocList>
<Loc EndOffset="819" SrcFileId="47" StartOffset="778"/>
<Loc EndOffset="935" SrcFileId="47" StartOffset="883"/>
<Loc EndOffset="985" SrcFileId="47" StartOffset="944"/>
<Loc EndOffset="1052" SrcFileId="47" StartOffset="995"/>
<Loc EndOffset="1118" SrcFileId="47" StartOffset="1061"/>
<Loc EndOffset="1184" SrcFileId="47" StartOffset="1127"/>
<Loc EndOffset="1260" SrcFileId="47" StartOffset="1194"/>
<Loc EndOffset="1518" SrcFileId="47" StartOffset="1516"/>
<Loc EndOffset="1593" SrcFileId="47" StartOffset="1546"/>
<Loc EndOffset="1663" SrcFileId="47" StartOffset="1606"/>
<Loc EndOffset="1748" SrcFileId="47" StartOffset="1676"/>
<Loc EndOffset="1789" SrcFileId="47" StartOffset="1761"/>
<Loc EndOffset="1858" SrcFileId="47" StartOffset="1802"/>
<Loc EndOffset="2138" SrcFileId="47" StartOffset="2054"/>
<Loc EndOffset="2277" SrcFileId="47" StartOffset="1528"/>
<Loc EndOffset="2333" SrcFileId="47" StartOffset="2300"/>
</LocList>
<BasicStmnt CovItemId="S2" CovItemPrefix="amu.Mailer.java" Intrnl_Id="1953">
<LocList>
<Loc EndOffset="819" SrcFileId="47" StartOffset="778"/>
</LocList>
</BasicStmnt>
<BasicStmnt CovItemId="S3" CovItemPrefix="amu.Mailer.java" Intrnl_Id="1954">
<LocList>
<Loc EndOffset="935" SrcFileId="47" StartOffset="883"/>
</LocList>
</BasicStmnt>
<BasicStmnt CovItemId="S4" CovItemPrefix="amu.Mailer.java" Intrnl_Id="1955">
<LocList>
<Loc EndOffset="985" SrcFileId="47" StartOffset="944"/>
</LocList>
</BasicStmnt>
<BasicStmnt CovItemId="S5" CovItemPrefix="amu.Mailer.java" Intrnl_Id="1956">
<LocList>
<Loc EndOffset="1052" SrcFileId="47" StartOffset="995"/>
</LocList>
</BasicStmnt>
<BasicStmnt CovItemId="S6" CovItemPrefix="amu.Mailer.java" Intrnl_Id="1957">
<LocList>
<Loc EndOffset="1118" SrcFileId="47" StartOffset="1061"/>
</LocList>
</BasicStmnt>
<BasicStmnt CovItemId="S7" CovItemPrefix="amu.Mailer.java" Intrnl_Id="1958">
<LocList>
<Loc EndOffset="1184" SrcFileId="47" StartOffset="1127"/>
</LocList>
</BasicStmnt>
<BasicStmnt CovItemId="S8" CovItemPrefix="amu.Mailer.java" Intrnl_Id="1959">
<LocList>
<Loc EndOffset="1260" SrcFileId="47" StartOffset="1194"/>
<Loc EndOffset="1518" SrcFileId="47" StartOffset="1516"/>
</LocList>
</BasicStmnt>
<BasicStmnt CovItemId="S11" CovItemPrefix="amu.Mailer.java" Intrnl_Id="1960">
<LocList>
<Loc EndOffset="1593" SrcFileId="47" StartOffset="1546"/>
</LocList>
</BasicStmnt>
<BasicStmnt CovItemId="S12" CovItemPrefix="amu.Mailer.java" Intrnl_Id="1961">
<LocList>
<Loc EndOffset="1663" SrcFileId="47" StartOffset="1606"/>
</LocList>
</BasicStmnt>
<BasicStmnt CovItemId="S13" CovItemPrefix="amu.Mailer.java" Intrnl_Id="1962">
<LocList>
<Loc EndOffset="1748" SrcFileId="47" StartOffset="1676"/>
</LocList>
</BasicStmnt>
<BasicStmnt CovItemId="S14" CovItemPrefix="amu.Mailer.java" Intrnl_Id="1963">
<LocList>
<Loc EndOffset="1789" SrcFileId="47" StartOffset="1761"/>
</LocList>
</BasicStmnt>
<BasicStmnt CovItemId="S15" CovItemPrefix="amu.Mailer.java" Intrnl_Id="1964">
<LocList>
<Loc EndOffset="1858" SrcFileId="47" StartOffset="1802"/>
</LocList>
</BasicStmnt>
<CondStmnt CovItemId="S16" CovItemPrefix="amu.Mailer.java" Intrnl_Id="1965">
<Branch CovItemId="B2" CovItemPrefix="amu.Mailer.java" Implct="false" Intrnl_Id="1966">
<Cond/>
<LocList>
<Loc EndOffset="2138" SrcFileId="47" StartOffset="2082"/>
</LocList>
<StmntSeq Intrnl_Id="1967">
<LocList>
<Loc EndOffset="2124" SrcFileId="47" StartOffset="2100"/>
</LocList>
<BasicStmnt CovItemId="S17" CovItemPrefix="amu.Mailer.java" Intrnl_Id="1968">
<LocList>
<Loc EndOffset="2124" SrcFileId="47" StartOffset="2100"/>
</LocList>
</BasicStmnt>
</StmntSeq>
</Branch>
<Branch CovItemId="B3" CovItemPrefix="amu.Mailer.java" Implct="true" Intrnl_Id="1969">
<Cond/>
<LocList/>
<StmntSeq Intrnl_Id="1970">
<LocList/>
</StmntSeq>
</Branch>
<Keyword EndOffset="2056" SrcFileId="47" StartOffset="2054"/>
<LocList>
<Loc EndOffset="2138" SrcFileId="47" StartOffset="2054"/>
</LocList>
<RootTerm CovItemId="C1" CovItemPrefix="amu.Mailer.java" Intrnl_Id="1971">
<BasicBoolTerm Intrnl_Id="1972">
<LocList>
<Loc EndOffset="2080" SrcFileId="47" StartOffset="2058"/>
</LocList>
</BasicBoolTerm>
</RootTerm>
</CondStmnt>
<CondStmnt CovItemId="S10" CovItemPrefix="amu.Mailer.java" Intrnl_Id="1973">
<Branch CovItemId="B1" CovItemPrefix="amu.Mailer.java" Implct="true" Intrnl_Id="1974">
<Cond/>
<LocList/>
<StmntSeq Intrnl_Id="1975">
<LocList/>
</StmntSeq>
</Branch>
<Branch CovItemId="B4" CovItemPrefix="amu.Mailer.java" Implct="false" Intrnl_Id="1976">
<Cond>
<Loc EndOffset="2176" SrcFileId="47" StartOffset="2149"/>
</Cond>
<LocList>
<Loc EndOffset="2277" SrcFileId="47" StartOffset="2177"/>
</LocList>
<StmntSeq Intrnl_Id="1977">
<LocList>
<Loc EndOffset="2267" SrcFileId="47" StartOffset="2191"/>
</LocList>
<BasicStmnt CovItemId="S18" CovItemPrefix="amu.Mailer.java" Intrnl_Id="1978">
<LocList>
<Loc EndOffset="2267" SrcFileId="47" StartOffset="2191"/>
</LocList>
</BasicStmnt>
</StmntSeq>
</Branch>
<Keyword EndOffset="1531" SrcFileId="47" StartOffset="1528"/>
<LocList>
<Loc EndOffset="2277" SrcFileId="47" StartOffset="1528"/>
</LocList>
</CondStmnt>
<BasicStmnt CovItemId="S19" CovItemPrefix="amu.Mailer.java" Intrnl_Id="1979">
<LocList>
<Loc EndOffset="2333" SrcFileId="47" StartOffset="2300"/>
</LocList>
</BasicStmnt>
</StmntSeq>
<HierarchyLvl HierarchyLvlId="2069" HierarchyLvlTypeId="57" Intrnl_Id="1980" Name="javax.mail.Authenticator">
<Header>
<Loc EndOffset="1290" SrcFileId="47" StartOffset="1264"/>
</Header>
<LocList>
<Loc EndOffset="1516" SrcFileId="47" StartOffset="1260"/>
</LocList>
<HierarchyLvl HierarchyLvlId="2068" HierarchyLvlTypeId="54" Intrnl_Id="1981" Name="getPasswordAuthentication">
<Header>
<Loc EndOffset="1387" SrcFileId="47" StartOffset="1305"/>
</Header>
<LocList>
<Loc EndOffset="1506" SrcFileId="47" StartOffset="1305"/>
</LocList>
<StmntSeq Intrnl_Id="1982">
<LocList>
<Loc EndOffset="1492" SrcFileId="47" StartOffset="1406"/>
</LocList>
<BasicStmnt CovItemId="S9" CovItemPrefix="amu.Mailer.java" Intrnl_Id="1983">
<LocList>
<Loc EndOffset="1492" SrcFileId="47" StartOffset="1406"/>
</LocList>
</BasicStmnt>
</StmntSeq>
</HierarchyLvl>
</HierarchyLvl>
</HierarchyLvl>
<HierarchyLvl HierarchyLvlId="2071" HierarchyLvlTypeId="54" Intrnl_Id="1984" Name="log">
<Header>
<Loc EndOffset="2421" SrcFileId="47" StartOffset="2355"/>
</Header>
<LocList>
<Loc EndOffset="3173" SrcFileId="47" StartOffset="2355"/>
</LocList>
<StmntSeq Intrnl_Id="1985">
<LocList>
<Loc EndOffset="2461" SrcFileId="47" StartOffset="2432"/>
<Loc EndOffset="2505" SrcFileId="47" StartOffset="2470"/>
<Loc EndOffset="2541" SrcFileId="47" StartOffset="2514"/>
<Loc EndOffset="2606" SrcFileId="47" StartOffset="2568"/>
<Loc EndOffset="2714" SrcFileId="47" StartOffset="2619"/>
<Loc EndOffset="2774" SrcFileId="47" StartOffset="2727"/>
<Loc EndOffset="2814" SrcFileId="47" StartOffset="2787"/>
<Loc EndOffset="2859" SrcFileId="47" StartOffset="2827"/>
<Loc EndOffset="2904" SrcFileId="47" StartOffset="2872"/>
<Loc EndOffset="2943" SrcFileId="47" StartOffset="2917"/>
<Loc EndOffset="3085" SrcFileId="47" StartOffset="2550"/>
<Loc EndOffset="3157" SrcFileId="47" StartOffset="3108"/>
</LocList>
<BasicStmnt CovItemId="S20" CovItemPrefix="amu.Mailer.java" Intrnl_Id="1986">
<LocList>
<Loc EndOffset="2461" SrcFileId="47" StartOffset="2432"/>
</LocList>
</BasicStmnt>
<BasicStmnt CovItemId="S21" CovItemPrefix="amu.Mailer.java" Intrnl_Id="1987">
<LocList>
<Loc EndOffset="2505" SrcFileId="47" StartOffset="2470"/>
</LocList>
</BasicStmnt>
<BasicStmnt CovItemId="S22" CovItemPrefix="amu.Mailer.java" Intrnl_Id="1988">
<LocList>
<Loc EndOffset="2541" SrcFileId="47" StartOffset="2514"/>
</LocList>
</BasicStmnt>
<BasicStmnt CovItemId="S24" CovItemPrefix="amu.Mailer.java" Intrnl_Id="1989">
<LocList>
<Loc EndOffset="2606" SrcFileId="47" StartOffset="2568"/>
</LocList>
</BasicStmnt>
<BasicStmnt CovItemId="S25" CovItemPrefix="amu.Mailer.java" Intrnl_Id="1990">
<LocList>
<Loc EndOffset="2714" SrcFileId="47" StartOffset="2619"/>
</LocList>
</BasicStmnt>
<BasicStmnt CovItemId="S26" CovItemPrefix="amu.Mailer.java" Intrnl_Id="1991">
<LocList>
<Loc EndOffset="2774" SrcFileId="47" StartOffset="2727"/>
</LocList>
</BasicStmnt>
<BasicStmnt CovItemId="S27" CovItemPrefix="amu.Mailer.java" Intrnl_Id="1992">
<LocList>
<Loc EndOffset="2814" SrcFileId="47" StartOffset="2787"/>
</LocList>
</BasicStmnt>
<BasicStmnt CovItemId="S28" CovItemPrefix="amu.Mailer.java" Intrnl_Id="1993">
<LocList>
<Loc EndOffset="2859" SrcFileId="47" StartOffset="2827"/>
</LocList>
</BasicStmnt>
<BasicStmnt CovItemId="S29" CovItemPrefix="amu.Mailer.java" Intrnl_Id="1994">
<LocList>
<Loc EndOffset="2904" SrcFileId="47" StartOffset="2872"/>
</LocList>
</BasicStmnt>
<BasicStmnt CovItemId="S30" CovItemPrefix="amu.Mailer.java" Intrnl_Id="1995">
<LocList>
<Loc EndOffset="2943" SrcFileId="47" StartOffset="2917"/>
</LocList>
</BasicStmnt>
<CondStmnt CovItemId="S23" CovItemPrefix="amu.Mailer.java" Intrnl_Id="1996">
<Branch CovItemId="B5" CovItemPrefix="amu.Mailer.java" Implct="true" Intrnl_Id="1997">
<Cond/>
<LocList/>
<StmntSeq Intrnl_Id="1998">
<LocList/>
</StmntSeq>
</Branch>
<Branch CovItemId="B6" CovItemPrefix="amu.Mailer.java" Implct="false" Intrnl_Id="1999">
<Cond>
<Loc EndOffset="2984" SrcFileId="47" StartOffset="2954"/>
</Cond>
<LocList>
<Loc EndOffset="3085" SrcFileId="47" StartOffset="2985"/>
</LocList>
<StmntSeq Intrnl_Id="2000">
<LocList>
<Loc EndOffset="3075" SrcFileId="47" StartOffset="2999"/>
</LocList>
<BasicStmnt CovItemId="S31" CovItemPrefix="amu.Mailer.java" Intrnl_Id="2001">
<LocList>
<Loc EndOffset="3075" SrcFileId="47" StartOffset="2999"/>
</LocList>
</BasicStmnt>
</StmntSeq>
</Branch>
<Keyword EndOffset="2553" SrcFileId="47" StartOffset="2550"/>
<LocList>
<Loc EndOffset="3085" SrcFileId="47" StartOffset="2550"/>
</LocList>
</CondStmnt>
<BasicStmnt CovItemId="S32" CovItemPrefix="amu.Mailer.java" Intrnl_Id="2002">
<LocList>
<Loc EndOffset="3157" SrcFileId="47" StartOffset="3108"/>
</LocList>
</BasicStmnt>
</StmntSeq>
</HierarchyLvl>
</HierarchyLvl>
<HierarchyLvl HierarchyLvlId="2074" HierarchyLvlTypeId="53" Intrnl_Id="2003" Name="FrontController">
<Header>
<Loc EndOffset="393" SrcFileId="48" StartOffset="345"/>
</Header>
<LocList>
<Loc EndOffset="1217" SrcFileId="48" StartOffset="345"/>
</LocList>
<HierarchyLvl HierarchyLvlId="2073" HierarchyLvlTypeId="54" Intrnl_Id="2004" Name="service">
<Header>
<Loc EndOffset="544" SrcFileId="48" StartOffset="401"/>
</Header>
<LocList>
<Loc EndOffset="1215" SrcFileId="48" StartOffset="401"/>
</LocList>
<StmntSeq Intrnl_Id="2005">
<LocList>
<Loc EndOffset="622" SrcFileId="48" StartOffset="573"/>
<Loc EndOffset="701" SrcFileId="48" StartOffset="635"/>
<Loc EndOffset="1083" SrcFileId="48" StartOffset="727"/>
<Loc EndOffset="1209" SrcFileId="48" StartOffset="555"/>
</LocList>
<BasicStmnt CovItemId="S2" CovItemPrefix="amu.FrontController.java" Intrnl_Id="2006">
<LocList>
<Loc EndOffset="622" SrcFileId="48" StartOffset="573"/>
</LocList>
</BasicStmnt>
<BasicStmnt CovItemId="S3" CovItemPrefix="amu.FrontController.java" Intrnl_Id="2007">
<LocList>
<Loc EndOffset="701" SrcFileId="48" StartOffset="635"/>
</LocList>
</BasicStmnt>
<CondStmnt CovItemId="S4" CovItemPrefix="amu.FrontController.java" Intrnl_Id="2008">
<Branch CovItemId="B2" CovItemPrefix="amu.FrontController.java" Implct="false" Intrnl_Id="2009">
<Cond/>
<LocList>
<Loc EndOffset="905" SrcFileId="48" StartOffset="788"/>
</LocList>
<StmntSeq Intrnl_Id="2010">
<LocList>
<Loc EndOffset="891" SrcFileId="48" StartOffset="806"/>
</LocList>
<BasicStmnt CovItemId="S5" CovItemPrefix="amu.FrontController.java" Intrnl_Id="2011">
<LocList>
<Loc EndOffset="891" SrcFileId="48" StartOffset="806"/>
</LocList>
</BasicStmnt>
</StmntSeq>
</Branch>
<Branch CovItemId="B3" CovItemPrefix="amu.FrontController.java" Implct="false" Intrnl_Id="2012">
<Cond>
<Loc EndOffset="910" SrcFileId="48" StartOffset="906"/>
</Cond>
<LocList>
<Loc EndOffset="1083" SrcFileId="48" StartOffset="911"/>
</LocList>
<StmntSeq Intrnl_Id="2013">
<LocList>
<Loc EndOffset="1069" SrcFileId="48" StartOffset="988"/>
</LocList>
<BasicStmnt CovItemId="S6" CovItemPrefix="amu.FrontController.java" Intrnl_Id="2014">
<LocList>
<Loc EndOffset="1069" SrcFileId="48" StartOffset="988"/>
</LocList>
</BasicStmnt>
</StmntSeq>
</Branch>
<Keyword EndOffset="729" SrcFileId="48" StartOffset="727"/>
<LocList>
<Loc EndOffset="1083" SrcFileId="48" StartOffset="727"/>
</LocList>
<RootTerm CovItemId="C1" CovItemPrefix="amu.FrontController.java" Intrnl_Id="2015">
<BasicBoolTerm Intrnl_Id="2016">
<LocList>
<Loc EndOffset="786" SrcFileId="48" StartOffset="731"/>
</LocList>
</BasicBoolTerm>
</RootTerm>
</CondStmnt>
<CondStmnt CovItemId="S1" CovItemPrefix="amu.FrontController.java" Intrnl_Id="2017">
<Branch CovItemId="B1" CovItemPrefix="amu.FrontController.java" Implct="true" Intrnl_Id="2018">
<Cond/>
<LocList/>
<StmntSeq Intrnl_Id="2019">
<LocList/>
</StmntSeq>
</Branch>
<Branch CovItemId="B4" CovItemPrefix="amu.FrontController.java" Implct="false" Intrnl_Id="2020">
<Cond>
<Loc EndOffset="1126" SrcFileId="48" StartOffset="1107"/>
</Cond>
<LocList>
<Loc EndOffset="1209" SrcFileId="48" StartOffset="1127"/>
</LocList>
<StmntSeq Intrnl_Id="2021">
<LocList>
<Loc EndOffset="1199" SrcFileId="48" StartOffset="1141"/>
</LocList>
<BasicStmnt CovItemId="S7" CovItemPrefix="amu.FrontController.java" Intrnl_Id="2022">
<LocList>
<Loc EndOffset="1199" SrcFileId="48" StartOffset="1141"/>
</LocList>
</BasicStmnt>
</StmntSeq>
</Branch>
<Keyword EndOffset="558" SrcFileId="48" StartOffset="555"/>
<LocList>
<Loc EndOffset="1209" SrcFileId="48" StartOffset="555"/>
</LocList>
</CondStmnt>
</StmntSeq>
</HierarchyLvl>
</HierarchyLvl>
<HierarchyLvl HierarchyLvlId="2075" HierarchyLvlTypeId="53" Intrnl_Id="2023" Name="Config">
<Header>
<Loc EndOffset="33" SrcFileId="49" StartOffset="14"/>
</Header>
<LocList>
<Loc EndOffset="664" SrcFileId="49" StartOffset="14"/>
</LocList>
<StmntSeq Intrnl_Id="2024">
<LocList>
<Loc EndOffset="100" SrcFileId="49" StartOffset="40"/>
<Loc EndOffset="172" SrcFileId="49" StartOffset="110"/>
<Loc EndOffset="228" SrcFileId="49" StartOffset="177"/>
<Loc EndOffset="298" SrcFileId="49" StartOffset="233"/>
<Loc EndOffset="371" SrcFileId="49" StartOffset="303"/>
<Loc EndOffset="489" SrcFileId="49" StartOffset="414"/>
<Loc EndOffset="551" SrcFileId="49" StartOffset="494"/>
<Loc EndOffset="600" SrcFileId="49" StartOffset="561"/>
</LocList>
<BasicStmnt CovItemId="S1" CovItemPrefix="amu.Config.java" Intrnl_Id="2025">
<LocList>
<Loc EndOffset="100" SrcFileId="49" StartOffset="40"/>
</LocList>
</BasicStmnt>
<BasicStmnt CovItemId="S2" CovItemPrefix="amu.Config.java" Intrnl_Id="2026">
<LocList>
<Loc EndOffset="172" SrcFileId="49" StartOffset="110"/>
</LocList>
</BasicStmnt>
<BasicStmnt CovItemId="S3" CovItemPrefix="amu.Config.java" Intrnl_Id="2027">
<LocList>
<Loc EndOffset="228" SrcFileId="49" StartOffset="177"/>
</LocList>
</BasicStmnt>
<BasicStmnt CovItemId="S4" CovItemPrefix="amu.Config.java" Intrnl_Id="2028">
<LocList>
<Loc EndOffset="298" SrcFileId="49" StartOffset="233"/>
</LocList>
</BasicStmnt>
<BasicStmnt CovItemId="S5" CovItemPrefix="amu.Config.java" Intrnl_Id="2029">
<LocList>
<Loc EndOffset="371" SrcFileId="49" StartOffset="303"/>
</LocList>
</BasicStmnt>
<BasicStmnt CovItemId="S6" CovItemPrefix="amu.Config.java" Intrnl_Id="2030">
<LocList>
<Loc EndOffset="489" SrcFileId="49" StartOffset="414"/>
</LocList>
</BasicStmnt>
<BasicStmnt CovItemId="S7" CovItemPrefix="amu.Config.java" Intrnl_Id="2031">
<LocList>
<Loc EndOffset="551" SrcFileId="49" StartOffset="494"/>
</LocList>
</BasicStmnt>
<BasicStmnt CovItemId="S8" CovItemPrefix="amu.Config.java" Intrnl_Id="2032">
<LocList>
<Loc EndOffset="600" SrcFileId="49" StartOffset="561"/>
</LocList>
</BasicStmnt>
</StmntSeq>
</HierarchyLvl>
</HierarchyLvl>
</HierarchyLvl>
</MASTRoot>
</TestSessionContainer>
